Time: 2023-09-05T07:34:44Z
Event ID: 4776
Provider: Microsoft-Windows-Security-Auditing
Computer: DC01.lkclab.lab
Channel: Security
Event Data:
  - PackageName: MICROSOFT_AUTHENTICATION_PACKAGE_V1_0
  - TargetUserName: Administrator
  - Workstation: DC01
  - Status: 0x0
---
Time: 2023-09-05T07:34:44Z
Event ID: 4624
Provider: Microsoft-Windows-Security-Auditing
Computer: DC01.lkclab.lab
Channel: Security
Event Data:
  - SubjectUserSid: S-1-5-18
  - SubjectUserName: DC01$
  - SubjectDomainName: LKCLAB
  - SubjectLogonId: 0x3e7
  - TargetUserSid: S-1-5-21-2887521831-3947415683-1267350263-500
  - TargetUserName: Administrator
  - TargetDomainName: LKCLAB
  - TargetLogonId: 0x7c8b41
  - LogonType: 4
  - LogonProcessName: Advapi
  - AuthenticationPackageName: MICROSOFT_AUTHENTICATION_PACKAGE_V1_0
  - WorkstationName: DC01
  - LogonGuid: {00000000-0000-0000-0000-000000000000}
  - TransmittedServices: -
  - LmPackageName: -
  - KeyLength: 0
  - ProcessId: 0xc24
  - ProcessName: C:\Program Files\VMware\VMware Tools\vmtoolsd.exe
  - IpAddress: -
  - IpPort: -
  - ImpersonationLevel: %%1833
  - RestrictedAdminMode: -
  - TargetOutboundUserName: -
  - TargetOutboundDomainName: -
  - VirtualAccount: %%1843
  - TargetLinkedLogonId: 0x0
  - ElevatedToken: %%1842
---
Time: 2023-09-05T07:34:44Z
Event ID: 4672
Provider: Microsoft-Windows-Security-Auditing
Computer: DC01.lkclab.lab
Channel: Security
Event Data:
  - SubjectUserSid: S-1-5-21-2887521831-3947415683-1267350263-500
  - SubjectUserName: Administrator
  - SubjectDomainName: LKCLAB
  - SubjectLogonId: 0x7c8b41
  - PrivilegeList: SeSecurityPrivilege, SeTakeOwnershipPrivilege, SeLoadDriverPrivilege, SeBackupPrivilege, SeRestorePrivilege, SeDebugPrivilege, SeSystemEnvironmentPrivilege, SeEnableDelegationPrivilege, SeImpersonatePrivilege, SeDelegateSessionUserImpersonatePrivilege
---
Time: 2023-09-05T07:34:44Z
Event ID: 4634
Provider: Microsoft-Windows-Security-Auditing
Computer: DC01.lkclab.lab
Channel: Security
Event Data:
  - TargetUserSid: S-1-5-21-2887521831-3947415683-1267350263-500
  - TargetUserName: Administrator
  - TargetDomainName: LKCLAB
  - TargetLogonId: 0x7c8b41
  - LogonType: 4
---
Time: 2023-09-05T07:34:44Z
Event ID: 4776
Provider: Microsoft-Windows-Security-Auditing
Computer: DC01.lkclab.lab
Channel: Security
Event Data:
  - PackageName: MICROSOFT_AUTHENTICATION_PACKAGE_V1_0
  - TargetUserName: Administrator
  - Workstation: DC01
  - Status: 0x0
---
Time: 2023-09-05T07:34:44Z
Event ID: 4648
Provider: Microsoft-Windows-Security-Auditing
Computer: DC01.lkclab.lab
Channel: Security
Event Data:
  - SubjectUserSid: S-1-5-18
  - SubjectUserName: DC01$
  - SubjectDomainName: LKCLAB
  - SubjectLogonId: 0x3e7
  - LogonGuid: {00000000-0000-0000-0000-000000000000}
  - TargetUserName: Administrator
  - TargetDomainName: LKCLAB
  - TargetLogonGuid: {00000000-0000-0000-0000-000000000000}
  - TargetServerName: localhost
  - TargetInfo: localhost
  - ProcessId: 0xc24
  - ProcessName: C:\Program Files\VMware\VMware Tools\vmtoolsd.exe
  - IpAddress: -
  - IpPort: -
---
Time: 2023-09-05T07:34:44Z
Event ID: 4624
Provider: Microsoft-Windows-Security-Auditing
Computer: DC01.lkclab.lab
Channel: Security
Event Data:
  - SubjectUserSid: S-1-5-18
  - SubjectUserName: DC01$
  - SubjectDomainName: LKCLAB
  - SubjectLogonId: 0x3e7
  - TargetUserSid: S-1-5-21-2887521831-3947415683-1267350263-500
  - TargetUserName: Administrator
  - TargetDomainName: LKCLAB
  - TargetLogonId: 0x7c8d81
  - LogonType: 4
  - LogonProcessName: Advapi
  - AuthenticationPackageName: MICROSOFT_AUTHENTICATION_PACKAGE_V1_0
  - WorkstationName: DC01
  - LogonGuid: {00000000-0000-0000-0000-000000000000}
  - TransmittedServices: -
  - LmPackageName: -
  - KeyLength: 0
  - ProcessId: 0xc24
  - ProcessName: C:\Program Files\VMware\VMware Tools\vmtoolsd.exe
  - IpAddress: -
  - IpPort: -
  - ImpersonationLevel: %%1833
  - RestrictedAdminMode: -
  - TargetOutboundUserName: -
  - TargetOutboundDomainName: -
  - VirtualAccount: %%1843
  - TargetLinkedLogonId: 0x0
  - ElevatedToken: %%1842
---
Time: 2023-09-05T07:34:44Z
Event ID: 4672
Provider: Microsoft-Windows-Security-Auditing
Computer: DC01.lkclab.lab
Channel: Security
Event Data:
  - SubjectUserSid: S-1-5-21-2887521831-3947415683-1267350263-500
  - SubjectUserName: Administrator
  - SubjectDomainName: LKCLAB
  - SubjectLogonId: 0x7c8d81
  - PrivilegeList: SeSecurityPrivilege, SeTakeOwnershipPrivilege, SeLoadDriverPrivilege, SeBackupPrivilege, SeRestorePrivilege, SeDebugPrivilege, SeSystemEnvironmentPrivilege, SeEnableDelegationPrivilege, SeImpersonatePrivilege, SeDelegateSessionUserImpersonatePrivilege
---
Time: 2023-09-05T07:34:44Z
Event ID: 4634
Provider: Microsoft-Windows-Security-Auditing
Computer: DC01.lkclab.lab
Channel: Security
Event Data:
  - TargetUserSid: S-1-5-21-2887521831-3947415683-1267350263-500
  - TargetUserName: Administrator
  - TargetDomainName: LKCLAB
  - TargetLogonId: 0x7c8d81
  - LogonType: 4
---
Time: 2023-09-05T07:34:44Z
Event ID: 4776
Provider: Microsoft-Windows-Security-Auditing
Computer: DC01.lkclab.lab
Channel: Security
Event Data:
  - PackageName: MICROSOFT_AUTHENTICATION_PACKAGE_V1_0
  - TargetUserName: Administrator
  - Workstation: DC01
  - Status: 0x0
---
Time: 2023-09-05T07:34:44Z
Event ID: 4648
Provider: Microsoft-Windows-Security-Auditing
Computer: DC01.lkclab.lab
Channel: Security
Event Data:
  - SubjectUserSid: S-1-5-18
  - SubjectUserName: DC01$
  - SubjectDomainName: LKCLAB
  - SubjectLogonId: 0x3e7
  - LogonGuid: {00000000-0000-0000-0000-000000000000}
  - TargetUserName: Administrator
  - TargetDomainName: LKCLAB
  - TargetLogonGuid: {00000000-0000-0000-0000-000000000000}
  - TargetServerName: localhost
  - TargetInfo: localhost
  - ProcessId: 0xc24
  - ProcessName: C:\Program Files\VMware\VMware Tools\vmtoolsd.exe
  - IpAddress: -
  - IpPort: -
---
Time: 2023-09-05T07:34:44Z
Event ID: 4624
Provider: Microsoft-Windows-Security-Auditing
Computer: DC01.lkclab.lab
Channel: Security
Event Data:
  - SubjectUserSid: S-1-5-18
  - SubjectUserName: DC01$
  - SubjectDomainName: LKCLAB
  - SubjectLogonId: 0x3e7
  - TargetUserSid: S-1-5-21-2887521831-3947415683-1267350263-500
  - TargetUserName: Administrator
  - TargetDomainName: LKCLAB
  - TargetLogonId: 0x7c8924
  - LogonType: 4
  - LogonProcessName: Advapi
  - AuthenticationPackageName: MICROSOFT_AUTHENTICATION_PACKAGE_V1_0
  - WorkstationName: DC01
  - LogonGuid: {00000000-0000-0000-0000-000000000000}
  - TransmittedServices: -
  - LmPackageName: -
  - KeyLength: 0
  - ProcessId: 0xc24
  - ProcessName: C:\Program Files\VMware\VMware Tools\vmtoolsd.exe
  - IpAddress: -
  - IpPort: -
  - ImpersonationLevel: %%1833
  - RestrictedAdminMode: -
  - TargetOutboundUserName: -
  - TargetOutboundDomainName: -
  - VirtualAccount: %%1843
  - TargetLinkedLogonId: 0x0
  - ElevatedToken: %%1842
---
Time: 2023-09-05T07:34:44Z
Event ID: 4672
Provider: Microsoft-Windows-Security-Auditing
Computer: DC01.lkclab.lab
Channel: Security
Event Data:
  - SubjectUserSid: S-1-5-21-2887521831-3947415683-1267350263-500
  - SubjectUserName: Administrator
  - SubjectDomainName: LKCLAB
  - SubjectLogonId: 0x7c8924
  - PrivilegeList: SeSecurityPrivilege, SeTakeOwnershipPrivilege, SeLoadDriverPrivilege, SeBackupPrivilege, SeRestorePrivilege, SeDebugPrivilege, SeSystemEnvironmentPrivilege, SeEnableDelegationPrivilege, SeImpersonatePrivilege, SeDelegateSessionUserImpersonatePrivilege
---
Time: 2023-09-05T07:34:44Z
Event ID: 4634
Provider: Microsoft-Windows-Security-Auditing
Computer: DC01.lkclab.lab
Channel: Security
Event Data:
  - TargetUserSid: S-1-5-21-2887521831-3947415683-1267350263-500
  - TargetUserName: Administrator
  - TargetDomainName: LKCLAB
  - TargetLogonId: 0x7c8924
  - LogonType: 4
---
Time: 2023-09-05T07:34:44Z
Event ID: 4648
Provider: Microsoft-Windows-Security-Auditing
Computer: DC01.lkclab.lab
Channel: Security
Event Data:
  - SubjectUserSid: S-1-5-18
  - SubjectUserName: DC01$
  - SubjectDomainName: LKCLAB
  - SubjectLogonId: 0x3e7
  - LogonGuid: {00000000-0000-0000-0000-000000000000}
  - TargetUserName: Administrator
  - TargetDomainName: LKCLAB
  - TargetLogonGuid: {00000000-0000-0000-0000-000000000000}
  - TargetServerName: localhost
  - TargetInfo: localhost
  - ProcessId: 0xc24
  - ProcessName: C:\Program Files\VMware\VMware Tools\vmtoolsd.exe
  - IpAddress: -
  - IpPort: -
---
Time: 2023-09-05T07:34:45Z
Event ID: 1000
Provider: VGAuth
Computer: DC01.lkclab.lab
Channel: Application
Event Data:
  - message: vmtoolsd: 已成功驗證「Administrator」的使用者名稱和密碼
---
Time: 2023-09-05T07:34:45Z
Event ID: 1000
Provider: VGAuth
Computer: DC01.lkclab.lab
Channel: Application
Event Data:
  - message: vmtoolsd: 已成功驗證「Administrator」的使用者名稱和密碼
---
Time: 2023-09-05T07:34:45Z
Event ID: 1000
Provider: VGAuth
Computer: DC01.lkclab.lab
Channel: Application
Event Data:
  - message: vmtoolsd: 已成功驗證「Administrator」的使用者名稱和密碼
---
Time: 2023-09-05T07:34:45Z
Event ID: 1000
Provider: VGAuth
Computer: DC01.lkclab.lab
Channel: Application
Event Data:
  - message: vmtoolsd: 已成功驗證「Administrator」的使用者名稱和密碼
---
Time: 2023-09-05T07:34:45Z
Event ID: 1000
Provider: VGAuth
Computer: DC01.lkclab.lab
Channel: Application
Event Data:
  - message: vmtoolsd: 已成功驗證「Administrator」的使用者名稱和密碼
---
Time: 2023-09-05T07:34:45Z
Event ID: 1000
Provider: VGAuth
Computer: DC01.lkclab.lab
Channel: Application
Event Data:
  - message: vmtoolsd: 已成功驗證「Administrator」的使用者名稱和密碼
---
Time: 2023-09-05T07:34:45Z
Event ID: 1000
Provider: VGAuth
Computer: DC01.lkclab.lab
Channel: Application
Event Data:
  - message: vmtoolsd: 已成功驗證「Administrator」的使用者名稱和密碼
---
Time: 2023-09-05T07:34:45Z
Event ID: 1000
Provider: VGAuth
Computer: DC01.lkclab.lab
Channel: Application
Event Data:
  - message: vmtoolsd: 已成功驗證「Administrator」的使用者名稱和密碼
---
Time: 2023-09-05T07:34:45Z
Event ID: 1000
Provider: VGAuth
Computer: DC01.lkclab.lab
Channel: Application
Event Data:
  - message: vmtoolsd: 已成功驗證「Administrator」的使用者名稱和密碼
---
Time: 2023-09-05T07:34:45Z
Event ID: 1000
Provider: VGAuth
Computer: DC01.lkclab.lab
Channel: Application
Event Data:
  - message: vmtoolsd: 已成功驗證「Administrator」的使用者名稱和密碼
---
Time: 2023-09-05T07:34:45Z
Event ID: 1000
Provider: VGAuth
Computer: DC01.lkclab.lab
Channel: Application
Event Data:
  - message: vmtoolsd: 已成功驗證「Administrator」的使用者名稱和密碼
---
Time: 2023-09-05T07:34:45Z
Event ID: 1000
Provider: VGAuth
Computer: DC01.lkclab.lab
Channel: Application
Event Data:
  - message: vmtoolsd: 已成功驗證「Administrator」的使用者名稱和密碼
---
Time: 2023-09-05T07:34:45Z
Event ID: 4648
Provider: Microsoft-Windows-Security-Auditing
Computer: DC01.lkclab.lab
Channel: Security
Event Data:
  - SubjectUserSid: S-1-5-18
  - SubjectUserName: DC01$
  - SubjectDomainName: LKCLAB
  - SubjectLogonId: 0x3e7
  - LogonGuid: {00000000-0000-0000-0000-000000000000}
  - TargetUserName: Administrator
  - TargetDomainName: LKCLAB
  - TargetLogonGuid: {00000000-0000-0000-0000-000000000000}
  - TargetServerName: localhost
  - TargetInfo: localhost
  - ProcessId: 0xc24
  - ProcessName: C:\Program Files\VMware\VMware Tools\vmtoolsd.exe
  - IpAddress: -
  - IpPort: -
---
Time: 2023-09-05T07:34:45Z
Event ID: 4624
Provider: Microsoft-Windows-Security-Auditing
Computer: DC01.lkclab.lab
Channel: Security
Event Data:
  - SubjectUserSid: S-1-5-18
  - SubjectUserName: DC01$
  - SubjectDomainName: LKCLAB
  - SubjectLogonId: 0x3e7
  - TargetUserSid: S-1-5-21-2887521831-3947415683-1267350263-500
  - TargetUserName: Administrator
  - TargetDomainName: LKCLAB
  - TargetLogonId: 0x7c8db8
  - LogonType: 4
  - LogonProcessName: Advapi
  - AuthenticationPackageName: MICROSOFT_AUTHENTICATION_PACKAGE_V1_0
  - WorkstationName: DC01
  - LogonGuid: {00000000-0000-0000-0000-000000000000}
  - TransmittedServices: -
  - LmPackageName: -
  - KeyLength: 0
  - ProcessId: 0xc24
  - ProcessName: C:\Program Files\VMware\VMware Tools\vmtoolsd.exe
  - IpAddress: -
  - IpPort: -
  - ImpersonationLevel: %%1833
  - RestrictedAdminMode: -
  - TargetOutboundUserName: -
  - TargetOutboundDomainName: -
  - VirtualAccount: %%1843
  - TargetLinkedLogonId: 0x0
  - ElevatedToken: %%1842
---
Time: 2023-09-05T07:34:45Z
Event ID: 4672
Provider: Microsoft-Windows-Security-Auditing
Computer: DC01.lkclab.lab
Channel: Security
Event Data:
  - SubjectUserSid: S-1-5-21-2887521831-3947415683-1267350263-500
  - SubjectUserName: Administrator
  - SubjectDomainName: LKCLAB
  - SubjectLogonId: 0x7c8db8
  - PrivilegeList: SeSecurityPrivilege, SeTakeOwnershipPrivilege, SeLoadDriverPrivilege, SeBackupPrivilege, SeRestorePrivilege, SeDebugPrivilege, SeSystemEnvironmentPrivilege, SeEnableDelegationPrivilege, SeImpersonatePrivilege, SeDelegateSessionUserImpersonatePrivilege
---
Time: 2023-09-05T07:34:45Z
Event ID: 4634
Provider: Microsoft-Windows-Security-Auditing
Computer: DC01.lkclab.lab
Channel: Security
Event Data:
  - TargetUserSid: S-1-5-21-2887521831-3947415683-1267350263-500
  - TargetUserName: Administrator
  - TargetDomainName: LKCLAB
  - TargetLogonId: 0x7c8db8
  - LogonType: 4
---
Time: 2023-09-05T07:34:45Z
Event ID: 4776
Provider: Microsoft-Windows-Security-Auditing
Computer: DC01.lkclab.lab
Channel: Security
Event Data:
  - PackageName: MICROSOFT_AUTHENTICATION_PACKAGE_V1_0
  - TargetUserName: Administrator
  - Workstation: DC01
  - Status: 0x0
---
Time: 2023-09-05T07:34:45Z
Event ID: 4634
Provider: Microsoft-Windows-Security-Auditing
Computer: DC01.lkclab.lab
Channel: Security
Event Data:
  - TargetUserSid: S-1-5-21-2887521831-3947415683-1267350263-500
  - TargetUserName: Administrator
  - TargetDomainName: LKCLAB
  - TargetLogonId: 0x7c8dfb
  - LogonType: 4
---
Time: 2023-09-05T07:34:45Z
Event ID: 4648
Provider: Microsoft-Windows-Security-Auditing
Computer: DC01.lkclab.lab
Channel: Security
Event Data:
  - SubjectUserSid: S-1-5-18
  - SubjectUserName: DC01$
  - SubjectDomainName: LKCLAB
  - SubjectLogonId: 0x3e7
  - LogonGuid: {00000000-0000-0000-0000-000000000000}
  - TargetUserName: Administrator
  - TargetDomainName: LKCLAB
  - TargetLogonGuid: {00000000-0000-0000-0000-000000000000}
  - TargetServerName: localhost
  - TargetInfo: localhost
  - ProcessId: 0xc24
  - ProcessName: C:\Program Files\VMware\VMware Tools\vmtoolsd.exe
  - IpAddress: -
  - IpPort: -
---
Time: 2023-09-05T07:34:45Z
Event ID: 4624
Provider: Microsoft-Windows-Security-Auditing
Computer: DC01.lkclab.lab
Channel: Security
Event Data:
  - SubjectUserSid: S-1-5-18
  - SubjectUserName: DC01$
  - SubjectDomainName: LKCLAB
  - SubjectLogonId: 0x3e7
  - TargetUserSid: S-1-5-21-2887521831-3947415683-1267350263-500
  - TargetUserName: Administrator
  - TargetDomainName: LKCLAB
  - TargetLogonId: 0x7c8e70
  - LogonType: 4
  - LogonProcessName: Advapi
  - AuthenticationPackageName: MICROSOFT_AUTHENTICATION_PACKAGE_V1_0
  - WorkstationName: DC01
  - LogonGuid: {00000000-0000-0000-0000-000000000000}
  - TransmittedServices: -
  - LmPackageName: -
  - KeyLength: 0
  - ProcessId: 0xc24
  - ProcessName: C:\Program Files\VMware\VMware Tools\vmtoolsd.exe
  - IpAddress: -
  - IpPort: -
  - ImpersonationLevel: %%1833
  - RestrictedAdminMode: -
  - TargetOutboundUserName: -
  - TargetOutboundDomainName: -
  - VirtualAccount: %%1843
  - TargetLinkedLogonId: 0x0
  - ElevatedToken: %%1842
---
Time: 2023-09-05T07:34:45Z
Event ID: 4672
Provider: Microsoft-Windows-Security-Auditing
Computer: DC01.lkclab.lab
Channel: Security
Event Data:
  - SubjectUserSid: S-1-5-21-2887521831-3947415683-1267350263-500
  - SubjectUserName: Administrator
  - SubjectDomainName: LKCLAB
  - SubjectLogonId: 0x7c8ea7
  - PrivilegeList: SeSecurityPrivilege, SeTakeOwnershipPrivilege, SeLoadDriverPrivilege, SeBackupPrivilege, SeRestorePrivilege, SeDebugPrivilege, SeSystemEnvironmentPrivilege, SeEnableDelegationPrivilege, SeImpersonatePrivilege, SeDelegateSessionUserImpersonatePrivilege
---
Time: 2023-09-05T07:34:45Z
Event ID: 4634
Provider: Microsoft-Windows-Security-Auditing
Computer: DC01.lkclab.lab
Channel: Security
Event Data:
  - TargetUserSid: S-1-5-21-2887521831-3947415683-1267350263-500
  - TargetUserName: Administrator
  - TargetDomainName: LKCLAB
  - TargetLogonId: 0x7c8ea7
  - LogonType: 4
---
Time: 2023-09-05T07:34:45Z
Event ID: 4776
Provider: Microsoft-Windows-Security-Auditing
Computer: DC01.lkclab.lab
Channel: Security
Event Data:
  - PackageName: MICROSOFT_AUTHENTICATION_PACKAGE_V1_0
  - TargetUserName: Administrator
  - Workstation: DC01
  - Status: 0x0
---
Time: 2023-09-05T07:34:45Z
Event ID: 4648
Provider: Microsoft-Windows-Security-Auditing
Computer: DC01.lkclab.lab
Channel: Security
Event Data:
  - SubjectUserSid: S-1-5-18
  - SubjectUserName: DC01$
  - SubjectDomainName: LKCLAB
  - SubjectLogonId: 0x3e7
  - LogonGuid: {00000000-0000-0000-0000-000000000000}
  - TargetUserName: Administrator
  - TargetDomainName: LKCLAB
  - TargetLogonGuid: {00000000-0000-0000-0000-000000000000}
  - TargetServerName: localhost
  - TargetInfo: localhost
  - ProcessId: 0xc24
  - ProcessName: C:\Program Files\VMware\VMware Tools\vmtoolsd.exe
  - IpAddress: -
  - IpPort: -
---
Time: 2023-09-05T07:34:45Z
Event ID: 4624
Provider: Microsoft-Windows-Security-Auditing
Computer: DC01.lkclab.lab
Channel: Security
Event Data:
  - SubjectUserSid: S-1-5-18
  - SubjectUserName: DC01$
  - SubjectDomainName: LKCLAB
  - SubjectLogonId: 0x3e7
  - TargetUserSid: S-1-5-21-2887521831-3947415683-1267350263-500
  - TargetUserName: Administrator
  - TargetDomainName: LKCLAB
  - TargetLogonId: 0x7c90e4
  - LogonType: 4
  - LogonProcessName: Advapi
  - AuthenticationPackageName: MICROSOFT_AUTHENTICATION_PACKAGE_V1_0
  - WorkstationName: DC01
  - LogonGuid: {00000000-0000-0000-0000-000000000000}
  - TransmittedServices: -
  - LmPackageName: -
  - KeyLength: 0
  - ProcessId: 0xc24
  - ProcessName: C:\Program Files\VMware\VMware Tools\vmtoolsd.exe
  - IpAddress: -
  - IpPort: -
  - ImpersonationLevel: %%1833
  - RestrictedAdminMode: -
  - TargetOutboundUserName: -
  - TargetOutboundDomainName: -
  - VirtualAccount: %%1843
  - TargetLinkedLogonId: 0x0
  - ElevatedToken: %%1842
---
Time: 2023-09-05T07:34:45Z
Event ID: 4672
Provider: Microsoft-Windows-Security-Auditing
Computer: DC01.lkclab.lab
Channel: Security
Event Data:
  - SubjectUserSid: S-1-5-21-2887521831-3947415683-1267350263-500
  - SubjectUserName: Administrator
  - SubjectDomainName: LKCLAB
  - SubjectLogonId: 0x7c90e4
  - PrivilegeList: SeSecurityPrivilege, SeTakeOwnershipPrivilege, SeLoadDriverPrivilege, SeBackupPrivilege, SeRestorePrivilege, SeDebugPrivilege, SeSystemEnvironmentPrivilege, SeEnableDelegationPrivilege, SeImpersonatePrivilege, SeDelegateSessionUserImpersonatePrivilege
---
Time: 2023-09-05T07:34:45Z
Event ID: 4634
Provider: Microsoft-Windows-Security-Auditing
Computer: DC01.lkclab.lab
Channel: Security
Event Data:
  - TargetUserSid: S-1-5-21-2887521831-3947415683-1267350263-500
  - TargetUserName: Administrator
  - TargetDomainName: LKCLAB
  - TargetLogonId: 0x7c90e4
  - LogonType: 4
---
Time: 2023-09-05T07:34:45Z
Event ID: 4776
Provider: Microsoft-Windows-Security-Auditing
Computer: DC01.lkclab.lab
Channel: Security
Event Data:
  - PackageName: MICROSOFT_AUTHENTICATION_PACKAGE_V1_0
  - TargetUserName: Administrator
  - Workstation: DC01
  - Status: 0x0
---
Time: 2023-09-05T07:34:45Z
Event ID: 4648
Provider: Microsoft-Windows-Security-Auditing
Computer: DC01.lkclab.lab
Channel: Security
Event Data:
  - SubjectUserSid: S-1-5-18
  - SubjectUserName: DC01$
  - SubjectDomainName: LKCLAB
  - SubjectLogonId: 0x3e7
  - LogonGuid: {00000000-0000-0000-0000-000000000000}
  - TargetUserName: Administrator
  - TargetDomainName: LKCLAB
  - TargetLogonGuid: {00000000-0000-0000-0000-000000000000}
  - TargetServerName: localhost
  - TargetInfo: localhost
  - ProcessId: 0xc24
  - ProcessName: C:\Program Files\VMware\VMware Tools\vmtoolsd.exe
  - IpAddress: -
  - IpPort: -
---
Time: 2023-09-05T07:34:45Z
Event ID: 4624
Provider: Microsoft-Windows-Security-Auditing
Computer: DC01.lkclab.lab
Channel: Security
Event Data:
  - SubjectUserSid: S-1-5-18
  - SubjectUserName: DC01$
  - SubjectDomainName: LKCLAB
  - SubjectLogonId: 0x3e7
  - TargetUserSid: S-1-5-21-2887521831-3947415683-1267350263-500
  - TargetUserName: Administrator
  - TargetDomainName: LKCLAB
  - TargetLogonId: 0x7c911b
  - LogonType: 4
  - LogonProcessName: Advapi
  - AuthenticationPackageName: MICROSOFT_AUTHENTICATION_PACKAGE_V1_0
  - WorkstationName: DC01
  - LogonGuid: {00000000-0000-0000-0000-000000000000}
  - TransmittedServices: -
  - LmPackageName: -
  - KeyLength: 0
  - ProcessId: 0xc24
  - ProcessName: C:\Program Files\VMware\VMware Tools\vmtoolsd.exe
  - IpAddress: -
  - IpPort: -
  - ImpersonationLevel: %%1833
  - RestrictedAdminMode: -
  - TargetOutboundUserName: -
  - TargetOutboundDomainName: -
  - VirtualAccount: %%1843
  - TargetLinkedLogonId: 0x0
  - ElevatedToken: %%1842
---
Time: 2023-09-05T07:34:45Z
Event ID: 4672
Provider: Microsoft-Windows-Security-Auditing
Computer: DC01.lkclab.lab
Channel: Security
Event Data:
  - SubjectUserSid: S-1-5-21-2887521831-3947415683-1267350263-500
  - SubjectUserName: Administrator
  - SubjectDomainName: LKCLAB
  - SubjectLogonId: 0x7c911b
  - PrivilegeList: SeSecurityPrivilege, SeTakeOwnershipPrivilege, SeLoadDriverPrivilege, SeBackupPrivilege, SeRestorePrivilege, SeDebugPrivilege, SeSystemEnvironmentPrivilege, SeEnableDelegationPrivilege, SeImpersonatePrivilege, SeDelegateSessionUserImpersonatePrivilege
---
Time: 2023-09-05T07:34:45Z
Event ID: 4634
Provider: Microsoft-Windows-Security-Auditing
Computer: DC01.lkclab.lab
Channel: Security
Event Data:
  - TargetUserSid: S-1-5-21-2887521831-3947415683-1267350263-500
  - TargetUserName: Administrator
  - TargetDomainName: LKCLAB
  - TargetLogonId: 0x7c911b
  - LogonType: 4
---
Time: 2023-09-05T07:34:45Z
Event ID: 4776
Provider: Microsoft-Windows-Security-Auditing
Computer: DC01.lkclab.lab
Channel: Security
Event Data:
  - PackageName: MICROSOFT_AUTHENTICATION_PACKAGE_V1_0
  - TargetUserName: Administrator
  - Workstation: DC01
  - Status: 0x0
---
Time: 2023-09-05T07:34:45Z
Event ID: 4648
Provider: Microsoft-Windows-Security-Auditing
Computer: DC01.lkclab.lab
Channel: Security
Event Data:
  - SubjectUserSid: S-1-5-18
  - SubjectUserName: DC01$
  - SubjectDomainName: LKCLAB
  - SubjectLogonId: 0x3e7
  - LogonGuid: {00000000-0000-0000-0000-000000000000}
  - TargetUserName: Administrator
  - TargetDomainName: LKCLAB
  - TargetLogonGuid: {00000000-0000-0000-0000-000000000000}
  - TargetServerName: localhost
  - TargetInfo: localhost
  - ProcessId: 0xc24
  - ProcessName: C:\Program Files\VMware\VMware Tools\vmtoolsd.exe
  - IpAddress: -
  - IpPort: -
---
Time: 2023-09-05T07:34:45Z
Event ID: 4672
Provider: Microsoft-Windows-Security-Auditing
Computer: DC01.lkclab.lab
Channel: Security
Event Data:
  - SubjectUserSid: S-1-5-21-2887521831-3947415683-1267350263-500
  - SubjectUserName: Administrator
  - SubjectDomainName: LKCLAB
  - SubjectLogonId: 0x7c9195
  - PrivilegeList: SeSecurityPrivilege, SeTakeOwnershipPrivilege, SeLoadDriverPrivilege, SeBackupPrivilege, SeRestorePrivilege, SeDebugPrivilege, SeSystemEnvironmentPrivilege, SeEnableDelegationPrivilege, SeImpersonatePrivilege, SeDelegateSessionUserImpersonatePrivilege
---
Time: 2023-09-05T07:34:45Z
Event ID: 4634
Provider: Microsoft-Windows-Security-Auditing
Computer: DC01.lkclab.lab
Channel: Security
Event Data:
  - TargetUserSid: S-1-5-21-2887521831-3947415683-1267350263-500
  - TargetUserName: Administrator
  - TargetDomainName: LKCLAB
  - TargetLogonId: 0x7c9195
  - LogonType: 4
---
Time: 2023-09-05T07:34:45Z
Event ID: 4776
Provider: Microsoft-Windows-Security-Auditing
Computer: DC01.lkclab.lab
Channel: Security
Event Data:
  - PackageName: MICROSOFT_AUTHENTICATION_PACKAGE_V1_0
  - TargetUserName: Administrator
  - Workstation: DC01
  - Status: 0x0
---
Time: 2023-09-05T07:34:45Z
Event ID: 4648
Provider: Microsoft-Windows-Security-Auditing
Computer: DC01.lkclab.lab
Channel: Security
Event Data:
  - SubjectUserSid: S-1-5-18
  - SubjectUserName: DC01$
  - SubjectDomainName: LKCLAB
  - SubjectLogonId: 0x3e7
  - LogonGuid: {00000000-0000-0000-0000-000000000000}
  - TargetUserName: Administrator
  - TargetDomainName: LKCLAB
  - TargetLogonGuid: {00000000-0000-0000-0000-000000000000}
  - TargetServerName: localhost
  - TargetInfo: localhost
  - ProcessId: 0xc24
  - ProcessName: C:\Program Files\VMware\VMware Tools\vmtoolsd.exe
  - IpAddress: -
  - IpPort: -
---
Time: 2023-09-05T07:34:45Z
Event ID: 4648
Provider: Microsoft-Windows-Security-Auditing
Computer: DC01.lkclab.lab
Channel: Security
Event Data:
  - SubjectUserSid: S-1-5-18
  - SubjectUserName: DC01$
  - SubjectDomainName: LKCLAB
  - SubjectLogonId: 0x3e7
  - LogonGuid: {00000000-0000-0000-0000-000000000000}
  - TargetUserName: Administrator
  - TargetDomainName: LKCLAB
  - TargetLogonGuid: {00000000-0000-0000-0000-000000000000}
  - TargetServerName: localhost
  - TargetInfo: localhost
  - ProcessId: 0xc24
  - ProcessName: C:\Program Files\VMware\VMware Tools\vmtoolsd.exe
  - IpAddress: -
  - IpPort: -
---
Time: 2023-09-05T07:34:45Z
Event ID: 4624
Provider: Microsoft-Windows-Security-Auditing
Computer: DC01.lkclab.lab
Channel: Security
Event Data:
  - SubjectUserSid: S-1-5-18
  - SubjectUserName: DC01$
  - SubjectDomainName: LKCLAB
  - SubjectLogonId: 0x3e7
  - TargetUserSid: S-1-5-21-2887521831-3947415683-1267350263-500
  - TargetUserName: Administrator
  - TargetDomainName: LKCLAB
  - TargetLogonId: 0x7c9209
  - LogonType: 4
  - LogonProcessName: Advapi
  - AuthenticationPackageName: MICROSOFT_AUTHENTICATION_PACKAGE_V1_0
  - WorkstationName: DC01
  - LogonGuid: {00000000-0000-0000-0000-000000000000}
  - TransmittedServices: -
  - LmPackageName: -
  - KeyLength: 0
  - ProcessId: 0xc24
  - ProcessName: C:\Program Files\VMware\VMware Tools\vmtoolsd.exe
  - IpAddress: -
  - IpPort: -
  - ImpersonationLevel: %%1833
  - RestrictedAdminMode: -
  - TargetOutboundUserName: -
  - TargetOutboundDomainName: -
  - VirtualAccount: %%1843
  - TargetLinkedLogonId: 0x0
  - ElevatedToken: %%1842
---
Time: 2023-09-05T07:34:45Z
Event ID: 4634
Provider: Microsoft-Windows-Security-Auditing
Computer: DC01.lkclab.lab
Channel: Security
Event Data:
  - TargetUserSid: S-1-5-21-2887521831-3947415683-1267350263-500
  - TargetUserName: Administrator
  - TargetDomainName: LKCLAB
  - TargetLogonId: 0x7c9209
  - LogonType: 4
---
Time: 2023-09-05T07:34:45Z
Event ID: 4776
Provider: Microsoft-Windows-Security-Auditing
Computer: DC01.lkclab.lab
Channel: Security
Event Data:
  - PackageName: MICROSOFT_AUTHENTICATION_PACKAGE_V1_0
  - TargetUserName: Administrator
  - Workstation: DC01
  - Status: 0x0
---
Time: 2023-09-05T07:34:45Z
Event ID: 4648
Provider: Microsoft-Windows-Security-Auditing
Computer: DC01.lkclab.lab
Channel: Security
Event Data:
  - SubjectUserSid: S-1-5-18
  - SubjectUserName: DC01$
  - SubjectDomainName: LKCLAB
  - SubjectLogonId: 0x3e7
  - LogonGuid: {00000000-0000-0000-0000-000000000000}
  - TargetUserName: Administrator
  - TargetDomainName: LKCLAB
  - TargetLogonGuid: {00000000-0000-0000-0000-000000000000}
  - TargetServerName: localhost
  - TargetInfo: localhost
  - ProcessId: 0xc24
  - ProcessName: C:\Program Files\VMware\VMware Tools\vmtoolsd.exe
  - IpAddress: -
  - IpPort: -
---
Time: 2023-09-05T07:34:45Z
Event ID: 4624
Provider: Microsoft-Windows-Security-Auditing
Computer: DC01.lkclab.lab
Channel: Security
Event Data:
  - SubjectUserSid: S-1-5-18
  - SubjectUserName: DC01$
  - SubjectDomainName: LKCLAB
  - SubjectLogonId: 0x3e7
  - TargetUserSid: S-1-5-21-2887521831-3947415683-1267350263-500
  - TargetUserName: Administrator
  - TargetDomainName: LKCLAB
  - TargetLogonId: 0x7c9240
  - LogonType: 4
  - LogonProcessName: Advapi
  - AuthenticationPackageName: MICROSOFT_AUTHENTICATION_PACKAGE_V1_0
  - WorkstationName: DC01
  - LogonGuid: {00000000-0000-0000-0000-000000000000}
  - TransmittedServices: -
  - LmPackageName: -
  - KeyLength: 0
  - ProcessId: 0xc24
  - ProcessName: C:\Program Files\VMware\VMware Tools\vmtoolsd.exe
  - IpAddress: -
  - IpPort: -
  - ImpersonationLevel: %%1833
  - RestrictedAdminMode: -
  - TargetOutboundUserName: -
  - TargetOutboundDomainName: -
  - VirtualAccount: %%1843
  - TargetLinkedLogonId: 0x0
  - ElevatedToken: %%1842
---
Time: 2023-09-05T07:34:45Z
Event ID: 4648
Provider: Microsoft-Windows-Security-Auditing
Computer: DC01.lkclab.lab
Channel: Security
Event Data:
  - SubjectUserSid: S-1-5-18
  - SubjectUserName: DC01$
  - SubjectDomainName: LKCLAB
  - SubjectLogonId: 0x3e7
  - LogonGuid: {00000000-0000-0000-0000-000000000000}
  - TargetUserName: Administrator
  - TargetDomainName: LKCLAB
  - TargetLogonGuid: {00000000-0000-0000-0000-000000000000}
  - TargetServerName: localhost
  - TargetInfo: localhost
  - ProcessId: 0xc24
  - ProcessName: C:\Program Files\VMware\VMware Tools\vmtoolsd.exe
  - IpAddress: -
  - IpPort: -
---
Time: 2023-09-05T07:34:45Z
Event ID: 4624
Provider: Microsoft-Windows-Security-Auditing
Computer: DC01.lkclab.lab
Channel: Security
Event Data:
  - SubjectUserSid: S-1-5-18
  - SubjectUserName: DC01$
  - SubjectDomainName: LKCLAB
  - SubjectLogonId: 0x3e7
  - TargetUserSid: S-1-5-21-2887521831-3947415683-1267350263-500
  - TargetUserName: Administrator
  - TargetDomainName: LKCLAB
  - TargetLogonId: 0x7c8dfb
  - LogonType: 4
  - LogonProcessName: Advapi
  - AuthenticationPackageName: MICROSOFT_AUTHENTICATION_PACKAGE_V1_0
  - WorkstationName: DC01
  - LogonGuid: {00000000-0000-0000-0000-000000000000}
  - TransmittedServices: -
  - LmPackageName: -
  - KeyLength: 0
  - ProcessId: 0xc24
  - ProcessName: C:\Program Files\VMware\VMware Tools\vmtoolsd.exe
  - IpAddress: -
  - IpPort: -
  - ImpersonationLevel: %%1833
  - RestrictedAdminMode: -
  - TargetOutboundUserName: -
  - TargetOutboundDomainName: -
  - VirtualAccount: %%1843
  - TargetLinkedLogonId: 0x0
  - ElevatedToken: %%1842
---
Time: 2023-09-05T07:34:45Z
Event ID: 4672
Provider: Microsoft-Windows-Security-Auditing
Computer: DC01.lkclab.lab
Channel: Security
Event Data:
  - SubjectUserSid: S-1-5-21-2887521831-3947415683-1267350263-500
  - SubjectUserName: Administrator
  - SubjectDomainName: LKCLAB
  - SubjectLogonId: 0x7c8dfb
  - PrivilegeList: SeSecurityPrivilege, SeTakeOwnershipPrivilege, SeLoadDriverPrivilege, SeBackupPrivilege, SeRestorePrivilege, SeDebugPrivilege, SeSystemEnvironmentPrivilege, SeEnableDelegationPrivilege, SeImpersonatePrivilege, SeDelegateSessionUserImpersonatePrivilege
---
Time: 2023-09-05T07:34:45Z
Event ID: 4776
Provider: Microsoft-Windows-Security-Auditing
Computer: DC01.lkclab.lab
Channel: Security
Event Data:
  - PackageName: MICROSOFT_AUTHENTICATION_PACKAGE_V1_0
  - TargetUserName: Administrator
  - Workstation: DC01
  - Status: 0x0
---
Time: 2023-09-05T07:34:45Z
Event ID: 4648
Provider: Microsoft-Windows-Security-Auditing
Computer: DC01.lkclab.lab
Channel: Security
Event Data:
  - SubjectUserSid: S-1-5-18
  - SubjectUserName: DC01$
  - SubjectDomainName: LKCLAB
  - SubjectLogonId: 0x3e7
  - LogonGuid: {00000000-0000-0000-0000-000000000000}
  - TargetUserName: Administrator
  - TargetDomainName: LKCLAB
  - TargetLogonGuid: {00000000-0000-0000-0000-000000000000}
  - TargetServerName: localhost
  - TargetInfo: localhost
  - ProcessId: 0xc24
  - ProcessName: C:\Program Files\VMware\VMware Tools\vmtoolsd.exe
  - IpAddress: -
  - IpPort: -
---
Time: 2023-09-05T07:34:45Z
Event ID: 4624
Provider: Microsoft-Windows-Security-Auditing
Computer: DC01.lkclab.lab
Channel: Security
Event Data:
  - SubjectUserSid: S-1-5-18
  - SubjectUserName: DC01$
  - SubjectDomainName: LKCLAB
  - SubjectLogonId: 0x3e7
  - TargetUserSid: S-1-5-21-2887521831-3947415683-1267350263-500
  - TargetUserName: Administrator
  - TargetDomainName: LKCLAB
  - TargetLogonId: 0x7c8e38
  - LogonType: 4
  - LogonProcessName: Advapi
  - AuthenticationPackageName: MICROSOFT_AUTHENTICATION_PACKAGE_V1_0
  - WorkstationName: DC01
  - LogonGuid: {00000000-0000-0000-0000-000000000000}
  - TransmittedServices: -
  - LmPackageName: -
  - KeyLength: 0
  - ProcessId: 0xc24
  - ProcessName: C:\Program Files\VMware\VMware Tools\vmtoolsd.exe
  - IpAddress: -
  - IpPort: -
  - ImpersonationLevel: %%1833
  - RestrictedAdminMode: -
  - TargetOutboundUserName: -
  - TargetOutboundDomainName: -
  - VirtualAccount: %%1843
  - TargetLinkedLogonId: 0x0
  - ElevatedToken: %%1842
---
Time: 2023-09-05T07:34:45Z
Event ID: 4672
Provider: Microsoft-Windows-Security-Auditing
Computer: DC01.lkclab.lab
Channel: Security
Event Data:
  - SubjectUserSid: S-1-5-21-2887521831-3947415683-1267350263-500
  - SubjectUserName: Administrator
  - SubjectDomainName: LKCLAB
  - SubjectLogonId: 0x7c8e38
  - PrivilegeList: SeSecurityPrivilege, SeTakeOwnershipPrivilege, SeLoadDriverPrivilege, SeBackupPrivilege, SeRestorePrivilege, SeDebugPrivilege, SeSystemEnvironmentPrivilege, SeEnableDelegationPrivilege, SeImpersonatePrivilege, SeDelegateSessionUserImpersonatePrivilege
---
Time: 2023-09-05T07:34:45Z
Event ID: 4634
Provider: Microsoft-Windows-Security-Auditing
Computer: DC01.lkclab.lab
Channel: Security
Event Data:
  - TargetUserSid: S-1-5-21-2887521831-3947415683-1267350263-500
  - TargetUserName: Administrator
  - TargetDomainName: LKCLAB
  - TargetLogonId: 0x7c8e38
  - LogonType: 4
---
Time: 2023-09-05T07:34:45Z
Event ID: 4776
Provider: Microsoft-Windows-Security-Auditing
Computer: DC01.lkclab.lab
Channel: Security
Event Data:
  - PackageName: MICROSOFT_AUTHENTICATION_PACKAGE_V1_0
  - TargetUserName: Administrator
  - Workstation: DC01
  - Status: 0x0
---
Time: 2023-09-05T07:34:45Z
Event ID: 4672
Provider: Microsoft-Windows-Security-Auditing
Computer: DC01.lkclab.lab
Channel: Security
Event Data:
  - SubjectUserSid: S-1-5-21-2887521831-3947415683-1267350263-500
  - SubjectUserName: Administrator
  - SubjectDomainName: LKCLAB
  - SubjectLogonId: 0x7c8e70
  - PrivilegeList: SeSecurityPrivilege, SeTakeOwnershipPrivilege, SeLoadDriverPrivilege, SeBackupPrivilege, SeRestorePrivilege, SeDebugPrivilege, SeSystemEnvironmentPrivilege, SeEnableDelegationPrivilege, SeImpersonatePrivilege, SeDelegateSessionUserImpersonatePrivilege
---
Time: 2023-09-05T07:34:45Z
Event ID: 4634
Provider: Microsoft-Windows-Security-Auditing
Computer: DC01.lkclab.lab
Channel: Security
Event Data:
  - TargetUserSid: S-1-5-21-2887521831-3947415683-1267350263-500
  - TargetUserName: Administrator
  - TargetDomainName: LKCLAB
  - TargetLogonId: 0x7c8e70
  - LogonType: 4
---
Time: 2023-09-05T07:34:45Z
Event ID: 4776
Provider: Microsoft-Windows-Security-Auditing
Computer: DC01.lkclab.lab
Channel: Security
Event Data:
  - PackageName: MICROSOFT_AUTHENTICATION_PACKAGE_V1_0
  - TargetUserName: Administrator
  - Workstation: DC01
  - Status: 0x0
---
Time: 2023-09-05T07:34:45Z
Event ID: 4648
Provider: Microsoft-Windows-Security-Auditing
Computer: DC01.lkclab.lab
Channel: Security
Event Data:
  - SubjectUserSid: S-1-5-18
  - SubjectUserName: DC01$
  - SubjectDomainName: LKCLAB
  - SubjectLogonId: 0x3e7
  - LogonGuid: {00000000-0000-0000-0000-000000000000}
  - TargetUserName: Administrator
  - TargetDomainName: LKCLAB
  - TargetLogonGuid: {00000000-0000-0000-0000-000000000000}
  - TargetServerName: localhost
  - TargetInfo: localhost
  - ProcessId: 0xc24
  - ProcessName: C:\Program Files\VMware\VMware Tools\vmtoolsd.exe
  - IpAddress: -
  - IpPort: -
---
Time: 2023-09-05T07:34:45Z
Event ID: 4624
Provider: Microsoft-Windows-Security-Auditing
Computer: DC01.lkclab.lab
Channel: Security
Event Data:
  - SubjectUserSid: S-1-5-18
  - SubjectUserName: DC01$
  - SubjectDomainName: LKCLAB
  - SubjectLogonId: 0x3e7
  - TargetUserSid: S-1-5-21-2887521831-3947415683-1267350263-500
  - TargetUserName: Administrator
  - TargetDomainName: LKCLAB
  - TargetLogonId: 0x7c8ea7
  - LogonType: 4
  - LogonProcessName: Advapi
  - AuthenticationPackageName: MICROSOFT_AUTHENTICATION_PACKAGE_V1_0
  - WorkstationName: DC01
  - LogonGuid: {00000000-0000-0000-0000-000000000000}
  - TransmittedServices: -
  - LmPackageName: -
  - KeyLength: 0
  - ProcessId: 0xc24
  - ProcessName: C:\Program Files\VMware\VMware Tools\vmtoolsd.exe
  - IpAddress: -
  - IpPort: -
  - ImpersonationLevel: %%1833
  - RestrictedAdminMode: -
  - TargetOutboundUserName: -
  - TargetOutboundDomainName: -
  - VirtualAccount: %%1843
  - TargetLinkedLogonId: 0x0
  - ElevatedToken: %%1842
---
Time: 2023-09-05T07:34:45Z
Event ID: 4624
Provider: Microsoft-Windows-Security-Auditing
Computer: DC01.lkclab.lab
Channel: Security
Event Data:
  - SubjectUserSid: S-1-5-18
  - SubjectUserName: DC01$
  - SubjectDomainName: LKCLAB
  - SubjectLogonId: 0x3e7
  - TargetUserSid: S-1-5-21-2887521831-3947415683-1267350263-500
  - TargetUserName: Administrator
  - TargetDomainName: LKCLAB
  - TargetLogonId: 0x7c9152
  - LogonType: 4
  - LogonProcessName: Advapi
  - AuthenticationPackageName: MICROSOFT_AUTHENTICATION_PACKAGE_V1_0
  - WorkstationName: DC01
  - LogonGuid: {00000000-0000-0000-0000-000000000000}
  - TransmittedServices: -
  - LmPackageName: -
  - KeyLength: 0
  - ProcessId: 0xc24
  - ProcessName: C:\Program Files\VMware\VMware Tools\vmtoolsd.exe
  - IpAddress: -
  - IpPort: -
  - ImpersonationLevel: %%1833
  - RestrictedAdminMode: -
  - TargetOutboundUserName: -
  - TargetOutboundDomainName: -
  - VirtualAccount: %%1843
  - TargetLinkedLogonId: 0x0
  - ElevatedToken: %%1842
---
Time: 2023-09-05T07:34:45Z
Event ID: 4672
Provider: Microsoft-Windows-Security-Auditing
Computer: DC01.lkclab.lab
Channel: Security
Event Data:
  - SubjectUserSid: S-1-5-21-2887521831-3947415683-1267350263-500
  - SubjectUserName: Administrator
  - SubjectDomainName: LKCLAB
  - SubjectLogonId: 0x7c9152
  - PrivilegeList: SeSecurityPrivilege, SeTakeOwnershipPrivilege, SeLoadDriverPrivilege, SeBackupPrivilege, SeRestorePrivilege, SeDebugPrivilege, SeSystemEnvironmentPrivilege, SeEnableDelegationPrivilege, SeImpersonatePrivilege, SeDelegateSessionUserImpersonatePrivilege
---
Time: 2023-09-05T07:34:45Z
Event ID: 4634
Provider: Microsoft-Windows-Security-Auditing
Computer: DC01.lkclab.lab
Channel: Security
Event Data:
  - TargetUserSid: S-1-5-21-2887521831-3947415683-1267350263-500
  - TargetUserName: Administrator
  - TargetDomainName: LKCLAB
  - TargetLogonId: 0x7c9152
  - LogonType: 4
---
Time: 2023-09-05T07:34:45Z
Event ID: 4776
Provider: Microsoft-Windows-Security-Auditing
Computer: DC01.lkclab.lab
Channel: Security
Event Data:
  - PackageName: MICROSOFT_AUTHENTICATION_PACKAGE_V1_0
  - TargetUserName: Administrator
  - Workstation: DC01
  - Status: 0x0
---
Time: 2023-09-05T07:34:45Z
Event ID: 4648
Provider: Microsoft-Windows-Security-Auditing
Computer: DC01.lkclab.lab
Channel: Security
Event Data:
  - SubjectUserSid: S-1-5-18
  - SubjectUserName: DC01$
  - SubjectDomainName: LKCLAB
  - SubjectLogonId: 0x3e7
  - LogonGuid: {00000000-0000-0000-0000-000000000000}
  - TargetUserName: Administrator
  - TargetDomainName: LKCLAB
  - TargetLogonGuid: {00000000-0000-0000-0000-000000000000}
  - TargetServerName: localhost
  - TargetInfo: localhost
  - ProcessId: 0xc24
  - ProcessName: C:\Program Files\VMware\VMware Tools\vmtoolsd.exe
  - IpAddress: -
  - IpPort: -
---
Time: 2023-09-05T07:34:45Z
Event ID: 4624
Provider: Microsoft-Windows-Security-Auditing
Computer: DC01.lkclab.lab
Channel: Security
Event Data:
  - SubjectUserSid: S-1-5-18
  - SubjectUserName: DC01$
  - SubjectDomainName: LKCLAB
  - SubjectLogonId: 0x3e7
  - TargetUserSid: S-1-5-21-2887521831-3947415683-1267350263-500
  - TargetUserName: Administrator
  - TargetDomainName: LKCLAB
  - TargetLogonId: 0x7c9195
  - LogonType: 4
  - LogonProcessName: Advapi
  - AuthenticationPackageName: MICROSOFT_AUTHENTICATION_PACKAGE_V1_0
  - WorkstationName: DC01
  - LogonGuid: {00000000-0000-0000-0000-000000000000}
  - TransmittedServices: -
  - LmPackageName: -
  - KeyLength: 0
  - ProcessId: 0xc24
  - ProcessName: C:\Program Files\VMware\VMware Tools\vmtoolsd.exe
  - IpAddress: -
  - IpPort: -
  - ImpersonationLevel: %%1833
  - RestrictedAdminMode: -
  - TargetOutboundUserName: -
  - TargetOutboundDomainName: -
  - VirtualAccount: %%1843
  - TargetLinkedLogonId: 0x0
  - ElevatedToken: %%1842
---
Time: 2023-09-05T07:34:45Z
Event ID: 4624
Provider: Microsoft-Windows-Security-Auditing
Computer: DC01.lkclab.lab
Channel: Security
Event Data:
  - SubjectUserSid: S-1-5-18
  - SubjectUserName: DC01$
  - SubjectDomainName: LKCLAB
  - SubjectLogonId: 0x3e7
  - TargetUserSid: S-1-5-21-2887521831-3947415683-1267350263-500
  - TargetUserName: Administrator
  - TargetDomainName: LKCLAB
  - TargetLogonId: 0x7c91d2
  - LogonType: 4
  - LogonProcessName: Advapi
  - AuthenticationPackageName: MICROSOFT_AUTHENTICATION_PACKAGE_V1_0
  - WorkstationName: DC01
  - LogonGuid: {00000000-0000-0000-0000-000000000000}
  - TransmittedServices: -
  - LmPackageName: -
  - KeyLength: 0
  - ProcessId: 0xc24
  - ProcessName: C:\Program Files\VMware\VMware Tools\vmtoolsd.exe
  - IpAddress: -
  - IpPort: -
  - ImpersonationLevel: %%1833
  - RestrictedAdminMode: -
  - TargetOutboundUserName: -
  - TargetOutboundDomainName: -
  - VirtualAccount: %%1843
  - TargetLinkedLogonId: 0x0
  - ElevatedToken: %%1842
---
Time: 2023-09-05T07:34:45Z
Event ID: 4672
Provider: Microsoft-Windows-Security-Auditing
Computer: DC01.lkclab.lab
Channel: Security
Event Data:
  - SubjectUserSid: S-1-5-21-2887521831-3947415683-1267350263-500
  - SubjectUserName: Administrator
  - SubjectDomainName: LKCLAB
  - SubjectLogonId: 0x7c91d2
  - PrivilegeList: SeSecurityPrivilege, SeTakeOwnershipPrivilege, SeLoadDriverPrivilege, SeBackupPrivilege, SeRestorePrivilege, SeDebugPrivilege, SeSystemEnvironmentPrivilege, SeEnableDelegationPrivilege, SeImpersonatePrivilege, SeDelegateSessionUserImpersonatePrivilege
---
Time: 2023-09-05T07:34:45Z
Event ID: 4634
Provider: Microsoft-Windows-Security-Auditing
Computer: DC01.lkclab.lab
Channel: Security
Event Data:
  - TargetUserSid: S-1-5-21-2887521831-3947415683-1267350263-500
  - TargetUserName: Administrator
  - TargetDomainName: LKCLAB
  - TargetLogonId: 0x7c91d2
  - LogonType: 4
---
Time: 2023-09-05T07:34:45Z
Event ID: 4776
Provider: Microsoft-Windows-Security-Auditing
Computer: DC01.lkclab.lab
Channel: Security
Event Data:
  - PackageName: MICROSOFT_AUTHENTICATION_PACKAGE_V1_0
  - TargetUserName: Administrator
  - Workstation: DC01
  - Status: 0x0
---
Time: 2023-09-05T07:34:45Z
Event ID: 4672
Provider: Microsoft-Windows-Security-Auditing
Computer: DC01.lkclab.lab
Channel: Security
Event Data:
  - SubjectUserSid: S-1-5-21-2887521831-3947415683-1267350263-500
  - SubjectUserName: Administrator
  - SubjectDomainName: LKCLAB
  - SubjectLogonId: 0x7c9209
  - PrivilegeList: SeSecurityPrivilege, SeTakeOwnershipPrivilege, SeLoadDriverPrivilege, SeBackupPrivilege, SeRestorePrivilege, SeDebugPrivilege, SeSystemEnvironmentPrivilege, SeEnableDelegationPrivilege, SeImpersonatePrivilege, SeDelegateSessionUserImpersonatePrivilege
---
Time: 2023-09-05T07:34:45Z
Event ID: 4672
Provider: Microsoft-Windows-Security-Auditing
Computer: DC01.lkclab.lab
Channel: Security
Event Data:
  - SubjectUserSid: S-1-5-21-2887521831-3947415683-1267350263-500
  - SubjectUserName: Administrator
  - SubjectDomainName: LKCLAB
  - SubjectLogonId: 0x7c9240
  - PrivilegeList: SeSecurityPrivilege, SeTakeOwnershipPrivilege, SeLoadDriverPrivilege, SeBackupPrivilege, SeRestorePrivilege, SeDebugPrivilege, SeSystemEnvironmentPrivilege, SeEnableDelegationPrivilege, SeImpersonatePrivilege, SeDelegateSessionUserImpersonatePrivilege
---
Time: 2023-09-05T07:34:45Z
Event ID: 4634
Provider: Microsoft-Windows-Security-Auditing
Computer: DC01.lkclab.lab
Channel: Security
Event Data:
  - TargetUserSid: S-1-5-21-2887521831-3947415683-1267350263-500
  - TargetUserName: Administrator
  - TargetDomainName: LKCLAB
  - TargetLogonId: 0x7c9240
  - LogonType: 4
---
Time: 2023-09-05T07:34:46Z
Event ID: 4672
Provider: Microsoft-Windows-Security-Auditing
Computer: DC01.lkclab.lab
Channel: Security
Event Data:
  - SubjectUserSid: S-1-5-18
  - SubjectUserName: DC01$
  - SubjectDomainName: LKCLAB
  - SubjectLogonId: 0x7c92a1
  - PrivilegeList: SeSecurityPrivilege, SeBackupPrivilege, SeRestorePrivilege, SeTakeOwnershipPrivilege, SeDebugPrivilege, SeSystemEnvironmentPrivilege, SeLoadDriverPrivilege, SeImpersonatePrivilege, SeDelegateSessionUserImpersonatePrivilege, SeEnableDelegationPrivilege
---
Time: 2023-09-05T07:34:46Z
Event ID: 4624
Provider: Microsoft-Windows-Security-Auditing
Computer: DC01.lkclab.lab
Channel: Security
Event Data:
  - SubjectUserSid: S-1-0-0
  - SubjectUserName: -
  - SubjectDomainName: -
  - SubjectLogonId: 0x0
  - TargetUserSid: S-1-5-18
  - TargetUserName: DC01$
  - TargetDomainName: LKCLAB.LAB
  - TargetLogonId: 0x7c92a1
  - LogonType: 3
  - LogonProcessName: Kerberos
  - AuthenticationPackageName: Kerberos
  - WorkstationName: -
  - LogonGuid: {38d81b03-c2c7-9a8d-062a-29ee21dfa1bf}
  - TransmittedServices: -
  - LmPackageName: -
  - KeyLength: 0
  - ProcessId: 0x0
  - ProcessName: -
  - IpAddress: ::1
  - IpPort: 51772
  - ImpersonationLevel: %%1833
  - RestrictedAdminMode: -
  - TargetOutboundUserName: -
  - TargetOutboundDomainName: -
  - VirtualAccount: %%1843
  - TargetLinkedLogonId: 0x0
  - ElevatedToken: %%1842
---
Time: 2023-09-05T07:34:46Z
Event ID: 4634
Provider: Microsoft-Windows-Security-Auditing
Computer: DC01.lkclab.lab
Channel: Security
Event Data:
  - TargetUserSid: S-1-5-18
  - TargetUserName: DC01$
  - TargetDomainName: LKCLAB
  - TargetLogonId: 0x7c92a1
  - LogonType: 3
---
Time: 2023-09-05T07:34:47Z
Event ID: 4672
Provider: Microsoft-Windows-Security-Auditing
Computer: DC01.lkclab.lab
Channel: Security
Event Data:
  - SubjectUserSid: S-1-5-21-2887521831-3947415683-1267350263-1113
  - SubjectUserName: MAIL$
  - SubjectDomainName: LKCLAB
  - SubjectLogonId: 0x7c92c0
  - PrivilegeList: SeSecurityPrivilege
---
Time: 2023-09-05T07:34:47Z
Event ID: 4624
Provider: Microsoft-Windows-Security-Auditing
Computer: DC01.lkclab.lab
Channel: Security
Event Data:
  - SubjectUserSid: S-1-0-0
  - SubjectUserName: -
  - SubjectDomainName: -
  - SubjectLogonId: 0x0
  - TargetUserSid: S-1-5-21-2887521831-3947415683-1267350263-1113
  - TargetUserName: MAIL$
  - TargetDomainName: LKCLAB.LAB
  - TargetLogonId: 0x7c92c0
  - LogonType: 3
  - LogonProcessName: Kerberos
  - AuthenticationPackageName: Kerberos
  - WorkstationName: -
  - LogonGuid: {e21aefa2-7820-58c7-43c4-304a953de487}
  - TransmittedServices: -
  - LmPackageName: -
  - KeyLength: 0
  - ProcessId: 0x0
  - ProcessName: -
  - IpAddress: 10.253.44.11
  - IpPort: 9750
  - ImpersonationLevel: %%1833
  - RestrictedAdminMode: -
  - TargetOutboundUserName: -
  - TargetOutboundDomainName: -
  - VirtualAccount: %%1843
  - TargetLinkedLogonId: 0x0
  - ElevatedToken: %%1842
---
Time: 2023-09-05T07:34:56Z
Event ID: 4672
Provider: Microsoft-Windows-Security-Auditing
Computer: DC01.lkclab.lab
Channel: Security
Event Data:
  - SubjectUserSid: S-1-5-21-2887521831-3947415683-1267350263-1113
  - SubjectUserName: MAIL$
  - SubjectDomainName: LKCLAB
  - SubjectLogonId: 0x7c9354
  - PrivilegeList: SeSecurityPrivilege
---
Time: 2023-09-05T07:34:56Z
Event ID: 4624
Provider: Microsoft-Windows-Security-Auditing
Computer: DC01.lkclab.lab
Channel: Security
Event Data:
  - SubjectUserSid: S-1-0-0
  - SubjectUserName: -
  - SubjectDomainName: -
  - SubjectLogonId: 0x0
  - TargetUserSid: S-1-5-21-2887521831-3947415683-1267350263-1113
  - TargetUserName: MAIL$
  - TargetDomainName: LKCLAB.LAB
  - TargetLogonId: 0x7c9354
  - LogonType: 3
  - LogonProcessName: Kerberos
  - AuthenticationPackageName: Kerberos
  - WorkstationName: -
  - LogonGuid: {e21aefa2-7820-58c7-43c4-304a953de487}
  - TransmittedServices: -
  - LmPackageName: -
  - KeyLength: 0
  - ProcessId: 0x0
  - ProcessName: -
  - IpAddress: 10.253.44.11
  - IpPort: 9764
  - ImpersonationLevel: %%1833
  - RestrictedAdminMode: -
  - TargetOutboundUserName: -
  - TargetOutboundDomainName: -
  - VirtualAccount: %%1843
  - TargetLinkedLogonId: 0x0
  - ElevatedToken: %%1842
---
Time: 2023-09-05T07:35:02Z
Event ID: 4672
Provider: Microsoft-Windows-Security-Auditing
Computer: DC01.lkclab.lab
Channel: Security
Event Data:
  - SubjectUserSid: S-1-5-21-2887521831-3947415683-1267350263-1113
  - SubjectUserName: MAIL$
  - SubjectDomainName: LKCLAB
  - SubjectLogonId: 0x7c9b3d
  - PrivilegeList: SeSecurityPrivilege
---
Time: 2023-09-05T07:35:02Z
Event ID: 4624
Provider: Microsoft-Windows-Security-Auditing
Computer: DC01.lkclab.lab
Channel: Security
Event Data:
  - SubjectUserSid: S-1-0-0
  - SubjectUserName: -
  - SubjectDomainName: -
  - SubjectLogonId: 0x0
  - TargetUserSid: S-1-5-21-2887521831-3947415683-1267350263-1113
  - TargetUserName: MAIL$
  - TargetDomainName: LKCLAB.LAB
  - TargetLogonId: 0x7c9b3d
  - LogonType: 3
  - LogonProcessName: Kerberos
  - AuthenticationPackageName: Kerberos
  - WorkstationName: -
  - LogonGuid: {e21aefa2-7820-58c7-43c4-304a953de487}
  - TransmittedServices: -
  - LmPackageName: -
  - KeyLength: 0
  - ProcessId: 0x0
  - ProcessName: -
  - IpAddress: 10.253.44.11
  - IpPort: 9774
  - ImpersonationLevel: %%1833
  - RestrictedAdminMode: -
  - TargetOutboundUserName: -
  - TargetOutboundDomainName: -
  - VirtualAccount: %%1843
  - TargetLinkedLogonId: 0x0
  - ElevatedToken: %%1842
---
Time: 2023-09-05T07:35:05Z
Event ID: 4672
Provider: Microsoft-Windows-Security-Auditing
Computer: DC01.lkclab.lab
Channel: Security
Event Data:
  - SubjectUserSid: S-1-5-21-2887521831-3947415683-1267350263-1113
  - SubjectUserName: MAIL$
  - SubjectDomainName: LKCLAB
  - SubjectLogonId: 0x7c9b82
  - PrivilegeList: SeSecurityPrivilege
---
