Time: 2023-09-05T07:37:52Z
Event ID: 4672
Provider: Microsoft-Windows-Security-Auditing
Computer: DC01.lkclab.lab
Channel: Security
Event Data:
  - SubjectUserSid: S-1-5-21-2887521831-3947415683-1267350263-500
  - SubjectUserName: Administrator
  - SubjectDomainName: LKCLAB
  - SubjectLogonId: 0x7e7b05
  - PrivilegeList: SeSecurityPrivilege, SeTakeOwnershipPrivilege, SeLoadDriverPrivilege, SeBackupPrivilege, SeRestorePrivilege, SeDebugPrivilege, SeSystemEnvironmentPrivilege, SeEnableDelegationPrivilege, SeImpersonatePrivilege, SeDelegateSessionUserImpersonatePrivilege
---
Time: 2023-09-05T07:37:52Z
Event ID: 4634
Provider: Microsoft-Windows-Security-Auditing
Computer: DC01.lkclab.lab
Channel: Security
Event Data:
  - TargetUserSid: S-1-5-21-2887521831-3947415683-1267350263-500
  - TargetUserName: Administrator
  - TargetDomainName: LKCLAB
  - TargetLogonId: 0x7e7b05
  - LogonType: 4
---
Time: 2023-09-05T07:37:52Z
Event ID: 4776
Provider: Microsoft-Windows-Security-Auditing
Computer: DC01.lkclab.lab
Channel: Security
Event Data:
  - PackageName: MICROSOFT_AUTHENTICATION_PACKAGE_V1_0
  - TargetUserName: Administrator
  - Workstation: DC01
  - Status: 0x0
---
Time: 2023-09-05T07:37:52Z
Event ID: 4776
Provider: Microsoft-Windows-Security-Auditing
Computer: DC01.lkclab.lab
Channel: Security
Event Data:
  - PackageName: MICROSOFT_AUTHENTICATION_PACKAGE_V1_0
  - TargetUserName: Administrator
  - Workstation: DC01
  - Status: 0x0
---
Time: 2023-09-05T07:37:52Z
Event ID: 4648
Provider: Microsoft-Windows-Security-Auditing
Computer: DC01.lkclab.lab
Channel: Security
Event Data:
  - SubjectUserSid: S-1-5-18
  - SubjectUserName: DC01$
  - SubjectDomainName: LKCLAB
  - SubjectLogonId: 0x3e7
  - LogonGuid: {00000000-0000-0000-0000-000000000000}
  - TargetUserName: Administrator
  - TargetDomainName: LKCLAB
  - TargetLogonGuid: {00000000-0000-0000-0000-000000000000}
  - TargetServerName: localhost
  - TargetInfo: localhost
  - ProcessId: 0xc24
  - ProcessName: C:\Program Files\VMware\VMware Tools\vmtoolsd.exe
  - IpAddress: -
  - IpPort: -
---
Time: 2023-09-05T07:37:52Z
Event ID: 4624
Provider: Microsoft-Windows-Security-Auditing
Computer: DC01.lkclab.lab
Channel: Security
Event Data:
  - SubjectUserSid: S-1-5-18
  - SubjectUserName: DC01$
  - SubjectDomainName: LKCLAB
  - SubjectLogonId: 0x3e7
  - TargetUserSid: S-1-5-21-2887521831-3947415683-1267350263-500
  - TargetUserName: Administrator
  - TargetDomainName: LKCLAB
  - TargetLogonId: 0x7e725a
  - LogonType: 4
  - LogonProcessName: Advapi
  - AuthenticationPackageName: MICROSOFT_AUTHENTICATION_PACKAGE_V1_0
  - WorkstationName: DC01
  - LogonGuid: {00000000-0000-0000-0000-000000000000}
  - TransmittedServices: -
  - LmPackageName: -
  - KeyLength: 0
  - ProcessId: 0xc24
  - ProcessName: C:\Program Files\VMware\VMware Tools\vmtoolsd.exe
  - IpAddress: -
  - IpPort: -
  - ImpersonationLevel: %%1833
  - RestrictedAdminMode: -
  - TargetOutboundUserName: -
  - TargetOutboundDomainName: -
  - VirtualAccount: %%1843
  - TargetLinkedLogonId: 0x0
  - ElevatedToken: %%1842
---
Time: 2023-09-05T07:37:52Z
Event ID: 4672
Provider: Microsoft-Windows-Security-Auditing
Computer: DC01.lkclab.lab
Channel: Security
Event Data:
  - SubjectUserSid: S-1-5-21-2887521831-3947415683-1267350263-500
  - SubjectUserName: Administrator
  - SubjectDomainName: LKCLAB
  - SubjectLogonId: 0x7e725a
  - PrivilegeList: SeSecurityPrivilege, SeTakeOwnershipPrivilege, SeLoadDriverPrivilege, SeBackupPrivilege, SeRestorePrivilege, SeDebugPrivilege, SeSystemEnvironmentPrivilege, SeEnableDelegationPrivilege, SeImpersonatePrivilege, SeDelegateSessionUserImpersonatePrivilege
---
Time: 2023-09-05T07:37:52Z
Event ID: 4624
Provider: Microsoft-Windows-Security-Auditing
Computer: DC01.lkclab.lab
Channel: Security
Event Data:
  - SubjectUserSid: S-1-5-18
  - SubjectUserName: DC01$
  - SubjectDomainName: LKCLAB
  - SubjectLogonId: 0x3e7
  - TargetUserSid: S-1-5-21-2887521831-3947415683-1267350263-500
  - TargetUserName: Administrator
  - TargetDomainName: LKCLAB
  - TargetLogonId: 0x7e7477
  - LogonType: 4
  - LogonProcessName: Advapi
  - AuthenticationPackageName: MICROSOFT_AUTHENTICATION_PACKAGE_V1_0
  - WorkstationName: DC01
  - LogonGuid: {00000000-0000-0000-0000-000000000000}
  - TransmittedServices: -
  - LmPackageName: -
  - KeyLength: 0
  - ProcessId: 0xc24
  - ProcessName: C:\Program Files\VMware\VMware Tools\vmtoolsd.exe
  - IpAddress: -
  - IpPort: -
  - ImpersonationLevel: %%1833
  - RestrictedAdminMode: -
  - TargetOutboundUserName: -
  - TargetOutboundDomainName: -
  - VirtualAccount: %%1843
  - TargetLinkedLogonId: 0x0
  - ElevatedToken: %%1842
---
Time: 2023-09-05T07:37:52Z
Event ID: 4776
Provider: Microsoft-Windows-Security-Auditing
Computer: DC01.lkclab.lab
Channel: Security
Event Data:
  - PackageName: MICROSOFT_AUTHENTICATION_PACKAGE_V1_0
  - TargetUserName: Administrator
  - Workstation: DC01
  - Status: 0x0
---
Time: 2023-09-05T07:37:52Z
Event ID: 4648
Provider: Microsoft-Windows-Security-Auditing
Computer: DC01.lkclab.lab
Channel: Security
Event Data:
  - SubjectUserSid: S-1-5-18
  - SubjectUserName: DC01$
  - SubjectDomainName: LKCLAB
  - SubjectLogonId: 0x3e7
  - LogonGuid: {00000000-0000-0000-0000-000000000000}
  - TargetUserName: Administrator
  - TargetDomainName: LKCLAB
  - TargetLogonGuid: {00000000-0000-0000-0000-000000000000}
  - TargetServerName: localhost
  - TargetInfo: localhost
  - ProcessId: 0xc24
  - ProcessName: C:\Program Files\VMware\VMware Tools\vmtoolsd.exe
  - IpAddress: -
  - IpPort: -
---
Time: 2023-09-05T07:37:52Z
Event ID: 4648
Provider: Microsoft-Windows-Security-Auditing
Computer: DC01.lkclab.lab
Channel: Security
Event Data:
  - SubjectUserSid: S-1-5-18
  - SubjectUserName: DC01$
  - SubjectDomainName: LKCLAB
  - SubjectLogonId: 0x3e7
  - LogonGuid: {00000000-0000-0000-0000-000000000000}
  - TargetUserName: Administrator
  - TargetDomainName: LKCLAB
  - TargetLogonGuid: {00000000-0000-0000-0000-000000000000}
  - TargetServerName: localhost
  - TargetInfo: localhost
  - ProcessId: 0xc24
  - ProcessName: C:\Program Files\VMware\VMware Tools\vmtoolsd.exe
  - IpAddress: -
  - IpPort: -
---
Time: 2023-09-05T07:37:52Z
Event ID: 4624
Provider: Microsoft-Windows-Security-Auditing
Computer: DC01.lkclab.lab
Channel: Security
Event Data:
  - SubjectUserSid: S-1-5-18
  - SubjectUserName: DC01$
  - SubjectDomainName: LKCLAB
  - SubjectLogonId: 0x3e7
  - TargetUserSid: S-1-5-21-2887521831-3947415683-1267350263-500
  - TargetUserName: Administrator
  - TargetDomainName: LKCLAB
  - TargetLogonId: 0x7e772d
  - LogonType: 4
  - LogonProcessName: Advapi
  - AuthenticationPackageName: MICROSOFT_AUTHENTICATION_PACKAGE_V1_0
  - WorkstationName: DC01
  - LogonGuid: {00000000-0000-0000-0000-000000000000}
  - TransmittedServices: -
  - LmPackageName: -
  - KeyLength: 0
  - ProcessId: 0xc24
  - ProcessName: C:\Program Files\VMware\VMware Tools\vmtoolsd.exe
  - IpAddress: -
  - IpPort: -
  - ImpersonationLevel: %%1833
  - RestrictedAdminMode: -
  - TargetOutboundUserName: -
  - TargetOutboundDomainName: -
  - VirtualAccount: %%1843
  - TargetLinkedLogonId: 0x0
  - ElevatedToken: %%1842
---
Time: 2023-09-05T07:37:52Z
Event ID: 4672
Provider: Microsoft-Windows-Security-Auditing
Computer: DC01.lkclab.lab
Channel: Security
Event Data:
  - SubjectUserSid: S-1-5-21-2887521831-3947415683-1267350263-500
  - SubjectUserName: Administrator
  - SubjectDomainName: LKCLAB
  - SubjectLogonId: 0x7e772d
  - PrivilegeList: SeSecurityPrivilege, SeTakeOwnershipPrivilege, SeLoadDriverPrivilege, SeBackupPrivilege, SeRestorePrivilege, SeDebugPrivilege, SeSystemEnvironmentPrivilege, SeEnableDelegationPrivilege, SeImpersonatePrivilege, SeDelegateSessionUserImpersonatePrivilege
---
Time: 2023-09-05T07:37:52Z
Event ID: 4634
Provider: Microsoft-Windows-Security-Auditing
Computer: DC01.lkclab.lab
Channel: Security
Event Data:
  - TargetUserSid: S-1-5-21-2887521831-3947415683-1267350263-500
  - TargetUserName: Administrator
  - TargetDomainName: LKCLAB
  - TargetLogonId: 0x7e772d
  - LogonType: 4
---
Time: 2023-09-05T07:37:52Z
Event ID: 4776
Provider: Microsoft-Windows-Security-Auditing
Computer: DC01.lkclab.lab
Channel: Security
Event Data:
  - PackageName: MICROSOFT_AUTHENTICATION_PACKAGE_V1_0
  - TargetUserName: Administrator
  - Workstation: DC01
  - Status: 0x0
---
Time: 2023-09-05T07:37:52Z
Event ID: 4648
Provider: Microsoft-Windows-Security-Auditing
Computer: DC01.lkclab.lab
Channel: Security
Event Data:
  - SubjectUserSid: S-1-5-18
  - SubjectUserName: DC01$
  - SubjectDomainName: LKCLAB
  - SubjectLogonId: 0x3e7
  - LogonGuid: {00000000-0000-0000-0000-000000000000}
  - TargetUserName: Administrator
  - TargetDomainName: LKCLAB
  - TargetLogonGuid: {00000000-0000-0000-0000-000000000000}
  - TargetServerName: localhost
  - TargetInfo: localhost
  - ProcessId: 0xc24
  - ProcessName: C:\Program Files\VMware\VMware Tools\vmtoolsd.exe
  - IpAddress: -
  - IpPort: -
---
Time: 2023-09-05T07:37:52Z
Event ID: 4624
Provider: Microsoft-Windows-Security-Auditing
Computer: DC01.lkclab.lab
Channel: Security
Event Data:
  - SubjectUserSid: S-1-5-18
  - SubjectUserName: DC01$
  - SubjectDomainName: LKCLAB
  - SubjectLogonId: 0x3e7
  - TargetUserSid: S-1-5-21-2887521831-3947415683-1267350263-500
  - TargetUserName: Administrator
  - TargetDomainName: LKCLAB
  - TargetLogonId: 0x7e776a
  - LogonType: 4
  - LogonProcessName: Advapi
  - AuthenticationPackageName: MICROSOFT_AUTHENTICATION_PACKAGE_V1_0
  - WorkstationName: DC01
  - LogonGuid: {00000000-0000-0000-0000-000000000000}
  - TransmittedServices: -
  - LmPackageName: -
  - KeyLength: 0
  - ProcessId: 0xc24
  - ProcessName: C:\Program Files\VMware\VMware Tools\vmtoolsd.exe
  - IpAddress: -
  - IpPort: -
  - ImpersonationLevel: %%1833
  - RestrictedAdminMode: -
  - TargetOutboundUserName: -
  - TargetOutboundDomainName: -
  - VirtualAccount: %%1843
  - TargetLinkedLogonId: 0x0
  - ElevatedToken: %%1842
---
Time: 2023-09-05T07:37:52Z
Event ID: 4672
Provider: Microsoft-Windows-Security-Auditing
Computer: DC01.lkclab.lab
Channel: Security
Event Data:
  - SubjectUserSid: S-1-5-21-2887521831-3947415683-1267350263-500
  - SubjectUserName: Administrator
  - SubjectDomainName: LKCLAB
  - SubjectLogonId: 0x7e776a
  - PrivilegeList: SeSecurityPrivilege, SeTakeOwnershipPrivilege, SeLoadDriverPrivilege, SeBackupPrivilege, SeRestorePrivilege, SeDebugPrivilege, SeSystemEnvironmentPrivilege, SeEnableDelegationPrivilege, SeImpersonatePrivilege, SeDelegateSessionUserImpersonatePrivilege
---
Time: 2023-09-05T07:37:52Z
Event ID: 4634
Provider: Microsoft-Windows-Security-Auditing
Computer: DC01.lkclab.lab
Channel: Security
Event Data:
  - TargetUserSid: S-1-5-21-2887521831-3947415683-1267350263-500
  - TargetUserName: Administrator
  - TargetDomainName: LKCLAB
  - TargetLogonId: 0x7e776a
  - LogonType: 4
---
Time: 2023-09-05T07:37:52Z
Event ID: 4776
Provider: Microsoft-Windows-Security-Auditing
Computer: DC01.lkclab.lab
Channel: Security
Event Data:
  - PackageName: MICROSOFT_AUTHENTICATION_PACKAGE_V1_0
  - TargetUserName: Administrator
  - Workstation: DC01
  - Status: 0x0
---
Time: 2023-09-05T07:37:52Z
Event ID: 4634
Provider: Microsoft-Windows-Security-Auditing
Computer: DC01.lkclab.lab
Channel: Security
Event Data:
  - TargetUserSid: S-1-5-21-2887521831-3947415683-1267350263-500
  - TargetUserName: Administrator
  - TargetDomainName: LKCLAB
  - TargetLogonId: 0x7e725a
  - LogonType: 4
---
Time: 2023-09-05T07:37:52Z
Event ID: 4672
Provider: Microsoft-Windows-Security-Auditing
Computer: DC01.lkclab.lab
Channel: Security
Event Data:
  - SubjectUserSid: S-1-5-21-2887521831-3947415683-1267350263-500
  - SubjectUserName: Administrator
  - SubjectDomainName: LKCLAB
  - SubjectLogonId: 0x7e7477
  - PrivilegeList: SeSecurityPrivilege, SeTakeOwnershipPrivilege, SeLoadDriverPrivilege, SeBackupPrivilege, SeRestorePrivilege, SeDebugPrivilege, SeSystemEnvironmentPrivilege, SeEnableDelegationPrivilege, SeImpersonatePrivilege, SeDelegateSessionUserImpersonatePrivilege
---
Time: 2023-09-05T07:37:52Z
Event ID: 4648
Provider: Microsoft-Windows-Security-Auditing
Computer: DC01.lkclab.lab
Channel: Security
Event Data:
  - SubjectUserSid: S-1-5-18
  - SubjectUserName: DC01$
  - SubjectDomainName: LKCLAB
  - SubjectLogonId: 0x3e7
  - LogonGuid: {00000000-0000-0000-0000-000000000000}
  - TargetUserName: Administrator
  - TargetDomainName: LKCLAB
  - TargetLogonGuid: {00000000-0000-0000-0000-000000000000}
  - TargetServerName: localhost
  - TargetInfo: localhost
  - ProcessId: 0xc24
  - ProcessName: C:\Program Files\VMware\VMware Tools\vmtoolsd.exe
  - IpAddress: -
  - IpPort: -
---
Time: 2023-09-05T07:37:52Z
Event ID: 4624
Provider: Microsoft-Windows-Security-Auditing
Computer: DC01.lkclab.lab
Channel: Security
Event Data:
  - SubjectUserSid: S-1-5-18
  - SubjectUserName: DC01$
  - SubjectDomainName: LKCLAB
  - SubjectLogonId: 0x3e7
  - TargetUserSid: S-1-5-21-2887521831-3947415683-1267350263-500
  - TargetUserName: Administrator
  - TargetDomainName: LKCLAB
  - TargetLogonId: 0x7e76b3
  - LogonType: 4
  - LogonProcessName: Advapi
  - AuthenticationPackageName: MICROSOFT_AUTHENTICATION_PACKAGE_V1_0
  - WorkstationName: DC01
  - LogonGuid: {00000000-0000-0000-0000-000000000000}
  - TransmittedServices: -
  - LmPackageName: -
  - KeyLength: 0
  - ProcessId: 0xc24
  - ProcessName: C:\Program Files\VMware\VMware Tools\vmtoolsd.exe
  - IpAddress: -
  - IpPort: -
  - ImpersonationLevel: %%1833
  - RestrictedAdminMode: -
  - TargetOutboundUserName: -
  - TargetOutboundDomainName: -
  - VirtualAccount: %%1843
  - TargetLinkedLogonId: 0x0
  - ElevatedToken: %%1842
---
Time: 2023-09-05T07:37:52Z
Event ID: 4672
Provider: Microsoft-Windows-Security-Auditing
Computer: DC01.lkclab.lab
Channel: Security
Event Data:
  - SubjectUserSid: S-1-5-21-2887521831-3947415683-1267350263-500
  - SubjectUserName: Administrator
  - SubjectDomainName: LKCLAB
  - SubjectLogonId: 0x7e76b3
  - PrivilegeList: SeSecurityPrivilege, SeTakeOwnershipPrivilege, SeLoadDriverPrivilege, SeBackupPrivilege, SeRestorePrivilege, SeDebugPrivilege, SeSystemEnvironmentPrivilege, SeEnableDelegationPrivilege, SeImpersonatePrivilege, SeDelegateSessionUserImpersonatePrivilege
---
Time: 2023-09-05T07:37:52Z
Event ID: 4634
Provider: Microsoft-Windows-Security-Auditing
Computer: DC01.lkclab.lab
Channel: Security
Event Data:
  - TargetUserSid: S-1-5-21-2887521831-3947415683-1267350263-500
  - TargetUserName: Administrator
  - TargetDomainName: LKCLAB
  - TargetLogonId: 0x7e76b3
  - LogonType: 4
---
Time: 2023-09-05T07:37:52Z
Event ID: 4776
Provider: Microsoft-Windows-Security-Auditing
Computer: DC01.lkclab.lab
Channel: Security
Event Data:
  - PackageName: MICROSOFT_AUTHENTICATION_PACKAGE_V1_0
  - TargetUserName: Administrator
  - Workstation: DC01
  - Status: 0x0
---
Time: 2023-09-05T07:37:52Z
Event ID: 4672
Provider: Microsoft-Windows-Security-Auditing
Computer: DC01.lkclab.lab
Channel: Security
Event Data:
  - SubjectUserSid: S-1-5-21-2887521831-3947415683-1267350263-500
  - SubjectUserName: Administrator
  - SubjectDomainName: LKCLAB
  - SubjectLogonId: 0x7e76ea
  - PrivilegeList: SeSecurityPrivilege, SeTakeOwnershipPrivilege, SeLoadDriverPrivilege, SeBackupPrivilege, SeRestorePrivilege, SeDebugPrivilege, SeSystemEnvironmentPrivilege, SeEnableDelegationPrivilege, SeImpersonatePrivilege, SeDelegateSessionUserImpersonatePrivilege
---
Time: 2023-09-05T07:37:52Z
Event ID: 4634
Provider: Microsoft-Windows-Security-Auditing
Computer: DC01.lkclab.lab
Channel: Security
Event Data:
  - TargetUserSid: S-1-5-21-2887521831-3947415683-1267350263-500
  - TargetUserName: Administrator
  - TargetDomainName: LKCLAB
  - TargetLogonId: 0x7e76ea
  - LogonType: 4
---
Time: 2023-09-05T07:37:52Z
Event ID: 4776
Provider: Microsoft-Windows-Security-Auditing
Computer: DC01.lkclab.lab
Channel: Security
Event Data:
  - PackageName: MICROSOFT_AUTHENTICATION_PACKAGE_V1_0
  - TargetUserName: Administrator
  - Workstation: DC01
  - Status: 0x0
---
Time: 2023-09-05T07:37:52Z
Event ID: 4648
Provider: Microsoft-Windows-Security-Auditing
Computer: DC01.lkclab.lab
Channel: Security
Event Data:
  - SubjectUserSid: S-1-5-18
  - SubjectUserName: DC01$
  - SubjectDomainName: LKCLAB
  - SubjectLogonId: 0x3e7
  - LogonGuid: {00000000-0000-0000-0000-000000000000}
  - TargetUserName: Administrator
  - TargetDomainName: LKCLAB
  - TargetLogonGuid: {00000000-0000-0000-0000-000000000000}
  - TargetServerName: localhost
  - TargetInfo: localhost
  - ProcessId: 0xc24
  - ProcessName: C:\Program Files\VMware\VMware Tools\vmtoolsd.exe
  - IpAddress: -
  - IpPort: -
---
Time: 2023-09-05T07:37:52Z
Event ID: 4624
Provider: Microsoft-Windows-Security-Auditing
Computer: DC01.lkclab.lab
Channel: Security
Event Data:
  - SubjectUserSid: S-1-5-18
  - SubjectUserName: DC01$
  - SubjectDomainName: LKCLAB
  - SubjectLogonId: 0x3e7
  - TargetUserSid: S-1-5-21-2887521831-3947415683-1267350263-500
  - TargetUserName: Administrator
  - TargetDomainName: LKCLAB
  - TargetLogonId: 0x7e77a1
  - LogonType: 4
  - LogonProcessName: Advapi
  - AuthenticationPackageName: MICROSOFT_AUTHENTICATION_PACKAGE_V1_0
  - WorkstationName: DC01
  - LogonGuid: {00000000-0000-0000-0000-000000000000}
  - TransmittedServices: -
  - LmPackageName: -
  - KeyLength: 0
  - ProcessId: 0xc24
  - ProcessName: C:\Program Files\VMware\VMware Tools\vmtoolsd.exe
  - IpAddress: -
  - IpPort: -
  - ImpersonationLevel: %%1833
  - RestrictedAdminMode: -
  - TargetOutboundUserName: -
  - TargetOutboundDomainName: -
  - VirtualAccount: %%1843
  - TargetLinkedLogonId: 0x0
  - ElevatedToken: %%1842
---
Time: 2023-09-05T07:37:52Z
Event ID: 4672
Provider: Microsoft-Windows-Security-Auditing
Computer: DC01.lkclab.lab
Channel: Security
Event Data:
  - SubjectUserSid: S-1-5-21-2887521831-3947415683-1267350263-500
  - SubjectUserName: Administrator
  - SubjectDomainName: LKCLAB
  - SubjectLogonId: 0x7e77a1
  - PrivilegeList: SeSecurityPrivilege, SeTakeOwnershipPrivilege, SeLoadDriverPrivilege, SeBackupPrivilege, SeRestorePrivilege, SeDebugPrivilege, SeSystemEnvironmentPrivilege, SeEnableDelegationPrivilege, SeImpersonatePrivilege, SeDelegateSessionUserImpersonatePrivilege
---
Time: 2023-09-05T07:37:52Z
Event ID: 4634
Provider: Microsoft-Windows-Security-Auditing
Computer: DC01.lkclab.lab
Channel: Security
Event Data:
  - TargetUserSid: S-1-5-21-2887521831-3947415683-1267350263-500
  - TargetUserName: Administrator
  - TargetDomainName: LKCLAB
  - TargetLogonId: 0x7e77a1
  - LogonType: 4
---
Time: 2023-09-05T07:37:52Z
Event ID: 4776
Provider: Microsoft-Windows-Security-Auditing
Computer: DC01.lkclab.lab
Channel: Security
Event Data:
  - PackageName: MICROSOFT_AUTHENTICATION_PACKAGE_V1_0
  - TargetUserName: Administrator
  - Workstation: DC01
  - Status: 0x0
---
Time: 2023-09-05T07:37:53Z
Event ID: 1000
Provider: VGAuth
Computer: DC01.lkclab.lab
Channel: Application
Event Data:
  - message: vmtoolsd: 已成功驗證「Administrator」的使用者名稱和密碼
---
Time: 2023-09-05T07:37:53Z
Event ID: 1000
Provider: VGAuth
Computer: DC01.lkclab.lab
Channel: Application
Event Data:
  - message: vmtoolsd: 已成功驗證「Administrator」的使用者名稱和密碼
---
Time: 2023-09-05T07:37:53Z
Event ID: 4648
Provider: Microsoft-Windows-Security-Auditing
Computer: DC01.lkclab.lab
Channel: Security
Event Data:
  - SubjectUserSid: S-1-5-18
  - SubjectUserName: DC01$
  - SubjectDomainName: LKCLAB
  - SubjectLogonId: 0x3e7
  - LogonGuid: {00000000-0000-0000-0000-000000000000}
  - TargetUserName: Administrator
  - TargetDomainName: LKCLAB
  - TargetLogonGuid: {00000000-0000-0000-0000-000000000000}
  - TargetServerName: localhost
  - TargetInfo: localhost
  - ProcessId: 0xc24
  - ProcessName: C:\Program Files\VMware\VMware Tools\vmtoolsd.exe
  - IpAddress: -
  - IpPort: -
---
Time: 2023-09-05T07:37:53Z
Event ID: 4624
Provider: Microsoft-Windows-Security-Auditing
Computer: DC01.lkclab.lab
Channel: Security
Event Data:
  - SubjectUserSid: S-1-5-18
  - SubjectUserName: DC01$
  - SubjectDomainName: LKCLAB
  - SubjectLogonId: 0x3e7
  - TargetUserSid: S-1-5-21-2887521831-3947415683-1267350263-500
  - TargetUserName: Administrator
  - TargetDomainName: LKCLAB
  - TargetLogonId: 0x7e7b3c
  - LogonType: 4
  - LogonProcessName: Advapi
  - AuthenticationPackageName: MICROSOFT_AUTHENTICATION_PACKAGE_V1_0
  - WorkstationName: DC01
  - LogonGuid: {00000000-0000-0000-0000-000000000000}
  - TransmittedServices: -
  - LmPackageName: -
  - KeyLength: 0
  - ProcessId: 0xc24
  - ProcessName: C:\Program Files\VMware\VMware Tools\vmtoolsd.exe
  - IpAddress: -
  - IpPort: -
  - ImpersonationLevel: %%1833
  - RestrictedAdminMode: -
  - TargetOutboundUserName: -
  - TargetOutboundDomainName: -
  - VirtualAccount: %%1843
  - TargetLinkedLogonId: 0x0
  - ElevatedToken: %%1842
---
Time: 2023-09-05T07:37:53Z
Event ID: 4672
Provider: Microsoft-Windows-Security-Auditing
Computer: DC01.lkclab.lab
Channel: Security
Event Data:
  - SubjectUserSid: S-1-5-21-2887521831-3947415683-1267350263-500
  - SubjectUserName: Administrator
  - SubjectDomainName: LKCLAB
  - SubjectLogonId: 0x7e7b3c
  - PrivilegeList: SeSecurityPrivilege, SeTakeOwnershipPrivilege, SeLoadDriverPrivilege, SeBackupPrivilege, SeRestorePrivilege, SeDebugPrivilege, SeSystemEnvironmentPrivilege, SeEnableDelegationPrivilege, SeImpersonatePrivilege, SeDelegateSessionUserImpersonatePrivilege
---
Time: 2023-09-05T07:37:53Z
Event ID: 4634
Provider: Microsoft-Windows-Security-Auditing
Computer: DC01.lkclab.lab
Channel: Security
Event Data:
  - TargetUserSid: S-1-5-21-2887521831-3947415683-1267350263-500
  - TargetUserName: Administrator
  - TargetDomainName: LKCLAB
  - TargetLogonId: 0x7e7b3c
  - LogonType: 4
---
Time: 2023-09-05T07:37:53Z
Event ID: 4776
Provider: Microsoft-Windows-Security-Auditing
Computer: DC01.lkclab.lab
Channel: Security
Event Data:
  - PackageName: MICROSOFT_AUTHENTICATION_PACKAGE_V1_0
  - TargetUserName: Administrator
  - Workstation: DC01
  - Status: 0x0
---
Time: 2023-09-05T07:37:53Z
Event ID: 4648
Provider: Microsoft-Windows-Security-Auditing
Computer: DC01.lkclab.lab
Channel: Security
Event Data:
  - SubjectUserSid: S-1-5-18
  - SubjectUserName: DC01$
  - SubjectDomainName: LKCLAB
  - SubjectLogonId: 0x3e7
  - LogonGuid: {00000000-0000-0000-0000-000000000000}
  - TargetUserName: Administrator
  - TargetDomainName: LKCLAB
  - TargetLogonGuid: {00000000-0000-0000-0000-000000000000}
  - TargetServerName: localhost
  - TargetInfo: localhost
  - ProcessId: 0xc24
  - ProcessName: C:\Program Files\VMware\VMware Tools\vmtoolsd.exe
  - IpAddress: -
  - IpPort: -
---
Time: 2023-09-05T07:37:53Z
Event ID: 4624
Provider: Microsoft-Windows-Security-Auditing
Computer: DC01.lkclab.lab
Channel: Security
Event Data:
  - SubjectUserSid: S-1-5-18
  - SubjectUserName: DC01$
  - SubjectDomainName: LKCLAB
  - SubjectLogonId: 0x3e7
  - TargetUserSid: S-1-5-21-2887521831-3947415683-1267350263-500
  - TargetUserName: Administrator
  - TargetDomainName: LKCLAB
  - TargetLogonId: 0x7e7b73
  - LogonType: 4
  - LogonProcessName: Advapi
  - AuthenticationPackageName: MICROSOFT_AUTHENTICATION_PACKAGE_V1_0
  - WorkstationName: DC01
  - LogonGuid: {00000000-0000-0000-0000-000000000000}
  - TransmittedServices: -
  - LmPackageName: -
  - KeyLength: 0
  - ProcessId: 0xc24
  - ProcessName: C:\Program Files\VMware\VMware Tools\vmtoolsd.exe
  - IpAddress: -
  - IpPort: -
  - ImpersonationLevel: %%1833
  - RestrictedAdminMode: -
  - TargetOutboundUserName: -
  - TargetOutboundDomainName: -
  - VirtualAccount: %%1843
  - TargetLinkedLogonId: 0x0
  - ElevatedToken: %%1842
---
Time: 2023-09-05T07:37:53Z
Event ID: 4672
Provider: Microsoft-Windows-Security-Auditing
Computer: DC01.lkclab.lab
Channel: Security
Event Data:
  - SubjectUserSid: S-1-5-21-2887521831-3947415683-1267350263-500
  - SubjectUserName: Administrator
  - SubjectDomainName: LKCLAB
  - SubjectLogonId: 0x7e7b73
  - PrivilegeList: SeSecurityPrivilege, SeTakeOwnershipPrivilege, SeLoadDriverPrivilege, SeBackupPrivilege, SeRestorePrivilege, SeDebugPrivilege, SeSystemEnvironmentPrivilege, SeEnableDelegationPrivilege, SeImpersonatePrivilege, SeDelegateSessionUserImpersonatePrivilege
---
Time: 2023-09-05T07:37:53Z
Event ID: 4634
Provider: Microsoft-Windows-Security-Auditing
Computer: DC01.lkclab.lab
Channel: Security
Event Data:
  - TargetUserSid: S-1-5-21-2887521831-3947415683-1267350263-500
  - TargetUserName: Administrator
  - TargetDomainName: LKCLAB
  - TargetLogonId: 0x7e7b73
  - LogonType: 4
---
Time: 2023-09-05T07:38:10Z
Event ID: 4672
Provider: Microsoft-Windows-Security-Auditing
Computer: DC01.lkclab.lab
Channel: Security
Event Data:
  - SubjectUserSid: S-1-5-21-2887521831-3947415683-1267350263-1113
  - SubjectUserName: MAIL$
  - SubjectDomainName: LKCLAB
  - SubjectLogonId: 0x7e914a
  - PrivilegeList: SeSecurityPrivilege
---
Time: 2023-09-05T07:38:10Z
Event ID: 4624
Provider: Microsoft-Windows-Security-Auditing
Computer: DC01.lkclab.lab
Channel: Security
Event Data:
  - SubjectUserSid: S-1-0-0
  - SubjectUserName: -
  - SubjectDomainName: -
  - SubjectLogonId: 0x0
  - TargetUserSid: S-1-5-21-2887521831-3947415683-1267350263-1113
  - TargetUserName: MAIL$
  - TargetDomainName: LKCLAB.LAB
  - TargetLogonId: 0x7e914a
  - LogonType: 3
  - LogonProcessName: Kerberos
  - AuthenticationPackageName: Kerberos
  - WorkstationName: -
  - LogonGuid: {405cd94e-defe-6363-c213-9d0381614aa9}
  - TransmittedServices: -
  - LmPackageName: -
  - KeyLength: 0
  - ProcessId: 0x0
  - ProcessName: -
  - IpAddress: 10.253.44.11
  - IpPort: 10054
  - ImpersonationLevel: %%1840
  - RestrictedAdminMode: -
  - TargetOutboundUserName: -
  - TargetOutboundDomainName: -
  - VirtualAccount: %%1843
  - TargetLinkedLogonId: 0x0
  - ElevatedToken: %%1842
---
Time: 2023-09-05T07:38:10Z
Event ID: 4672
Provider: Microsoft-Windows-Security-Auditing
Computer: DC01.lkclab.lab
Channel: Security
Event Data:
  - SubjectUserSid: S-1-5-21-2887521831-3947415683-1267350263-1113
  - SubjectUserName: MAIL$
  - SubjectDomainName: LKCLAB
  - SubjectLogonId: 0x7e91a5
  - PrivilegeList: SeSecurityPrivilege
---
Time: 2023-09-05T07:38:10Z
Event ID: 4672
Provider: Microsoft-Windows-Security-Auditing
Computer: DC01.lkclab.lab
Channel: Security
Event Data:
  - SubjectUserSid: S-1-5-21-2887521831-3947415683-1267350263-1113
  - SubjectUserName: MAIL$
  - SubjectDomainName: LKCLAB
  - SubjectLogonId: 0x7e91bb
  - PrivilegeList: SeSecurityPrivilege
---
Time: 2023-09-05T07:38:10Z
Event ID: 4672
Provider: Microsoft-Windows-Security-Auditing
Computer: DC01.lkclab.lab
Channel: Security
Event Data:
  - SubjectUserSid: S-1-5-21-2887521831-3947415683-1267350263-1113
  - SubjectUserName: MAIL$
  - SubjectDomainName: LKCLAB
  - SubjectLogonId: 0x7e91e1
  - PrivilegeList: SeSecurityPrivilege
---
Time: 2023-09-05T07:38:10Z
Event ID: 4624
Provider: Microsoft-Windows-Security-Auditing
Computer: DC01.lkclab.lab
Channel: Security
Event Data:
  - SubjectUserSid: S-1-0-0
  - SubjectUserName: -
  - SubjectDomainName: -
  - SubjectLogonId: 0x0
  - TargetUserSid: S-1-5-21-2887521831-3947415683-1267350263-1113
  - TargetUserName: MAIL$
  - TargetDomainName: LKCLAB.LAB
  - TargetLogonId: 0x7e91a5
  - LogonType: 3
  - LogonProcessName: Kerberos
  - AuthenticationPackageName: Kerberos
  - WorkstationName: -
  - LogonGuid: {405cd94e-defe-6363-c213-9d0381614aa9}
  - TransmittedServices: -
  - LmPackageName: -
  - KeyLength: 0
  - ProcessId: 0x0
  - ProcessName: -
  - IpAddress: 10.253.44.11
  - IpPort: 10055
  - ImpersonationLevel: %%1840
  - RestrictedAdminMode: -
  - TargetOutboundUserName: -
  - TargetOutboundDomainName: -
  - VirtualAccount: %%1843
  - TargetLinkedLogonId: 0x0
  - ElevatedToken: %%1842
---
Time: 2023-09-05T07:38:10Z
Event ID: 4624
Provider: Microsoft-Windows-Security-Auditing
Computer: DC01.lkclab.lab
Channel: Security
Event Data:
  - SubjectUserSid: S-1-0-0
  - SubjectUserName: -
  - SubjectDomainName: -
  - SubjectLogonId: 0x0
  - TargetUserSid: S-1-5-21-2887521831-3947415683-1267350263-1113
  - TargetUserName: MAIL$
  - TargetDomainName: LKCLAB.LAB
  - TargetLogonId: 0x7e91bb
  - LogonType: 3
  - LogonProcessName: Kerberos
  - AuthenticationPackageName: Kerberos
  - WorkstationName: -
  - LogonGuid: {405cd94e-defe-6363-c213-9d0381614aa9}
  - TransmittedServices: -
  - LmPackageName: -
  - KeyLength: 0
  - ProcessId: 0x0
  - ProcessName: -
  - IpAddress: 10.253.44.11
  - IpPort: 10056
  - ImpersonationLevel: %%1840
  - RestrictedAdminMode: -
  - TargetOutboundUserName: -
  - TargetOutboundDomainName: -
  - VirtualAccount: %%1843
  - TargetLinkedLogonId: 0x0
  - ElevatedToken: %%1842
---
Time: 2023-09-05T07:38:10Z
Event ID: 4624
Provider: Microsoft-Windows-Security-Auditing
Computer: DC01.lkclab.lab
Channel: Security
Event Data:
  - SubjectUserSid: S-1-0-0
  - SubjectUserName: -
  - SubjectDomainName: -
  - SubjectLogonId: 0x0
  - TargetUserSid: S-1-5-21-2887521831-3947415683-1267350263-1113
  - TargetUserName: MAIL$
  - TargetDomainName: LKCLAB.LAB
  - TargetLogonId: 0x7e91e1
  - LogonType: 3
  - LogonProcessName: Kerberos
  - AuthenticationPackageName: Kerberos
  - WorkstationName: -
  - LogonGuid: {405cd94e-defe-6363-c213-9d0381614aa9}
  - TransmittedServices: -
  - LmPackageName: -
  - KeyLength: 0
  - ProcessId: 0x0
  - ProcessName: -
  - IpAddress: 10.253.44.11
  - IpPort: 10057
  - ImpersonationLevel: %%1840
  - RestrictedAdminMode: -
  - TargetOutboundUserName: -
  - TargetOutboundDomainName: -
  - VirtualAccount: %%1843
  - TargetLinkedLogonId: 0x0
  - ElevatedToken: %%1842
---
Time: 2023-09-05T07:38:10Z
Event ID: 4634
Provider: Microsoft-Windows-Security-Auditing
Computer: DC01.lkclab.lab
Channel: Security
Event Data:
  - TargetUserSid: S-1-5-21-2887521831-3947415683-1267350263-1113
  - TargetUserName: MAIL$
  - TargetDomainName: LKCLAB
  - TargetLogonId: 0x7e91a5
  - LogonType: 3
---
Time: 2023-09-05T07:38:10Z
Event ID: 4634
Provider: Microsoft-Windows-Security-Auditing
Computer: DC01.lkclab.lab
Channel: Security
Event Data:
  - TargetUserSid: S-1-5-21-2887521831-3947415683-1267350263-1113
  - TargetUserName: MAIL$
  - TargetDomainName: LKCLAB
  - TargetLogonId: 0x7e91bb
  - LogonType: 3
---
Time: 2023-09-05T07:38:10Z
Event ID: 4634
Provider: Microsoft-Windows-Security-Auditing
Computer: DC01.lkclab.lab
Channel: Security
Event Data:
  - TargetUserSid: S-1-5-21-2887521831-3947415683-1267350263-1113
  - TargetUserName: MAIL$
  - TargetDomainName: LKCLAB
  - TargetLogonId: 0x7e91e1
  - LogonType: 3
---
Time: 2023-09-05T07:38:12Z
Event ID: 4672
Provider: Microsoft-Windows-Security-Auditing
Computer: DC01.lkclab.lab
Channel: Security
Event Data:
  - SubjectUserSid: S-1-5-18
  - SubjectUserName: DC01$
  - SubjectDomainName: LKCLAB
  - SubjectLogonId: 0x7e92e5
  - PrivilegeList: SeSecurityPrivilege, SeBackupPrivilege, SeRestorePrivilege, SeTakeOwnershipPrivilege, SeDebugPrivilege, SeSystemEnvironmentPrivilege, SeLoadDriverPrivilege, SeImpersonatePrivilege, SeDelegateSessionUserImpersonatePrivilege, SeEnableDelegationPrivilege
---
Time: 2023-09-05T07:38:12Z
Event ID: 4624
Provider: Microsoft-Windows-Security-Auditing
Computer: DC01.lkclab.lab
Channel: Security
Event Data:
  - SubjectUserSid: S-1-0-0
  - SubjectUserName: -
  - SubjectDomainName: -
  - SubjectLogonId: 0x0
  - TargetUserSid: S-1-5-18
  - TargetUserName: DC01$
  - TargetDomainName: LKCLAB.LAB
  - TargetLogonId: 0x7e92e5
  - LogonType: 3
  - LogonProcessName: Kerberos
  - AuthenticationPackageName: Kerberos
  - WorkstationName: -
  - LogonGuid: {b49353ea-d294-ba7f-2743-b479c99664d5}
  - TransmittedServices: -
  - LmPackageName: -
  - KeyLength: 0
  - ProcessId: 0x0
  - ProcessName: -
  - IpAddress: fe80::3d11:6803:298c:3f2f
  - IpPort: 51857
  - ImpersonationLevel: %%1840
  - RestrictedAdminMode: -
  - TargetOutboundUserName: -
  - TargetOutboundDomainName: -
  - VirtualAccount: %%1843
  - TargetLinkedLogonId: 0x0
  - ElevatedToken: %%1842
---
Time: 2023-09-05T07:38:21Z
Event ID: 4634
Provider: Microsoft-Windows-Security-Auditing
Computer: DC01.lkclab.lab
Channel: Security
Event Data:
  - TargetUserSid: S-1-5-21-2887521831-3947415683-1267350263-1113
  - TargetUserName: MAIL$
  - TargetDomainName: LKCLAB
  - TargetLogonId: 0x7e914a
  - LogonType: 3
---
Time: 2023-09-05T07:38:23Z
Event ID: 4634
Provider: Microsoft-Windows-Security-Auditing
Computer: DC01.lkclab.lab
Channel: Security
Event Data:
  - TargetUserSid: S-1-5-18
  - TargetUserName: DC01$
  - TargetDomainName: LKCLAB
  - TargetLogonId: 0x7e92e5
  - LogonType: 3
---
Time: 2023-09-05T07:38:44Z
Event ID: 4768
Provider: Microsoft-Windows-Security-Auditing
Computer: DC01.lkclab.lab
Channel: Security
Event Data:
  - TargetUserName: HealthMailboxd5e963c
  - TargetDomainName: LKCLAB.LAB
  - TargetSid: S-1-5-21-2887521831-3947415683-1267350263-1144
  - ServiceName: krbtgt
  - ServiceSid: S-1-5-21-2887521831-3947415683-1267350263-502
  - TicketOptions: 0x40810010
  - Status: 0x0
  - TicketEncryptionType: 0x12
  - PreAuthType: 2
  - IpAddress: ::ffff:10.253.44.11
  - IpPort: 10079
  - CertIssuerName: 
  - CertSerialNumber: 
  - CertThumbprint: 
---
Time: 2023-09-05T07:38:44Z
Event ID: 4769
Provider: Microsoft-Windows-Security-Auditing
Computer: DC01.lkclab.lab
Channel: Security
Event Data:
  - TargetUserName: HealthMailboxd5e963c@LKCLAB.LAB
  - TargetDomainName: LKCLAB.LAB
  - ServiceName: MAIL$
  - ServiceSid: S-1-5-21-2887521831-3947415683-1267350263-1113
  - TicketOptions: 0x40810000
  - TicketEncryptionType: 0x12
  - IpAddress: ::ffff:10.253.44.11
  - IpPort: 10080
  - Status: 0x0
  - LogonGuid: {56d6c28f-f062-5238-6769-946402d56b65}
  - TransmittedServices: -
---
Time: 2023-09-05T07:38:44Z
Event ID: 4768
Provider: Microsoft-Windows-Security-Auditing
Computer: DC01.lkclab.lab
Channel: Security
Event Data:
  - TargetUserName: HealthMailboxd5e963c
  - TargetDomainName: LKCLAB.LAB
  - TargetSid: S-1-5-21-2887521831-3947415683-1267350263-1144
  - ServiceName: krbtgt
  - ServiceSid: S-1-5-21-2887521831-3947415683-1267350263-502
  - TicketOptions: 0x40810010
  - Status: 0x0
  - TicketEncryptionType: 0x12
  - PreAuthType: 2
  - IpAddress: ::ffff:10.253.44.11
  - IpPort: 10082
  - CertIssuerName: 
  - CertSerialNumber: 
  - CertThumbprint: 
---
Time: 2023-09-05T07:38:44Z
Event ID: 4769
Provider: Microsoft-Windows-Security-Auditing
Computer: DC01.lkclab.lab
Channel: Security
Event Data:
  - TargetUserName: HealthMailboxd5e963c@LKCLAB.LAB
  - TargetDomainName: LKCLAB.LAB
  - ServiceName: MAIL$
  - ServiceSid: S-1-5-21-2887521831-3947415683-1267350263-1113
  - TicketOptions: 0x40810000
  - TicketEncryptionType: 0x12
  - IpAddress: ::ffff:10.253.44.11
  - IpPort: 10083
  - Status: 0x0
  - LogonGuid: {56d6c28f-f062-5238-6769-946402d56b65}
  - TransmittedServices: -
---
Time: 2023-09-05T07:38:46Z
Event ID: 4634
Provider: Microsoft-Windows-Security-Auditing
Computer: DC01.lkclab.lab
Channel: Security
Event Data:
  - TargetUserSid: S-1-5-18
  - TargetUserName: DC01$
  - TargetDomainName: LKCLAB
  - TargetLogonId: 0x7ec272
  - LogonType: 3
---
Time: 2023-09-05T07:38:46Z
Event ID: 4672
Provider: Microsoft-Windows-Security-Auditing
Computer: DC01.lkclab.lab
Channel: Security
Event Data:
  - SubjectUserSid: S-1-5-18
  - SubjectUserName: DC01$
  - SubjectDomainName: LKCLAB
  - SubjectLogonId: 0x7ec272
  - PrivilegeList: SeSecurityPrivilege, SeBackupPrivilege, SeRestorePrivilege, SeTakeOwnershipPrivilege, SeDebugPrivilege, SeSystemEnvironmentPrivilege, SeLoadDriverPrivilege, SeImpersonatePrivilege, SeDelegateSessionUserImpersonatePrivilege, SeEnableDelegationPrivilege
---
Time: 2023-09-05T07:38:46Z
Event ID: 4624
Provider: Microsoft-Windows-Security-Auditing
Computer: DC01.lkclab.lab
Channel: Security
Event Data:
  - SubjectUserSid: S-1-0-0
  - SubjectUserName: -
  - SubjectDomainName: -
  - SubjectLogonId: 0x0
  - TargetUserSid: S-1-5-18
  - TargetUserName: DC01$
  - TargetDomainName: LKCLAB.LAB
  - TargetLogonId: 0x7ec272
  - LogonType: 3
  - LogonProcessName: Kerberos
  - AuthenticationPackageName: Kerberos
  - WorkstationName: -
  - LogonGuid: {38d81b03-c2c7-9a8d-062a-29ee21dfa1bf}
  - TransmittedServices: -
  - LmPackageName: -
  - KeyLength: 0
  - ProcessId: 0x0
  - ProcessName: -
  - IpAddress: ::1
  - IpPort: 52197
  - ImpersonationLevel: %%1833
  - RestrictedAdminMode: -
  - TargetOutboundUserName: -
  - TargetOutboundDomainName: -
  - VirtualAccount: %%1843
  - TargetLinkedLogonId: 0x0
  - ElevatedToken: %%1842
---
Time: 2023-09-05T07:38:48Z
Event ID: 5379
Provider: Microsoft-Windows-Security-Auditing
Computer: DC01.lkclab.lab
Channel: Security
Event Data:
  - SubjectUserSid: S-1-5-18
  - SubjectUserName: DC01$
  - SubjectDomainName: LKCLAB
  - SubjectLogonId: 0x3e7
  - TargetName: MicrosoftAccount:user=02npxyaysynetqvo
  - Type: 0
  - CountOfCredentialsReturned: 0
  - ReadOperation: %%8100
  - ReturnCode: 3221226021
  - ProcessCreationTime: 2023-07-18T07:29:14.699182900Z
  - ClientProcessId: 2216
---
Time: 2023-09-05T07:38:48Z
Event ID: 5379
Provider: Microsoft-Windows-Security-Auditing
Computer: DC01.lkclab.lab
Channel: Security
Event Data:
  - SubjectUserSid: S-1-5-18
  - SubjectUserName: DC01$
  - SubjectDomainName: LKCLAB
  - SubjectLogonId: 0x3e7
  - TargetName: MicrosoftAccount:user=02npxyaysynetqvo
  - Type: 0
  - CountOfCredentialsReturned: 0
  - ReadOperation: %%8100
  - ReturnCode: 3221226021
  - ProcessCreationTime: 2023-07-18T07:29:14.699182900Z
  - ClientProcessId: 2216
---
Time: 2023-09-05T07:38:49Z
Event ID: 4672
Provider: Microsoft-Windows-Security-Auditing
Computer: DC01.lkclab.lab
Channel: Security
Event Data:
  - SubjectUserSid: S-1-5-18
  - SubjectUserName: DC01$
  - SubjectDomainName: LKCLAB
  - SubjectLogonId: 0x7ecd35
  - PrivilegeList: SeSecurityPrivilege, SeBackupPrivilege, SeRestorePrivilege, SeTakeOwnershipPrivilege, SeDebugPrivilege, SeSystemEnvironmentPrivilege, SeLoadDriverPrivilege, SeImpersonatePrivilege, SeDelegateSessionUserImpersonatePrivilege, SeEnableDelegationPrivilege
---
Time: 2023-09-05T07:38:49Z
Event ID: 4624
Provider: Microsoft-Windows-Security-Auditing
Computer: DC01.lkclab.lab
Channel: Security
Event Data:
  - SubjectUserSid: S-1-0-0
  - SubjectUserName: -
  - SubjectDomainName: -
  - SubjectLogonId: 0x0
  - TargetUserSid: S-1-5-18
  - TargetUserName: DC01$
  - TargetDomainName: LKCLAB.LAB
  - TargetLogonId: 0x7ecd35
  - LogonType: 3
  - LogonProcessName: Kerberos
  - AuthenticationPackageName: Kerberos
  - WorkstationName: -
  - LogonGuid: {38d81b03-c2c7-9a8d-062a-29ee21dfa1bf}
  - TransmittedServices: -
  - LmPackageName: -
  - KeyLength: 0
  - ProcessId: 0x0
  - ProcessName: -
  - IpAddress: fe80::3d11:6803:298c:3f2f
  - IpPort: 52398
  - ImpersonationLevel: %%1833
  - RestrictedAdminMode: -
  - TargetOutboundUserName: -
  - TargetOutboundDomainName: -
  - VirtualAccount: %%1843
  - TargetLinkedLogonId: 0x0
  - ElevatedToken: %%1842
---
Time: 2023-09-05T07:38:49Z
Event ID: 4624
Provider: Microsoft-Windows-Security-Auditing
Computer: DC01.lkclab.lab
Channel: Security
Event Data:
  - SubjectUserSid: S-1-0-0
  - SubjectUserName: -
  - SubjectDomainName: -
  - SubjectLogonId: 0x0
  - TargetUserSid: S-1-5-18
  - TargetUserName: DC01$
  - TargetDomainName: LKCLAB.LAB
  - TargetLogonId: 0x7ecda2
  - LogonType: 3
  - LogonProcessName: Kerberos
  - AuthenticationPackageName: Kerberos
  - WorkstationName: -
  - LogonGuid: {38d81b03-c2c7-9a8d-062a-29ee21dfa1bf}
  - TransmittedServices: -
  - LmPackageName: -
  - KeyLength: 0
  - ProcessId: 0x0
  - ProcessName: -
  - IpAddress: fe80::3d11:6803:298c:3f2f
  - IpPort: 52400
  - ImpersonationLevel: %%1833
  - RestrictedAdminMode: -
  - TargetOutboundUserName: -
  - TargetOutboundDomainName: -
  - VirtualAccount: %%1843
  - TargetLinkedLogonId: 0x0
  - ElevatedToken: %%1842
---
Time: 2023-09-05T07:38:49Z
Event ID: 4634
Provider: Microsoft-Windows-Security-Auditing
Computer: DC01.lkclab.lab
Channel: Security
Event Data:
  - TargetUserSid: S-1-5-18
  - TargetUserName: DC01$
  - TargetDomainName: LKCLAB
  - TargetLogonId: 0x7ecda2
  - LogonType: 3
---
Time: 2023-09-05T07:38:49Z
Event ID: 4634
Provider: Microsoft-Windows-Security-Auditing
Computer: DC01.lkclab.lab
Channel: Security
Event Data:
  - TargetUserSid: S-1-5-18
  - TargetUserName: DC01$
  - TargetDomainName: LKCLAB
  - TargetLogonId: 0x7ecd35
  - LogonType: 3
---
Time: 2023-09-05T07:38:49Z
Event ID: 4672
Provider: Microsoft-Windows-Security-Auditing
Computer: DC01.lkclab.lab
Channel: Security
Event Data:
  - SubjectUserSid: S-1-5-18
  - SubjectUserName: DC01$
  - SubjectDomainName: LKCLAB
  - SubjectLogonId: 0x7ecda2
  - PrivilegeList: SeSecurityPrivilege, SeBackupPrivilege, SeRestorePrivilege, SeTakeOwnershipPrivilege, SeDebugPrivilege, SeSystemEnvironmentPrivilege, SeLoadDriverPrivilege, SeImpersonatePrivilege, SeDelegateSessionUserImpersonatePrivilege, SeEnableDelegationPrivilege
---
Time: 2023-09-05T07:38:50Z
Event ID: 4724
Provider: Microsoft-Windows-Security-Auditing
Computer: DC01.lkclab.lab
Channel: Security
Event Data:
  - TargetUserName: DC01$
  - TargetDomainName: LKCLAB
  - TargetSid: S-1-5-21-2887521831-3947415683-1267350263-1000
  - SubjectUserSid: S-1-5-7
  - SubjectUserName: ANONYMOUS LOGON
  - SubjectDomainName: NT AUTHORITY
  - SubjectLogonId: 0x3e6
---
Time: 2023-09-05T07:38:50Z
Event ID: 4742
Provider: Microsoft-Windows-Security-Auditing
Computer: DC01.lkclab.lab
Channel: Security
Event Data:
  - ComputerAccountChange: -
  - TargetUserName: DC01$
  - TargetDomainName: LKCLAB
  - TargetSid: S-1-5-21-2887521831-3947415683-1267350263-1000
  - SubjectUserSid: S-1-5-7
  - SubjectUserName: ANONYMOUS LOGON
  - SubjectDomainName: NT AUTHORITY
  - SubjectLogonId: 0x3e6
  - PrivilegeList: -
  - SamAccountName: -
  - DisplayName: -
  - UserPrincipalName: -
  - HomeDirectory: -
  - HomePath: -
  - ScriptPath: -
  - ProfilePath: -
  - UserWorkstations: -
  - PasswordLastSet: 2023/9/5 下午 03:38:50
  - AccountExpires: -
  - PrimaryGroupId: -
  - AllowedToDelegateTo: -
  - OldUacValue: -
  - NewUacValue: -
  - UserAccountControl: -
  - UserParameters: -
  - SidHistory: -
  - LogonHours: -
  - DnsHostName: -
  - ServicePrincipalNames: -
---
Time: 2023-09-05T07:39:06Z
Event ID: 4634
Provider: Microsoft-Windows-Security-Auditing
Computer: DC01.lkclab.lab
Channel: Security
Event Data:
  - TargetUserSid: S-1-5-21-2887521831-3947415683-1267350263-500
  - TargetUserName: Administrator
  - TargetDomainName: LKCLAB
  - TargetLogonId: 0x2ec575
  - LogonType: 3
---
Time: 2023-09-05T07:39:06Z
Event ID: 4634
Provider: Microsoft-Windows-Security-Auditing
Computer: DC01.lkclab.lab
Channel: Security
Event Data:
  - TargetUserSid: S-1-5-21-2887521831-3947415683-1267350263-1112
  - TargetUserName: PETER-PC$
  - TargetDomainName: LKCLAB
  - TargetLogonId: 0x2ec7ae
  - LogonType: 3
---
Time: 2023-09-05T07:39:06Z
Event ID: 4634
Provider: Microsoft-Windows-Security-Auditing
Computer: DC01.lkclab.lab
Channel: Security
Event Data:
  - TargetUserSid: S-1-5-21-2887521831-3947415683-1267350263-1112
  - TargetUserName: PETER-PC$
  - TargetDomainName: LKCLAB
  - TargetLogonId: 0x2ec7ef
  - LogonType: 3
---
Time: 2023-09-05T07:39:06Z
Event ID: 4768
Provider: Microsoft-Windows-Security-Auditing
Computer: DC01.lkclab.lab
Channel: Security
Event Data:
  - TargetUserName: HealthMailboxd5e963c
  - TargetDomainName: LKCLAB.LAB
  - TargetSid: S-1-5-21-2887521831-3947415683-1267350263-1144
  - ServiceName: krbtgt
  - ServiceSid: S-1-5-21-2887521831-3947415683-1267350263-502
  - TicketOptions: 0x40810010
  - Status: 0x0
  - TicketEncryptionType: 0x12
  - PreAuthType: 2
  - IpAddress: ::ffff:10.253.44.11
  - IpPort: 10109
  - CertIssuerName: 
  - CertSerialNumber: 
  - CertThumbprint: 
---
Time: 2023-09-05T07:39:06Z
Event ID: 4769
Provider: Microsoft-Windows-Security-Auditing
Computer: DC01.lkclab.lab
Channel: Security
Event Data:
  - TargetUserName: HealthMailboxd5e963c@LKCLAB.LAB
  - TargetDomainName: LKCLAB.LAB
  - ServiceName: MAIL$
  - ServiceSid: S-1-5-21-2887521831-3947415683-1267350263-1113
  - TicketOptions: 0x40810000
  - TicketEncryptionType: 0x12
  - IpAddress: ::ffff:10.253.44.11
  - IpPort: 10110
  - Status: 0x0
  - LogonGuid: {6626949b-5062-239c-ee82-4b732a37af56}
  - TransmittedServices: -
---
Time: 2023-09-05T07:39:09Z
Event ID: 1001
Provider: Windows Error Reporting
Computer: DC01.lkclab.lab
Channel: Application
Event Data:
  - ErrorCode: 
  - Stage: 0
  - FailureType: CbsPackageServicingFailure2
  - Reason: 無法使用
  - Retries: 0
  - OSVersion: 10.0.17763.3641
  - PackageName: Microsoft-Windows-InternationalFeatures-Taiwan-Package
  - PackageVersion: 10.0.17763.1
  - Architecture: amd64
  - InstallContext: unknown
  - ErrorHex: 80070422
  - InstallSource: CBS Other
  - PackageState: Absent
  - ExpectedState: Absent
  - InstallMethod: FodHelper(LanguageFeaturesOnDemand)
  - LogPaths: \\?\C:\WINDOWS\Logs\CBS\CBS.log
\\?\C:\WINDOWS\Logs\CBS\CbsPersist_20230719074419.cab
\\?\C:\WINDOWS\servicing\Sessions\Sessions.xml
\\?\C:\WINDOWS\inf\setupapi.dev.log
\\?\C:\ProgramData\Microsoft\Windows\WER\Temp\WER9289.tmp.WERInternalMetadata.xml
\\?\C:\ProgramData\Microsoft\Windows\WER\Temp\WER9299.tmp.xml
\\?\C:\ProgramData\Microsoft\Windows\WER\Temp\WER92A8.tmp.csv
\\?\C:\ProgramData\Microsoft\Windows\WER\Temp\WER92C8.tmp.txt
  - ReportPath: \\?\C:\ProgramData\Microsoft\Windows\WER\ReportQueue\Critical_10.0.17763.3641_a3857edfd131ba2d0411795743bfb3185121d_00000000_cab_187a92c7
  - Reserved1: 
  - RetryCount: 0
  - ReportId: 38b032e3-8f8f-48d5-8ffb-9e3ec8ded91f
  - SomethingElse: 100
  - ExtraField: 
  - FinalField: 0
---
Time: 2023-09-05T07:39:09Z
Event ID: 5379
Provider: Microsoft-Windows-Security-Auditing
Computer: DC01.lkclab.lab
Channel: Security
Event Data:
  - SubjectUserSid: S-1-5-18
  - SubjectUserName: DC01$
  - SubjectDomainName: LKCLAB
  - SubjectLogonId: 0x3e7
  - TargetName: WindowsLive:(token):name=02npxyaysynetqvo;serviceuri=*
  - Type: 0
  - CountOfCredentialsReturned: 0
  - ReadOperation: %%8100
  - ReturnCode: 3221226021
  - ProcessCreationTime: 2023-07-18T07:29:14.699182900Z
  - ClientProcessId: 2216
---
Time: 2023-09-05T07:39:09Z
Event ID: 5379
Provider: Microsoft-Windows-Security-Auditing
Computer: DC01.lkclab.lab
Channel: Security
Event Data:
  - SubjectUserSid: S-1-5-18
  - SubjectUserName: DC01$
  - SubjectDomainName: LKCLAB
  - SubjectLogonId: 0x3e7
  - TargetName: WindowsLive:(cert):name=02npxyaysynetqvo;serviceuri=*
  - Type: 0
  - CountOfCredentialsReturned: 0
  - ReadOperation: %%8100
  - ReturnCode: 3221226021
  - ProcessCreationTime: 2023-07-18T07:29:14.699182900Z
  - ClientProcessId: 2216
---
Time: 2023-09-05T07:39:09Z
Event ID: 5379
Provider: Microsoft-Windows-Security-Auditing
Computer: DC01.lkclab.lab
Channel: Security
Event Data:
  - SubjectUserSid: S-1-5-18
  - SubjectUserName: DC01$
  - SubjectDomainName: LKCLAB
  - SubjectLogonId: 0x3e7
  - TargetName: MicrosoftAccount:user=02npxyaysynetqvo
  - Type: 0
  - CountOfCredentialsReturned: 0
  - ReadOperation: %%8100
  - ReturnCode: 3221226021
  - ProcessCreationTime: 2023-07-18T07:29:14.699182900Z
  - ClientProcessId: 2216
---
Time: 2023-09-05T07:39:12Z
Event ID: 4776
Provider: Microsoft-Windows-Security-Auditing
Computer: DC01.lkclab.lab
Channel: Security
Event Data:
  - PackageName: MICROSOFT_AUTHENTICATION_PACKAGE_V1_0
  - TargetUserName: HealthMailbox1458d2b01cab43eea84e4bec08616267@lkclab.lab
  - Workstation: MAIL
  - Status: 0x0
---
Time: 2023-09-05T07:39:12Z
Event ID: 4776
Provider: Microsoft-Windows-Security-Auditing
Computer: DC01.lkclab.lab
Channel: Security
Event Data:
  - PackageName: MICROSOFT_AUTHENTICATION_PACKAGE_V1_0
  - TargetUserName: HealthMailbox1458d2b01cab43eea84e4bec08616267@lkclab.lab
  - Workstation: MAIL
  - Status: 0x0
---
Time: 2023-09-05T07:39:12Z
Event ID: 4776
Provider: Microsoft-Windows-Security-Auditing
Computer: DC01.lkclab.lab
Channel: Security
Event Data:
  - PackageName: MICROSOFT_AUTHENTICATION_PACKAGE_V1_0
  - TargetUserName: HealthMailbox1458d2b01cab43eea84e4bec08616267@lkclab.lab
  - Workstation: MAIL
  - Status: 0x0
---
Time: 2023-09-05T07:39:25Z
Event ID: 4672
Provider: Microsoft-Windows-Security-Auditing
Computer: DC01.lkclab.lab
Channel: Security
Event Data:
  - SubjectUserSid: S-1-5-21-2887521831-3947415683-1267350263-1113
  - SubjectUserName: MAIL$
  - SubjectDomainName: LKCLAB
  - SubjectLogonId: 0x7ee129
  - PrivilegeList: SeSecurityPrivilege
---
Time: 2023-09-05T07:39:25Z
Event ID: 4624
Provider: Microsoft-Windows-Security-Auditing
Computer: DC01.lkclab.lab
Channel: Security
Event Data:
  - SubjectUserSid: S-1-0-0
  - SubjectUserName: -
  - SubjectDomainName: -
  - SubjectLogonId: 0x0
  - TargetUserSid: S-1-5-21-2887521831-3947415683-1267350263-1113
  - TargetUserName: MAIL$
  - TargetDomainName: LKCLAB.LAB
  - TargetLogonId: 0x7ee129
  - LogonType: 3
  - LogonProcessName: Kerberos
  - AuthenticationPackageName: Kerberos
  - WorkstationName: -
  - LogonGuid: {e21aefa2-7820-58c7-43c4-304a953de487}
  - TransmittedServices: -
  - LmPackageName: -
  - KeyLength: 0
  - ProcessId: 0x0
  - ProcessName: -
  - IpAddress: 10.253.44.11
  - IpPort: 10145
  - ImpersonationLevel: %%1833
  - RestrictedAdminMode: -
  - TargetOutboundUserName: -
  - TargetOutboundDomainName: -
  - VirtualAccount: %%1843
  - TargetLinkedLogonId: 0x0
  - ElevatedToken: %%1842
---
Time: 2023-09-05T07:39:25Z
Event ID: 4672
Provider: Microsoft-Windows-Security-Auditing
Computer: DC01.lkclab.lab
Channel: Security
Event Data:
  - SubjectUserSid: S-1-5-21-2887521831-3947415683-1267350263-1113
  - SubjectUserName: MAIL$
  - SubjectDomainName: LKCLAB
  - SubjectLogonId: 0x7ee13b
  - PrivilegeList: SeSecurityPrivilege
---
