Time: 2023-09-05T07:41:33Z
Event ID: 4624
Provider: Microsoft-Windows-Security-Auditing
Computer: DC01.lkclab.lab
Channel: Security
Event Data:
  - SubjectUserSid: S-1-5-18
  - SubjectUserName: DC01$
  - SubjectDomainName: LKCLAB
  - SubjectLogonId: 0x3e7
  - TargetUserSid: S-1-5-21-2887521831-3947415683-1267350263-500
  - TargetUserName: Administrator
  - TargetDomainName: LKCLAB
  - TargetLogonId: 0x7ff67e
  - LogonType: 4
  - LogonProcessName: Advapi
  - AuthenticationPackageName: MICROSOFT_AUTHENTICATION_PACKAGE_V1_0
  - WorkstationName: DC01
  - LogonGuid: {00000000-0000-0000-0000-000000000000}
  - TransmittedServices: -
  - LmPackageName: -
  - KeyLength: 0
  - ProcessId: 0xc24
  - ProcessName: C:\Program Files\VMware\VMware Tools\vmtoolsd.exe
  - IpAddress: -
  - IpPort: -
  - ImpersonationLevel: %%1833
  - RestrictedAdminMode: -
  - TargetOutboundUserName: -
  - TargetOutboundDomainName: -
  - VirtualAccount: %%1843
  - TargetLinkedLogonId: 0x0
  - ElevatedToken: %%1842
---
Time: 2023-09-05T07:41:33Z
Event ID: 4624
Provider: Microsoft-Windows-Security-Auditing
Computer: DC01.lkclab.lab
Channel: Security
Event Data:
  - SubjectUserSid: S-1-5-18
  - SubjectUserName: DC01$
  - SubjectDomainName: LKCLAB
  - SubjectLogonId: 0x3e7
  - TargetUserSid: S-1-5-21-2887521831-3947415683-1267350263-500
  - TargetUserName: Administrator
  - TargetDomainName: LKCLAB
  - TargetLogonId: 0x7ff8bd
  - LogonType: 4
  - LogonProcessName: Advapi
  - AuthenticationPackageName: MICROSOFT_AUTHENTICATION_PACKAGE_V1_0
  - WorkstationName: DC01
  - LogonGuid: {00000000-0000-0000-0000-000000000000}
  - TransmittedServices: -
  - LmPackageName: -
  - KeyLength: 0
  - ProcessId: 0xc24
  - ProcessName: C:\Program Files\VMware\VMware Tools\vmtoolsd.exe
  - IpAddress: -
  - IpPort: -
  - ImpersonationLevel: %%1833
  - RestrictedAdminMode: -
  - TargetOutboundUserName: -
  - TargetOutboundDomainName: -
  - VirtualAccount: %%1843
  - TargetLinkedLogonId: 0x0
  - ElevatedToken: %%1842
---
Time: 2023-09-05T07:41:33Z
Event ID: 4672
Provider: Microsoft-Windows-Security-Auditing
Computer: DC01.lkclab.lab
Channel: Security
Event Data:
  - SubjectUserSid: S-1-5-21-2887521831-3947415683-1267350263-500
  - SubjectUserName: Administrator
  - SubjectDomainName: LKCLAB
  - SubjectLogonId: 0x7ff8bd
  - PrivilegeList: SeSecurityPrivilege, SeTakeOwnershipPrivilege, SeLoadDriverPrivilege, SeBackupPrivilege, SeRestorePrivilege, SeDebugPrivilege, SeSystemEnvironmentPrivilege, SeEnableDelegationPrivilege, SeImpersonatePrivilege, SeDelegateSessionUserImpersonatePrivilege
---
Time: 2023-09-05T07:41:33Z
Event ID: 4634
Provider: Microsoft-Windows-Security-Auditing
Computer: DC01.lkclab.lab
Channel: Security
Event Data:
  - TargetUserSid: S-1-5-21-2887521831-3947415683-1267350263-500
  - TargetUserName: Administrator
  - TargetDomainName: LKCLAB
  - TargetLogonId: 0x7ff8bd
  - LogonType: 4
---
Time: 2023-09-05T07:41:33Z
Event ID: 4776
Provider: Microsoft-Windows-Security-Auditing
Computer: DC01.lkclab.lab
Channel: Security
Event Data:
  - PackageName: MICROSOFT_AUTHENTICATION_PACKAGE_V1_0
  - TargetUserName: Administrator
  - Workstation: DC01
  - Status: 0x0
---
Time: 2023-09-05T07:41:33Z
Event ID: 4648
Provider: Microsoft-Windows-Security-Auditing
Computer: DC01.lkclab.lab
Channel: Security
Event Data:
  - SubjectUserSid: S-1-5-18
  - SubjectUserName: DC01$
  - SubjectDomainName: LKCLAB
  - SubjectLogonId: 0x3e7
  - LogonGuid: {00000000-0000-0000-0000-000000000000}
  - TargetUserName: Administrator
  - TargetDomainName: LKCLAB
  - TargetLogonGuid: {00000000-0000-0000-0000-000000000000}
  - TargetServerName: localhost
  - TargetInfo: localhost
  - ProcessId: 0xc24
  - ProcessName: C:\Program Files\VMware\VMware Tools\vmtoolsd.exe
  - IpAddress: -
  - IpPort: -
---
Time: 2023-09-05T07:41:33Z
Event ID: 4624
Provider: Microsoft-Windows-Security-Auditing
Computer: DC01.lkclab.lab
Channel: Security
Event Data:
  - SubjectUserSid: S-1-5-18
  - SubjectUserName: DC01$
  - SubjectDomainName: LKCLAB
  - SubjectLogonId: 0x3e7
  - TargetUserSid: S-1-5-21-2887521831-3947415683-1267350263-500
  - TargetUserName: Administrator
  - TargetDomainName: LKCLAB
  - TargetLogonId: 0x7ff8f7
  - LogonType: 4
  - LogonProcessName: Advapi
  - AuthenticationPackageName: MICROSOFT_AUTHENTICATION_PACKAGE_V1_0
  - WorkstationName: DC01
  - LogonGuid: {00000000-0000-0000-0000-000000000000}
  - TransmittedServices: -
  - LmPackageName: -
  - KeyLength: 0
  - ProcessId: 0xc24
  - ProcessName: C:\Program Files\VMware\VMware Tools\vmtoolsd.exe
  - IpAddress: -
  - IpPort: -
  - ImpersonationLevel: %%1833
  - RestrictedAdminMode: -
  - TargetOutboundUserName: -
  - TargetOutboundDomainName: -
  - VirtualAccount: %%1843
  - TargetLinkedLogonId: 0x0
  - ElevatedToken: %%1842
---
Time: 2023-09-05T07:41:33Z
Event ID: 4672
Provider: Microsoft-Windows-Security-Auditing
Computer: DC01.lkclab.lab
Channel: Security
Event Data:
  - SubjectUserSid: S-1-5-21-2887521831-3947415683-1267350263-500
  - SubjectUserName: Administrator
  - SubjectDomainName: LKCLAB
  - SubjectLogonId: 0x7ff8f7
  - PrivilegeList: SeSecurityPrivilege, SeTakeOwnershipPrivilege, SeLoadDriverPrivilege, SeBackupPrivilege, SeRestorePrivilege, SeDebugPrivilege, SeSystemEnvironmentPrivilege, SeEnableDelegationPrivilege, SeImpersonatePrivilege, SeDelegateSessionUserImpersonatePrivilege
---
Time: 2023-09-05T07:41:33Z
Event ID: 4634
Provider: Microsoft-Windows-Security-Auditing
Computer: DC01.lkclab.lab
Channel: Security
Event Data:
  - TargetUserSid: S-1-5-21-2887521831-3947415683-1267350263-500
  - TargetUserName: Administrator
  - TargetDomainName: LKCLAB
  - TargetLogonId: 0x7ff8f7
  - LogonType: 4
---
Time: 2023-09-05T07:41:33Z
Event ID: 4776
Provider: Microsoft-Windows-Security-Auditing
Computer: DC01.lkclab.lab
Channel: Security
Event Data:
  - PackageName: MICROSOFT_AUTHENTICATION_PACKAGE_V1_0
  - TargetUserName: Administrator
  - Workstation: DC01
  - Status: 0x0
---
Time: 2023-09-05T07:41:33Z
Event ID: 4648
Provider: Microsoft-Windows-Security-Auditing
Computer: DC01.lkclab.lab
Channel: Security
Event Data:
  - SubjectUserSid: S-1-5-18
  - SubjectUserName: DC01$
  - SubjectDomainName: LKCLAB
  - SubjectLogonId: 0x3e7
  - LogonGuid: {00000000-0000-0000-0000-000000000000}
  - TargetUserName: Administrator
  - TargetDomainName: LKCLAB
  - TargetLogonGuid: {00000000-0000-0000-0000-000000000000}
  - TargetServerName: localhost
  - TargetInfo: localhost
  - ProcessId: 0xc24
  - ProcessName: C:\Program Files\VMware\VMware Tools\vmtoolsd.exe
  - IpAddress: -
  - IpPort: -
---
Time: 2023-09-05T07:41:33Z
Event ID: 4624
Provider: Microsoft-Windows-Security-Auditing
Computer: DC01.lkclab.lab
Channel: Security
Event Data:
  - SubjectUserSid: S-1-5-18
  - SubjectUserName: DC01$
  - SubjectDomainName: LKCLAB
  - SubjectLogonId: 0x3e7
  - TargetUserSid: S-1-5-21-2887521831-3947415683-1267350263-500
  - TargetUserName: Administrator
  - TargetDomainName: LKCLAB
  - TargetLogonId: 0x7ff93c
  - LogonType: 4
  - LogonProcessName: Advapi
  - AuthenticationPackageName: MICROSOFT_AUTHENTICATION_PACKAGE_V1_0
  - WorkstationName: DC01
  - LogonGuid: {00000000-0000-0000-0000-000000000000}
  - TransmittedServices: -
  - LmPackageName: -
  - KeyLength: 0
  - ProcessId: 0xc24
  - ProcessName: C:\Program Files\VMware\VMware Tools\vmtoolsd.exe
  - IpAddress: -
  - IpPort: -
  - ImpersonationLevel: %%1833
  - RestrictedAdminMode: -
  - TargetOutboundUserName: -
  - TargetOutboundDomainName: -
  - VirtualAccount: %%1843
  - TargetLinkedLogonId: 0x0
  - ElevatedToken: %%1842
---
Time: 2023-09-05T07:41:33Z
Event ID: 4624
Provider: Microsoft-Windows-Security-Auditing
Computer: DC01.lkclab.lab
Channel: Security
Event Data:
  - SubjectUserSid: S-1-5-18
  - SubjectUserName: DC01$
  - SubjectDomainName: LKCLAB
  - SubjectLogonId: 0x3e7
  - TargetUserSid: S-1-5-21-2887521831-3947415683-1267350263-500
  - TargetUserName: Administrator
  - TargetDomainName: LKCLAB
  - TargetLogonId: 0x7ff97c
  - LogonType: 4
  - LogonProcessName: Advapi
  - AuthenticationPackageName: MICROSOFT_AUTHENTICATION_PACKAGE_V1_0
  - WorkstationName: DC01
  - LogonGuid: {00000000-0000-0000-0000-000000000000}
  - TransmittedServices: -
  - LmPackageName: -
  - KeyLength: 0
  - ProcessId: 0xc24
  - ProcessName: C:\Program Files\VMware\VMware Tools\vmtoolsd.exe
  - IpAddress: -
  - IpPort: -
  - ImpersonationLevel: %%1833
  - RestrictedAdminMode: -
  - TargetOutboundUserName: -
  - TargetOutboundDomainName: -
  - VirtualAccount: %%1843
  - TargetLinkedLogonId: 0x0
  - ElevatedToken: %%1842
---
Time: 2023-09-05T07:41:33Z
Event ID: 4672
Provider: Microsoft-Windows-Security-Auditing
Computer: DC01.lkclab.lab
Channel: Security
Event Data:
  - SubjectUserSid: S-1-5-21-2887521831-3947415683-1267350263-500
  - SubjectUserName: Administrator
  - SubjectDomainName: LKCLAB
  - SubjectLogonId: 0x7ff97c
  - PrivilegeList: SeSecurityPrivilege, SeTakeOwnershipPrivilege, SeLoadDriverPrivilege, SeBackupPrivilege, SeRestorePrivilege, SeDebugPrivilege, SeSystemEnvironmentPrivilege, SeEnableDelegationPrivilege, SeImpersonatePrivilege, SeDelegateSessionUserImpersonatePrivilege
---
Time: 2023-09-05T07:41:33Z
Event ID: 4634
Provider: Microsoft-Windows-Security-Auditing
Computer: DC01.lkclab.lab
Channel: Security
Event Data:
  - TargetUserSid: S-1-5-21-2887521831-3947415683-1267350263-500
  - TargetUserName: Administrator
  - TargetDomainName: LKCLAB
  - TargetLogonId: 0x7ff97c
  - LogonType: 4
---
Time: 2023-09-05T07:41:33Z
Event ID: 4776
Provider: Microsoft-Windows-Security-Auditing
Computer: DC01.lkclab.lab
Channel: Security
Event Data:
  - PackageName: MICROSOFT_AUTHENTICATION_PACKAGE_V1_0
  - TargetUserName: Administrator
  - Workstation: DC01
  - Status: 0x0
---
Time: 2023-09-05T07:41:33Z
Event ID: 4648
Provider: Microsoft-Windows-Security-Auditing
Computer: DC01.lkclab.lab
Channel: Security
Event Data:
  - SubjectUserSid: S-1-5-18
  - SubjectUserName: DC01$
  - SubjectDomainName: LKCLAB
  - SubjectLogonId: 0x3e7
  - LogonGuid: {00000000-0000-0000-0000-000000000000}
  - TargetUserName: Administrator
  - TargetDomainName: LKCLAB
  - TargetLogonGuid: {00000000-0000-0000-0000-000000000000}
  - TargetServerName: localhost
  - TargetInfo: localhost
  - ProcessId: 0xc24
  - ProcessName: C:\Program Files\VMware\VMware Tools\vmtoolsd.exe
  - IpAddress: -
  - IpPort: -
---
Time: 2023-09-05T07:41:33Z
Event ID: 4624
Provider: Microsoft-Windows-Security-Auditing
Computer: DC01.lkclab.lab
Channel: Security
Event Data:
  - SubjectUserSid: S-1-5-18
  - SubjectUserName: DC01$
  - SubjectDomainName: LKCLAB
  - SubjectLogonId: 0x3e7
  - TargetUserSid: S-1-5-21-2887521831-3947415683-1267350263-500
  - TargetUserName: Administrator
  - TargetDomainName: LKCLAB
  - TargetLogonId: 0x7ff9b5
  - LogonType: 4
  - LogonProcessName: Advapi
  - AuthenticationPackageName: MICROSOFT_AUTHENTICATION_PACKAGE_V1_0
  - WorkstationName: DC01
  - LogonGuid: {00000000-0000-0000-0000-000000000000}
  - TransmittedServices: -
  - LmPackageName: -
  - KeyLength: 0
  - ProcessId: 0xc24
  - ProcessName: C:\Program Files\VMware\VMware Tools\vmtoolsd.exe
  - IpAddress: -
  - IpPort: -
  - ImpersonationLevel: %%1833
  - RestrictedAdminMode: -
  - TargetOutboundUserName: -
  - TargetOutboundDomainName: -
  - VirtualAccount: %%1843
  - TargetLinkedLogonId: 0x0
  - ElevatedToken: %%1842
---
Time: 2023-09-05T07:41:33Z
Event ID: 4672
Provider: Microsoft-Windows-Security-Auditing
Computer: DC01.lkclab.lab
Channel: Security
Event Data:
  - SubjectUserSid: S-1-5-21-2887521831-3947415683-1267350263-500
  - SubjectUserName: Administrator
  - SubjectDomainName: LKCLAB
  - SubjectLogonId: 0x7ff9b5
  - PrivilegeList: SeSecurityPrivilege, SeTakeOwnershipPrivilege, SeLoadDriverPrivilege, SeBackupPrivilege, SeRestorePrivilege, SeDebugPrivilege, SeSystemEnvironmentPrivilege, SeEnableDelegationPrivilege, SeImpersonatePrivilege, SeDelegateSessionUserImpersonatePrivilege
---
Time: 2023-09-05T07:41:33Z
Event ID: 4634
Provider: Microsoft-Windows-Security-Auditing
Computer: DC01.lkclab.lab
Channel: Security
Event Data:
  - TargetUserSid: S-1-5-21-2887521831-3947415683-1267350263-500
  - TargetUserName: Administrator
  - TargetDomainName: LKCLAB
  - TargetLogonId: 0x7ff9b5
  - LogonType: 4
---
Time: 2023-09-05T07:41:33Z
Event ID: 4776
Provider: Microsoft-Windows-Security-Auditing
Computer: DC01.lkclab.lab
Channel: Security
Event Data:
  - PackageName: MICROSOFT_AUTHENTICATION_PACKAGE_V1_0
  - TargetUserName: Administrator
  - Workstation: DC01
  - Status: 0x0
---
Time: 2023-09-05T07:41:33Z
Event ID: 4648
Provider: Microsoft-Windows-Security-Auditing
Computer: DC01.lkclab.lab
Channel: Security
Event Data:
  - SubjectUserSid: S-1-5-18
  - SubjectUserName: DC01$
  - SubjectDomainName: LKCLAB
  - SubjectLogonId: 0x3e7
  - LogonGuid: {00000000-0000-0000-0000-000000000000}
  - TargetUserName: Administrator
  - TargetDomainName: LKCLAB
  - TargetLogonGuid: {00000000-0000-0000-0000-000000000000}
  - TargetServerName: localhost
  - TargetInfo: localhost
  - ProcessId: 0xc24
  - ProcessName: C:\Program Files\VMware\VMware Tools\vmtoolsd.exe
  - IpAddress: -
  - IpPort: -
---
Time: 2023-09-05T07:41:33Z
Event ID: 4624
Provider: Microsoft-Windows-Security-Auditing
Computer: DC01.lkclab.lab
Channel: Security
Event Data:
  - SubjectUserSid: S-1-5-18
  - SubjectUserName: DC01$
  - SubjectDomainName: LKCLAB
  - SubjectLogonId: 0x3e7
  - TargetUserSid: S-1-5-21-2887521831-3947415683-1267350263-500
  - TargetUserName: Administrator
  - TargetDomainName: LKCLAB
  - TargetLogonId: 0x7ff9ef
  - LogonType: 4
  - LogonProcessName: Advapi
  - AuthenticationPackageName: MICROSOFT_AUTHENTICATION_PACKAGE_V1_0
  - WorkstationName: DC01
  - LogonGuid: {00000000-0000-0000-0000-000000000000}
  - TransmittedServices: -
  - LmPackageName: -
  - KeyLength: 0
  - ProcessId: 0xc24
  - ProcessName: C:\Program Files\VMware\VMware Tools\vmtoolsd.exe
  - IpAddress: -
  - IpPort: -
  - ImpersonationLevel: %%1833
  - RestrictedAdminMode: -
  - TargetOutboundUserName: -
  - TargetOutboundDomainName: -
  - VirtualAccount: %%1843
  - TargetLinkedLogonId: 0x0
  - ElevatedToken: %%1842
---
Time: 2023-09-05T07:41:33Z
Event ID: 4672
Provider: Microsoft-Windows-Security-Auditing
Computer: DC01.lkclab.lab
Channel: Security
Event Data:
  - SubjectUserSid: S-1-5-21-2887521831-3947415683-1267350263-500
  - SubjectUserName: Administrator
  - SubjectDomainName: LKCLAB
  - SubjectLogonId: 0x7ff9ef
  - PrivilegeList: SeSecurityPrivilege, SeTakeOwnershipPrivilege, SeLoadDriverPrivilege, SeBackupPrivilege, SeRestorePrivilege, SeDebugPrivilege, SeSystemEnvironmentPrivilege, SeEnableDelegationPrivilege, SeImpersonatePrivilege, SeDelegateSessionUserImpersonatePrivilege
---
Time: 2023-09-05T07:41:33Z
Event ID: 4634
Provider: Microsoft-Windows-Security-Auditing
Computer: DC01.lkclab.lab
Channel: Security
Event Data:
  - TargetUserSid: S-1-5-21-2887521831-3947415683-1267350263-500
  - TargetUserName: Administrator
  - TargetDomainName: LKCLAB
  - TargetLogonId: 0x7ff9ef
  - LogonType: 4
---
Time: 2023-09-05T07:41:33Z
Event ID: 4776
Provider: Microsoft-Windows-Security-Auditing
Computer: DC01.lkclab.lab
Channel: Security
Event Data:
  - PackageName: MICROSOFT_AUTHENTICATION_PACKAGE_V1_0
  - TargetUserName: Administrator
  - Workstation: DC01
  - Status: 0x0
---
Time: 2023-09-05T07:41:33Z
Event ID: 4648
Provider: Microsoft-Windows-Security-Auditing
Computer: DC01.lkclab.lab
Channel: Security
Event Data:
  - SubjectUserSid: S-1-5-18
  - SubjectUserName: DC01$
  - SubjectDomainName: LKCLAB
  - SubjectLogonId: 0x3e7
  - LogonGuid: {00000000-0000-0000-0000-000000000000}
  - TargetUserName: Administrator
  - TargetDomainName: LKCLAB
  - TargetLogonGuid: {00000000-0000-0000-0000-000000000000}
  - TargetServerName: localhost
  - TargetInfo: localhost
  - ProcessId: 0xc24
  - ProcessName: C:\Program Files\VMware\VMware Tools\vmtoolsd.exe
  - IpAddress: -
  - IpPort: -
---
Time: 2023-09-05T07:41:33Z
Event ID: 4776
Provider: Microsoft-Windows-Security-Auditing
Computer: DC01.lkclab.lab
Channel: Security
Event Data:
  - PackageName: MICROSOFT_AUTHENTICATION_PACKAGE_V1_0
  - TargetUserName: Administrator
  - Workstation: DC01
  - Status: 0x0
---
Time: 2023-09-05T07:41:33Z
Event ID: 4648
Provider: Microsoft-Windows-Security-Auditing
Computer: DC01.lkclab.lab
Channel: Security
Event Data:
  - SubjectUserSid: S-1-5-18
  - SubjectUserName: DC01$
  - SubjectDomainName: LKCLAB
  - SubjectLogonId: 0x3e7
  - LogonGuid: {00000000-0000-0000-0000-000000000000}
  - TargetUserName: Administrator
  - TargetDomainName: LKCLAB
  - TargetLogonGuid: {00000000-0000-0000-0000-000000000000}
  - TargetServerName: localhost
  - TargetInfo: localhost
  - ProcessId: 0xc24
  - ProcessName: C:\Program Files\VMware\VMware Tools\vmtoolsd.exe
  - IpAddress: -
  - IpPort: -
---
Time: 2023-09-05T07:41:33Z
Event ID: 4634
Provider: Microsoft-Windows-Security-Auditing
Computer: DC01.lkclab.lab
Channel: Security
Event Data:
  - TargetUserSid: S-1-5-21-2887521831-3947415683-1267350263-500
  - TargetUserName: Administrator
  - TargetDomainName: LKCLAB
  - TargetLogonId: 0x7ffc68
  - LogonType: 4
---
Time: 2023-09-05T07:41:33Z
Event ID: 4776
Provider: Microsoft-Windows-Security-Auditing
Computer: DC01.lkclab.lab
Channel: Security
Event Data:
  - PackageName: MICROSOFT_AUTHENTICATION_PACKAGE_V1_0
  - TargetUserName: Administrator
  - Workstation: DC01
  - Status: 0x0
---
Time: 2023-09-05T07:41:33Z
Event ID: 4648
Provider: Microsoft-Windows-Security-Auditing
Computer: DC01.lkclab.lab
Channel: Security
Event Data:
  - SubjectUserSid: S-1-5-18
  - SubjectUserName: DC01$
  - SubjectDomainName: LKCLAB
  - SubjectLogonId: 0x3e7
  - LogonGuid: {00000000-0000-0000-0000-000000000000}
  - TargetUserName: Administrator
  - TargetDomainName: LKCLAB
  - TargetLogonGuid: {00000000-0000-0000-0000-000000000000}
  - TargetServerName: localhost
  - TargetInfo: localhost
  - ProcessId: 0xc24
  - ProcessName: C:\Program Files\VMware\VMware Tools\vmtoolsd.exe
  - IpAddress: -
  - IpPort: -
---
Time: 2023-09-05T07:41:33Z
Event ID: 4624
Provider: Microsoft-Windows-Security-Auditing
Computer: DC01.lkclab.lab
Channel: Security
Event Data:
  - SubjectUserSid: S-1-5-18
  - SubjectUserName: DC01$
  - SubjectDomainName: LKCLAB
  - SubjectLogonId: 0x3e7
  - TargetUserSid: S-1-5-21-2887521831-3947415683-1267350263-500
  - TargetUserName: Administrator
  - TargetDomainName: LKCLAB
  - TargetLogonId: 0x7ffd26
  - LogonType: 4
  - LogonProcessName: Advapi
  - AuthenticationPackageName: MICROSOFT_AUTHENTICATION_PACKAGE_V1_0
  - WorkstationName: DC01
  - LogonGuid: {00000000-0000-0000-0000-000000000000}
  - TransmittedServices: -
  - LmPackageName: -
  - KeyLength: 0
  - ProcessId: 0xc24
  - ProcessName: C:\Program Files\VMware\VMware Tools\vmtoolsd.exe
  - IpAddress: -
  - IpPort: -
  - ImpersonationLevel: %%1833
  - RestrictedAdminMode: -
  - TargetOutboundUserName: -
  - TargetOutboundDomainName: -
  - VirtualAccount: %%1843
  - TargetLinkedLogonId: 0x0
  - ElevatedToken: %%1842
---
Time: 2023-09-05T07:41:33Z
Event ID: 4672
Provider: Microsoft-Windows-Security-Auditing
Computer: DC01.lkclab.lab
Channel: Security
Event Data:
  - SubjectUserSid: S-1-5-21-2887521831-3947415683-1267350263-500
  - SubjectUserName: Administrator
  - SubjectDomainName: LKCLAB
  - SubjectLogonId: 0x7ffd26
  - PrivilegeList: SeSecurityPrivilege, SeTakeOwnershipPrivilege, SeLoadDriverPrivilege, SeBackupPrivilege, SeRestorePrivilege, SeDebugPrivilege, SeSystemEnvironmentPrivilege, SeEnableDelegationPrivilege, SeImpersonatePrivilege, SeDelegateSessionUserImpersonatePrivilege
---
Time: 2023-09-05T07:41:33Z
Event ID: 4634
Provider: Microsoft-Windows-Security-Auditing
Computer: DC01.lkclab.lab
Channel: Security
Event Data:
  - TargetUserSid: S-1-5-21-2887521831-3947415683-1267350263-500
  - TargetUserName: Administrator
  - TargetDomainName: LKCLAB
  - TargetLogonId: 0x7ffd26
  - LogonType: 4
---
Time: 2023-09-05T07:41:33Z
Event ID: 4776
Provider: Microsoft-Windows-Security-Auditing
Computer: DC01.lkclab.lab
Channel: Security
Event Data:
  - PackageName: MICROSOFT_AUTHENTICATION_PACKAGE_V1_0
  - TargetUserName: Administrator
  - Workstation: DC01
  - Status: 0x0
---
Time: 2023-09-05T07:41:33Z
Event ID: 4648
Provider: Microsoft-Windows-Security-Auditing
Computer: DC01.lkclab.lab
Channel: Security
Event Data:
  - SubjectUserSid: S-1-5-18
  - SubjectUserName: DC01$
  - SubjectDomainName: LKCLAB
  - SubjectLogonId: 0x3e7
  - LogonGuid: {00000000-0000-0000-0000-000000000000}
  - TargetUserName: Administrator
  - TargetDomainName: LKCLAB
  - TargetLogonGuid: {00000000-0000-0000-0000-000000000000}
  - TargetServerName: localhost
  - TargetInfo: localhost
  - ProcessId: 0xc24
  - ProcessName: C:\Program Files\VMware\VMware Tools\vmtoolsd.exe
  - IpAddress: -
  - IpPort: -
---
Time: 2023-09-05T07:41:33Z
Event ID: 4624
Provider: Microsoft-Windows-Security-Auditing
Computer: DC01.lkclab.lab
Channel: Security
Event Data:
  - SubjectUserSid: S-1-5-18
  - SubjectUserName: DC01$
  - SubjectDomainName: LKCLAB
  - SubjectLogonId: 0x3e7
  - TargetUserSid: S-1-5-21-2887521831-3947415683-1267350263-500
  - TargetUserName: Administrator
  - TargetDomainName: LKCLAB
  - TargetLogonId: 0x7ffd60
  - LogonType: 4
  - LogonProcessName: Advapi
  - AuthenticationPackageName: MICROSOFT_AUTHENTICATION_PACKAGE_V1_0
  - WorkstationName: DC01
  - LogonGuid: {00000000-0000-0000-0000-000000000000}
  - TransmittedServices: -
  - LmPackageName: -
  - KeyLength: 0
  - ProcessId: 0xc24
  - ProcessName: C:\Program Files\VMware\VMware Tools\vmtoolsd.exe
  - IpAddress: -
  - IpPort: -
  - ImpersonationLevel: %%1833
  - RestrictedAdminMode: -
  - TargetOutboundUserName: -
  - TargetOutboundDomainName: -
  - VirtualAccount: %%1843
  - TargetLinkedLogonId: 0x0
  - ElevatedToken: %%1842
---
Time: 2023-09-05T07:41:33Z
Event ID: 4672
Provider: Microsoft-Windows-Security-Auditing
Computer: DC01.lkclab.lab
Channel: Security
Event Data:
  - SubjectUserSid: S-1-5-21-2887521831-3947415683-1267350263-500
  - SubjectUserName: Administrator
  - SubjectDomainName: LKCLAB
  - SubjectLogonId: 0x7ffd60
  - PrivilegeList: SeSecurityPrivilege, SeTakeOwnershipPrivilege, SeLoadDriverPrivilege, SeBackupPrivilege, SeRestorePrivilege, SeDebugPrivilege, SeSystemEnvironmentPrivilege, SeEnableDelegationPrivilege, SeImpersonatePrivilege, SeDelegateSessionUserImpersonatePrivilege
---
Time: 2023-09-05T07:41:33Z
Event ID: 4634
Provider: Microsoft-Windows-Security-Auditing
Computer: DC01.lkclab.lab
Channel: Security
Event Data:
  - TargetUserSid: S-1-5-21-2887521831-3947415683-1267350263-500
  - TargetUserName: Administrator
  - TargetDomainName: LKCLAB
  - TargetLogonId: 0x7ffd60
  - LogonType: 4
---
Time: 2023-09-05T07:41:33Z
Event ID: 4648
Provider: Microsoft-Windows-Security-Auditing
Computer: DC01.lkclab.lab
Channel: Security
Event Data:
  - SubjectUserSid: S-1-5-18
  - SubjectUserName: DC01$
  - SubjectDomainName: LKCLAB
  - SubjectLogonId: 0x3e7
  - LogonGuid: {00000000-0000-0000-0000-000000000000}
  - TargetUserName: Administrator
  - TargetDomainName: LKCLAB
  - TargetLogonGuid: {00000000-0000-0000-0000-000000000000}
  - TargetServerName: localhost
  - TargetInfo: localhost
  - ProcessId: 0xc24
  - ProcessName: C:\Program Files\VMware\VMware Tools\vmtoolsd.exe
  - IpAddress: -
  - IpPort: -
---
Time: 2023-09-05T07:41:33Z
Event ID: 4624
Provider: Microsoft-Windows-Security-Auditing
Computer: DC01.lkclab.lab
Channel: Security
Event Data:
  - SubjectUserSid: S-1-5-18
  - SubjectUserName: DC01$
  - SubjectDomainName: LKCLAB
  - SubjectLogonId: 0x3e7
  - TargetUserSid: S-1-5-21-2887521831-3947415683-1267350263-500
  - TargetUserName: Administrator
  - TargetDomainName: LKCLAB
  - TargetLogonId: 0x7ff460
  - LogonType: 4
  - LogonProcessName: Advapi
  - AuthenticationPackageName: MICROSOFT_AUTHENTICATION_PACKAGE_V1_0
  - WorkstationName: DC01
  - LogonGuid: {00000000-0000-0000-0000-000000000000}
  - TransmittedServices: -
  - LmPackageName: -
  - KeyLength: 0
  - ProcessId: 0xc24
  - ProcessName: C:\Program Files\VMware\VMware Tools\vmtoolsd.exe
  - IpAddress: -
  - IpPort: -
  - ImpersonationLevel: %%1833
  - RestrictedAdminMode: -
  - TargetOutboundUserName: -
  - TargetOutboundDomainName: -
  - VirtualAccount: %%1843
  - TargetLinkedLogonId: 0x0
  - ElevatedToken: %%1842
---
Time: 2023-09-05T07:41:33Z
Event ID: 4672
Provider: Microsoft-Windows-Security-Auditing
Computer: DC01.lkclab.lab
Channel: Security
Event Data:
  - SubjectUserSid: S-1-5-21-2887521831-3947415683-1267350263-500
  - SubjectUserName: Administrator
  - SubjectDomainName: LKCLAB
  - SubjectLogonId: 0x7ff460
  - PrivilegeList: SeSecurityPrivilege, SeTakeOwnershipPrivilege, SeLoadDriverPrivilege, SeBackupPrivilege, SeRestorePrivilege, SeDebugPrivilege, SeSystemEnvironmentPrivilege, SeEnableDelegationPrivilege, SeImpersonatePrivilege, SeDelegateSessionUserImpersonatePrivilege
---
Time: 2023-09-05T07:41:33Z
Event ID: 4634
Provider: Microsoft-Windows-Security-Auditing
Computer: DC01.lkclab.lab
Channel: Security
Event Data:
  - TargetUserSid: S-1-5-21-2887521831-3947415683-1267350263-500
  - TargetUserName: Administrator
  - TargetDomainName: LKCLAB
  - TargetLogonId: 0x7ff460
  - LogonType: 4
---
Time: 2023-09-05T07:41:36Z
Event ID: 1001
Provider: Windows Error Reporting
Computer: DC01.lkclab.lab
Channel: Application
Event Data:
  - ErrorCode: 
  - Stage: 0
  - FailureType: MoBEX
  - Reason: 無法使用
  - Retries: 0
  - OSVersion: Microsoft.Windows.ShellExperienceHost_10.0.17763.1_neutral_neutral_cw5n1h2txyewy
  - PackageName: praid:App
  - PackageVersion: 10.0.17763.1
  - Architecture: 5b9c8bd8
  - InstallContext: Windows.UI.ActionCenter.dll
  - ErrorHex: 10.0.17763.1
  - InstallSource: 5b9c576b
  - PackageState: 000000000008fbaf
  - ExpectedState: c0000409
  - InstallMethod: 0000000000000007
  - LogPaths: \\?\C:\ProgramData\Microsoft\Windows\WER\Temp\WER9642.tmp.dmp
\\?\C:\ProgramData\Microsoft\Windows\WER\Temp\WER99EC.tmp.WERInternalMetadata.xml
\\?\C:\ProgramData\Microsoft\Windows\WER\Temp\WER9A0C.tmp.xml
\\?\C:\ProgramData\Microsoft\Windows\WER\Temp\WER9A0C.tmp.csv
\\?\C:\ProgramData\Microsoft\Windows\WER\Temp\WER9A1D.tmp.txt
\\?\C:\Users\Administrator\AppData\Local\Temp\WERD960.tmp.appcompat.txt
\\?\C:\ProgramData\Microsoft\Windows\WER\ReportQueue\AppCrash_Microsoft.Window_63e2ac7d6a10cb587c4ddb08be4806b18f40_e15251e8_cab_09f0d95c\memory.hdmp
  - ReportPath: \\?\C:\ProgramData\Microsoft\Windows\WER\ReportQueue\AppCrash_Microsoft.Window_63e2ac7d6a10cb587c4ddb08be4806b18f40_e15251e8_cab_09f0d95c
  - Reserved1: 
  - RetryCount: 0
  - ReportId: 5e202482-fd51-4ab8-85a5-114d5e9f9d00
  - SomethingElse: 100
  - ExtraField: 
  - FinalField: 0
---
Time: 2023-09-05T07:41:39Z
Event ID: 4634
Provider: Microsoft-Windows-Security-Auditing
Computer: DC01.lkclab.lab
Channel: Security
Event Data:
  - TargetUserSid: S-1-5-21-2887521831-3947415683-1267350263-1113
  - TargetUserName: MAIL$
  - TargetDomainName: LKCLAB
  - TargetLogonId: 0x7fc0d8
  - LogonType: 3
---
Time: 2023-09-05T07:41:46Z
Event ID: 4672
Provider: Microsoft-Windows-Security-Auditing
Computer: DC01.lkclab.lab
Channel: Security
Event Data:
  - SubjectUserSid: S-1-5-18
  - SubjectUserName: DC01$
  - SubjectDomainName: LKCLAB
  - SubjectLogonId: 0x8014a5
  - PrivilegeList: SeSecurityPrivilege, SeBackupPrivilege, SeRestorePrivilege, SeTakeOwnershipPrivilege, SeDebugPrivilege, SeSystemEnvironmentPrivilege, SeLoadDriverPrivilege, SeImpersonatePrivilege, SeDelegateSessionUserImpersonatePrivilege, SeEnableDelegationPrivilege
---
Time: 2023-09-05T07:41:46Z
Event ID: 4634
Provider: Microsoft-Windows-Security-Auditing
Computer: DC01.lkclab.lab
Channel: Security
Event Data:
  - TargetUserSid: S-1-5-18
  - TargetUserName: DC01$
  - TargetDomainName: LKCLAB
  - TargetLogonId: 0x8014a5
  - LogonType: 3
---
Time: 2023-09-05T07:41:46Z
Event ID: 4624
Provider: Microsoft-Windows-Security-Auditing
Computer: DC01.lkclab.lab
Channel: Security
Event Data:
  - SubjectUserSid: S-1-0-0
  - SubjectUserName: -
  - SubjectDomainName: -
  - SubjectLogonId: 0x0
  - TargetUserSid: S-1-5-18
  - TargetUserName: DC01$
  - TargetDomainName: LKCLAB.LAB
  - TargetLogonId: 0x8014a5
  - LogonType: 3
  - LogonProcessName: Kerberos
  - AuthenticationPackageName: Kerberos
  - WorkstationName: -
  - LogonGuid: {38d81b03-c2c7-9a8d-062a-29ee21dfa1bf}
  - TransmittedServices: -
  - LmPackageName: -
  - KeyLength: 0
  - ProcessId: 0x0
  - ProcessName: -
  - IpAddress: ::1
  - IpPort: 52533
  - ImpersonationLevel: %%1833
  - RestrictedAdminMode: -
  - TargetOutboundUserName: -
  - TargetOutboundDomainName: -
  - VirtualAccount: %%1843
  - TargetLinkedLogonId: 0x0
  - ElevatedToken: %%1842
---
Time: 2023-09-05T07:42:11Z
Event ID: 4624
Provider: Microsoft-Windows-Security-Auditing
Computer: DC01.lkclab.lab
Channel: Security
Event Data:
  - SubjectUserSid: S-1-0-0
  - SubjectUserName: -
  - SubjectDomainName: -
  - SubjectLogonId: 0x0
  - TargetUserSid: S-1-5-21-2887521831-3947415683-1267350263-1105
  - TargetUserName: LEON-PC$
  - TargetDomainName: LKCLAB.LAB
  - TargetLogonId: 0x8021b0
  - LogonType: 3
  - LogonProcessName: Kerberos
  - AuthenticationPackageName: Kerberos
  - WorkstationName: -
  - LogonGuid: {a2488400-55ed-14e6-edc0-9b1f79e8d42f}
  - TransmittedServices: -
  - LmPackageName: -
  - KeyLength: 0
  - ProcessId: 0x0
  - ProcessName: -
  - IpAddress: 10.253.44.7
  - IpPort: 50671
  - ImpersonationLevel: %%1840
  - RestrictedAdminMode: -
  - TargetOutboundUserName: -
  - TargetOutboundDomainName: -
  - VirtualAccount: %%1843
  - TargetLinkedLogonId: 0x0
  - ElevatedToken: %%1842
---
Time: 2023-09-05T07:42:12Z
Event ID: 1000
Provider: VGAuth
Computer: DC01.lkclab.lab
Channel: Application
Event Data:
  - message: vmtoolsd: 已成功驗證「Administrator」的使用者名稱和密碼
---
Time: 2023-09-05T07:42:12Z
Event ID: 1000
Provider: VGAuth
Computer: DC01.lkclab.lab
Channel: Application
Event Data:
  - message: vmtoolsd: 已成功驗證「Administrator」的使用者名稱和密碼
---
Time: 2023-09-05T07:42:12Z
Event ID: 1000
Provider: VGAuth
Computer: DC01.lkclab.lab
Channel: Application
Event Data:
  - message: vmtoolsd: 已成功驗證「Administrator」的使用者名稱和密碼
---
Time: 2023-09-05T07:42:12Z
Event ID: 1000
Provider: VGAuth
Computer: DC01.lkclab.lab
Channel: Application
Event Data:
  - message: vmtoolsd: 已成功驗證「Administrator」的使用者名稱和密碼
---
Time: 2023-09-05T07:42:12Z
Event ID: 1000
Provider: VGAuth
Computer: DC01.lkclab.lab
Channel: Application
Event Data:
  - message: vmtoolsd: 已成功驗證「Administrator」的使用者名稱和密碼
---
Time: 2023-09-05T07:42:12Z
Event ID: 4776
Provider: Microsoft-Windows-Security-Auditing
Computer: DC01.lkclab.lab
Channel: Security
Event Data:
  - PackageName: MICROSOFT_AUTHENTICATION_PACKAGE_V1_0
  - TargetUserName: Administrator
  - Workstation: DC01
  - Status: 0x0
---
Time: 2023-09-05T07:42:12Z
Event ID: 4648
Provider: Microsoft-Windows-Security-Auditing
Computer: DC01.lkclab.lab
Channel: Security
Event Data:
  - SubjectUserSid: S-1-5-18
  - SubjectUserName: DC01$
  - SubjectDomainName: LKCLAB
  - SubjectLogonId: 0x3e7
  - LogonGuid: {00000000-0000-0000-0000-000000000000}
  - TargetUserName: Administrator
  - TargetDomainName: LKCLAB
  - TargetLogonGuid: {00000000-0000-0000-0000-000000000000}
  - TargetServerName: localhost
  - TargetInfo: localhost
  - ProcessId: 0xc24
  - ProcessName: C:\Program Files\VMware\VMware Tools\vmtoolsd.exe
  - IpAddress: -
  - IpPort: -
---
Time: 2023-09-05T07:42:12Z
Event ID: 4624
Provider: Microsoft-Windows-Security-Auditing
Computer: DC01.lkclab.lab
Channel: Security
Event Data:
  - SubjectUserSid: S-1-5-18
  - SubjectUserName: DC01$
  - SubjectDomainName: LKCLAB
  - SubjectLogonId: 0x3e7
  - TargetUserSid: S-1-5-21-2887521831-3947415683-1267350263-500
  - TargetUserName: Administrator
  - TargetDomainName: LKCLAB
  - TargetLogonId: 0x802248
  - LogonType: 4
  - LogonProcessName: Advapi
  - AuthenticationPackageName: MICROSOFT_AUTHENTICATION_PACKAGE_V1_0
  - WorkstationName: DC01
  - LogonGuid: {00000000-0000-0000-0000-000000000000}
  - TransmittedServices: -
  - LmPackageName: -
  - KeyLength: 0
  - ProcessId: 0xc24
  - ProcessName: C:\Program Files\VMware\VMware Tools\vmtoolsd.exe
  - IpAddress: -
  - IpPort: -
  - ImpersonationLevel: %%1833
  - RestrictedAdminMode: -
  - TargetOutboundUserName: -
  - TargetOutboundDomainName: -
  - VirtualAccount: %%1843
  - TargetLinkedLogonId: 0x0
  - ElevatedToken: %%1842
---
Time: 2023-09-05T07:42:12Z
Event ID: 4672
Provider: Microsoft-Windows-Security-Auditing
Computer: DC01.lkclab.lab
Channel: Security
Event Data:
  - SubjectUserSid: S-1-5-21-2887521831-3947415683-1267350263-500
  - SubjectUserName: Administrator
  - SubjectDomainName: LKCLAB
  - SubjectLogonId: 0x802248
  - PrivilegeList: SeSecurityPrivilege, SeTakeOwnershipPrivilege, SeLoadDriverPrivilege, SeBackupPrivilege, SeRestorePrivilege, SeDebugPrivilege, SeSystemEnvironmentPrivilege, SeEnableDelegationPrivilege, SeImpersonatePrivilege, SeDelegateSessionUserImpersonatePrivilege
---
Time: 2023-09-05T07:42:12Z
Event ID: 4634
Provider: Microsoft-Windows-Security-Auditing
Computer: DC01.lkclab.lab
Channel: Security
Event Data:
  - TargetUserSid: S-1-5-21-2887521831-3947415683-1267350263-500
  - TargetUserName: Administrator
  - TargetDomainName: LKCLAB
  - TargetLogonId: 0x802248
  - LogonType: 4
---
Time: 2023-09-05T07:42:12Z
Event ID: 4776
Provider: Microsoft-Windows-Security-Auditing
Computer: DC01.lkclab.lab
Channel: Security
Event Data:
  - PackageName: MICROSOFT_AUTHENTICATION_PACKAGE_V1_0
  - TargetUserName: Administrator
  - Workstation: DC01
  - Status: 0x0
---
Time: 2023-09-05T07:42:12Z
Event ID: 4776
Provider: Microsoft-Windows-Security-Auditing
Computer: DC01.lkclab.lab
Channel: Security
Event Data:
  - PackageName: MICROSOFT_AUTHENTICATION_PACKAGE_V1_0
  - TargetUserName: Administrator
  - Workstation: DC01
  - Status: 0x0
---
Time: 2023-09-05T07:42:12Z
Event ID: 4648
Provider: Microsoft-Windows-Security-Auditing
Computer: DC01.lkclab.lab
Channel: Security
Event Data:
  - SubjectUserSid: S-1-5-18
  - SubjectUserName: DC01$
  - SubjectDomainName: LKCLAB
  - SubjectLogonId: 0x3e7
  - LogonGuid: {00000000-0000-0000-0000-000000000000}
  - TargetUserName: Administrator
  - TargetDomainName: LKCLAB
  - TargetLogonGuid: {00000000-0000-0000-0000-000000000000}
  - TargetServerName: localhost
  - TargetInfo: localhost
  - ProcessId: 0xc24
  - ProcessName: C:\Program Files\VMware\VMware Tools\vmtoolsd.exe
  - IpAddress: -
  - IpPort: -
---
Time: 2023-09-05T07:42:12Z
Event ID: 4624
Provider: Microsoft-Windows-Security-Auditing
Computer: DC01.lkclab.lab
Channel: Security
Event Data:
  - SubjectUserSid: S-1-5-18
  - SubjectUserName: DC01$
  - SubjectDomainName: LKCLAB
  - SubjectLogonId: 0x3e7
  - TargetUserSid: S-1-5-21-2887521831-3947415683-1267350263-500
  - TargetUserName: Administrator
  - TargetDomainName: LKCLAB
  - TargetLogonId: 0x802a34
  - LogonType: 4
  - LogonProcessName: Advapi
  - AuthenticationPackageName: MICROSOFT_AUTHENTICATION_PACKAGE_V1_0
  - WorkstationName: DC01
  - LogonGuid: {00000000-0000-0000-0000-000000000000}
  - TransmittedServices: -
  - LmPackageName: -
  - KeyLength: 0
  - ProcessId: 0xc24
  - ProcessName: C:\Program Files\VMware\VMware Tools\vmtoolsd.exe
  - IpAddress: -
  - IpPort: -
  - ImpersonationLevel: %%1833
  - RestrictedAdminMode: -
  - TargetOutboundUserName: -
  - TargetOutboundDomainName: -
  - VirtualAccount: %%1843
  - TargetLinkedLogonId: 0x0
  - ElevatedToken: %%1842
---
Time: 2023-09-05T07:42:12Z
Event ID: 4672
Provider: Microsoft-Windows-Security-Auditing
Computer: DC01.lkclab.lab
Channel: Security
Event Data:
  - SubjectUserSid: S-1-5-21-2887521831-3947415683-1267350263-500
  - SubjectUserName: Administrator
  - SubjectDomainName: LKCLAB
  - SubjectLogonId: 0x802a34
  - PrivilegeList: SeSecurityPrivilege, SeTakeOwnershipPrivilege, SeLoadDriverPrivilege, SeBackupPrivilege, SeRestorePrivilege, SeDebugPrivilege, SeSystemEnvironmentPrivilege, SeEnableDelegationPrivilege, SeImpersonatePrivilege, SeDelegateSessionUserImpersonatePrivilege
---
Time: 2023-09-05T07:42:12Z
Event ID: 4776
Provider: Microsoft-Windows-Security-Auditing
Computer: DC01.lkclab.lab
Channel: Security
Event Data:
  - PackageName: MICROSOFT_AUTHENTICATION_PACKAGE_V1_0
  - TargetUserName: Administrator
  - Workstation: DC01
  - Status: 0x0
---
Time: 2023-09-05T07:42:12Z
Event ID: 4648
Provider: Microsoft-Windows-Security-Auditing
Computer: DC01.lkclab.lab
Channel: Security
Event Data:
  - SubjectUserSid: S-1-5-18
  - SubjectUserName: DC01$
  - SubjectDomainName: LKCLAB
  - SubjectLogonId: 0x3e7
  - LogonGuid: {00000000-0000-0000-0000-000000000000}
  - TargetUserName: Administrator
  - TargetDomainName: LKCLAB
  - TargetLogonGuid: {00000000-0000-0000-0000-000000000000}
  - TargetServerName: localhost
  - TargetInfo: localhost
  - ProcessId: 0xc24
  - ProcessName: C:\Program Files\VMware\VMware Tools\vmtoolsd.exe
  - IpAddress: -
  - IpPort: -
---
Time: 2023-09-05T07:42:12Z
Event ID: 4648
Provider: Microsoft-Windows-Security-Auditing
Computer: DC01.lkclab.lab
Channel: Security
Event Data:
  - SubjectUserSid: S-1-5-18
  - SubjectUserName: DC01$
  - SubjectDomainName: LKCLAB
  - SubjectLogonId: 0x3e7
  - LogonGuid: {00000000-0000-0000-0000-000000000000}
  - TargetUserName: Administrator
  - TargetDomainName: LKCLAB
  - TargetLogonGuid: {00000000-0000-0000-0000-000000000000}
  - TargetServerName: localhost
  - TargetInfo: localhost
  - ProcessId: 0xc24
  - ProcessName: C:\Program Files\VMware\VMware Tools\vmtoolsd.exe
  - IpAddress: -
  - IpPort: -
---
Time: 2023-09-05T07:42:12Z
Event ID: 4624
Provider: Microsoft-Windows-Security-Auditing
Computer: DC01.lkclab.lab
Channel: Security
Event Data:
  - SubjectUserSid: S-1-5-18
  - SubjectUserName: DC01$
  - SubjectDomainName: LKCLAB
  - SubjectLogonId: 0x3e7
  - TargetUserSid: S-1-5-21-2887521831-3947415683-1267350263-500
  - TargetUserName: Administrator
  - TargetDomainName: LKCLAB
  - TargetLogonId: 0x8025e0
  - LogonType: 4
  - LogonProcessName: Advapi
  - AuthenticationPackageName: MICROSOFT_AUTHENTICATION_PACKAGE_V1_0
  - WorkstationName: DC01
  - LogonGuid: {00000000-0000-0000-0000-000000000000}
  - TransmittedServices: -
  - LmPackageName: -
  - KeyLength: 0
  - ProcessId: 0xc24
  - ProcessName: C:\Program Files\VMware\VMware Tools\vmtoolsd.exe
  - IpAddress: -
  - IpPort: -
  - ImpersonationLevel: %%1833
  - RestrictedAdminMode: -
  - TargetOutboundUserName: -
  - TargetOutboundDomainName: -
  - VirtualAccount: %%1843
  - TargetLinkedLogonId: 0x0
  - ElevatedToken: %%1842
---
Time: 2023-09-05T07:42:12Z
Event ID: 4672
Provider: Microsoft-Windows-Security-Auditing
Computer: DC01.lkclab.lab
Channel: Security
Event Data:
  - SubjectUserSid: S-1-5-21-2887521831-3947415683-1267350263-500
  - SubjectUserName: Administrator
  - SubjectDomainName: LKCLAB
  - SubjectLogonId: 0x8025e0
  - PrivilegeList: SeSecurityPrivilege, SeTakeOwnershipPrivilege, SeLoadDriverPrivilege, SeBackupPrivilege, SeRestorePrivilege, SeDebugPrivilege, SeSystemEnvironmentPrivilege, SeEnableDelegationPrivilege, SeImpersonatePrivilege, SeDelegateSessionUserImpersonatePrivilege
---
Time: 2023-09-05T07:42:12Z
Event ID: 4634
Provider: Microsoft-Windows-Security-Auditing
Computer: DC01.lkclab.lab
Channel: Security
Event Data:
  - TargetUserSid: S-1-5-21-2887521831-3947415683-1267350263-500
  - TargetUserName: Administrator
  - TargetDomainName: LKCLAB
  - TargetLogonId: 0x8025e0
  - LogonType: 4
---
Time: 2023-09-05T07:42:12Z
Event ID: 4776
Provider: Microsoft-Windows-Security-Auditing
Computer: DC01.lkclab.lab
Channel: Security
Event Data:
  - PackageName: MICROSOFT_AUTHENTICATION_PACKAGE_V1_0
  - TargetUserName: Administrator
  - Workstation: DC01
  - Status: 0x0
---
Time: 2023-09-05T07:42:12Z
Event ID: 4648
Provider: Microsoft-Windows-Security-Auditing
Computer: DC01.lkclab.lab
Channel: Security
Event Data:
  - SubjectUserSid: S-1-5-18
  - SubjectUserName: DC01$
  - SubjectDomainName: LKCLAB
  - SubjectLogonId: 0x3e7
  - LogonGuid: {00000000-0000-0000-0000-000000000000}
  - TargetUserName: Administrator
  - TargetDomainName: LKCLAB
  - TargetLogonGuid: {00000000-0000-0000-0000-000000000000}
  - TargetServerName: localhost
  - TargetInfo: localhost
  - ProcessId: 0xc24
  - ProcessName: C:\Program Files\VMware\VMware Tools\vmtoolsd.exe
  - IpAddress: -
  - IpPort: -
---
Time: 2023-09-05T07:42:12Z
Event ID: 4624
Provider: Microsoft-Windows-Security-Auditing
Computer: DC01.lkclab.lab
Channel: Security
Event Data:
  - SubjectUserSid: S-1-5-18
  - SubjectUserName: DC01$
  - SubjectDomainName: LKCLAB
  - SubjectLogonId: 0x3e7
  - TargetUserSid: S-1-5-21-2887521831-3947415683-1267350263-500
  - TargetUserName: Administrator
  - TargetDomainName: LKCLAB
  - TargetLogonId: 0x80280a
  - LogonType: 4
  - LogonProcessName: Advapi
  - AuthenticationPackageName: MICROSOFT_AUTHENTICATION_PACKAGE_V1_0
  - WorkstationName: DC01
  - LogonGuid: {00000000-0000-0000-0000-000000000000}
  - TransmittedServices: -
  - LmPackageName: -
  - KeyLength: 0
  - ProcessId: 0xc24
  - ProcessName: C:\Program Files\VMware\VMware Tools\vmtoolsd.exe
  - IpAddress: -
  - IpPort: -
  - ImpersonationLevel: %%1833
  - RestrictedAdminMode: -
  - TargetOutboundUserName: -
  - TargetOutboundDomainName: -
  - VirtualAccount: %%1843
  - TargetLinkedLogonId: 0x0
  - ElevatedToken: %%1842
---
Time: 2023-09-05T07:42:12Z
Event ID: 4672
Provider: Microsoft-Windows-Security-Auditing
Computer: DC01.lkclab.lab
Channel: Security
Event Data:
  - SubjectUserSid: S-1-5-21-2887521831-3947415683-1267350263-500
  - SubjectUserName: Administrator
  - SubjectDomainName: LKCLAB
  - SubjectLogonId: 0x80280a
  - PrivilegeList: SeSecurityPrivilege, SeTakeOwnershipPrivilege, SeLoadDriverPrivilege, SeBackupPrivilege, SeRestorePrivilege, SeDebugPrivilege, SeSystemEnvironmentPrivilege, SeEnableDelegationPrivilege, SeImpersonatePrivilege, SeDelegateSessionUserImpersonatePrivilege
---
Time: 2023-09-05T07:42:12Z
Event ID: 4634
Provider: Microsoft-Windows-Security-Auditing
Computer: DC01.lkclab.lab
Channel: Security
Event Data:
  - TargetUserSid: S-1-5-21-2887521831-3947415683-1267350263-500
  - TargetUserName: Administrator
  - TargetDomainName: LKCLAB
  - TargetLogonId: 0x80280a
  - LogonType: 4
---
Time: 2023-09-05T07:42:12Z
Event ID: 4624
Provider: Microsoft-Windows-Security-Auditing
Computer: DC01.lkclab.lab
Channel: Security
Event Data:
  - SubjectUserSid: S-1-5-18
  - SubjectUserName: DC01$
  - SubjectDomainName: LKCLAB
  - SubjectLogonId: 0x3e7
  - TargetUserSid: S-1-5-21-2887521831-3947415683-1267350263-500
  - TargetUserName: Administrator
  - TargetDomainName: LKCLAB
  - TargetLogonId: 0x802e8f
  - LogonType: 4
  - LogonProcessName: Advapi
  - AuthenticationPackageName: MICROSOFT_AUTHENTICATION_PACKAGE_V1_0
  - WorkstationName: DC01
  - LogonGuid: {00000000-0000-0000-0000-000000000000}
  - TransmittedServices: -
  - LmPackageName: -
  - KeyLength: 0
  - ProcessId: 0xc24
  - ProcessName: C:\Program Files\VMware\VMware Tools\vmtoolsd.exe
  - IpAddress: -
  - IpPort: -
  - ImpersonationLevel: %%1833
  - RestrictedAdminMode: -
  - TargetOutboundUserName: -
  - TargetOutboundDomainName: -
  - VirtualAccount: %%1843
  - TargetLinkedLogonId: 0x0
  - ElevatedToken: %%1842
---
Time: 2023-09-05T07:42:12Z
Event ID: 4672
Provider: Microsoft-Windows-Security-Auditing
Computer: DC01.lkclab.lab
Channel: Security
Event Data:
  - SubjectUserSid: S-1-5-21-2887521831-3947415683-1267350263-500
  - SubjectUserName: Administrator
  - SubjectDomainName: LKCLAB
  - SubjectLogonId: 0x802e8f
  - PrivilegeList: SeSecurityPrivilege, SeTakeOwnershipPrivilege, SeLoadDriverPrivilege, SeBackupPrivilege, SeRestorePrivilege, SeDebugPrivilege, SeSystemEnvironmentPrivilege, SeEnableDelegationPrivilege, SeImpersonatePrivilege, SeDelegateSessionUserImpersonatePrivilege
---
Time: 2023-09-05T07:42:12Z
Event ID: 4634
Provider: Microsoft-Windows-Security-Auditing
Computer: DC01.lkclab.lab
Channel: Security
Event Data:
  - TargetUserSid: S-1-5-21-2887521831-3947415683-1267350263-500
  - TargetUserName: Administrator
  - TargetDomainName: LKCLAB
  - TargetLogonId: 0x802e8f
  - LogonType: 4
---
Time: 2023-09-05T07:42:12Z
Event ID: 4776
Provider: Microsoft-Windows-Security-Auditing
Computer: DC01.lkclab.lab
Channel: Security
Event Data:
  - PackageName: MICROSOFT_AUTHENTICATION_PACKAGE_V1_0
  - TargetUserName: HealthMailbox1458d2b01cab43eea84e4bec08616267@lkclab.lab
  - Workstation: MAIL
  - Status: 0x0
---
Time: 2023-09-05T07:42:12Z
Event ID: 4776
Provider: Microsoft-Windows-Security-Auditing
Computer: DC01.lkclab.lab
Channel: Security
Event Data:
  - PackageName: MICROSOFT_AUTHENTICATION_PACKAGE_V1_0
  - TargetUserName: HealthMailbox1458d2b01cab43eea84e4bec08616267@lkclab.lab
  - Workstation: MAIL
  - Status: 0x0
---
Time: 2023-09-05T07:42:12Z
Event ID: 4776
Provider: Microsoft-Windows-Security-Auditing
Computer: DC01.lkclab.lab
Channel: Security
Event Data:
  - PackageName: MICROSOFT_AUTHENTICATION_PACKAGE_V1_0
  - TargetUserName: HealthMailbox1458d2b01cab43eea84e4bec08616267@lkclab.lab
  - Workstation: MAIL
  - Status: 0x0
---
Time: 2023-09-05T07:42:13Z
Event ID: 1000
Provider: VGAuth
Computer: DC01.lkclab.lab
Channel: Application
Event Data:
  - message: vmtoolsd: 已成功驗證「Administrator」的使用者名稱和密碼
---
Time: 2023-09-05T07:42:13Z
Event ID: 4624
Provider: Microsoft-Windows-Security-Auditing
Computer: DC01.lkclab.lab
Channel: Security
Event Data:
  - SubjectUserSid: S-1-5-18
  - SubjectUserName: DC01$
  - SubjectDomainName: LKCLAB
  - SubjectLogonId: 0x3e7
  - TargetUserSid: S-1-5-21-2887521831-3947415683-1267350263-500
  - TargetUserName: Administrator
  - TargetDomainName: LKCLAB
  - TargetLogonId: 0x805732
  - LogonType: 4
  - LogonProcessName: Advapi
  - AuthenticationPackageName: MICROSOFT_AUTHENTICATION_PACKAGE_V1_0
  - WorkstationName: DC01
  - LogonGuid: {00000000-0000-0000-0000-000000000000}
  - TransmittedServices: -
  - LmPackageName: -
  - KeyLength: 0
  - ProcessId: 0xc24
  - ProcessName: C:\Program Files\VMware\VMware Tools\vmtoolsd.exe
  - IpAddress: -
  - IpPort: -
  - ImpersonationLevel: %%1833
  - RestrictedAdminMode: -
  - TargetOutboundUserName: -
  - TargetOutboundDomainName: -
  - VirtualAccount: %%1843
  - TargetLinkedLogonId: 0x0
  - ElevatedToken: %%1842
---
Time: 2023-09-05T07:42:13Z
Event ID: 4634
Provider: Microsoft-Windows-Security-Auditing
Computer: DC01.lkclab.lab
Channel: Security
Event Data:
  - TargetUserSid: S-1-5-21-2887521831-3947415683-1267350263-500
  - TargetUserName: Administrator
  - TargetDomainName: LKCLAB
  - TargetLogonId: 0x805732
  - LogonType: 4
---
Time: 2023-09-05T07:42:13Z
Event ID: 4648
Provider: Microsoft-Windows-Security-Auditing
Computer: DC01.lkclab.lab
Channel: Security
Event Data:
  - SubjectUserSid: S-1-5-18
  - SubjectUserName: DC01$
  - SubjectDomainName: LKCLAB
  - SubjectLogonId: 0x3e7
  - LogonGuid: {00000000-0000-0000-0000-000000000000}
  - TargetUserName: Administrator
  - TargetDomainName: LKCLAB
  - TargetLogonGuid: {00000000-0000-0000-0000-000000000000}
  - TargetServerName: localhost
  - TargetInfo: localhost
  - ProcessId: 0xc24
  - ProcessName: C:\Program Files\VMware\VMware Tools\vmtoolsd.exe
  - IpAddress: -
  - IpPort: -
---
Time: 2023-09-05T07:42:13Z
Event ID: 4776
Provider: Microsoft-Windows-Security-Auditing
Computer: DC01.lkclab.lab
Channel: Security
Event Data:
  - PackageName: MICROSOFT_AUTHENTICATION_PACKAGE_V1_0
  - TargetUserName: Administrator
  - Workstation: DC01
  - Status: 0x0
---
Time: 2023-09-05T07:42:13Z
Event ID: 4672
Provider: Microsoft-Windows-Security-Auditing
Computer: DC01.lkclab.lab
Channel: Security
Event Data:
  - SubjectUserSid: S-1-5-21-2887521831-3947415683-1267350263-500
  - SubjectUserName: Administrator
  - SubjectDomainName: LKCLAB
  - SubjectLogonId: 0x805732
  - PrivilegeList: SeSecurityPrivilege, SeTakeOwnershipPrivilege, SeLoadDriverPrivilege, SeBackupPrivilege, SeRestorePrivilege, SeDebugPrivilege, SeSystemEnvironmentPrivilege, SeEnableDelegationPrivilege, SeImpersonatePrivilege, SeDelegateSessionUserImpersonatePrivilege
---
Time: 2023-09-05T07:42:14Z
Event ID: 1000
Provider: VGAuth
Computer: DC01.lkclab.lab
Channel: Application
Event Data:
  - message: vmtoolsd: 已成功驗證「Administrator」的使用者名稱和密碼
---
Time: 2023-09-05T07:42:14Z
Event ID: 1000
Provider: VGAuth
Computer: DC01.lkclab.lab
Channel: Application
Event Data:
  - message: vmtoolsd: 已成功驗證「Administrator」的使用者名稱和密碼
---
Time: 2023-09-05T07:42:14Z
Event ID: 1000
Provider: VGAuth
Computer: DC01.lkclab.lab
Channel: Application
Event Data:
  - message: vmtoolsd: 已成功驗證「Administrator」的使用者名稱和密碼
---
Time: 2023-09-05T07:42:14Z
Event ID: 1000
Provider: VGAuth
Computer: DC01.lkclab.lab
Channel: Application
Event Data:
  - message: vmtoolsd: 已成功驗證「Administrator」的使用者名稱和密碼
---
Time: 2023-09-05T07:42:14Z
Event ID: 1000
Provider: VGAuth
Computer: DC01.lkclab.lab
Channel: Application
Event Data:
  - message: vmtoolsd: 已成功驗證「Administrator」的使用者名稱和密碼
---
Time: 2023-09-05T07:42:14Z
Event ID: 1000
Provider: VGAuth
Computer: DC01.lkclab.lab
Channel: Application
Event Data:
  - message: vmtoolsd: 已成功驗證「Administrator」的使用者名稱和密碼
---
Time: 2023-09-05T07:42:14Z
Event ID: 1000
Provider: VGAuth
Computer: DC01.lkclab.lab
Channel: Application
Event Data:
  - message: vmtoolsd: 已成功驗證「Administrator」的使用者名稱和密碼
---
Time: 2023-09-05T07:42:14Z
Event ID: 1000
Provider: VGAuth
Computer: DC01.lkclab.lab
Channel: Application
Event Data:
  - message: vmtoolsd: 已成功驗證「Administrator」的使用者名稱和密碼
---
Time: 2023-09-05T07:42:14Z
Event ID: 1000
Provider: VGAuth
Computer: DC01.lkclab.lab
Channel: Application
Event Data:
  - message: vmtoolsd: 已成功驗證「Administrator」的使用者名稱和密碼
---
Time: 2023-09-05T07:42:14Z
Event ID: 1000
Provider: VGAuth
Computer: DC01.lkclab.lab
Channel: Application
Event Data:
  - message: vmtoolsd: 已成功驗證「Administrator」的使用者名稱和密碼
---
Time: 2023-09-05T07:42:14Z
Event ID: 1000
Provider: VGAuth
Computer: DC01.lkclab.lab
Channel: Application
Event Data:
  - message: vmtoolsd: 已成功驗證「Administrator」的使用者名稱和密碼
---
