Time: 2023-09-05T07:33:27Z
Event ID: 4799
Provider: Microsoft-Windows-Security-Auditing
Computer: DC01.lkclab.lab
Channel: Security
Event Data:
  - TargetUserName: Administrators
  - TargetDomainName: Builtin
  - TargetSid: S-1-5-32-544
  - SubjectUserSid: S-1-5-18
  - SubjectUserName: DC01$
  - SubjectDomainName: LKCLAB
  - SubjectLogonId: 0x3e7
  - CallerProcessId: 0x798
  - CallerProcessName: C:\Windows\System32\VSSVC.exe
---
Time: 2023-09-05T07:33:27Z
Event ID: 4799
Provider: Microsoft-Windows-Security-Auditing
Computer: DC01.lkclab.lab
Channel: Security
Event Data:
  - TargetUserName: Backup Operators
  - TargetDomainName: Builtin
  - TargetSid: S-1-5-32-551
  - SubjectUserSid: S-1-5-18
  - SubjectUserName: DC01$
  - SubjectDomainName: LKCLAB
  - SubjectLogonId: 0x3e7
  - CallerProcessId: 0x798
  - CallerProcessName: C:\Windows\System32\VSSVC.exe
---
Time: 2023-09-05T07:33:27Z
Event ID: 4799
Provider: Microsoft-Windows-Security-Auditing
Computer: DC01.lkclab.lab
Channel: Security
Event Data:
  - TargetUserName: Backup Operators
  - TargetDomainName: Builtin
  - TargetSid: S-1-5-32-551
  - SubjectUserSid: S-1-5-18
  - SubjectUserName: DC01$
  - SubjectDomainName: LKCLAB
  - SubjectLogonId: 0x3e7
  - CallerProcessId: 0xadc
  - CallerProcessName: C:\Windows\System32\ntdsutil.exe
---
Time: 2023-09-05T07:33:27Z
Event ID: 4799
Provider: Microsoft-Windows-Security-Auditing
Computer: DC01.lkclab.lab
Channel: Security
Event Data:
  - TargetUserName: Administrators
  - TargetDomainName: Builtin
  - TargetSid: S-1-5-32-544
  - SubjectUserSid: S-1-5-18
  - SubjectUserName: DC01$
  - SubjectDomainName: LKCLAB
  - SubjectLogonId: 0x3e7
  - CallerProcessId: 0xadc
  - CallerProcessName: C:\Windows\System32\ntdsutil.exe
---
Time: 2023-09-05T07:33:27Z
Event ID: 4799
Provider: Microsoft-Windows-Security-Auditing
Computer: DC01.lkclab.lab
Channel: Security
Event Data:
  - TargetUserName: Administrators
  - TargetDomainName: Builtin
  - TargetSid: S-1-5-32-544
  - SubjectUserSid: S-1-5-18
  - SubjectUserName: DC01$
  - SubjectDomainName: LKCLAB
  - SubjectLogonId: 0x3e7
  - CallerProcessId: 0xadc
  - CallerProcessName: C:\Windows\System32\ntdsutil.exe
---
Time: 2023-09-05T07:33:27Z
Event ID: 4799
Provider: Microsoft-Windows-Security-Auditing
Computer: DC01.lkclab.lab
Channel: Security
Event Data:
  - TargetUserName: Backup Operators
  - TargetDomainName: Builtin
  - TargetSid: S-1-5-32-551
  - SubjectUserSid: S-1-5-18
  - SubjectUserName: DC01$
  - SubjectDomainName: LKCLAB
  - SubjectLogonId: 0x3e7
  - CallerProcessId: 0xadc
  - CallerProcessName: C:\Windows\System32\ntdsutil.exe
---
Time: 2023-09-05T07:33:27Z
Event ID: 4799
Provider: Microsoft-Windows-Security-Auditing
Computer: DC01.lkclab.lab
Channel: Security
Event Data:
  - TargetUserName: Administrators
  - TargetDomainName: Builtin
  - TargetSid: S-1-5-32-544
  - SubjectUserSid: S-1-5-18
  - SubjectUserName: DC01$
  - SubjectDomainName: LKCLAB
  - SubjectLogonId: 0x3e7
  - CallerProcessId: 0xadc
  - CallerProcessName: C:\Windows\System32\ntdsutil.exe
---
Time: 2023-09-05T07:33:27Z
Event ID: 4799
Provider: Microsoft-Windows-Security-Auditing
Computer: DC01.lkclab.lab
Channel: Security
Event Data:
  - TargetUserName: Administrators
  - TargetDomainName: Builtin
  - TargetSid: S-1-5-32-544
  - SubjectUserSid: S-1-5-18
  - SubjectUserName: DC01$
  - SubjectDomainName: LKCLAB
  - SubjectLogonId: 0x3e7
  - CallerProcessId: 0xadc
  - CallerProcessName: C:\Windows\System32\ntdsutil.exe
---
Time: 2023-09-05T07:33:27Z
Event ID: 4799
Provider: Microsoft-Windows-Security-Auditing
Computer: DC01.lkclab.lab
Channel: Security
Event Data:
  - TargetUserName: Administrators
  - TargetDomainName: Builtin
  - TargetSid: S-1-5-32-544
  - SubjectUserSid: S-1-5-18
  - SubjectUserName: DC01$
  - SubjectDomainName: LKCLAB
  - SubjectLogonId: 0x3e7
  - CallerProcessId: 0xadc
  - CallerProcessName: C:\Windows\System32\ntdsutil.exe
---
Time: 2023-09-05T07:33:27Z
Event ID: 4799
Provider: Microsoft-Windows-Security-Auditing
Computer: DC01.lkclab.lab
Channel: Security
Event Data:
  - TargetUserName: Administrators
  - TargetDomainName: Builtin
  - TargetSid: S-1-5-32-544
  - SubjectUserSid: S-1-5-18
  - SubjectUserName: DC01$
  - SubjectDomainName: LKCLAB
  - SubjectLogonId: 0x3e7
  - CallerProcessId: 0xadc
  - CallerProcessName: C:\Windows\System32\ntdsutil.exe
---
Time: 2023-09-05T07:33:27Z
Event ID: 4799
Provider: Microsoft-Windows-Security-Auditing
Computer: DC01.lkclab.lab
Channel: Security
Event Data:
  - TargetUserName: Administrators
  - TargetDomainName: Builtin
  - TargetSid: S-1-5-32-544
  - SubjectUserSid: S-1-5-18
  - SubjectUserName: DC01$
  - SubjectDomainName: LKCLAB
  - SubjectLogonId: 0x3e7
  - CallerProcessId: 0xadc
  - CallerProcessName: C:\Windows\System32\ntdsutil.exe
---
Time: 2023-09-05T07:33:27Z
Event ID: 4799
Provider: Microsoft-Windows-Security-Auditing
Computer: DC01.lkclab.lab
Channel: Security
Event Data:
  - TargetUserName: Administrators
  - TargetDomainName: Builtin
  - TargetSid: S-1-5-32-544
  - SubjectUserSid: S-1-5-18
  - SubjectUserName: DC01$
  - SubjectDomainName: LKCLAB
  - SubjectLogonId: 0x3e7
  - CallerProcessId: 0xadc
  - CallerProcessName: C:\Windows\System32\ntdsutil.exe
---
Time: 2023-09-05T07:33:27Z
Event ID: 4799
Provider: Microsoft-Windows-Security-Auditing
Computer: DC01.lkclab.lab
Channel: Security
Event Data:
  - TargetUserName: Backup Operators
  - TargetDomainName: Builtin
  - TargetSid: S-1-5-32-551
  - SubjectUserSid: S-1-5-18
  - SubjectUserName: DC01$
  - SubjectDomainName: LKCLAB
  - SubjectLogonId: 0x3e7
  - CallerProcessId: 0xadc
  - CallerProcessName: C:\Windows\System32\ntdsutil.exe
---
Time: 2023-09-05T07:33:27Z
Event ID: 4799
Provider: Microsoft-Windows-Security-Auditing
Computer: DC01.lkclab.lab
Channel: Security
Event Data:
  - TargetUserName: Backup Operators
  - TargetDomainName: Builtin
  - TargetSid: S-1-5-32-551
  - SubjectUserSid: S-1-5-18
  - SubjectUserName: DC01$
  - SubjectDomainName: LKCLAB
  - SubjectLogonId: 0x3e7
  - CallerProcessId: 0xadc
  - CallerProcessName: C:\Windows\System32\ntdsutil.exe
---
Time: 2023-09-05T07:33:27Z
Event ID: 4799
Provider: Microsoft-Windows-Security-Auditing
Computer: DC01.lkclab.lab
Channel: Security
Event Data:
  - TargetUserName: Backup Operators
  - TargetDomainName: Builtin
  - TargetSid: S-1-5-32-551
  - SubjectUserSid: S-1-5-18
  - SubjectUserName: DC01$
  - SubjectDomainName: LKCLAB
  - SubjectLogonId: 0x3e7
  - CallerProcessId: 0x798
  - CallerProcessName: C:\Windows\System32\VSSVC.exe
---
Time: 2023-09-05T07:33:27Z
Event ID: 4799
Provider: Microsoft-Windows-Security-Auditing
Computer: DC01.lkclab.lab
Channel: Security
Event Data:
  - TargetUserName: Administrators
  - TargetDomainName: Builtin
  - TargetSid: S-1-5-32-544
  - SubjectUserSid: S-1-5-18
  - SubjectUserName: DC01$
  - SubjectDomainName: LKCLAB
  - SubjectLogonId: 0x3e7
  - CallerProcessId: 0xadc
  - CallerProcessName: C:\Windows\System32\ntdsutil.exe
---
Time: 2023-09-05T07:33:27Z
Event ID: 4799
Provider: Microsoft-Windows-Security-Auditing
Computer: DC01.lkclab.lab
Channel: Security
Event Data:
  - TargetUserName: Administrators
  - TargetDomainName: Builtin
  - TargetSid: S-1-5-32-544
  - SubjectUserSid: S-1-5-18
  - SubjectUserName: DC01$
  - SubjectDomainName: LKCLAB
  - SubjectLogonId: 0x3e7
  - CallerProcessId: 0xadc
  - CallerProcessName: C:\Windows\System32\ntdsutil.exe
---
Time: 2023-09-05T07:33:27Z
Event ID: 4799
Provider: Microsoft-Windows-Security-Auditing
Computer: DC01.lkclab.lab
Channel: Security
Event Data:
  - TargetUserName: Backup Operators
  - TargetDomainName: Builtin
  - TargetSid: S-1-5-32-551
  - SubjectUserSid: S-1-5-18
  - SubjectUserName: DC01$
  - SubjectDomainName: LKCLAB
  - SubjectLogonId: 0x3e7
  - CallerProcessId: 0xadc
  - CallerProcessName: C:\Windows\System32\ntdsutil.exe
---
Time: 2023-09-05T07:33:27Z
Event ID: 4799
Provider: Microsoft-Windows-Security-Auditing
Computer: DC01.lkclab.lab
Channel: Security
Event Data:
  - TargetUserName: Administrators
  - TargetDomainName: Builtin
  - TargetSid: S-1-5-32-544
  - SubjectUserSid: S-1-5-18
  - SubjectUserName: DC01$
  - SubjectDomainName: LKCLAB
  - SubjectLogonId: 0x3e7
  - CallerProcessId: 0xadc
  - CallerProcessName: C:\Windows\System32\ntdsutil.exe
---
Time: 2023-09-05T07:33:28Z
Event ID: 102
Provider: ESENT
Computer: DC01.lkclab.lab
Channel: Application
Event Data:
  - data: lsass, 848,P,98, , 1, 10, 00, 17763, 0000
---
Time: 2023-09-05T07:33:28Z
Event ID: 300
Provider: ESENT
Computer: DC01.lkclab.lab
Channel: Application
Event Data:
  - data: lsass, 848,R,98, 
---
Time: 2023-09-05T07:33:28Z
Event ID: 216
Provider: ESENT
Computer: DC01.lkclab.lab
Channel: Application
Event Data:
  - data: lsass, 848,R,98, , C:\WINDOWS\NTDS\ntds.dit, \\?\GLOBALROOT\Device\HarddiskVolumeShadowCopy1\WINDOWS\NTDS\ntds.dit
---
Time: 2023-09-05T07:33:28Z
Event ID: 216
Provider: ESENT
Computer: DC01.lkclab.lab
Channel: Application
Event Data:
  - data: lsass, 848,R,98, , C:\WINDOWS\NTDS\ntds.dit, \\?\GLOBALROOT\Device\HarddiskVolumeShadowCopy1\WINDOWS\NTDS\ntds.dit
---
Time: 2023-09-05T07:33:28Z
Event ID: 216
Provider: ESENT
Computer: DC01.lkclab.lab
Channel: Application
Event Data:
  - data: lsass, 848,R,98, , C:\WINDOWS\NTDS\ntds.dit, \\?\GLOBALROOT\Device\HarddiskVolumeShadowCopy1\WINDOWS\NTDS\ntds.dit
---
Time: 2023-09-05T07:33:28Z
Event ID: 216
Provider: ESENT
Computer: DC01.lkclab.lab
Channel: Application
Event Data:
  - data: lsass, 848,R,98, , C:\WINDOWS\NTDS\ntds.dit, \\?\GLOBALROOT\Device\HarddiskVolumeShadowCopy1\WINDOWS\NTDS\ntds.dit
---
Time: 2023-09-05T07:33:28Z
Event ID: 216
Provider: ESENT
Computer: DC01.lkclab.lab
Channel: Application
Event Data:
  - data: lsass, 848,R,98, , C:\WINDOWS\NTDS\ntds.dit, \\?\GLOBALROOT\Device\HarddiskVolumeShadowCopy1\WINDOWS\NTDS\ntds.dit
---
Time: 2023-09-05T07:33:28Z
Event ID: 216
Provider: ESENT
Computer: DC01.lkclab.lab
Channel: Application
Event Data:
  - data: lsass, 848,R,98, , C:\WINDOWS\NTDS\ntds.dit, \\?\GLOBALROOT\Device\HarddiskVolumeShadowCopy1\WINDOWS\NTDS\ntds.dit
---
Time: 2023-09-05T07:33:28Z
Event ID: 216
Provider: ESENT
Computer: DC01.lkclab.lab
Channel: Application
Event Data:
  - data: lsass, 848,R,98, , C:\WINDOWS\NTDS\ntds.dit, \\?\GLOBALROOT\Device\HarddiskVolumeShadowCopy1\WINDOWS\NTDS\ntds.dit
---
Time: 2023-09-05T07:33:28Z
Event ID: 216
Provider: ESENT
Computer: DC01.lkclab.lab
Channel: Application
Event Data:
  - data: lsass, 848,R,98, , C:\WINDOWS\NTDS\ntds.dit, \\?\GLOBALROOT\Device\HarddiskVolumeShadowCopy1\WINDOWS\NTDS\ntds.dit
---
Time: 2023-09-05T07:33:28Z
Event ID: 216
Provider: ESENT
Computer: DC01.lkclab.lab
Channel: Application
Event Data:
  - data: lsass, 848,R,98, , C:\WINDOWS\NTDS\ntds.dit, \\?\GLOBALROOT\Device\HarddiskVolumeShadowCopy1\WINDOWS\NTDS\ntds.dit
---
Time: 2023-09-05T07:33:28Z
Event ID: 216
Provider: ESENT
Computer: DC01.lkclab.lab
Channel: Application
Event Data:
  - data: lsass, 848,R,98, , C:\WINDOWS\NTDS\ntds.dit, \\?\GLOBALROOT\Device\HarddiskVolumeShadowCopy1\WINDOWS\NTDS\ntds.dit
---
Time: 2023-09-05T07:33:28Z
Event ID: 301
Provider: ESENT
Computer: DC01.lkclab.lab
Channel: Application
Event Data:
  - data: lsass, 848,R,98, , \\?\GLOBALROOT\Device\HarddiskVolumeShadowCopy1\WINDOWS\NTDS\edb00009.log, [1] 0.129276 -0.019080 (47) CM -0.061260 (102) WT +J(CM:47, PgRf:1185, Rd:0/47, Dy:46/2428, Lg:10331026/74104) +M(C:0K, Fs:350, WS:684K # 616K, PF:604K # 0K, P:604K)., Insert, 12547
---
Time: 2023-09-05T07:33:28Z
Event ID: 301
Provider: ESENT
Computer: DC01.lkclab.lab
Channel: Application
Event Data:
  - data: lsass, 848,R,98, , \\?\GLOBALROOT\Device\HarddiskVolumeShadowCopy1\WINDOWS\NTDS\edb.log, [1] 0.009187 -0.002255 (6) CM -0.002851 (8) WT +J(CM:6, PgRf:1383, Rd:32/1, Dy:53/2924, Lg:770147/3543) +M(C:0K, Fs:103, WS:328K # 328K, PF:72K # 0K, P:72K)., Commit0, 635
---
Time: 2023-09-05T07:33:28Z
Event ID: 302
Provider: ESENT
Computer: DC01.lkclab.lab
Channel: Application
Event Data:
  - data: lsass, 848,U,98, 
---
Time: 2023-09-05T07:33:28Z
Event ID: 105
Provider: ESENT
Computer: DC01.lkclab.lab
Channel: Application
Event Data:
  - data: lsass, 848,D,0, , 1, 0, [1] -
[2] -
[3] 0.000011 +J(0)
[4] 0.001830 -0.000495 (1) WT +J(0) +M(C:0K, Fs:24, WS:24K # 64K, PF:76K # 0K, P:76K)
[5] 0.000007 +J(0)
[6] 0.001783 +J(0) +M(C:0K, Fs:1, WS:4K # 0K, PF:12K # 0K, P:12K)
[7] 0.049958 -0.039072 (41) WT +J(0) +M(C:0K, Fs:2566, WS:10240K # 10180K, PF:10264K # 0K, P:10264K)
[8] 0.134578 -0.019080 (47) CM -0.000011 (4) CB -0.062930 (106) WT +J(CM:47, PgRf:1185, Rd:0/47, Dy:46/2428, Lg:10331026/74104) +M(C:0K, Fs:489, WS:1160K # 1160K, PF:984K # 0K, P:984K)
[9] 0.033619 -0.002255 (6) CM -0.000001 (3) CB -0.020866 (54) WT +J(CM:6, PgRf:1383, Rd:52/1, Dy:53/2924, Lg:770147/3543) +M(C:0K, Fs:155, WS:524K # 524K, PF:72K # 0K, P:72K) + 1 lgens
[10] 0.021853 -0.000000 (1) CB -0.017311 (40) WT +J(0) +M(C:0K, Fs:0, WS:-10236K # 0K, PF:-10260K # 0K, P:-10260K)
[11] 0.000097 +J(CM:0, PgRf:0, Rd:0/0, Dy:0/0, Lg:49/1) +M(C:0K, Fs:1, WS:4K # 0K, PF:0K # 0K, P:0K)
[12] 0.011524 -0.009118 (3) WT +J(0) +M(C:-136K, Fs:1, WS:-132K # 0K, PF:-136K # 0K, P:-136K)
[13] 0.051120 -0.000455 (2) CM -0.000000 (2) CB -0.035495 (63) WT +J(CM:2, PgRf:2, Rd:0/2, Dy:0/0, Lg:8759/5) +M(C:-8K, Fs:2581, WS:-28K # 0K, PF:-44K # 0K, P:-44K)
[14] 0.000020 +J(0)
[15] 0.000011 +J(0)
[16] 0.000403 -0.000294 (1) WT +J(0) +M(C:0K, Fs:2, WS:0K # 0K, PF:0K # 0K, P:0K)., lgposV2[] = 00000009:0941:0000 - 00000009:09FE:0C84 - 0000000A:00BF:0000 - 0000000A:00BF:0000 (00000000:0000:0000)
cReInits = 9
---
Time: 2023-09-05T07:33:28Z
Event ID: 103
Provider: ESENT
Computer: DC01.lkclab.lab
Channel: Application
Event Data:
  - data: lsass, 848,T,97, , 1, [1] 0.000002 +J(0)
[2] 0.000004 +J(0)
[3] 0.000001 +J(0)
[4] 0.000001 +J(0)
[5] 0.001192 -0.000180 (2) WT +J(0) +M(C:0K, Fs:1, WS:0K # 0K, PF:0K # 0K, P:0K)
[6] 0.000006 +J(0)
[7] 0.000005 +J(0)
[8] 0.001927 -0.000555 (3) WT +J(CM:0, PgRf:0, Rd:0/0, Dy:0/0, Lg:3480/2) +M(C:0K, Fs:1, WS:0K # 0K, PF:0K # 0K, P:0K)
[9] 0.000545 -0.000370 (1) WT +J(CM:0, PgRf:0, Rd:0/0, Dy:0/0, Lg:66/1) +M(C:0K, Fs:1, WS:4K # 0K, PF:20K # 0K, P:20K)
[10] 0.000005 +J(0)
[11] 0.000718 -0.000240 (2) WT +J(0)
[12] 0.000039 +J(0) +M(C:0K, Fs:0, WS:-4K # 0K, PF:-4K # 0K, P:-4K)
[13] 0.000032 +J(0)
[14] 0.000011 +J(0) +M(C:0K, Fs:0, WS:-16K # 0K, PF:-32K # 0K, P:-32K)
[15] 0.000001 +J(0)., 0
---
Time: 2023-09-05T07:33:28Z
Event ID: 4799
Provider: Microsoft-Windows-Security-Auditing
Computer: DC01.lkclab.lab
Channel: Security
Event Data:
  - TargetUserName: Backup Operators
  - TargetDomainName: Builtin
  - TargetSid: S-1-5-32-551
  - SubjectUserSid: S-1-5-18
  - SubjectUserName: DC01$
  - SubjectDomainName: LKCLAB
  - SubjectLogonId: 0x3e7
  - CallerProcessId: 0x798
  - CallerProcessName: C:\Windows\System32\VSSVC.exe
---
Time: 2023-09-05T07:33:28Z
Event ID: 4799
Provider: Microsoft-Windows-Security-Auditing
Computer: DC01.lkclab.lab
Channel: Security
Event Data:
  - TargetUserName: Administrators
  - TargetDomainName: Builtin
  - TargetSid: S-1-5-32-544
  - SubjectUserSid: S-1-5-18
  - SubjectUserName: DC01$
  - SubjectDomainName: LKCLAB
  - SubjectLogonId: 0x3e7
  - CallerProcessId: 0xadc
  - CallerProcessName: C:\Windows\System32\ntdsutil.exe
---
Time: 2023-09-05T07:33:28Z
Event ID: 4799
Provider: Microsoft-Windows-Security-Auditing
Computer: DC01.lkclab.lab
Channel: Security
Event Data:
  - TargetUserName: Backup Operators
  - TargetDomainName: Builtin
  - TargetSid: S-1-5-32-551
  - SubjectUserSid: S-1-5-18
  - SubjectUserName: DC01$
  - SubjectDomainName: LKCLAB
  - SubjectLogonId: 0x3e7
  - CallerProcessId: 0xadc
  - CallerProcessName: C:\Windows\System32\ntdsutil.exe
---
Time: 2023-09-05T07:33:28Z
Event ID: 4799
Provider: Microsoft-Windows-Security-Auditing
Computer: DC01.lkclab.lab
Channel: Security
Event Data:
  - TargetUserName: Backup Operators
  - TargetDomainName: Builtin
  - TargetSid: S-1-5-32-551
  - SubjectUserSid: S-1-5-18
  - SubjectUserName: DC01$
  - SubjectDomainName: LKCLAB
  - SubjectLogonId: 0x3e7
  - CallerProcessId: 0xadc
  - CallerProcessName: C:\Windows\System32\ntdsutil.exe
---
Time: 2023-09-05T07:33:28Z
Event ID: 4799
Provider: Microsoft-Windows-Security-Auditing
Computer: DC01.lkclab.lab
Channel: Security
Event Data:
  - TargetUserName: Administrators
  - TargetDomainName: Builtin
  - TargetSid: S-1-5-32-544
  - SubjectUserSid: S-1-5-18
  - SubjectUserName: DC01$
  - SubjectDomainName: LKCLAB
  - SubjectLogonId: 0x3e7
  - CallerProcessId: 0x798
  - CallerProcessName: C:\Windows\System32\VSSVC.exe
---
Time: 2023-09-05T07:33:28Z
Event ID: 4799
Provider: Microsoft-Windows-Security-Auditing
Computer: DC01.lkclab.lab
Channel: Security
Event Data:
  - TargetUserName: Backup Operators
  - TargetDomainName: Builtin
  - TargetSid: S-1-5-32-551
  - SubjectUserSid: S-1-5-18
  - SubjectUserName: DC01$
  - SubjectDomainName: LKCLAB
  - SubjectLogonId: 0x3e7
  - CallerProcessId: 0x798
  - CallerProcessName: C:\Windows\System32\VSSVC.exe
---
Time: 2023-09-05T07:33:28Z
Event ID: 4799
Provider: Microsoft-Windows-Security-Auditing
Computer: DC01.lkclab.lab
Channel: Security
Event Data:
  - TargetUserName: Backup Operators
  - TargetDomainName: Builtin
  - TargetSid: S-1-5-32-551
  - SubjectUserSid: S-1-5-18
  - SubjectUserName: DC01$
  - SubjectDomainName: LKCLAB
  - SubjectLogonId: 0x3e7
  - CallerProcessId: 0x798
  - CallerProcessName: C:\Windows\System32\VSSVC.exe
---
Time: 2023-09-05T07:33:28Z
Event ID: 4799
Provider: Microsoft-Windows-Security-Auditing
Computer: DC01.lkclab.lab
Channel: Security
Event Data:
  - TargetUserName: Backup Operators
  - TargetDomainName: Builtin
  - TargetSid: S-1-5-32-551
  - SubjectUserSid: S-1-5-18
  - SubjectUserName: DC01$
  - SubjectDomainName: LKCLAB
  - SubjectLogonId: 0x3e7
  - CallerProcessId: 0x798
  - CallerProcessName: C:\Windows\System32\VSSVC.exe
---
Time: 2023-09-05T07:33:28Z
Event ID: 4799
Provider: Microsoft-Windows-Security-Auditing
Computer: DC01.lkclab.lab
Channel: Security
Event Data:
  - TargetUserName: Backup Operators
  - TargetDomainName: Builtin
  - TargetSid: S-1-5-32-551
  - SubjectUserSid: S-1-5-18
  - SubjectUserName: DC01$
  - SubjectDomainName: LKCLAB
  - SubjectLogonId: 0x3e7
  - CallerProcessId: 0x798
  - CallerProcessName: C:\Windows\System32\VSSVC.exe
---
Time: 2023-09-05T07:33:28Z
Event ID: 4904
Provider: Microsoft-Windows-Security-Auditing
Computer: DC01.lkclab.lab
Channel: Security
Event Data:
  - SubjectUserSid: S-1-5-18
  - SubjectUserName: DC01$
  - SubjectDomainName: LKCLAB
  - SubjectLogonId: 0x3e7
  - AuditSourceName: VSSAudit
  - EventSourceId: 0x7bc4a6
  - ProcessId: 0x798
  - ProcessName: C:\Windows\System32\VSSVC.exe
---
Time: 2023-09-05T07:33:28Z
Event ID: 4905
Provider: Microsoft-Windows-Security-Auditing
Computer: DC01.lkclab.lab
Channel: Security
Event Data:
  - SubjectUserSid: S-1-5-18
  - SubjectUserName: DC01$
  - SubjectDomainName: LKCLAB
  - SubjectLogonId: 0x3e7
  - AuditSourceName: VSSAudit
  - EventSourceId: 0x7bc4a6
  - ProcessId: 0x798
  - ProcessName: C:\Windows\System32\VSSVC.exe
---
Time: 2023-09-05T07:33:28Z
Event ID: 4799
Provider: Microsoft-Windows-Security-Auditing
Computer: DC01.lkclab.lab
Channel: Security
Event Data:
  - TargetUserName: Administrators
  - TargetDomainName: Builtin
  - TargetSid: S-1-5-32-544
  - SubjectUserSid: S-1-5-18
  - SubjectUserName: DC01$
  - SubjectDomainName: LKCLAB
  - SubjectLogonId: 0x3e7
  - CallerProcessId: 0xadc
  - CallerProcessName: C:\Windows\System32\ntdsutil.exe
---
Time: 2023-09-05T07:33:28Z
Event ID: 4799
Provider: Microsoft-Windows-Security-Auditing
Computer: DC01.lkclab.lab
Channel: Security
Event Data:
  - TargetUserName: Backup Operators
  - TargetDomainName: Builtin
  - TargetSid: S-1-5-32-551
  - SubjectUserSid: S-1-5-18
  - SubjectUserName: DC01$
  - SubjectDomainName: LKCLAB
  - SubjectLogonId: 0x3e7
  - CallerProcessId: 0xadc
  - CallerProcessName: C:\Windows\System32\ntdsutil.exe
---
Time: 2023-09-05T07:33:28Z
Event ID: 4799
Provider: Microsoft-Windows-Security-Auditing
Computer: DC01.lkclab.lab
Channel: Security
Event Data:
  - TargetUserName: Administrators
  - TargetDomainName: Builtin
  - TargetSid: S-1-5-32-544
  - SubjectUserSid: S-1-5-18
  - SubjectUserName: DC01$
  - SubjectDomainName: LKCLAB
  - SubjectLogonId: 0x3e7
  - CallerProcessId: 0xadc
  - CallerProcessName: C:\Windows\System32\ntdsutil.exe
---
Time: 2023-09-05T07:33:28Z
Event ID: 4799
Provider: Microsoft-Windows-Security-Auditing
Computer: DC01.lkclab.lab
Channel: Security
Event Data:
  - TargetUserName: Backup Operators
  - TargetDomainName: Builtin
  - TargetSid: S-1-5-32-551
  - SubjectUserSid: S-1-5-18
  - SubjectUserName: DC01$
  - SubjectDomainName: LKCLAB
  - SubjectLogonId: 0x3e7
  - CallerProcessId: 0xadc
  - CallerProcessName: C:\Windows\System32\ntdsutil.exe
---
Time: 2023-09-05T07:33:28Z
Event ID: 4799
Provider: Microsoft-Windows-Security-Auditing
Computer: DC01.lkclab.lab
Channel: Security
Event Data:
  - TargetUserName: Administrators
  - TargetDomainName: Builtin
  - TargetSid: S-1-5-32-544
  - SubjectUserSid: S-1-5-18
  - SubjectUserName: DC01$
  - SubjectDomainName: LKCLAB
  - SubjectLogonId: 0x3e7
  - CallerProcessId: 0xadc
  - CallerProcessName: C:\Windows\System32\ntdsutil.exe
---
Time: 2023-09-05T07:33:28Z
Event ID: 4799
Provider: Microsoft-Windows-Security-Auditing
Computer: DC01.lkclab.lab
Channel: Security
Event Data:
  - TargetUserName: Backup Operators
  - TargetDomainName: Builtin
  - TargetSid: S-1-5-32-551
  - SubjectUserSid: S-1-5-18
  - SubjectUserName: DC01$
  - SubjectDomainName: LKCLAB
  - SubjectLogonId: 0x3e7
  - CallerProcessId: 0xadc
  - CallerProcessName: C:\Windows\System32\ntdsutil.exe
---
Time: 2023-09-05T07:33:28Z
Event ID: 4799
Provider: Microsoft-Windows-Security-Auditing
Computer: DC01.lkclab.lab
Channel: Security
Event Data:
  - TargetUserName: Administrators
  - TargetDomainName: Builtin
  - TargetSid: S-1-5-32-544
  - SubjectUserSid: S-1-5-18
  - SubjectUserName: DC01$
  - SubjectDomainName: LKCLAB
  - SubjectLogonId: 0x3e7
  - CallerProcessId: 0xadc
  - CallerProcessName: C:\Windows\System32\ntdsutil.exe
---
Time: 2023-09-05T07:33:28Z
Event ID: 4799
Provider: Microsoft-Windows-Security-Auditing
Computer: DC01.lkclab.lab
Channel: Security
Event Data:
  - TargetUserName: Backup Operators
  - TargetDomainName: Builtin
  - TargetSid: S-1-5-32-551
  - SubjectUserSid: S-1-5-18
  - SubjectUserName: DC01$
  - SubjectDomainName: LKCLAB
  - SubjectLogonId: 0x3e7
  - CallerProcessId: 0xadc
  - CallerProcessName: C:\Windows\System32\ntdsutil.exe
---
Time: 2023-09-05T07:33:28Z
Event ID: 4799
Provider: Microsoft-Windows-Security-Auditing
Computer: DC01.lkclab.lab
Channel: Security
Event Data:
  - TargetUserName: Administrators
  - TargetDomainName: Builtin
  - TargetSid: S-1-5-32-544
  - SubjectUserSid: S-1-5-18
  - SubjectUserName: DC01$
  - SubjectDomainName: LKCLAB
  - SubjectLogonId: 0x3e7
  - CallerProcessId: 0xadc
  - CallerProcessName: C:\Windows\System32\ntdsutil.exe
---
Time: 2023-09-05T07:33:28Z
Event ID: 4799
Provider: Microsoft-Windows-Security-Auditing
Computer: DC01.lkclab.lab
Channel: Security
Event Data:
  - TargetUserName: Administrators
  - TargetDomainName: Builtin
  - TargetSid: S-1-5-32-544
  - SubjectUserSid: S-1-5-18
  - SubjectUserName: DC01$
  - SubjectDomainName: LKCLAB
  - SubjectLogonId: 0x3e7
  - CallerProcessId: 0xadc
  - CallerProcessName: C:\Windows\System32\ntdsutil.exe
---
Time: 2023-09-05T07:33:28Z
Event ID: 4799
Provider: Microsoft-Windows-Security-Auditing
Computer: DC01.lkclab.lab
Channel: Security
Event Data:
  - TargetUserName: Administrators
  - TargetDomainName: Builtin
  - TargetSid: S-1-5-32-544
  - SubjectUserSid: S-1-5-18
  - SubjectUserName: DC01$
  - SubjectDomainName: LKCLAB
  - SubjectLogonId: 0x3e7
  - CallerProcessId: 0xadc
  - CallerProcessName: C:\Windows\System32\ntdsutil.exe
---
Time: 2023-09-05T07:33:28Z
Event ID: 4799
Provider: Microsoft-Windows-Security-Auditing
Computer: DC01.lkclab.lab
Channel: Security
Event Data:
  - TargetUserName: Administrators
  - TargetDomainName: Builtin
  - TargetSid: S-1-5-32-544
  - SubjectUserSid: S-1-5-18
  - SubjectUserName: DC01$
  - SubjectDomainName: LKCLAB
  - SubjectLogonId: 0x3e7
  - CallerProcessId: 0xadc
  - CallerProcessName: C:\Windows\System32\ntdsutil.exe
---
Time: 2023-09-05T07:33:28Z
Event ID: 4799
Provider: Microsoft-Windows-Security-Auditing
Computer: DC01.lkclab.lab
Channel: Security
Event Data:
  - TargetUserName: Backup Operators
  - TargetDomainName: Builtin
  - TargetSid: S-1-5-32-551
  - SubjectUserSid: S-1-5-18
  - SubjectUserName: DC01$
  - SubjectDomainName: LKCLAB
  - SubjectLogonId: 0x3e7
  - CallerProcessId: 0xadc
  - CallerProcessName: C:\Windows\System32\ntdsutil.exe
---
Time: 2023-09-05T07:33:28Z
Event ID: 4799
Provider: Microsoft-Windows-Security-Auditing
Computer: DC01.lkclab.lab
Channel: Security
Event Data:
  - TargetUserName: Backup Operators
  - TargetDomainName: Builtin
  - TargetSid: S-1-5-32-551
  - SubjectUserSid: S-1-5-18
  - SubjectUserName: DC01$
  - SubjectDomainName: LKCLAB
  - SubjectLogonId: 0x3e7
  - CallerProcessId: 0xadc
  - CallerProcessName: C:\Windows\System32\ntdsutil.exe
---
Time: 2023-09-05T07:33:28Z
Event ID: 4799
Provider: Microsoft-Windows-Security-Auditing
Computer: DC01.lkclab.lab
Channel: Security
Event Data:
  - TargetUserName: Administrators
  - TargetDomainName: Builtin
  - TargetSid: S-1-5-32-544
  - SubjectUserSid: S-1-5-18
  - SubjectUserName: DC01$
  - SubjectDomainName: LKCLAB
  - SubjectLogonId: 0x3e7
  - CallerProcessId: 0xadc
  - CallerProcessName: C:\Windows\System32\ntdsutil.exe
---
Time: 2023-09-05T07:33:28Z
Event ID: 4799
Provider: Microsoft-Windows-Security-Auditing
Computer: DC01.lkclab.lab
Channel: Security
Event Data:
  - TargetUserName: Backup Operators
  - TargetDomainName: Builtin
  - TargetSid: S-1-5-32-551
  - SubjectUserSid: S-1-5-18
  - SubjectUserName: DC01$
  - SubjectDomainName: LKCLAB
  - SubjectLogonId: 0x3e7
  - CallerProcessId: 0xadc
  - CallerProcessName: C:\Windows\System32\ntdsutil.exe
---
Time: 2023-09-05T07:33:28Z
Event ID: 4799
Provider: Microsoft-Windows-Security-Auditing
Computer: DC01.lkclab.lab
Channel: Security
Event Data:
  - TargetUserName: Backup Operators
  - TargetDomainName: Builtin
  - TargetSid: S-1-5-32-551
  - SubjectUserSid: S-1-5-18
  - SubjectUserName: DC01$
  - SubjectDomainName: LKCLAB
  - SubjectLogonId: 0x3e7
  - CallerProcessId: 0xadc
  - CallerProcessName: C:\Windows\System32\ntdsutil.exe
---
Time: 2023-09-05T07:33:28Z
Event ID: 4799
Provider: Microsoft-Windows-Security-Auditing
Computer: DC01.lkclab.lab
Channel: Security
Event Data:
  - TargetUserName: Administrators
  - TargetDomainName: Builtin
  - TargetSid: S-1-5-32-544
  - SubjectUserSid: S-1-5-18
  - SubjectUserName: DC01$
  - SubjectDomainName: LKCLAB
  - SubjectLogonId: 0x3e7
  - CallerProcessId: 0xadc
  - CallerProcessName: C:\Windows\System32\ntdsutil.exe
---
Time: 2023-09-05T07:33:28Z
Event ID: 4799
Provider: Microsoft-Windows-Security-Auditing
Computer: DC01.lkclab.lab
Channel: Security
Event Data:
  - TargetUserName: Backup Operators
  - TargetDomainName: Builtin
  - TargetSid: S-1-5-32-551
  - SubjectUserSid: S-1-5-18
  - SubjectUserName: DC01$
  - SubjectDomainName: LKCLAB
  - SubjectLogonId: 0x3e7
  - CallerProcessId: 0xadc
  - CallerProcessName: C:\Windows\System32\ntdsutil.exe
---
Time: 2023-09-05T07:33:28Z
Event ID: 4799
Provider: Microsoft-Windows-Security-Auditing
Computer: DC01.lkclab.lab
Channel: Security
Event Data:
  - TargetUserName: Administrators
  - TargetDomainName: Builtin
  - TargetSid: S-1-5-32-544
  - SubjectUserSid: S-1-5-18
  - SubjectUserName: DC01$
  - SubjectDomainName: LKCLAB
  - SubjectLogonId: 0x3e7
  - CallerProcessId: 0xadc
  - CallerProcessName: C:\Windows\System32\ntdsutil.exe
---
Time: 2023-09-05T07:33:28Z
Event ID: 4799
Provider: Microsoft-Windows-Security-Auditing
Computer: DC01.lkclab.lab
Channel: Security
Event Data:
  - TargetUserName: Backup Operators
  - TargetDomainName: Builtin
  - TargetSid: S-1-5-32-551
  - SubjectUserSid: S-1-5-18
  - SubjectUserName: DC01$
  - SubjectDomainName: LKCLAB
  - SubjectLogonId: 0x3e7
  - CallerProcessId: 0xadc
  - CallerProcessName: C:\Windows\System32\ntdsutil.exe
---
Time: 2023-09-05T07:33:28Z
Event ID: 5379
Provider: Microsoft-Windows-Security-Auditing
Computer: DC01.lkclab.lab
Channel: Security
Event Data:
  - SubjectUserSid: S-1-5-18
  - SubjectUserName: DC01$
  - SubjectDomainName: LKCLAB
  - SubjectLogonId: 0x3e7
  - TargetName: MicrosoftAccount:user=02npxyaysynetqvo
  - Type: 0
  - CountOfCredentialsReturned: 0
  - ReadOperation: %%8100
  - ReturnCode: 3221226021
  - ProcessCreationTime: 2023-07-18T07:29:14.699182900Z
  - ClientProcessId: 2216
---
Time: 2023-09-05T07:33:28Z
Event ID: 5379
Provider: Microsoft-Windows-Security-Auditing
Computer: DC01.lkclab.lab
Channel: Security
Event Data:
  - SubjectUserSid: S-1-5-18
  - SubjectUserName: DC01$
  - SubjectDomainName: LKCLAB
  - SubjectLogonId: 0x3e7
  - TargetName: WindowsLive:(token):name=02npxyaysynetqvo;serviceuri=*
  - Type: 0
  - CountOfCredentialsReturned: 0
  - ReadOperation: %%8100
  - ReturnCode: 3221226021
  - ProcessCreationTime: 2023-07-18T07:29:14.699182900Z
  - ClientProcessId: 2216
---
Time: 2023-09-05T07:33:28Z
Event ID: 5379
Provider: Microsoft-Windows-Security-Auditing
Computer: DC01.lkclab.lab
Channel: Security
Event Data:
  - SubjectUserSid: S-1-5-18
  - SubjectUserName: DC01$
  - SubjectDomainName: LKCLAB
  - SubjectLogonId: 0x3e7
  - TargetName: WindowsLive:(cert):name=02npxyaysynetqvo;serviceuri=*
  - Type: 0
  - CountOfCredentialsReturned: 0
  - ReadOperation: %%8100
  - ReturnCode: 3221226021
  - ProcessCreationTime: 2023-07-18T07:29:14.699182900Z
  - ClientProcessId: 2216
---
Time: 2023-09-05T07:33:28Z
Event ID: 4799
Provider: Microsoft-Windows-Security-Auditing
Computer: DC01.lkclab.lab
Channel: Security
Event Data:
  - TargetUserName: Administrators
  - TargetDomainName: Builtin
  - TargetSid: S-1-5-32-544
  - SubjectUserSid: S-1-5-18
  - SubjectUserName: DC01$
  - SubjectDomainName: LKCLAB
  - SubjectLogonId: 0x3e7
  - CallerProcessId: 0x798
  - CallerProcessName: C:\Windows\System32\VSSVC.exe
---
Time: 2023-09-05T07:33:28Z
Event ID: 4799
Provider: Microsoft-Windows-Security-Auditing
Computer: DC01.lkclab.lab
Channel: Security
Event Data:
  - TargetUserName: Administrators
  - TargetDomainName: Builtin
  - TargetSid: S-1-5-32-544
  - SubjectUserSid: S-1-5-18
  - SubjectUserName: DC01$
  - SubjectDomainName: LKCLAB
  - SubjectLogonId: 0x3e7
  - CallerProcessId: 0x798
  - CallerProcessName: C:\Windows\System32\VSSVC.exe
---
Time: 2023-09-05T07:33:28Z
Event ID: 4799
Provider: Microsoft-Windows-Security-Auditing
Computer: DC01.lkclab.lab
Channel: Security
Event Data:
  - TargetUserName: Administrators
  - TargetDomainName: Builtin
  - TargetSid: S-1-5-32-544
  - SubjectUserSid: S-1-5-18
  - SubjectUserName: DC01$
  - SubjectDomainName: LKCLAB
  - SubjectLogonId: 0x3e7
  - CallerProcessId: 0x798
  - CallerProcessName: C:\Windows\System32\VSSVC.exe
---
Time: 2023-09-05T07:33:28Z
Event ID: 4799
Provider: Microsoft-Windows-Security-Auditing
Computer: DC01.lkclab.lab
Channel: Security
Event Data:
  - TargetUserName: Backup Operators
  - TargetDomainName: Builtin
  - TargetSid: S-1-5-32-551
  - SubjectUserSid: S-1-5-18
  - SubjectUserName: DC01$
  - SubjectDomainName: LKCLAB
  - SubjectLogonId: 0x3e7
  - CallerProcessId: 0x798
  - CallerProcessName: C:\Windows\System32\VSSVC.exe
---
Time: 2023-09-05T07:33:28Z
Event ID: 4799
Provider: Microsoft-Windows-Security-Auditing
Computer: DC01.lkclab.lab
Channel: Security
Event Data:
  - TargetUserName: Backup Operators
  - TargetDomainName: Builtin
  - TargetSid: S-1-5-32-551
  - SubjectUserSid: S-1-5-18
  - SubjectUserName: DC01$
  - SubjectDomainName: LKCLAB
  - SubjectLogonId: 0x3e7
  - CallerProcessId: 0x798
  - CallerProcessName: C:\Windows\System32\VSSVC.exe
---
Time: 2023-09-05T07:33:28Z
Event ID: 4799
Provider: Microsoft-Windows-Security-Auditing
Computer: DC01.lkclab.lab
Channel: Security
Event Data:
  - TargetUserName: Administrators
  - TargetDomainName: Builtin
  - TargetSid: S-1-5-32-544
  - SubjectUserSid: S-1-5-18
  - SubjectUserName: DC01$
  - SubjectDomainName: LKCLAB
  - SubjectLogonId: 0x3e7
  - CallerProcessId: 0xadc
  - CallerProcessName: C:\Windows\System32\ntdsutil.exe
---
Time: 2023-09-05T07:33:28Z
Event ID: 4799
Provider: Microsoft-Windows-Security-Auditing
Computer: DC01.lkclab.lab
Channel: Security
Event Data:
  - TargetUserName: Administrators
  - TargetDomainName: Builtin
  - TargetSid: S-1-5-32-544
  - SubjectUserSid: S-1-5-18
  - SubjectUserName: DC01$
  - SubjectDomainName: LKCLAB
  - SubjectLogonId: 0x3e7
  - CallerProcessId: 0xadc
  - CallerProcessName: C:\Windows\System32\ntdsutil.exe
---
Time: 2023-09-05T07:33:28Z
Event ID: 4799
Provider: Microsoft-Windows-Security-Auditing
Computer: DC01.lkclab.lab
Channel: Security
Event Data:
  - TargetUserName: Backup Operators
  - TargetDomainName: Builtin
  - TargetSid: S-1-5-32-551
  - SubjectUserSid: S-1-5-18
  - SubjectUserName: DC01$
  - SubjectDomainName: LKCLAB
  - SubjectLogonId: 0x3e7
  - CallerProcessId: 0xadc
  - CallerProcessName: C:\Windows\System32\ntdsutil.exe
---
Time: 2023-09-05T07:33:28Z
Event ID: 4799
Provider: Microsoft-Windows-Security-Auditing
Computer: DC01.lkclab.lab
Channel: Security
Event Data:
  - TargetUserName: Administrators
  - TargetDomainName: Builtin
  - TargetSid: S-1-5-32-544
  - SubjectUserSid: S-1-5-18
  - SubjectUserName: DC01$
  - SubjectDomainName: LKCLAB
  - SubjectLogonId: 0x3e7
  - CallerProcessId: 0x798
  - CallerProcessName: C:\Windows\System32\VSSVC.exe
---
Time: 2023-09-05T07:33:28Z
Event ID: 4799
Provider: Microsoft-Windows-Security-Auditing
Computer: DC01.lkclab.lab
Channel: Security
Event Data:
  - TargetUserName: Administrators
  - TargetDomainName: Builtin
  - TargetSid: S-1-5-32-544
  - SubjectUserSid: S-1-5-18
  - SubjectUserName: DC01$
  - SubjectDomainName: LKCLAB
  - SubjectLogonId: 0x3e7
  - CallerProcessId: 0x798
  - CallerProcessName: C:\Windows\System32\VSSVC.exe
---
Time: 2023-09-05T07:33:28Z
Event ID: 4799
Provider: Microsoft-Windows-Security-Auditing
Computer: DC01.lkclab.lab
Channel: Security
Event Data:
  - TargetUserName: Backup Operators
  - TargetDomainName: Builtin
  - TargetSid: S-1-5-32-551
  - SubjectUserSid: S-1-5-18
  - SubjectUserName: DC01$
  - SubjectDomainName: LKCLAB
  - SubjectLogonId: 0x3e7
  - CallerProcessId: 0x798
  - CallerProcessName: C:\Windows\System32\VSSVC.exe
---
Time: 2023-09-05T07:33:28Z
Event ID: 4799
Provider: Microsoft-Windows-Security-Auditing
Computer: DC01.lkclab.lab
Channel: Security
Event Data:
  - TargetUserName: Administrators
  - TargetDomainName: Builtin
  - TargetSid: S-1-5-32-544
  - SubjectUserSid: S-1-5-18
  - SubjectUserName: DC01$
  - SubjectDomainName: LKCLAB
  - SubjectLogonId: 0x3e7
  - CallerProcessId: 0xadc
  - CallerProcessName: C:\Windows\System32\ntdsutil.exe
---
Time: 2023-09-05T07:33:28Z
Event ID: 4799
Provider: Microsoft-Windows-Security-Auditing
Computer: DC01.lkclab.lab
Channel: Security
Event Data:
  - TargetUserName: Administrators
  - TargetDomainName: Builtin
  - TargetSid: S-1-5-32-544
  - SubjectUserSid: S-1-5-18
  - SubjectUserName: DC01$
  - SubjectDomainName: LKCLAB
  - SubjectLogonId: 0x3e7
  - CallerProcessId: 0xadc
  - CallerProcessName: C:\Windows\System32\ntdsutil.exe
---
Time: 2023-09-05T07:33:28Z
Event ID: 4799
Provider: Microsoft-Windows-Security-Auditing
Computer: DC01.lkclab.lab
Channel: Security
Event Data:
  - TargetUserName: Administrators
  - TargetDomainName: Builtin
  - TargetSid: S-1-5-32-544
  - SubjectUserSid: S-1-5-18
  - SubjectUserName: DC01$
  - SubjectDomainName: LKCLAB
  - SubjectLogonId: 0x3e7
  - CallerProcessId: 0xadc
  - CallerProcessName: C:\Windows\System32\ntdsutil.exe
---
Time: 2023-09-05T07:33:28Z
Event ID: 4799
Provider: Microsoft-Windows-Security-Auditing
Computer: DC01.lkclab.lab
Channel: Security
Event Data:
  - TargetUserName: Backup Operators
  - TargetDomainName: Builtin
  - TargetSid: S-1-5-32-551
  - SubjectUserSid: S-1-5-18
  - SubjectUserName: DC01$
  - SubjectDomainName: LKCLAB
  - SubjectLogonId: 0x3e7
  - CallerProcessId: 0xadc
  - CallerProcessName: C:\Windows\System32\ntdsutil.exe
---
Time: 2023-09-05T07:33:28Z
Event ID: 4799
Provider: Microsoft-Windows-Security-Auditing
Computer: DC01.lkclab.lab
Channel: Security
Event Data:
  - TargetUserName: Backup Operators
  - TargetDomainName: Builtin
  - TargetSid: S-1-5-32-551
  - SubjectUserSid: S-1-5-18
  - SubjectUserName: DC01$
  - SubjectDomainName: LKCLAB
  - SubjectLogonId: 0x3e7
  - CallerProcessId: 0xadc
  - CallerProcessName: C:\Windows\System32\ntdsutil.exe
---
Time: 2023-09-05T07:33:28Z
Event ID: 4799
Provider: Microsoft-Windows-Security-Auditing
Computer: DC01.lkclab.lab
Channel: Security
Event Data:
  - TargetUserName: Backup Operators
  - TargetDomainName: Builtin
  - TargetSid: S-1-5-32-551
  - SubjectUserSid: S-1-5-18
  - SubjectUserName: DC01$
  - SubjectDomainName: LKCLAB
  - SubjectLogonId: 0x3e7
  - CallerProcessId: 0xadc
  - CallerProcessName: C:\Windows\System32\ntdsutil.exe
---
Time: 2023-09-05T07:33:28Z
Event ID: 4799
Provider: Microsoft-Windows-Security-Auditing
Computer: DC01.lkclab.lab
Channel: Security
Event Data:
  - TargetUserName: Administrators
  - TargetDomainName: Builtin
  - TargetSid: S-1-5-32-544
  - SubjectUserSid: S-1-5-18
  - SubjectUserName: DC01$
  - SubjectDomainName: LKCLAB
  - SubjectLogonId: 0x3e7
  - CallerProcessId: 0x798
  - CallerProcessName: C:\Windows\System32\VSSVC.exe
---
Time: 2023-09-05T07:33:28Z
Event ID: 4799
Provider: Microsoft-Windows-Security-Auditing
Computer: DC01.lkclab.lab
Channel: Security
Event Data:
  - TargetUserName: Administrators
  - TargetDomainName: Builtin
  - TargetSid: S-1-5-32-544
  - SubjectUserSid: S-1-5-18
  - SubjectUserName: DC01$
  - SubjectDomainName: LKCLAB
  - SubjectLogonId: 0x3e7
  - CallerProcessId: 0x798
  - CallerProcessName: C:\Windows\System32\VSSVC.exe
---
Time: 2023-09-05T07:33:28Z
Event ID: 4799
Provider: Microsoft-Windows-Security-Auditing
Computer: DC01.lkclab.lab
Channel: Security
Event Data:
  - TargetUserName: Administrators
  - TargetDomainName: Builtin
  - TargetSid: S-1-5-32-544
  - SubjectUserSid: S-1-5-18
  - SubjectUserName: DC01$
  - SubjectDomainName: LKCLAB
  - SubjectLogonId: 0x3e7
  - CallerProcessId: 0x798
  - CallerProcessName: C:\Windows\System32\VSSVC.exe
---
Time: 2023-09-05T07:33:28Z
Event ID: 4799
Provider: Microsoft-Windows-Security-Auditing
Computer: DC01.lkclab.lab
Channel: Security
Event Data:
  - TargetUserName: Backup Operators
  - TargetDomainName: Builtin
  - TargetSid: S-1-5-32-551
  - SubjectUserSid: S-1-5-18
  - SubjectUserName: DC01$
  - SubjectDomainName: LKCLAB
  - SubjectLogonId: 0x3e7
  - CallerProcessId: 0x798
  - CallerProcessName: C:\Windows\System32\VSSVC.exe
---
Time: 2023-09-05T07:33:28Z
Event ID: 4799
Provider: Microsoft-Windows-Security-Auditing
Computer: DC01.lkclab.lab
Channel: Security
Event Data:
  - TargetUserName: Backup Operators
  - TargetDomainName: Builtin
  - TargetSid: S-1-5-32-551
  - SubjectUserSid: S-1-5-18
  - SubjectUserName: DC01$
  - SubjectDomainName: LKCLAB
  - SubjectLogonId: 0x3e7
  - CallerProcessId: 0x798
  - CallerProcessName: C:\Windows\System32\VSSVC.exe
---
Time: 2023-09-05T07:33:28Z
Event ID: 4799
Provider: Microsoft-Windows-Security-Auditing
Computer: DC01.lkclab.lab
Channel: Security
Event Data:
  - TargetUserName: Backup Operators
  - TargetDomainName: Builtin
  - TargetSid: S-1-5-32-551
  - SubjectUserSid: S-1-5-18
  - SubjectUserName: DC01$
  - SubjectDomainName: LKCLAB
  - SubjectLogonId: 0x3e7
  - CallerProcessId: 0x798
  - CallerProcessName: C:\Windows\System32\VSSVC.exe
---
Time: 2023-09-05T07:33:28Z
Event ID: 4799
Provider: Microsoft-Windows-Security-Auditing
Computer: DC01.lkclab.lab
Channel: Security
Event Data:
  - TargetUserName: Administrators
  - TargetDomainName: Builtin
  - TargetSid: S-1-5-32-544
  - SubjectUserSid: S-1-5-18
  - SubjectUserName: DC01$
  - SubjectDomainName: LKCLAB
  - SubjectLogonId: 0x3e7
  - CallerProcessId: 0x798
  - CallerProcessName: C:\Windows\System32\VSSVC.exe
---
Time: 2023-09-05T07:33:28Z
Event ID: 4799
Provider: Microsoft-Windows-Security-Auditing
Computer: DC01.lkclab.lab
Channel: Security
Event Data:
  - TargetUserName: Backup Operators
  - TargetDomainName: Builtin
  - TargetSid: S-1-5-32-551
  - SubjectUserSid: S-1-5-18
  - SubjectUserName: DC01$
  - SubjectDomainName: LKCLAB
  - SubjectLogonId: 0x3e7
  - CallerProcessId: 0x798
  - CallerProcessName: C:\Windows\System32\VSSVC.exe
---
Time: 2023-09-05T07:33:28Z
Event ID: 4799
Provider: Microsoft-Windows-Security-Auditing
Computer: DC01.lkclab.lab
Channel: Security
Event Data:
  - TargetUserName: Administrators
  - TargetDomainName: Builtin
  - TargetSid: S-1-5-32-544
  - SubjectUserSid: S-1-5-18
  - SubjectUserName: DC01$
  - SubjectDomainName: LKCLAB
  - SubjectLogonId: 0x3e7
  - CallerProcessId: 0x798
  - CallerProcessName: C:\Windows\System32\VSSVC.exe
---
Time: 2023-09-05T07:33:28Z
Event ID: 4799
Provider: Microsoft-Windows-Security-Auditing
Computer: DC01.lkclab.lab
Channel: Security
Event Data:
  - TargetUserName: Administrators
  - TargetDomainName: Builtin
  - TargetSid: S-1-5-32-544
  - SubjectUserSid: S-1-5-18
  - SubjectUserName: DC01$
  - SubjectDomainName: LKCLAB
  - SubjectLogonId: 0x3e7
  - CallerProcessId: 0x798
  - CallerProcessName: C:\Windows\System32\VSSVC.exe
---
Time: 2023-09-05T07:33:28Z
Event ID: 4799
Provider: Microsoft-Windows-Security-Auditing
Computer: DC01.lkclab.lab
Channel: Security
Event Data:
  - TargetUserName: Administrators
  - TargetDomainName: Builtin
  - TargetSid: S-1-5-32-544
  - SubjectUserSid: S-1-5-18
  - SubjectUserName: DC01$
  - SubjectDomainName: LKCLAB
  - SubjectLogonId: 0x3e7
  - CallerProcessId: 0xadc
  - CallerProcessName: C:\Windows\System32\ntdsutil.exe
---
Time: 2023-09-05T07:33:28Z
Event ID: 4799
Provider: Microsoft-Windows-Security-Auditing
Computer: DC01.lkclab.lab
Channel: Security
Event Data:
  - TargetUserName: Administrators
  - TargetDomainName: Builtin
  - TargetSid: S-1-5-32-544
  - SubjectUserSid: S-1-5-18
  - SubjectUserName: DC01$
  - SubjectDomainName: LKCLAB
  - SubjectLogonId: 0x3e7
  - CallerProcessId: 0xadc
  - CallerProcessName: C:\Windows\System32\ntdsutil.exe
---
Time: 2023-09-05T07:33:28Z
Event ID: 4799
Provider: Microsoft-Windows-Security-Auditing
Computer: DC01.lkclab.lab
Channel: Security
Event Data:
  - TargetUserName: Backup Operators
  - TargetDomainName: Builtin
  - TargetSid: S-1-5-32-551
  - SubjectUserSid: S-1-5-18
  - SubjectUserName: DC01$
  - SubjectDomainName: LKCLAB
  - SubjectLogonId: 0x3e7
  - CallerProcessId: 0xadc
  - CallerProcessName: C:\Windows\System32\ntdsutil.exe
---
Time: 2023-09-05T07:33:28Z
Event ID: 4799
Provider: Microsoft-Windows-Security-Auditing
Computer: DC01.lkclab.lab
Channel: Security
Event Data:
  - TargetUserName: Backup Operators
  - TargetDomainName: Builtin
  - TargetSid: S-1-5-32-551
  - SubjectUserSid: S-1-5-18
  - SubjectUserName: DC01$
  - SubjectDomainName: LKCLAB
  - SubjectLogonId: 0x3e7
  - CallerProcessId: 0xadc
  - CallerProcessName: C:\Windows\System32\ntdsutil.exe
---
Time: 2023-09-05T07:33:28Z
Event ID: 4799
Provider: Microsoft-Windows-Security-Auditing
Computer: DC01.lkclab.lab
Channel: Security
Event Data:
  - TargetUserName: Backup Operators
  - TargetDomainName: Builtin
  - TargetSid: S-1-5-32-551
  - SubjectUserSid: S-1-5-18
  - SubjectUserName: DC01$
  - SubjectDomainName: LKCLAB
  - SubjectLogonId: 0x3e7
  - CallerProcessId: 0xadc
  - CallerProcessName: C:\Windows\System32\ntdsutil.exe
---
Time: 2023-09-05T07:33:28Z
Event ID: 4799
Provider: Microsoft-Windows-Security-Auditing
Computer: DC01.lkclab.lab
Channel: Security
Event Data:
  - TargetUserName: Administrators
  - TargetDomainName: Builtin
  - TargetSid: S-1-5-32-544
  - SubjectUserSid: S-1-5-18
  - SubjectUserName: DC01$
  - SubjectDomainName: LKCLAB
  - SubjectLogonId: 0x3e7
  - CallerProcessId: 0xadc
  - CallerProcessName: C:\Windows\System32\ntdsutil.exe
---
Time: 2023-09-05T07:33:28Z
Event ID: 4799
Provider: Microsoft-Windows-Security-Auditing
Computer: DC01.lkclab.lab
Channel: Security
Event Data:
  - TargetUserName: Administrators
  - TargetDomainName: Builtin
  - TargetSid: S-1-5-32-544
  - SubjectUserSid: S-1-5-18
  - SubjectUserName: DC01$
  - SubjectDomainName: LKCLAB
  - SubjectLogonId: 0x3e7
  - CallerProcessId: 0xadc
  - CallerProcessName: C:\Windows\System32\ntdsutil.exe
---
Time: 2023-09-05T07:33:28Z
Event ID: 4799
Provider: Microsoft-Windows-Security-Auditing
Computer: DC01.lkclab.lab
Channel: Security
Event Data:
  - TargetUserName: Backup Operators
  - TargetDomainName: Builtin
  - TargetSid: S-1-5-32-551
  - SubjectUserSid: S-1-5-18
  - SubjectUserName: DC01$
  - SubjectDomainName: LKCLAB
  - SubjectLogonId: 0x3e7
  - CallerProcessId: 0xadc
  - CallerProcessName: C:\Windows\System32\ntdsutil.exe
---
Time: 2023-09-05T07:33:28Z
Event ID: 4799
Provider: Microsoft-Windows-Security-Auditing
Computer: DC01.lkclab.lab
Channel: Security
Event Data:
  - TargetUserName: Backup Operators
  - TargetDomainName: Builtin
  - TargetSid: S-1-5-32-551
  - SubjectUserSid: S-1-5-18
  - SubjectUserName: DC01$
  - SubjectDomainName: LKCLAB
  - SubjectLogonId: 0x3e7
  - CallerProcessId: 0xadc
  - CallerProcessName: C:\Windows\System32\ntdsutil.exe
---
Time: 2023-09-05T07:33:28Z
Event ID: 4799
Provider: Microsoft-Windows-Security-Auditing
Computer: DC01.lkclab.lab
Channel: Security
Event Data:
  - TargetUserName: Backup Operators
  - TargetDomainName: Builtin
  - TargetSid: S-1-5-32-551
  - SubjectUserSid: S-1-5-18
  - SubjectUserName: DC01$
  - SubjectDomainName: LKCLAB
  - SubjectLogonId: 0x3e7
  - CallerProcessId: 0xadc
  - CallerProcessName: C:\Windows\System32\ntdsutil.exe
---
Time: 2023-09-05T07:33:28Z
Event ID: 4799
Provider: Microsoft-Windows-Security-Auditing
Computer: DC01.lkclab.lab
Channel: Security
Event Data:
  - TargetUserName: Backup Operators
  - TargetDomainName: Builtin
  - TargetSid: S-1-5-32-551
  - SubjectUserSid: S-1-5-18
  - SubjectUserName: DC01$
  - SubjectDomainName: LKCLAB
  - SubjectLogonId: 0x3e7
  - CallerProcessId: 0xadc
  - CallerProcessName: C:\Windows\System32\ntdsutil.exe
---
Time: 2023-09-05T07:33:28Z
Event ID: 4799
Provider: Microsoft-Windows-Security-Auditing
Computer: DC01.lkclab.lab
Channel: Security
Event Data:
  - TargetUserName: Administrators
  - TargetDomainName: Builtin
  - TargetSid: S-1-5-32-544
  - SubjectUserSid: S-1-5-18
  - SubjectUserName: DC01$
  - SubjectDomainName: LKCLAB
  - SubjectLogonId: 0x3e7
  - CallerProcessId: 0xadc
  - CallerProcessName: C:\Windows\System32\ntdsutil.exe
---
Time: 2023-09-05T07:33:28Z
Event ID: 4799
Provider: Microsoft-Windows-Security-Auditing
Computer: DC01.lkclab.lab
Channel: Security
Event Data:
  - TargetUserName: Backup Operators
  - TargetDomainName: Builtin
  - TargetSid: S-1-5-32-551
  - SubjectUserSid: S-1-5-18
  - SubjectUserName: DC01$
  - SubjectDomainName: LKCLAB
  - SubjectLogonId: 0x3e7
  - CallerProcessId: 0xadc
  - CallerProcessName: C:\Windows\System32\ntdsutil.exe
---
Time: 2023-09-05T07:33:28Z
Event ID: 4799
Provider: Microsoft-Windows-Security-Auditing
Computer: DC01.lkclab.lab
Channel: Security
Event Data:
  - TargetUserName: Administrators
  - TargetDomainName: Builtin
  - TargetSid: S-1-5-32-544
  - SubjectUserSid: S-1-5-18
  - SubjectUserName: DC01$
  - SubjectDomainName: LKCLAB
  - SubjectLogonId: 0x3e7
  - CallerProcessId: 0xadc
  - CallerProcessName: C:\Windows\System32\ntdsutil.exe
---
Time: 2023-09-05T07:33:28Z
Event ID: 4799
Provider: Microsoft-Windows-Security-Auditing
Computer: DC01.lkclab.lab
Channel: Security
Event Data:
  - TargetUserName: Backup Operators
  - TargetDomainName: Builtin
  - TargetSid: S-1-5-32-551
  - SubjectUserSid: S-1-5-18
  - SubjectUserName: DC01$
  - SubjectDomainName: LKCLAB
  - SubjectLogonId: 0x3e7
  - CallerProcessId: 0xadc
  - CallerProcessName: C:\Windows\System32\ntdsutil.exe
---
Time: 2023-09-05T07:33:28Z
Event ID: 4799
Provider: Microsoft-Windows-Security-Auditing
Computer: DC01.lkclab.lab
Channel: Security
Event Data:
  - TargetUserName: Administrators
  - TargetDomainName: Builtin
  - TargetSid: S-1-5-32-544
  - SubjectUserSid: S-1-5-18
  - SubjectUserName: DC01$
  - SubjectDomainName: LKCLAB
  - SubjectLogonId: 0x3e7
  - CallerProcessId: 0xadc
  - CallerProcessName: C:\Windows\System32\ntdsutil.exe
---
Time: 2023-09-05T07:33:28Z
Event ID: 4799
Provider: Microsoft-Windows-Security-Auditing
Computer: DC01.lkclab.lab
Channel: Security
Event Data:
  - TargetUserName: Backup Operators
  - TargetDomainName: Builtin
  - TargetSid: S-1-5-32-551
  - SubjectUserSid: S-1-5-18
  - SubjectUserName: DC01$
  - SubjectDomainName: LKCLAB
  - SubjectLogonId: 0x3e7
  - CallerProcessId: 0xadc
  - CallerProcessName: C:\Windows\System32\ntdsutil.exe
---
Time: 2023-09-05T07:33:28Z
Event ID: 4799
Provider: Microsoft-Windows-Security-Auditing
Computer: DC01.lkclab.lab
Channel: Security
Event Data:
  - TargetUserName: Administrators
  - TargetDomainName: Builtin
  - TargetSid: S-1-5-32-544
  - SubjectUserSid: S-1-5-18
  - SubjectUserName: DC01$
  - SubjectDomainName: LKCLAB
  - SubjectLogonId: 0x3e7
  - CallerProcessId: 0xadc
  - CallerProcessName: C:\Windows\System32\ntdsutil.exe
---
Time: 2023-09-05T07:33:28Z
Event ID: 4799
Provider: Microsoft-Windows-Security-Auditing
Computer: DC01.lkclab.lab
Channel: Security
Event Data:
  - TargetUserName: Administrators
  - TargetDomainName: Builtin
  - TargetSid: S-1-5-32-544
  - SubjectUserSid: S-1-5-18
  - SubjectUserName: DC01$
  - SubjectDomainName: LKCLAB
  - SubjectLogonId: 0x3e7
  - CallerProcessId: 0xadc
  - CallerProcessName: C:\Windows\System32\ntdsutil.exe
---
