Time: 2023-09-05T07:32:28Z
Event ID: 4720
Provider: Microsoft-Windows-Security-Auditing
Computer: DC01.lkclab.lab
Channel: Security
Event Data:
  - TargetUserName: lkclab
  - TargetDomainName: LKCLAB
  - TargetSid: S-1-5-21-2887521831-3947415683-1267350263-12601
  - SubjectUserSid: S-1-5-18
  - SubjectUserName: DC01$
  - SubjectDomainName: LKCLAB
  - SubjectLogonId: 0x3e7
  - PrivilegeList: -
  - SamAccountName: lkclab
  - DisplayName: %%1793
  - UserPrincipalName: -
  - HomeDirectory: %%1793
  - HomePath: %%1793
  - ScriptPath: %%1793
  - ProfilePath: %%1793
  - UserWorkstations: %%1793
  - PasswordLastSet: %%1794
  - AccountExpires: %%1794
  - PrimaryGroupId: 513
  - AllowedToDelegateTo: -
  - OldUacValue: 0x0
  - NewUacValue: 0x15
  - UserAccountControl: %%2080
		%%2082
		%%2084
  - UserParameters: %%1792
  - SidHistory: -
  - LogonHours: %%1793
---
Time: 2023-09-05T07:32:28Z
Event ID: 4722
Provider: Microsoft-Windows-Security-Auditing
Computer: DC01.lkclab.lab
Channel: Security
Event Data:
  - TargetUserName: lkclab
  - TargetDomainName: LKCLAB
  - TargetSid: S-1-5-21-2887521831-3947415683-1267350263-12601
  - SubjectUserSid: S-1-5-18
  - SubjectUserName: DC01$
  - SubjectDomainName: LKCLAB
  - SubjectLogonId: 0x3e7
---
Time: 2023-09-05T07:32:28Z
Event ID: 4724
Provider: Microsoft-Windows-Security-Auditing
Computer: DC01.lkclab.lab
Channel: Security
Event Data:
  - TargetUserName: lkclab
  - TargetDomainName: LKCLAB
  - TargetSid: S-1-5-21-2887521831-3947415683-1267350263-12601
  - SubjectUserSid: S-1-5-18
  - SubjectUserName: DC01$
  - SubjectDomainName: LKCLAB
  - SubjectLogonId: 0x3e7
---
Time: 2023-09-05T07:32:28Z
Event ID: 4738
Provider: Microsoft-Windows-Security-Auditing
Computer: DC01.lkclab.lab
Channel: Security
Event Data:
  - Dummy: -
  - TargetUserName: lkclab
  - TargetDomainName: LKCLAB
  - TargetSid: S-1-5-21-2887521831-3947415683-1267350263-12601
  - SubjectUserSid: S-1-5-18
  - SubjectUserName: DC01$
  - SubjectDomainName: LKCLAB
  - SubjectLogonId: 0x3e7
  - PrivilegeList: -
  - SamAccountName: -
  - DisplayName: %%1793
  - UserPrincipalName: -
  - HomeDirectory: -
  - HomePath: -
  - ScriptPath: -
  - ProfilePath: -
  - UserWorkstations: -
  - PasswordLastSet: 2023/9/5 下午 03:32:28
  - AccountExpires: %%1794
  - PrimaryGroupId: -
  - AllowedToDelegateTo: -
  - OldUacValue: 0x15
  - NewUacValue: 0x10
  - UserAccountControl: %%2048
		%%2050
  - UserParameters: -
  - SidHistory: -
  - LogonHours: -
---
Time: 2023-09-05T07:32:46Z
Event ID: 4728
Provider: Microsoft-Windows-Security-Auditing
Computer: DC01.lkclab.lab
Channel: Security
Event Data:
  - MemberName: CN=lkclab,CN=Users,DC=lkclab,DC=lab
  - MemberSid: S-1-5-21-2887521831-3947415683-1267350263-12601
  - TargetUserName: Domain Admins
  - TargetDomainName: LKCLAB
  - TargetSid: S-1-5-21-2887521831-3947415683-1267350263-512
  - SubjectUserSid: S-1-5-18
  - SubjectUserName: DC01$
  - SubjectDomainName: LKCLAB
  - SubjectLogonId: 0x3e7
  - PrivilegeList: -
---
Time: 2023-09-05T07:32:46Z
Event ID: 4737
Provider: Microsoft-Windows-Security-Auditing
Computer: DC01.lkclab.lab
Channel: Security
Event Data:
  - TargetUserName: Domain Admins
  - TargetDomainName: LKCLAB
  - TargetSid: S-1-5-21-2887521831-3947415683-1267350263-512
  - SubjectUserSid: S-1-5-18
  - SubjectUserName: DC01$
  - SubjectDomainName: LKCLAB
  - SubjectLogonId: 0x3e7
  - PrivilegeList: -
  - SamAccountName: -
  - SidHistory: -
---
Time: 2023-09-05T07:32:46Z
Event ID: 4672
Provider: Microsoft-Windows-Security-Auditing
Computer: DC01.lkclab.lab
Channel: Security
Event Data:
  - SubjectUserSid: S-1-5-18
  - SubjectUserName: DC01$
  - SubjectDomainName: LKCLAB
  - SubjectLogonId: 0x7b85cf
  - PrivilegeList: SeSecurityPrivilege, SeBackupPrivilege, SeRestorePrivilege, SeTakeOwnershipPrivilege, SeDebugPrivilege, SeSystemEnvironmentPrivilege, SeLoadDriverPrivilege, SeImpersonatePrivilege, SeDelegateSessionUserImpersonatePrivilege, SeEnableDelegationPrivilege
---
Time: 2023-09-05T07:32:46Z
Event ID: 4624
Provider: Microsoft-Windows-Security-Auditing
Computer: DC01.lkclab.lab
Channel: Security
Event Data:
  - SubjectUserSid: S-1-0-0
  - SubjectUserName: -
  - SubjectDomainName: -
  - SubjectLogonId: 0x0
  - TargetUserSid: S-1-5-18
  - TargetUserName: DC01$
  - TargetDomainName: LKCLAB.LAB
  - TargetLogonId: 0x7b85cf
  - LogonType: 3
  - LogonProcessName: Kerberos
  - AuthenticationPackageName: Kerberos
  - WorkstationName: -
  - LogonGuid: {38d81b03-c2c7-9a8d-062a-29ee21dfa1bf}
  - TransmittedServices: -
  - LmPackageName: -
  - KeyLength: 0
  - ProcessId: 0x0
  - ProcessName: -
  - IpAddress: ::1
  - IpPort: 51719
  - ImpersonationLevel: %%1833
  - RestrictedAdminMode: -
  - TargetOutboundUserName: -
  - TargetOutboundDomainName: -
  - VirtualAccount: %%1843
  - TargetLinkedLogonId: 0x0
  - ElevatedToken: %%1842
---
Time: 2023-09-05T07:32:46Z
Event ID: 4634
Provider: Microsoft-Windows-Security-Auditing
Computer: DC01.lkclab.lab
Channel: Security
Event Data:
  - TargetUserSid: S-1-5-18
  - TargetUserName: DC01$
  - TargetDomainName: LKCLAB
  - TargetLogonId: 0x7b85cf
  - LogonType: 3
---
Time: 2023-09-05T07:33:10Z
Event ID: 4672
Provider: Microsoft-Windows-Security-Auditing
Computer: DC01.lkclab.lab
Channel: Security
Event Data:
  - SubjectUserSid: S-1-5-21-2887521831-3947415683-1267350263-1113
  - SubjectUserName: MAIL$
  - SubjectDomainName: LKCLAB
  - SubjectLogonId: 0x7b9371
  - PrivilegeList: SeSecurityPrivilege
---
Time: 2023-09-05T07:33:10Z
Event ID: 4624
Provider: Microsoft-Windows-Security-Auditing
Computer: DC01.lkclab.lab
Channel: Security
Event Data:
  - SubjectUserSid: S-1-0-0
  - SubjectUserName: -
  - SubjectDomainName: -
  - SubjectLogonId: 0x0
  - TargetUserSid: S-1-5-21-2887521831-3947415683-1267350263-1113
  - TargetUserName: MAIL$
  - TargetDomainName: LKCLAB.LAB
  - TargetLogonId: 0x7b9371
  - LogonType: 3
  - LogonProcessName: Kerberos
  - AuthenticationPackageName: Kerberos
  - WorkstationName: -
  - LogonGuid: {405cd94e-defe-6363-c213-9d0381614aa9}
  - TransmittedServices: -
  - LmPackageName: -
  - KeyLength: 0
  - ProcessId: 0x0
  - ProcessName: -
  - IpAddress: 10.253.44.11
  - IpPort: 9585
  - ImpersonationLevel: %%1840
  - RestrictedAdminMode: -
  - TargetOutboundUserName: -
  - TargetOutboundDomainName: -
  - VirtualAccount: %%1843
  - TargetLinkedLogonId: 0x0
  - ElevatedToken: %%1842
---
Time: 2023-09-05T07:33:10Z
Event ID: 4672
Provider: Microsoft-Windows-Security-Auditing
Computer: DC01.lkclab.lab
Channel: Security
Event Data:
  - SubjectUserSid: S-1-5-21-2887521831-3947415683-1267350263-1113
  - SubjectUserName: MAIL$
  - SubjectDomainName: LKCLAB
  - SubjectLogonId: 0x7b93be
  - PrivilegeList: SeSecurityPrivilege
---
Time: 2023-09-05T07:33:10Z
Event ID: 4672
Provider: Microsoft-Windows-Security-Auditing
Computer: DC01.lkclab.lab
Channel: Security
Event Data:
  - SubjectUserSid: S-1-5-21-2887521831-3947415683-1267350263-1113
  - SubjectUserName: MAIL$
  - SubjectDomainName: LKCLAB
  - SubjectLogonId: 0x7b93db
  - PrivilegeList: SeSecurityPrivilege
---
Time: 2023-09-05T07:33:10Z
Event ID: 4672
Provider: Microsoft-Windows-Security-Auditing
Computer: DC01.lkclab.lab
Channel: Security
Event Data:
  - SubjectUserSid: S-1-5-21-2887521831-3947415683-1267350263-1113
  - SubjectUserName: MAIL$
  - SubjectDomainName: LKCLAB
  - SubjectLogonId: 0x7b9401
  - PrivilegeList: SeSecurityPrivilege
---
Time: 2023-09-05T07:33:10Z
Event ID: 4624
Provider: Microsoft-Windows-Security-Auditing
Computer: DC01.lkclab.lab
Channel: Security
Event Data:
  - SubjectUserSid: S-1-0-0
  - SubjectUserName: -
  - SubjectDomainName: -
  - SubjectLogonId: 0x0
  - TargetUserSid: S-1-5-21-2887521831-3947415683-1267350263-1113
  - TargetUserName: MAIL$
  - TargetDomainName: LKCLAB.LAB
  - TargetLogonId: 0x7b93db
  - LogonType: 3
  - LogonProcessName: Kerberos
  - AuthenticationPackageName: Kerberos
  - WorkstationName: -
  - LogonGuid: {405cd94e-defe-6363-c213-9d0381614aa9}
  - TransmittedServices: -
  - LmPackageName: -
  - KeyLength: 0
  - ProcessId: 0x0
  - ProcessName: -
  - IpAddress: 10.253.44.11
  - IpPort: 9587
  - ImpersonationLevel: %%1840
  - RestrictedAdminMode: -
  - TargetOutboundUserName: -
  - TargetOutboundDomainName: -
  - VirtualAccount: %%1843
  - TargetLinkedLogonId: 0x0
  - ElevatedToken: %%1842
---
Time: 2023-09-05T07:33:10Z
Event ID: 4634
Provider: Microsoft-Windows-Security-Auditing
Computer: DC01.lkclab.lab
Channel: Security
Event Data:
  - TargetUserSid: S-1-5-21-2887521831-3947415683-1267350263-1113
  - TargetUserName: MAIL$
  - TargetDomainName: LKCLAB
  - TargetLogonId: 0x7b93be
  - LogonType: 3
---
Time: 2023-09-05T07:33:10Z
Event ID: 4634
Provider: Microsoft-Windows-Security-Auditing
Computer: DC01.lkclab.lab
Channel: Security
Event Data:
  - TargetUserSid: S-1-5-21-2887521831-3947415683-1267350263-1113
  - TargetUserName: MAIL$
  - TargetDomainName: LKCLAB
  - TargetLogonId: 0x7b9401
  - LogonType: 3
---
Time: 2023-09-05T07:33:10Z
Event ID: 4624
Provider: Microsoft-Windows-Security-Auditing
Computer: DC01.lkclab.lab
Channel: Security
Event Data:
  - SubjectUserSid: S-1-0-0
  - SubjectUserName: -
  - SubjectDomainName: -
  - SubjectLogonId: 0x0
  - TargetUserSid: S-1-5-21-2887521831-3947415683-1267350263-1113
  - TargetUserName: MAIL$
  - TargetDomainName: LKCLAB.LAB
  - TargetLogonId: 0x7b93be
  - LogonType: 3
  - LogonProcessName: Kerberos
  - AuthenticationPackageName: Kerberos
  - WorkstationName: -
  - LogonGuid: {405cd94e-defe-6363-c213-9d0381614aa9}
  - TransmittedServices: -
  - LmPackageName: -
  - KeyLength: 0
  - ProcessId: 0x0
  - ProcessName: -
  - IpAddress: 10.253.44.11
  - IpPort: 9586
  - ImpersonationLevel: %%1840
  - RestrictedAdminMode: -
  - TargetOutboundUserName: -
  - TargetOutboundDomainName: -
  - VirtualAccount: %%1843
  - TargetLinkedLogonId: 0x0
  - ElevatedToken: %%1842
---
Time: 2023-09-05T07:33:10Z
Event ID: 4624
Provider: Microsoft-Windows-Security-Auditing
Computer: DC01.lkclab.lab
Channel: Security
Event Data:
  - SubjectUserSid: S-1-0-0
  - SubjectUserName: -
  - SubjectDomainName: -
  - SubjectLogonId: 0x0
  - TargetUserSid: S-1-5-21-2887521831-3947415683-1267350263-1113
  - TargetUserName: MAIL$
  - TargetDomainName: LKCLAB.LAB
  - TargetLogonId: 0x7b9401
  - LogonType: 3
  - LogonProcessName: Kerberos
  - AuthenticationPackageName: Kerberos
  - WorkstationName: -
  - LogonGuid: {405cd94e-defe-6363-c213-9d0381614aa9}
  - TransmittedServices: -
  - LmPackageName: -
  - KeyLength: 0
  - ProcessId: 0x0
  - ProcessName: -
  - IpAddress: 10.253.44.11
  - IpPort: 9588
  - ImpersonationLevel: %%1840
  - RestrictedAdminMode: -
  - TargetOutboundUserName: -
  - TargetOutboundDomainName: -
  - VirtualAccount: %%1843
  - TargetLinkedLogonId: 0x0
  - ElevatedToken: %%1842
---
Time: 2023-09-05T07:33:10Z
Event ID: 4634
Provider: Microsoft-Windows-Security-Auditing
Computer: DC01.lkclab.lab
Channel: Security
Event Data:
  - TargetUserSid: S-1-5-21-2887521831-3947415683-1267350263-1113
  - TargetUserName: MAIL$
  - TargetDomainName: LKCLAB
  - TargetLogonId: 0x7b93db
  - LogonType: 3
---
Time: 2023-09-05T07:33:12Z
Event ID: 4776
Provider: Microsoft-Windows-Security-Auditing
Computer: DC01.lkclab.lab
Channel: Security
Event Data:
  - PackageName: MICROSOFT_AUTHENTICATION_PACKAGE_V1_0
  - TargetUserName: HealthMailbox1458d2b01cab43eea84e4bec08616267@lkclab.lab
  - Workstation: MAIL
  - Status: 0x0
---
Time: 2023-09-05T07:33:12Z
Event ID: 4776
Provider: Microsoft-Windows-Security-Auditing
Computer: DC01.lkclab.lab
Channel: Security
Event Data:
  - PackageName: MICROSOFT_AUTHENTICATION_PACKAGE_V1_0
  - TargetUserName: HealthMailbox1458d2b01cab43eea84e4bec08616267@lkclab.lab
  - Workstation: MAIL
  - Status: 0x0
---
Time: 2023-09-05T07:33:12Z
Event ID: 4776
Provider: Microsoft-Windows-Security-Auditing
Computer: DC01.lkclab.lab
Channel: Security
Event Data:
  - PackageName: MICROSOFT_AUTHENTICATION_PACKAGE_V1_0
  - TargetUserName: HealthMailbox1458d2b01cab43eea84e4bec08616267@lkclab.lab
  - Workstation: MAIL
  - Status: 0x0
---
Time: 2023-09-05T07:33:21Z
Event ID: 4634
Provider: Microsoft-Windows-Security-Auditing
Computer: DC01.lkclab.lab
Channel: Security
Event Data:
  - TargetUserSid: S-1-5-21-2887521831-3947415683-1267350263-1113
  - TargetUserName: MAIL$
  - TargetDomainName: LKCLAB
  - TargetLogonId: 0x7b9371
  - LogonType: 3
---
Time: 2023-09-05T07:33:26Z
Event ID: 4799
Provider: Microsoft-Windows-Security-Auditing
Computer: DC01.lkclab.lab
Channel: Security
Event Data:
  - TargetUserName: Administrators
  - TargetDomainName: Builtin
  - TargetSid: S-1-5-32-544
  - SubjectUserSid: S-1-5-18
  - SubjectUserName: DC01$
  - SubjectDomainName: LKCLAB
  - SubjectLogonId: 0x3e7
  - CallerProcessId: 0x798
  - CallerProcessName: C:\Windows\System32\VSSVC.exe
---
Time: 2023-09-05T07:33:26Z
Event ID: 4799
Provider: Microsoft-Windows-Security-Auditing
Computer: DC01.lkclab.lab
Channel: Security
Event Data:
  - TargetUserName: Administrators
  - TargetDomainName: Builtin
  - TargetSid: S-1-5-32-544
  - SubjectUserSid: S-1-5-18
  - SubjectUserName: DC01$
  - SubjectDomainName: LKCLAB
  - SubjectLogonId: 0x3e7
  - CallerProcessId: 0xadc
  - CallerProcessName: C:\Windows\System32\ntdsutil.exe
---
Time: 2023-09-05T07:33:26Z
Event ID: 4799
Provider: Microsoft-Windows-Security-Auditing
Computer: DC01.lkclab.lab
Channel: Security
Event Data:
  - TargetUserName: Backup Operators
  - TargetDomainName: Builtin
  - TargetSid: S-1-5-32-551
  - SubjectUserSid: S-1-5-18
  - SubjectUserName: DC01$
  - SubjectDomainName: LKCLAB
  - SubjectLogonId: 0x3e7
  - CallerProcessId: 0xadc
  - CallerProcessName: C:\Windows\System32\ntdsutil.exe
---
Time: 2023-09-05T07:33:26Z
Event ID: 4799
Provider: Microsoft-Windows-Security-Auditing
Computer: DC01.lkclab.lab
Channel: Security
Event Data:
  - TargetUserName: Administrators
  - TargetDomainName: Builtin
  - TargetSid: S-1-5-32-544
  - SubjectUserSid: S-1-5-18
  - SubjectUserName: DC01$
  - SubjectDomainName: LKCLAB
  - SubjectLogonId: 0x3e7
  - CallerProcessId: 0xadc
  - CallerProcessName: C:\Windows\System32\ntdsutil.exe
---
Time: 2023-09-05T07:33:26Z
Event ID: 4799
Provider: Microsoft-Windows-Security-Auditing
Computer: DC01.lkclab.lab
Channel: Security
Event Data:
  - TargetUserName: Backup Operators
  - TargetDomainName: Builtin
  - TargetSid: S-1-5-32-551
  - SubjectUserSid: S-1-5-18
  - SubjectUserName: DC01$
  - SubjectDomainName: LKCLAB
  - SubjectLogonId: 0x3e7
  - CallerProcessId: 0xadc
  - CallerProcessName: C:\Windows\System32\ntdsutil.exe
---
Time: 2023-09-05T07:33:26Z
Event ID: 4799
Provider: Microsoft-Windows-Security-Auditing
Computer: DC01.lkclab.lab
Channel: Security
Event Data:
  - TargetUserName: Administrators
  - TargetDomainName: Builtin
  - TargetSid: S-1-5-32-544
  - SubjectUserSid: S-1-5-18
  - SubjectUserName: DC01$
  - SubjectDomainName: LKCLAB
  - SubjectLogonId: 0x3e7
  - CallerProcessId: 0xadc
  - CallerProcessName: C:\Windows\System32\ntdsutil.exe
---
Time: 2023-09-05T07:33:26Z
Event ID: 4799
Provider: Microsoft-Windows-Security-Auditing
Computer: DC01.lkclab.lab
Channel: Security
Event Data:
  - TargetUserName: Administrators
  - TargetDomainName: Builtin
  - TargetSid: S-1-5-32-544
  - SubjectUserSid: S-1-5-18
  - SubjectUserName: DC01$
  - SubjectDomainName: LKCLAB
  - SubjectLogonId: 0x3e7
  - CallerProcessId: 0xadc
  - CallerProcessName: C:\Windows\System32\ntdsutil.exe
---
Time: 2023-09-05T07:33:26Z
Event ID: 4799
Provider: Microsoft-Windows-Security-Auditing
Computer: DC01.lkclab.lab
Channel: Security
Event Data:
  - TargetUserName: Administrators
  - TargetDomainName: Builtin
  - TargetSid: S-1-5-32-544
  - SubjectUserSid: S-1-5-18
  - SubjectUserName: DC01$
  - SubjectDomainName: LKCLAB
  - SubjectLogonId: 0x3e7
  - CallerProcessId: 0xadc
  - CallerProcessName: C:\Windows\System32\ntdsutil.exe
---
Time: 2023-09-05T07:33:26Z
Event ID: 4799
Provider: Microsoft-Windows-Security-Auditing
Computer: DC01.lkclab.lab
Channel: Security
Event Data:
  - TargetUserName: Administrators
  - TargetDomainName: Builtin
  - TargetSid: S-1-5-32-544
  - SubjectUserSid: S-1-5-18
  - SubjectUserName: DC01$
  - SubjectDomainName: LKCLAB
  - SubjectLogonId: 0x3e7
  - CallerProcessId: 0xadc
  - CallerProcessName: C:\Windows\System32\ntdsutil.exe
---
Time: 2023-09-05T07:33:26Z
Event ID: 4799
Provider: Microsoft-Windows-Security-Auditing
Computer: DC01.lkclab.lab
Channel: Security
Event Data:
  - TargetUserName: Administrators
  - TargetDomainName: Builtin
  - TargetSid: S-1-5-32-544
  - SubjectUserSid: S-1-5-18
  - SubjectUserName: DC01$
  - SubjectDomainName: LKCLAB
  - SubjectLogonId: 0x3e7
  - CallerProcessId: 0xadc
  - CallerProcessName: C:\Windows\System32\ntdsutil.exe
---
Time: 2023-09-05T07:33:26Z
Event ID: 4799
Provider: Microsoft-Windows-Security-Auditing
Computer: DC01.lkclab.lab
Channel: Security
Event Data:
  - TargetUserName: Backup Operators
  - TargetDomainName: Builtin
  - TargetSid: S-1-5-32-551
  - SubjectUserSid: S-1-5-18
  - SubjectUserName: DC01$
  - SubjectDomainName: LKCLAB
  - SubjectLogonId: 0x3e7
  - CallerProcessId: 0xadc
  - CallerProcessName: C:\Windows\System32\ntdsutil.exe
---
Time: 2023-09-05T07:33:26Z
Event ID: 4799
Provider: Microsoft-Windows-Security-Auditing
Computer: DC01.lkclab.lab
Channel: Security
Event Data:
  - TargetUserName: Backup Operators
  - TargetDomainName: Builtin
  - TargetSid: S-1-5-32-551
  - SubjectUserSid: S-1-5-18
  - SubjectUserName: DC01$
  - SubjectDomainName: LKCLAB
  - SubjectLogonId: 0x3e7
  - CallerProcessId: 0xadc
  - CallerProcessName: C:\Windows\System32\ntdsutil.exe
---
Time: 2023-09-05T07:33:26Z
Event ID: 4799
Provider: Microsoft-Windows-Security-Auditing
Computer: DC01.lkclab.lab
Channel: Security
Event Data:
  - TargetUserName: Backup Operators
  - TargetDomainName: Builtin
  - TargetSid: S-1-5-32-551
  - SubjectUserSid: S-1-5-18
  - SubjectUserName: DC01$
  - SubjectDomainName: LKCLAB
  - SubjectLogonId: 0x3e7
  - CallerProcessId: 0xadc
  - CallerProcessName: C:\Windows\System32\ntdsutil.exe
---
Time: 2023-09-05T07:33:26Z
Event ID: 4799
Provider: Microsoft-Windows-Security-Auditing
Computer: DC01.lkclab.lab
Channel: Security
Event Data:
  - TargetUserName: Backup Operators
  - TargetDomainName: Builtin
  - TargetSid: S-1-5-32-551
  - SubjectUserSid: S-1-5-18
  - SubjectUserName: DC01$
  - SubjectDomainName: LKCLAB
  - SubjectLogonId: 0x3e7
  - CallerProcessId: 0x798
  - CallerProcessName: C:\Windows\System32\VSSVC.exe
---
Time: 2023-09-05T07:33:26Z
Event ID: 4799
Provider: Microsoft-Windows-Security-Auditing
Computer: DC01.lkclab.lab
Channel: Security
Event Data:
  - TargetUserName: Administrators
  - TargetDomainName: Builtin
  - TargetSid: S-1-5-32-544
  - SubjectUserSid: S-1-5-18
  - SubjectUserName: DC01$
  - SubjectDomainName: LKCLAB
  - SubjectLogonId: 0x3e7
  - CallerProcessId: 0x798
  - CallerProcessName: C:\Windows\System32\VSSVC.exe
---
Time: 2023-09-05T07:33:26Z
Event ID: 4799
Provider: Microsoft-Windows-Security-Auditing
Computer: DC01.lkclab.lab
Channel: Security
Event Data:
  - TargetUserName: Backup Operators
  - TargetDomainName: Builtin
  - TargetSid: S-1-5-32-551
  - SubjectUserSid: S-1-5-18
  - SubjectUserName: DC01$
  - SubjectDomainName: LKCLAB
  - SubjectLogonId: 0x3e7
  - CallerProcessId: 0x798
  - CallerProcessName: C:\Windows\System32\VSSVC.exe
---
Time: 2023-09-05T07:33:26Z
Event ID: 4799
Provider: Microsoft-Windows-Security-Auditing
Computer: DC01.lkclab.lab
Channel: Security
Event Data:
  - TargetUserName: Administrators
  - TargetDomainName: Builtin
  - TargetSid: S-1-5-32-544
  - SubjectUserSid: S-1-5-18
  - SubjectUserName: DC01$
  - SubjectDomainName: LKCLAB
  - SubjectLogonId: 0x3e7
  - CallerProcessId: 0x798
  - CallerProcessName: C:\Windows\System32\VSSVC.exe
---
Time: 2023-09-05T07:33:26Z
Event ID: 4799
Provider: Microsoft-Windows-Security-Auditing
Computer: DC01.lkclab.lab
Channel: Security
Event Data:
  - TargetUserName: Backup Operators
  - TargetDomainName: Builtin
  - TargetSid: S-1-5-32-551
  - SubjectUserSid: S-1-5-18
  - SubjectUserName: DC01$
  - SubjectDomainName: LKCLAB
  - SubjectLogonId: 0x3e7
  - CallerProcessId: 0x798
  - CallerProcessName: C:\Windows\System32\VSSVC.exe
---
Time: 2023-09-05T07:33:26Z
Event ID: 4799
Provider: Microsoft-Windows-Security-Auditing
Computer: DC01.lkclab.lab
Channel: Security
Event Data:
  - TargetUserName: Backup Operators
  - TargetDomainName: Builtin
  - TargetSid: S-1-5-32-551
  - SubjectUserSid: S-1-5-18
  - SubjectUserName: DC01$
  - SubjectDomainName: LKCLAB
  - SubjectLogonId: 0x3e7
  - CallerProcessId: 0xadc
  - CallerProcessName: C:\Windows\System32\ntdsutil.exe
---
Time: 2023-09-05T07:33:26Z
Event ID: 4624
Provider: Microsoft-Windows-Security-Auditing
Computer: DC01.lkclab.lab
Channel: Security
Event Data:
  - SubjectUserSid: S-1-5-18
  - SubjectUserName: DC01$
  - SubjectDomainName: LKCLAB
  - SubjectLogonId: 0x3e7
  - TargetUserSid: S-1-5-18
  - TargetUserName: SYSTEM
  - TargetDomainName: NT AUTHORITY
  - TargetLogonId: 0x3e7
  - LogonType: 5
  - LogonProcessName: Advapi
  - AuthenticationPackageName: Negotiate
  - WorkstationName: -
  - LogonGuid: {00000000-0000-0000-0000-000000000000}
  - TransmittedServices: -
  - LmPackageName: -
  - KeyLength: 0
  - ProcessId: 0x33c
  - ProcessName: C:\Windows\System32\services.exe
  - IpAddress: -
  - IpPort: -
  - ImpersonationLevel: %%1833
  - RestrictedAdminMode: -
  - TargetOutboundUserName: -
  - TargetOutboundDomainName: -
  - VirtualAccount: %%1843
  - TargetLinkedLogonId: 0x0
  - ElevatedToken: %%1842
---
Time: 2023-09-05T07:33:26Z
Event ID: 4624
Provider: Microsoft-Windows-Security-Auditing
Computer: DC01.lkclab.lab
Channel: Security
Event Data:
  - SubjectUserSid: S-1-5-18
  - SubjectUserName: DC01$
  - SubjectDomainName: LKCLAB
  - SubjectLogonId: 0x3e7
  - TargetUserSid: S-1-5-18
  - TargetUserName: SYSTEM
  - TargetDomainName: NT AUTHORITY
  - TargetLogonId: 0x3e7
  - LogonType: 5
  - LogonProcessName: Advapi
  - AuthenticationPackageName: Negotiate
  - WorkstationName: -
  - LogonGuid: {00000000-0000-0000-0000-000000000000}
  - TransmittedServices: -
  - LmPackageName: -
  - KeyLength: 0
  - ProcessId: 0x33c
  - ProcessName: C:\Windows\System32\services.exe
  - IpAddress: -
  - IpPort: -
  - ImpersonationLevel: %%1833
  - RestrictedAdminMode: -
  - TargetOutboundUserName: -
  - TargetOutboundDomainName: -
  - VirtualAccount: %%1843
  - TargetLinkedLogonId: 0x0
  - ElevatedToken: %%1842
---
Time: 2023-09-05T07:33:26Z
Event ID: 4672
Provider: Microsoft-Windows-Security-Auditing
Computer: DC01.lkclab.lab
Channel: Security
Event Data:
  - SubjectUserSid: S-1-5-18
  - SubjectUserName: SYSTEM
  - SubjectDomainName: NT AUTHORITY
  - SubjectLogonId: 0x3e7
  - PrivilegeList: SeAssignPrimaryTokenPrivilege, SeTcbPrivilege, SeSecurityPrivilege, SeTakeOwnershipPrivilege, SeLoadDriverPrivilege, SeBackupPrivilege, SeRestorePrivilege, SeDebugPrivilege, SeAuditPrivilege, SeSystemEnvironmentPrivilege, SeImpersonatePrivilege, SeDelegateSessionUserImpersonatePrivilege
---
Time: 2023-09-05T07:33:26Z
Event ID: 4799
Provider: Microsoft-Windows-Security-Auditing
Computer: DC01.lkclab.lab
Channel: Security
Event Data:
  - TargetUserName: Backup Operators
  - TargetDomainName: Builtin
  - TargetSid: S-1-5-32-551
  - SubjectUserSid: S-1-5-18
  - SubjectUserName: DC01$
  - SubjectDomainName: LKCLAB
  - SubjectLogonId: 0x3e7
  - CallerProcessId: 0x798
  - CallerProcessName: C:\Windows\System32\VSSVC.exe
---
Time: 2023-09-05T07:33:26Z
Event ID: 4799
Provider: Microsoft-Windows-Security-Auditing
Computer: DC01.lkclab.lab
Channel: Security
Event Data:
  - TargetUserName: Administrators
  - TargetDomainName: Builtin
  - TargetSid: S-1-5-32-544
  - SubjectUserSid: S-1-5-18
  - SubjectUserName: DC01$
  - SubjectDomainName: LKCLAB
  - SubjectLogonId: 0x3e7
  - CallerProcessId: 0x798
  - CallerProcessName: C:\Windows\System32\VSSVC.exe
---
Time: 2023-09-05T07:33:26Z
Event ID: 4799
Provider: Microsoft-Windows-Security-Auditing
Computer: DC01.lkclab.lab
Channel: Security
Event Data:
  - TargetUserName: Administrators
  - TargetDomainName: Builtin
  - TargetSid: S-1-5-32-544
  - SubjectUserSid: S-1-5-18
  - SubjectUserName: DC01$
  - SubjectDomainName: LKCLAB
  - SubjectLogonId: 0x3e7
  - CallerProcessId: 0xadc
  - CallerProcessName: C:\Windows\System32\ntdsutil.exe
---
Time: 2023-09-05T07:33:26Z
Event ID: 4799
Provider: Microsoft-Windows-Security-Auditing
Computer: DC01.lkclab.lab
Channel: Security
Event Data:
  - TargetUserName: Backup Operators
  - TargetDomainName: Builtin
  - TargetSid: S-1-5-32-551
  - SubjectUserSid: S-1-5-18
  - SubjectUserName: DC01$
  - SubjectDomainName: LKCLAB
  - SubjectLogonId: 0x3e7
  - CallerProcessId: 0xadc
  - CallerProcessName: C:\Windows\System32\ntdsutil.exe
---
Time: 2023-09-05T07:33:26Z
Event ID: 4799
Provider: Microsoft-Windows-Security-Auditing
Computer: DC01.lkclab.lab
Channel: Security
Event Data:
  - TargetUserName: Backup Operators
  - TargetDomainName: Builtin
  - TargetSid: S-1-5-32-551
  - SubjectUserSid: S-1-5-18
  - SubjectUserName: DC01$
  - SubjectDomainName: LKCLAB
  - SubjectLogonId: 0x3e7
  - CallerProcessId: 0xadc
  - CallerProcessName: C:\Windows\System32\ntdsutil.exe
---
Time: 2023-09-05T07:33:26Z
Event ID: 4799
Provider: Microsoft-Windows-Security-Auditing
Computer: DC01.lkclab.lab
Channel: Security
Event Data:
  - TargetUserName: Backup Operators
  - TargetDomainName: Builtin
  - TargetSid: S-1-5-32-551
  - SubjectUserSid: S-1-5-18
  - SubjectUserName: DC01$
  - SubjectDomainName: LKCLAB
  - SubjectLogonId: 0x3e7
  - CallerProcessId: 0xadc
  - CallerProcessName: C:\Windows\System32\ntdsutil.exe
---
Time: 2023-09-05T07:33:26Z
Event ID: 4799
Provider: Microsoft-Windows-Security-Auditing
Computer: DC01.lkclab.lab
Channel: Security
Event Data:
  - TargetUserName: Administrators
  - TargetDomainName: Builtin
  - TargetSid: S-1-5-32-544
  - SubjectUserSid: S-1-5-18
  - SubjectUserName: DC01$
  - SubjectDomainName: LKCLAB
  - SubjectLogonId: 0x3e7
  - CallerProcessId: 0xadc
  - CallerProcessName: C:\Windows\System32\ntdsutil.exe
---
Time: 2023-09-05T07:33:26Z
Event ID: 4672
Provider: Microsoft-Windows-Security-Auditing
Computer: DC01.lkclab.lab
Channel: Security
Event Data:
  - SubjectUserSid: S-1-5-18
  - SubjectUserName: SYSTEM
  - SubjectDomainName: NT AUTHORITY
  - SubjectLogonId: 0x3e7
  - PrivilegeList: SeAssignPrimaryTokenPrivilege, SeTcbPrivilege, SeSecurityPrivilege, SeTakeOwnershipPrivilege, SeLoadDriverPrivilege, SeBackupPrivilege, SeRestorePrivilege, SeDebugPrivilege, SeAuditPrivilege, SeSystemEnvironmentPrivilege, SeImpersonatePrivilege, SeDelegateSessionUserImpersonatePrivilege
---
Time: 2023-09-05T07:33:26Z
Event ID: 7036
Provider: Service Control Manager
Computer: DC01.lkclab.lab
Channel: System
Event Data:
  - param1: Volume Shadow Copy
  - param2: 執行中
---
Time: 2023-09-05T07:33:26Z
Event ID: 7036
Provider: Service Control Manager
Computer: DC01.lkclab.lab
Channel: System
Event Data:
  - param1: Microsoft Software Shadow Copy Provider
  - param2: 執行中
---
Time: 2023-09-05T07:33:27Z
Event ID: 2005
Provider: ESENT
Computer: DC01.lkclab.lab
Channel: Application
Event Data:
  - data: lsass, 848,G,0, , 1
---
Time: 2023-09-05T07:33:27Z
Event ID: 2001
Provider: ESENT
Computer: DC01.lkclab.lab
Channel: Application
Event Data:
  - data: lsass, 848,G,0, , 1
---
Time: 2023-09-05T07:33:27Z
Event ID: 2003
Provider: ESENT
Computer: DC01.lkclab.lab
Channel: Application
Event Data:
  - data: lsass, 848,G,0, , 1
---
Time: 2023-09-05T07:33:27Z
Event ID: 2006
Provider: ESENT
Computer: DC01.lkclab.lab
Channel: Application
Event Data:
  - data: lsass, 848,G,0, , 1
---
Time: 2023-09-05T07:33:27Z
Event ID: 4799
Provider: Microsoft-Windows-Security-Auditing
Computer: DC01.lkclab.lab
Channel: Security
Event Data:
  - TargetUserName: Administrators
  - TargetDomainName: Builtin
  - TargetSid: S-1-5-32-544
  - SubjectUserSid: S-1-5-18
  - SubjectUserName: DC01$
  - SubjectDomainName: LKCLAB
  - SubjectLogonId: 0x3e7
  - CallerProcessId: 0x798
  - CallerProcessName: C:\Windows\System32\VSSVC.exe
---
Time: 2023-09-05T07:33:27Z
Event ID: 4799
Provider: Microsoft-Windows-Security-Auditing
Computer: DC01.lkclab.lab
Channel: Security
Event Data:
  - TargetUserName: Administrators
  - TargetDomainName: Builtin
  - TargetSid: S-1-5-32-544
  - SubjectUserSid: S-1-5-18
  - SubjectUserName: DC01$
  - SubjectDomainName: LKCLAB
  - SubjectLogonId: 0x3e7
  - CallerProcessId: 0x798
  - CallerProcessName: C:\Windows\System32\VSSVC.exe
---
Time: 2023-09-05T07:33:27Z
Event ID: 4799
Provider: Microsoft-Windows-Security-Auditing
Computer: DC01.lkclab.lab
Channel: Security
Event Data:
  - TargetUserName: Backup Operators
  - TargetDomainName: Builtin
  - TargetSid: S-1-5-32-551
  - SubjectUserSid: S-1-5-18
  - SubjectUserName: DC01$
  - SubjectDomainName: LKCLAB
  - SubjectLogonId: 0x3e7
  - CallerProcessId: 0xadc
  - CallerProcessName: C:\Windows\System32\ntdsutil.exe
---
Time: 2023-09-05T07:33:27Z
Event ID: 4799
Provider: Microsoft-Windows-Security-Auditing
Computer: DC01.lkclab.lab
Channel: Security
Event Data:
  - TargetUserName: Backup Operators
  - TargetDomainName: Builtin
  - TargetSid: S-1-5-32-551
  - SubjectUserSid: S-1-5-18
  - SubjectUserName: DC01$
  - SubjectDomainName: LKCLAB
  - SubjectLogonId: 0x3e7
  - CallerProcessId: 0x798
  - CallerProcessName: C:\Windows\System32\VSSVC.exe
---
Time: 2023-09-05T07:33:27Z
Event ID: 4799
Provider: Microsoft-Windows-Security-Auditing
Computer: DC01.lkclab.lab
Channel: Security
Event Data:
  - TargetUserName: Administrators
  - TargetDomainName: Builtin
  - TargetSid: S-1-5-32-544
  - SubjectUserSid: S-1-5-18
  - SubjectUserName: DC01$
  - SubjectDomainName: LKCLAB
  - SubjectLogonId: 0x3e7
  - CallerProcessId: 0x798
  - CallerProcessName: C:\Windows\System32\VSSVC.exe
---
Time: 2023-09-05T07:33:27Z
Event ID: 4799
Provider: Microsoft-Windows-Security-Auditing
Computer: DC01.lkclab.lab
Channel: Security
Event Data:
  - TargetUserName: Backup Operators
  - TargetDomainName: Builtin
  - TargetSid: S-1-5-32-551
  - SubjectUserSid: S-1-5-18
  - SubjectUserName: DC01$
  - SubjectDomainName: LKCLAB
  - SubjectLogonId: 0x3e7
  - CallerProcessId: 0x798
  - CallerProcessName: C:\Windows\System32\VSSVC.exe
---
Time: 2023-09-05T07:33:27Z
Event ID: 4799
Provider: Microsoft-Windows-Security-Auditing
Computer: DC01.lkclab.lab
Channel: Security
Event Data:
  - TargetUserName: Backup Operators
  - TargetDomainName: Builtin
  - TargetSid: S-1-5-32-551
  - SubjectUserSid: S-1-5-18
  - SubjectUserName: DC01$
  - SubjectDomainName: LKCLAB
  - SubjectLogonId: 0x3e7
  - CallerProcessId: 0x798
  - CallerProcessName: C:\Windows\System32\VSSVC.exe
---
Time: 2023-09-05T07:33:27Z
Event ID: 4799
Provider: Microsoft-Windows-Security-Auditing
Computer: DC01.lkclab.lab
Channel: Security
Event Data:
  - TargetUserName: Administrators
  - TargetDomainName: Builtin
  - TargetSid: S-1-5-32-544
  - SubjectUserSid: S-1-5-18
  - SubjectUserName: DC01$
  - SubjectDomainName: LKCLAB
  - SubjectLogonId: 0x3e7
  - CallerProcessId: 0xadc
  - CallerProcessName: C:\Windows\System32\ntdsutil.exe
---
Time: 2023-09-05T07:33:27Z
Event ID: 4799
Provider: Microsoft-Windows-Security-Auditing
Computer: DC01.lkclab.lab
Channel: Security
Event Data:
  - TargetUserName: Backup Operators
  - TargetDomainName: Builtin
  - TargetSid: S-1-5-32-551
  - SubjectUserSid: S-1-5-18
  - SubjectUserName: DC01$
  - SubjectDomainName: LKCLAB
  - SubjectLogonId: 0x3e7
  - CallerProcessId: 0xadc
  - CallerProcessName: C:\Windows\System32\ntdsutil.exe
---
Time: 2023-09-05T07:33:27Z
Event ID: 4799
Provider: Microsoft-Windows-Security-Auditing
Computer: DC01.lkclab.lab
Channel: Security
Event Data:
  - TargetUserName: Backup Operators
  - TargetDomainName: Builtin
  - TargetSid: S-1-5-32-551
  - SubjectUserSid: S-1-5-18
  - SubjectUserName: DC01$
  - SubjectDomainName: LKCLAB
  - SubjectLogonId: 0x3e7
  - CallerProcessId: 0xadc
  - CallerProcessName: C:\Windows\System32\ntdsutil.exe
---
Time: 2023-09-05T07:33:27Z
Event ID: 4799
Provider: Microsoft-Windows-Security-Auditing
Computer: DC01.lkclab.lab
Channel: Security
Event Data:
  - TargetUserName: Administrators
  - TargetDomainName: Builtin
  - TargetSid: S-1-5-32-544
  - SubjectUserSid: S-1-5-18
  - SubjectUserName: DC01$
  - SubjectDomainName: LKCLAB
  - SubjectLogonId: 0x3e7
  - CallerProcessId: 0x798
  - CallerProcessName: C:\Windows\System32\VSSVC.exe
---
Time: 2023-09-05T07:33:27Z
Event ID: 4799
Provider: Microsoft-Windows-Security-Auditing
Computer: DC01.lkclab.lab
Channel: Security
Event Data:
  - TargetUserName: Administrators
  - TargetDomainName: Builtin
  - TargetSid: S-1-5-32-544
  - SubjectUserSid: S-1-5-18
  - SubjectUserName: DC01$
  - SubjectDomainName: LKCLAB
  - SubjectLogonId: 0x3e7
  - CallerProcessId: 0x798
  - CallerProcessName: C:\Windows\System32\VSSVC.exe
---
Time: 2023-09-05T07:33:27Z
Event ID: 4799
Provider: Microsoft-Windows-Security-Auditing
Computer: DC01.lkclab.lab
Channel: Security
Event Data:
  - TargetUserName: Administrators
  - TargetDomainName: Builtin
  - TargetSid: S-1-5-32-544
  - SubjectUserSid: S-1-5-18
  - SubjectUserName: DC01$
  - SubjectDomainName: LKCLAB
  - SubjectLogonId: 0x3e7
  - CallerProcessId: 0xadc
  - CallerProcessName: C:\Windows\System32\ntdsutil.exe
---
Time: 2023-09-05T07:33:27Z
Event ID: 4799
Provider: Microsoft-Windows-Security-Auditing
Computer: DC01.lkclab.lab
Channel: Security
Event Data:
  - TargetUserName: Backup Operators
  - TargetDomainName: Builtin
  - TargetSid: S-1-5-32-551
  - SubjectUserSid: S-1-5-18
  - SubjectUserName: DC01$
  - SubjectDomainName: LKCLAB
  - SubjectLogonId: 0x3e7
  - CallerProcessId: 0x798
  - CallerProcessName: C:\Windows\System32\VSSVC.exe
---
Time: 2023-09-05T07:33:27Z
Event ID: 4799
Provider: Microsoft-Windows-Security-Auditing
Computer: DC01.lkclab.lab
Channel: Security
Event Data:
  - TargetUserName: Backup Operators
  - TargetDomainName: Builtin
  - TargetSid: S-1-5-32-551
  - SubjectUserSid: S-1-5-18
  - SubjectUserName: DC01$
  - SubjectDomainName: LKCLAB
  - SubjectLogonId: 0x3e7
  - CallerProcessId: 0xadc
  - CallerProcessName: C:\Windows\System32\ntdsutil.exe
---
Time: 2023-09-05T07:33:27Z
Event ID: 4799
Provider: Microsoft-Windows-Security-Auditing
Computer: DC01.lkclab.lab
Channel: Security
Event Data:
  - TargetUserName: Backup Operators
  - TargetDomainName: Builtin
  - TargetSid: S-1-5-32-551
  - SubjectUserSid: S-1-5-18
  - SubjectUserName: DC01$
  - SubjectDomainName: LKCLAB
  - SubjectLogonId: 0x3e7
  - CallerProcessId: 0x798
  - CallerProcessName: C:\Windows\System32\VSSVC.exe
---
Time: 2023-09-05T07:33:27Z
Event ID: 4799
Provider: Microsoft-Windows-Security-Auditing
Computer: DC01.lkclab.lab
Channel: Security
Event Data:
  - TargetUserName: Administrators
  - TargetDomainName: Builtin
  - TargetSid: S-1-5-32-544
  - SubjectUserSid: S-1-5-18
  - SubjectUserName: DC01$
  - SubjectDomainName: LKCLAB
  - SubjectLogonId: 0x3e7
  - CallerProcessId: 0x798
  - CallerProcessName: C:\Windows\System32\VSSVC.exe
---
Time: 2023-09-05T07:33:27Z
Event ID: 4799
Provider: Microsoft-Windows-Security-Auditing
Computer: DC01.lkclab.lab
Channel: Security
Event Data:
  - TargetUserName: Backup Operators
  - TargetDomainName: Builtin
  - TargetSid: S-1-5-32-551
  - SubjectUserSid: S-1-5-18
  - SubjectUserName: DC01$
  - SubjectDomainName: LKCLAB
  - SubjectLogonId: 0x3e7
  - CallerProcessId: 0xadc
  - CallerProcessName: C:\Windows\System32\ntdsutil.exe
---
Time: 2023-09-05T07:33:27Z
Event ID: 4799
Provider: Microsoft-Windows-Security-Auditing
Computer: DC01.lkclab.lab
Channel: Security
Event Data:
  - TargetUserName: Backup Operators
  - TargetDomainName: Builtin
  - TargetSid: S-1-5-32-551
  - SubjectUserSid: S-1-5-18
  - SubjectUserName: DC01$
  - SubjectDomainName: LKCLAB
  - SubjectLogonId: 0x3e7
  - CallerProcessId: 0xadc
  - CallerProcessName: C:\Windows\System32\ntdsutil.exe
---
Time: 2023-09-05T07:33:27Z
Event ID: 4799
Provider: Microsoft-Windows-Security-Auditing
Computer: DC01.lkclab.lab
Channel: Security
Event Data:
  - TargetUserName: Backup Operators
  - TargetDomainName: Builtin
  - TargetSid: S-1-5-32-551
  - SubjectUserSid: S-1-5-18
  - SubjectUserName: DC01$
  - SubjectDomainName: LKCLAB
  - SubjectLogonId: 0x3e7
  - CallerProcessId: 0xadc
  - CallerProcessName: C:\Windows\System32\ntdsutil.exe
---
Time: 2023-09-05T07:33:27Z
Event ID: 4799
Provider: Microsoft-Windows-Security-Auditing
Computer: DC01.lkclab.lab
Channel: Security
Event Data:
  - TargetUserName: Backup Operators
  - TargetDomainName: Builtin
  - TargetSid: S-1-5-32-551
  - SubjectUserSid: S-1-5-18
  - SubjectUserName: DC01$
  - SubjectDomainName: LKCLAB
  - SubjectLogonId: 0x3e7
  - CallerProcessId: 0xadc
  - CallerProcessName: C:\Windows\System32\ntdsutil.exe
---
Time: 2023-09-05T07:33:27Z
Event ID: 4799
Provider: Microsoft-Windows-Security-Auditing
Computer: DC01.lkclab.lab
Channel: Security
Event Data:
  - TargetUserName: Backup Operators
  - TargetDomainName: Builtin
  - TargetSid: S-1-5-32-551
  - SubjectUserSid: S-1-5-18
  - SubjectUserName: DC01$
  - SubjectDomainName: LKCLAB
  - SubjectLogonId: 0x3e7
  - CallerProcessId: 0xadc
  - CallerProcessName: C:\Windows\System32\ntdsutil.exe
---
Time: 2023-09-05T07:33:27Z
Event ID: 4799
Provider: Microsoft-Windows-Security-Auditing
Computer: DC01.lkclab.lab
Channel: Security
Event Data:
  - TargetUserName: Administrators
  - TargetDomainName: Builtin
  - TargetSid: S-1-5-32-544
  - SubjectUserSid: S-1-5-18
  - SubjectUserName: DC01$
  - SubjectDomainName: LKCLAB
  - SubjectLogonId: 0x3e7
  - CallerProcessId: 0xadc
  - CallerProcessName: C:\Windows\System32\ntdsutil.exe
---
Time: 2023-09-05T07:33:27Z
Event ID: 4799
Provider: Microsoft-Windows-Security-Auditing
Computer: DC01.lkclab.lab
Channel: Security
Event Data:
  - TargetUserName: Backup Operators
  - TargetDomainName: Builtin
  - TargetSid: S-1-5-32-551
  - SubjectUserSid: S-1-5-18
  - SubjectUserName: DC01$
  - SubjectDomainName: LKCLAB
  - SubjectLogonId: 0x3e7
  - CallerProcessId: 0xadc
  - CallerProcessName: C:\Windows\System32\ntdsutil.exe
---
Time: 2023-09-05T07:33:27Z
Event ID: 4799
Provider: Microsoft-Windows-Security-Auditing
Computer: DC01.lkclab.lab
Channel: Security
Event Data:
  - TargetUserName: Backup Operators
  - TargetDomainName: Builtin
  - TargetSid: S-1-5-32-551
  - SubjectUserSid: S-1-5-18
  - SubjectUserName: DC01$
  - SubjectDomainName: LKCLAB
  - SubjectLogonId: 0x3e7
  - CallerProcessId: 0xadc
  - CallerProcessName: C:\Windows\System32\ntdsutil.exe
---
Time: 2023-09-05T07:33:27Z
Event ID: 4799
Provider: Microsoft-Windows-Security-Auditing
Computer: DC01.lkclab.lab
Channel: Security
Event Data:
  - TargetUserName: Administrators
  - TargetDomainName: Builtin
  - TargetSid: S-1-5-32-544
  - SubjectUserSid: S-1-5-18
  - SubjectUserName: DC01$
  - SubjectDomainName: LKCLAB
  - SubjectLogonId: 0x3e7
  - CallerProcessId: 0xadc
  - CallerProcessName: C:\Windows\System32\ntdsutil.exe
---
Time: 2023-09-05T07:33:27Z
Event ID: 4799
Provider: Microsoft-Windows-Security-Auditing
Computer: DC01.lkclab.lab
Channel: Security
Event Data:
  - TargetUserName: Administrators
  - TargetDomainName: Builtin
  - TargetSid: S-1-5-32-544
  - SubjectUserSid: S-1-5-18
  - SubjectUserName: DC01$
  - SubjectDomainName: LKCLAB
  - SubjectLogonId: 0x3e7
  - CallerProcessId: 0xadc
  - CallerProcessName: C:\Windows\System32\ntdsutil.exe
---
Time: 2023-09-05T07:33:27Z
Event ID: 4799
Provider: Microsoft-Windows-Security-Auditing
Computer: DC01.lkclab.lab
Channel: Security
Event Data:
  - TargetUserName: Administrators
  - TargetDomainName: Builtin
  - TargetSid: S-1-5-32-544
  - SubjectUserSid: S-1-5-18
  - SubjectUserName: DC01$
  - SubjectDomainName: LKCLAB
  - SubjectLogonId: 0x3e7
  - CallerProcessId: 0xadc
  - CallerProcessName: C:\Windows\System32\ntdsutil.exe
---
Time: 2023-09-05T07:33:27Z
Event ID: 4799
Provider: Microsoft-Windows-Security-Auditing
Computer: DC01.lkclab.lab
Channel: Security
Event Data:
  - TargetUserName: Administrators
  - TargetDomainName: Builtin
  - TargetSid: S-1-5-32-544
  - SubjectUserSid: S-1-5-18
  - SubjectUserName: DC01$
  - SubjectDomainName: LKCLAB
  - SubjectLogonId: 0x3e7
  - CallerProcessId: 0xadc
  - CallerProcessName: C:\Windows\System32\ntdsutil.exe
---
Time: 2023-09-05T07:33:27Z
Event ID: 4799
Provider: Microsoft-Windows-Security-Auditing
Computer: DC01.lkclab.lab
Channel: Security
Event Data:
  - TargetUserName: Backup Operators
  - TargetDomainName: Builtin
  - TargetSid: S-1-5-32-551
  - SubjectUserSid: S-1-5-18
  - SubjectUserName: DC01$
  - SubjectDomainName: LKCLAB
  - SubjectLogonId: 0x3e7
  - CallerProcessId: 0xadc
  - CallerProcessName: C:\Windows\System32\ntdsutil.exe
---
Time: 2023-09-05T07:33:27Z
Event ID: 4799
Provider: Microsoft-Windows-Security-Auditing
Computer: DC01.lkclab.lab
Channel: Security
Event Data:
  - TargetUserName: Administrators
  - TargetDomainName: Builtin
  - TargetSid: S-1-5-32-544
  - SubjectUserSid: S-1-5-18
  - SubjectUserName: DC01$
  - SubjectDomainName: LKCLAB
  - SubjectLogonId: 0x3e7
  - CallerProcessId: 0x798
  - CallerProcessName: C:\Windows\System32\VSSVC.exe
---
Time: 2023-09-05T07:33:27Z
Event ID: 4799
Provider: Microsoft-Windows-Security-Auditing
Computer: DC01.lkclab.lab
Channel: Security
Event Data:
  - TargetUserName: Backup Operators
  - TargetDomainName: Builtin
  - TargetSid: S-1-5-32-551
  - SubjectUserSid: S-1-5-18
  - SubjectUserName: DC01$
  - SubjectDomainName: LKCLAB
  - SubjectLogonId: 0x3e7
  - CallerProcessId: 0x798
  - CallerProcessName: C:\Windows\System32\VSSVC.exe
---
Time: 2023-09-05T07:33:27Z
Event ID: 4799
Provider: Microsoft-Windows-Security-Auditing
Computer: DC01.lkclab.lab
Channel: Security
Event Data:
  - TargetUserName: Administrators
  - TargetDomainName: Builtin
  - TargetSid: S-1-5-32-544
  - SubjectUserSid: S-1-5-18
  - SubjectUserName: DC01$
  - SubjectDomainName: LKCLAB
  - SubjectLogonId: 0x3e7
  - CallerProcessId: 0x798
  - CallerProcessName: C:\Windows\System32\VSSVC.exe
---
Time: 2023-09-05T07:33:27Z
Event ID: 4799
Provider: Microsoft-Windows-Security-Auditing
Computer: DC01.lkclab.lab
Channel: Security
Event Data:
  - TargetUserName: Administrators
  - TargetDomainName: Builtin
  - TargetSid: S-1-5-32-544
  - SubjectUserSid: S-1-5-18
  - SubjectUserName: DC01$
  - SubjectDomainName: LKCLAB
  - SubjectLogonId: 0x3e7
  - CallerProcessId: 0x798
  - CallerProcessName: C:\Windows\System32\VSSVC.exe
---
Time: 2023-09-05T07:33:27Z
Event ID: 4799
Provider: Microsoft-Windows-Security-Auditing
Computer: DC01.lkclab.lab
Channel: Security
Event Data:
  - TargetUserName: Backup Operators
  - TargetDomainName: Builtin
  - TargetSid: S-1-5-32-551
  - SubjectUserSid: S-1-5-18
  - SubjectUserName: DC01$
  - SubjectDomainName: LKCLAB
  - SubjectLogonId: 0x3e7
  - CallerProcessId: 0x798
  - CallerProcessName: C:\Windows\System32\VSSVC.exe
---
Time: 2023-09-05T07:33:27Z
Event ID: 4799
Provider: Microsoft-Windows-Security-Auditing
Computer: DC01.lkclab.lab
Channel: Security
Event Data:
  - TargetUserName: Backup Operators
  - TargetDomainName: Builtin
  - TargetSid: S-1-5-32-551
  - SubjectUserSid: S-1-5-18
  - SubjectUserName: DC01$
  - SubjectDomainName: LKCLAB
  - SubjectLogonId: 0x3e7
  - CallerProcessId: 0x798
  - CallerProcessName: C:\Windows\System32\VSSVC.exe
---
Time: 2023-09-05T07:33:27Z
Event ID: 4799
Provider: Microsoft-Windows-Security-Auditing
Computer: DC01.lkclab.lab
Channel: Security
Event Data:
  - TargetUserName: Administrators
  - TargetDomainName: Builtin
  - TargetSid: S-1-5-32-544
  - SubjectUserSid: S-1-5-18
  - SubjectUserName: DC01$
  - SubjectDomainName: LKCLAB
  - SubjectLogonId: 0x3e7
  - CallerProcessId: 0xadc
  - CallerProcessName: C:\Windows\System32\ntdsutil.exe
---
Time: 2023-09-05T07:33:27Z
Event ID: 4799
Provider: Microsoft-Windows-Security-Auditing
Computer: DC01.lkclab.lab
Channel: Security
Event Data:
  - TargetUserName: Backup Operators
  - TargetDomainName: Builtin
  - TargetSid: S-1-5-32-551
  - SubjectUserSid: S-1-5-18
  - SubjectUserName: DC01$
  - SubjectDomainName: LKCLAB
  - SubjectLogonId: 0x3e7
  - CallerProcessId: 0x798
  - CallerProcessName: C:\Windows\System32\VSSVC.exe
---
Time: 2023-09-05T07:33:27Z
Event ID: 4799
Provider: Microsoft-Windows-Security-Auditing
Computer: DC01.lkclab.lab
Channel: Security
Event Data:
  - TargetUserName: Administrators
  - TargetDomainName: Builtin
  - TargetSid: S-1-5-32-544
  - SubjectUserSid: S-1-5-18
  - SubjectUserName: DC01$
  - SubjectDomainName: LKCLAB
  - SubjectLogonId: 0x3e7
  - CallerProcessId: 0x798
  - CallerProcessName: C:\Windows\System32\VSSVC.exe
---
Time: 2023-09-05T07:33:27Z
Event ID: 4799
Provider: Microsoft-Windows-Security-Auditing
Computer: DC01.lkclab.lab
Channel: Security
Event Data:
  - TargetUserName: Backup Operators
  - TargetDomainName: Builtin
  - TargetSid: S-1-5-32-551
  - SubjectUserSid: S-1-5-18
  - SubjectUserName: DC01$
  - SubjectDomainName: LKCLAB
  - SubjectLogonId: 0x3e7
  - CallerProcessId: 0x798
  - CallerProcessName: C:\Windows\System32\VSSVC.exe
---
Time: 2023-09-05T07:33:27Z
Event ID: 4799
Provider: Microsoft-Windows-Security-Auditing
Computer: DC01.lkclab.lab
Channel: Security
Event Data:
  - TargetUserName: Administrators
  - TargetDomainName: Builtin
  - TargetSid: S-1-5-32-544
  - SubjectUserSid: S-1-5-18
  - SubjectUserName: DC01$
  - SubjectDomainName: LKCLAB
  - SubjectLogonId: 0x3e7
  - CallerProcessId: 0x798
  - CallerProcessName: C:\Windows\System32\VSSVC.exe
---
Time: 2023-09-05T07:33:27Z
Event ID: 4799
Provider: Microsoft-Windows-Security-Auditing
Computer: DC01.lkclab.lab
Channel: Security
Event Data:
  - TargetUserName: Administrators
  - TargetDomainName: Builtin
  - TargetSid: S-1-5-32-544
  - SubjectUserSid: S-1-5-18
  - SubjectUserName: DC01$
  - SubjectDomainName: LKCLAB
  - SubjectLogonId: 0x3e7
  - CallerProcessId: 0x798
  - CallerProcessName: C:\Windows\System32\VSSVC.exe
---
Time: 2023-09-05T07:33:27Z
Event ID: 4799
Provider: Microsoft-Windows-Security-Auditing
Computer: DC01.lkclab.lab
Channel: Security
Event Data:
  - TargetUserName: Backup Operators
  - TargetDomainName: Builtin
  - TargetSid: S-1-5-32-551
  - SubjectUserSid: S-1-5-18
  - SubjectUserName: DC01$
  - SubjectDomainName: LKCLAB
  - SubjectLogonId: 0x3e7
  - CallerProcessId: 0x798
  - CallerProcessName: C:\Windows\System32\VSSVC.exe
---
Time: 2023-09-05T07:33:27Z
Event ID: 4799
Provider: Microsoft-Windows-Security-Auditing
Computer: DC01.lkclab.lab
Channel: Security
Event Data:
  - TargetUserName: Backup Operators
  - TargetDomainName: Builtin
  - TargetSid: S-1-5-32-551
  - SubjectUserSid: S-1-5-18
  - SubjectUserName: DC01$
  - SubjectDomainName: LKCLAB
  - SubjectLogonId: 0x3e7
  - CallerProcessId: 0x798
  - CallerProcessName: C:\Windows\System32\VSSVC.exe
---
Time: 2023-09-05T07:33:27Z
Event ID: 4799
Provider: Microsoft-Windows-Security-Auditing
Computer: DC01.lkclab.lab
Channel: Security
Event Data:
  - TargetUserName: Administrators
  - TargetDomainName: Builtin
  - TargetSid: S-1-5-32-544
  - SubjectUserSid: S-1-5-18
  - SubjectUserName: DC01$
  - SubjectDomainName: LKCLAB
  - SubjectLogonId: 0x3e7
  - CallerProcessId: 0xadc
  - CallerProcessName: C:\Windows\System32\ntdsutil.exe
---
Time: 2023-09-05T07:33:27Z
Event ID: 4799
Provider: Microsoft-Windows-Security-Auditing
Computer: DC01.lkclab.lab
Channel: Security
Event Data:
  - TargetUserName: Administrators
  - TargetDomainName: Builtin
  - TargetSid: S-1-5-32-544
  - SubjectUserSid: S-1-5-18
  - SubjectUserName: DC01$
  - SubjectDomainName: LKCLAB
  - SubjectLogonId: 0x3e7
  - CallerProcessId: 0xadc
  - CallerProcessName: C:\Windows\System32\ntdsutil.exe
---
Time: 2023-09-05T07:33:27Z
Event ID: 4799
Provider: Microsoft-Windows-Security-Auditing
Computer: DC01.lkclab.lab
Channel: Security
Event Data:
  - TargetUserName: Backup Operators
  - TargetDomainName: Builtin
  - TargetSid: S-1-5-32-551
  - SubjectUserSid: S-1-5-18
  - SubjectUserName: DC01$
  - SubjectDomainName: LKCLAB
  - SubjectLogonId: 0x3e7
  - CallerProcessId: 0xadc
  - CallerProcessName: C:\Windows\System32\ntdsutil.exe
---
Time: 2023-09-05T07:33:27Z
Event ID: 4799
Provider: Microsoft-Windows-Security-Auditing
Computer: DC01.lkclab.lab
Channel: Security
Event Data:
  - TargetUserName: Backup Operators
  - TargetDomainName: Builtin
  - TargetSid: S-1-5-32-551
  - SubjectUserSid: S-1-5-18
  - SubjectUserName: DC01$
  - SubjectDomainName: LKCLAB
  - SubjectLogonId: 0x3e7
  - CallerProcessId: 0xadc
  - CallerProcessName: C:\Windows\System32\ntdsutil.exe
---
Time: 2023-09-05T07:33:27Z
Event ID: 4799
Provider: Microsoft-Windows-Security-Auditing
Computer: DC01.lkclab.lab
Channel: Security
Event Data:
  - TargetUserName: Backup Operators
  - TargetDomainName: Builtin
  - TargetSid: S-1-5-32-551
  - SubjectUserSid: S-1-5-18
  - SubjectUserName: DC01$
  - SubjectDomainName: LKCLAB
  - SubjectLogonId: 0x3e7
  - CallerProcessId: 0xadc
  - CallerProcessName: C:\Windows\System32\ntdsutil.exe
---
Time: 2023-09-05T07:33:27Z
Event ID: 4799
Provider: Microsoft-Windows-Security-Auditing
Computer: DC01.lkclab.lab
Channel: Security
Event Data:
  - TargetUserName: Backup Operators
  - TargetDomainName: Builtin
  - TargetSid: S-1-5-32-551
  - SubjectUserSid: S-1-5-18
  - SubjectUserName: DC01$
  - SubjectDomainName: LKCLAB
  - SubjectLogonId: 0x3e7
  - CallerProcessId: 0xadc
  - CallerProcessName: C:\Windows\System32\ntdsutil.exe
---
Time: 2023-09-05T07:33:27Z
Event ID: 4799
Provider: Microsoft-Windows-Security-Auditing
Computer: DC01.lkclab.lab
Channel: Security
Event Data:
  - TargetUserName: Administrators
  - TargetDomainName: Builtin
  - TargetSid: S-1-5-32-544
  - SubjectUserSid: S-1-5-18
  - SubjectUserName: DC01$
  - SubjectDomainName: LKCLAB
  - SubjectLogonId: 0x3e7
  - CallerProcessId: 0x798
  - CallerProcessName: C:\Windows\System32\VSSVC.exe
---
