Time: 2023-09-05T07:36:25Z
Event ID: 4624
Provider: Microsoft-Windows-Security-Auditing
Computer: DC01.lkclab.lab
Channel: Security
Event Data:
  - SubjectUserSid: S-1-0-0
  - SubjectUserName: -
  - SubjectDomainName: -
  - SubjectLogonId: 0x0
  - TargetUserSid: S-1-5-21-2887521831-3947415683-1267350263-1113
  - TargetUserName: MAIL$
  - TargetDomainName: LKCLAB.LAB
  - TargetLogonId: 0x7d4077
  - LogonType: 3
  - LogonProcessName: Kerberos
  - AuthenticationPackageName: Kerberos
  - WorkstationName: -
  - LogonGuid: {e21aefa2-7820-58c7-43c4-304a953de487}
  - TransmittedServices: -
  - LmPackageName: -
  - KeyLength: 0
  - ProcessId: 0x0
  - ProcessName: -
  - IpAddress: 10.253.44.11
  - IpPort: 9921
  - ImpersonationLevel: %%1833
  - RestrictedAdminMode: -
  - TargetOutboundUserName: -
  - TargetOutboundDomainName: -
  - VirtualAccount: %%1843
  - TargetLinkedLogonId: 0x0
  - ElevatedToken: %%1842
---
Time: 2023-09-05T07:36:25Z
Event ID: 4634
Provider: Microsoft-Windows-Security-Auditing
Computer: DC01.lkclab.lab
Channel: Security
Event Data:
  - TargetUserSid: S-1-5-21-2887521831-3947415683-1267350263-1113
  - TargetUserName: MAIL$
  - TargetDomainName: LKCLAB
  - TargetLogonId: 0x7d4077
  - LogonType: 3
---
Time: 2023-09-05T07:36:25Z
Event ID: 4624
Provider: Microsoft-Windows-Security-Auditing
Computer: DC01.lkclab.lab
Channel: Security
Event Data:
  - SubjectUserSid: S-1-0-0
  - SubjectUserName: -
  - SubjectDomainName: -
  - SubjectLogonId: 0x0
  - TargetUserSid: S-1-5-21-2887521831-3947415683-1267350263-1113
  - TargetUserName: MAIL$
  - TargetDomainName: LKCLAB.LAB
  - TargetLogonId: 0x7d408e
  - LogonType: 3
  - LogonProcessName: Kerberos
  - AuthenticationPackageName: Kerberos
  - WorkstationName: -
  - LogonGuid: {e21aefa2-7820-58c7-43c4-304a953de487}
  - TransmittedServices: -
  - LmPackageName: -
  - KeyLength: 0
  - ProcessId: 0x0
  - ProcessName: -
  - IpAddress: 10.253.44.11
  - IpPort: 9922
  - ImpersonationLevel: %%1833
  - RestrictedAdminMode: -
  - TargetOutboundUserName: -
  - TargetOutboundDomainName: -
  - VirtualAccount: %%1843
  - TargetLinkedLogonId: 0x0
  - ElevatedToken: %%1842
---
Time: 2023-09-05T07:36:25Z
Event ID: 4672
Provider: Microsoft-Windows-Security-Auditing
Computer: DC01.lkclab.lab
Channel: Security
Event Data:
  - SubjectUserSid: S-1-5-21-2887521831-3947415683-1267350263-1113
  - SubjectUserName: MAIL$
  - SubjectDomainName: LKCLAB
  - SubjectLogonId: 0x7d40aa
  - PrivilegeList: SeSecurityPrivilege
---
Time: 2023-09-05T07:36:25Z
Event ID: 4624
Provider: Microsoft-Windows-Security-Auditing
Computer: DC01.lkclab.lab
Channel: Security
Event Data:
  - SubjectUserSid: S-1-0-0
  - SubjectUserName: -
  - SubjectDomainName: -
  - SubjectLogonId: 0x0
  - TargetUserSid: S-1-5-21-2887521831-3947415683-1267350263-1113
  - TargetUserName: MAIL$
  - TargetDomainName: LKCLAB.LAB
  - TargetLogonId: 0x7d40aa
  - LogonType: 3
  - LogonProcessName: Kerberos
  - AuthenticationPackageName: Kerberos
  - WorkstationName: -
  - LogonGuid: {e21aefa2-7820-58c7-43c4-304a953de487}
  - TransmittedServices: -
  - LmPackageName: -
  - KeyLength: 0
  - ProcessId: 0x0
  - ProcessName: -
  - IpAddress: 10.253.44.11
  - IpPort: 9923
  - ImpersonationLevel: %%1833
  - RestrictedAdminMode: -
  - TargetOutboundUserName: -
  - TargetOutboundDomainName: -
  - VirtualAccount: %%1843
  - TargetLinkedLogonId: 0x0
  - ElevatedToken: %%1842
---
Time: 2023-09-05T07:36:27Z
Event ID: 4634
Provider: Microsoft-Windows-Security-Auditing
Computer: DC01.lkclab.lab
Channel: Security
Event Data:
  - TargetUserSid: S-1-5-18
  - TargetUserName: DC01$
  - TargetDomainName: LKCLAB
  - TargetLogonId: 0x7cfe70
  - LogonType: 3
---
Time: 2023-09-05T07:36:39Z
Event ID: 4634
Provider: Microsoft-Windows-Security-Auditing
Computer: DC01.lkclab.lab
Channel: Security
Event Data:
  - TargetUserSid: S-1-5-21-2887521831-3947415683-1267350263-1113
  - TargetUserName: MAIL$
  - TargetDomainName: LKCLAB
  - TargetLogonId: 0x7d40aa
  - LogonType: 3
---
Time: 2023-09-05T07:36:42Z
Event ID: 1001
Provider: Windows Error Reporting
Computer: DC01.lkclab.lab
Channel: Application
Event Data:
  - ErrorCode: 
  - Stage: 0
  - FailureType: CbsPackageServicingFailure2
  - Reason: 無法使用
  - Retries: 0
  - OSVersion: 10.0.17763.3641
  - PackageName: Microsoft-Windows-InternationalFeatures-Taiwan-Package
  - PackageVersion: 10.0.17763.1
  - Architecture: amd64
  - InstallContext: unknown
  - ErrorHex: 80072ee2
  - InstallSource: CBS Other
  - PackageState: Absent
  - ExpectedState: Absent
  - InstallMethod: FodHelper(LanguageFeaturesOnDemand)
  - LogPaths: \\?\C:\ProgramData\Microsoft\Windows\WER\Temp\WERDA80.tmp.WERInternalMetadata.xml
  - ReportPath: \\?\C:\ProgramData\Microsoft\Windows\WER\ReportQueue\Critical_10.0.17763.3641_b7d62c889f69dd0cefd81e92c1ce620dce296_00000000_05865c6a
  - Reserved1: 
  - RetryCount: 0
  - ReportId: 3368bb7f-c074-492e-9753-8fa684425807
  - SomethingElse: 4196
  - ExtraField: 
  - FinalField: 0
---
Time: 2023-09-05T07:36:42Z
Event ID: 5379
Provider: Microsoft-Windows-Security-Auditing
Computer: DC01.lkclab.lab
Channel: Security
Event Data:
  - SubjectUserSid: S-1-5-18
  - SubjectUserName: DC01$
  - SubjectDomainName: LKCLAB
  - SubjectLogonId: 0x3e7
  - TargetName: MicrosoftAccount:user=02npxyaysynetqvo
  - Type: 0
  - CountOfCredentialsReturned: 0
  - ReadOperation: %%8100
  - ReturnCode: 3221226021
  - ProcessCreationTime: 2023-07-18T07:29:14.699182900Z
  - ClientProcessId: 2216
---
Time: 2023-09-05T07:36:42Z
Event ID: 5379
Provider: Microsoft-Windows-Security-Auditing
Computer: DC01.lkclab.lab
Channel: Security
Event Data:
  - SubjectUserSid: S-1-5-18
  - SubjectUserName: DC01$
  - SubjectDomainName: LKCLAB
  - SubjectLogonId: 0x3e7
  - TargetName: WindowsLive:(token):name=02npxyaysynetqvo;serviceuri=*
  - Type: 0
  - CountOfCredentialsReturned: 0
  - ReadOperation: %%8100
  - ReturnCode: 3221226021
  - ProcessCreationTime: 2023-07-18T07:29:14.699182900Z
  - ClientProcessId: 2216
---
Time: 2023-09-05T07:36:42Z
Event ID: 5379
Provider: Microsoft-Windows-Security-Auditing
Computer: DC01.lkclab.lab
Channel: Security
Event Data:
  - SubjectUserSid: S-1-5-18
  - SubjectUserName: DC01$
  - SubjectDomainName: LKCLAB
  - SubjectLogonId: 0x3e7
  - TargetName: WindowsLive:(cert):name=02npxyaysynetqvo;serviceuri=*
  - Type: 0
  - CountOfCredentialsReturned: 0
  - ReadOperation: %%8100
  - ReturnCode: 3221226021
  - ProcessCreationTime: 2023-07-18T07:29:14.699182900Z
  - ClientProcessId: 2216
---
Time: 2023-09-05T07:36:46Z
Event ID: 4672
Provider: Microsoft-Windows-Security-Auditing
Computer: DC01.lkclab.lab
Channel: Security
Event Data:
  - SubjectUserSid: S-1-5-18
  - SubjectUserName: DC01$
  - SubjectDomainName: LKCLAB
  - SubjectLogonId: 0x7d5c0c
  - PrivilegeList: SeSecurityPrivilege, SeBackupPrivilege, SeRestorePrivilege, SeTakeOwnershipPrivilege, SeDebugPrivilege, SeSystemEnvironmentPrivilege, SeLoadDriverPrivilege, SeImpersonatePrivilege, SeDelegateSessionUserImpersonatePrivilege, SeEnableDelegationPrivilege
---
Time: 2023-09-05T07:36:46Z
Event ID: 4624
Provider: Microsoft-Windows-Security-Auditing
Computer: DC01.lkclab.lab
Channel: Security
Event Data:
  - SubjectUserSid: S-1-0-0
  - SubjectUserName: -
  - SubjectDomainName: -
  - SubjectLogonId: 0x0
  - TargetUserSid: S-1-5-18
  - TargetUserName: DC01$
  - TargetDomainName: LKCLAB.LAB
  - TargetLogonId: 0x7d5c0c
  - LogonType: 3
  - LogonProcessName: Kerberos
  - AuthenticationPackageName: Kerberos
  - WorkstationName: -
  - LogonGuid: {38d81b03-c2c7-9a8d-062a-29ee21dfa1bf}
  - TransmittedServices: -
  - LmPackageName: -
  - KeyLength: 0
  - ProcessId: 0x0
  - ProcessName: -
  - IpAddress: ::1
  - IpPort: 51827
  - ImpersonationLevel: %%1833
  - RestrictedAdminMode: -
  - TargetOutboundUserName: -
  - TargetOutboundDomainName: -
  - VirtualAccount: %%1843
  - TargetLinkedLogonId: 0x0
  - ElevatedToken: %%1842
---
Time: 2023-09-05T07:36:46Z
Event ID: 4634
Provider: Microsoft-Windows-Security-Auditing
Computer: DC01.lkclab.lab
Channel: Security
Event Data:
  - TargetUserSid: S-1-5-18
  - TargetUserName: DC01$
  - TargetDomainName: LKCLAB
  - TargetLogonId: 0x7d5c0c
  - LogonType: 3
---
Time: 2023-09-05T07:37:02Z
Event ID: 4776
Provider: Microsoft-Windows-Security-Auditing
Computer: DC01.lkclab.lab
Channel: Security
Event Data:
  - PackageName: MICROSOFT_AUTHENTICATION_PACKAGE_V1_0
  - TargetUserName: HealthMailbox1458d2b01cab43eea84e4bec08616267@lkclab.lab
  - Workstation: MAIL
  - Status: 0x0
---
Time: 2023-09-05T07:37:02Z
Event ID: 4776
Provider: Microsoft-Windows-Security-Auditing
Computer: DC01.lkclab.lab
Channel: Security
Event Data:
  - PackageName: MICROSOFT_AUTHENTICATION_PACKAGE_V1_0
  - TargetUserName: HealthMailbox1458d2b01cab43eea84e4bec08616267@lkclab.lab
  - Workstation: MAIL
  - Status: 0x0
---
Time: 2023-09-05T07:37:02Z
Event ID: 4776
Provider: Microsoft-Windows-Security-Auditing
Computer: DC01.lkclab.lab
Channel: Security
Event Data:
  - PackageName: MICROSOFT_AUTHENTICATION_PACKAGE_V1_0
  - TargetUserName: HealthMailbox1458d2b01cab43eea84e4bec08616267@lkclab.lab
  - Workstation: MAIL
  - Status: 0x0
---
Time: 2023-09-05T07:37:36Z
Event ID: 4768
Provider: Microsoft-Windows-Security-Auditing
Computer: DC01.lkclab.lab
Channel: Security
Event Data:
  - TargetUserName: HealthMailboxd5e963c
  - TargetDomainName: LKCLAB.LAB
  - TargetSid: S-1-5-21-2887521831-3947415683-1267350263-1144
  - ServiceName: krbtgt
  - ServiceSid: S-1-5-21-2887521831-3947415683-1267350263-502
  - TicketOptions: 0x40810010
  - Status: 0x0
  - TicketEncryptionType: 0x12
  - PreAuthType: 2
  - IpAddress: ::ffff:10.253.44.11
  - IpPort: 10020
  - CertIssuerName: 
  - CertSerialNumber: 
  - CertThumbprint: 
---
Time: 2023-09-05T07:37:36Z
Event ID: 4769
Provider: Microsoft-Windows-Security-Auditing
Computer: DC01.lkclab.lab
Channel: Security
Event Data:
  - TargetUserName: HealthMailboxd5e963c@LKCLAB.LAB
  - TargetDomainName: LKCLAB.LAB
  - ServiceName: MAIL$
  - ServiceSid: S-1-5-21-2887521831-3947415683-1267350263-1113
  - TicketOptions: 0x40810000
  - TicketEncryptionType: 0x12
  - IpAddress: ::ffff:10.253.44.11
  - IpPort: 10021
  - Status: 0x0
  - LogonGuid: {89800ba7-b236-6da4-72dd-22c092ff10b6}
  - TransmittedServices: -
---
Time: 2023-09-05T07:37:46Z
Event ID: 4634
Provider: Microsoft-Windows-Security-Auditing
Computer: DC01.lkclab.lab
Channel: Security
Event Data:
  - TargetUserSid: S-1-5-18
  - TargetUserName: DC01$
  - TargetDomainName: LKCLAB
  - TargetLogonId: 0x7e3fe0
  - LogonType: 3
---
Time: 2023-09-05T07:37:46Z
Event ID: 4672
Provider: Microsoft-Windows-Security-Auditing
Computer: DC01.lkclab.lab
Channel: Security
Event Data:
  - SubjectUserSid: S-1-5-18
  - SubjectUserName: DC01$
  - SubjectDomainName: LKCLAB
  - SubjectLogonId: 0x7e3fe0
  - PrivilegeList: SeSecurityPrivilege, SeBackupPrivilege, SeRestorePrivilege, SeTakeOwnershipPrivilege, SeDebugPrivilege, SeSystemEnvironmentPrivilege, SeLoadDriverPrivilege, SeImpersonatePrivilege, SeDelegateSessionUserImpersonatePrivilege, SeEnableDelegationPrivilege
---
Time: 2023-09-05T07:37:46Z
Event ID: 4624
Provider: Microsoft-Windows-Security-Auditing
Computer: DC01.lkclab.lab
Channel: Security
Event Data:
  - SubjectUserSid: S-1-0-0
  - SubjectUserName: -
  - SubjectDomainName: -
  - SubjectLogonId: 0x0
  - TargetUserSid: S-1-5-18
  - TargetUserName: DC01$
  - TargetDomainName: LKCLAB.LAB
  - TargetLogonId: 0x7e3fe0
  - LogonType: 3
  - LogonProcessName: Kerberos
  - AuthenticationPackageName: Kerberos
  - WorkstationName: -
  - LogonGuid: {38d81b03-c2c7-9a8d-062a-29ee21dfa1bf}
  - TransmittedServices: -
  - LmPackageName: -
  - KeyLength: 0
  - ProcessId: 0x0
  - ProcessName: -
  - IpAddress: ::1
  - IpPort: 51848
  - ImpersonationLevel: %%1833
  - RestrictedAdminMode: -
  - TargetOutboundUserName: -
  - TargetOutboundDomainName: -
  - VirtualAccount: %%1843
  - TargetLinkedLogonId: 0x0
  - ElevatedToken: %%1842
---
Time: 2023-09-05T07:37:46Z
Event ID: 4634
Provider: Microsoft-Windows-Security-Auditing
Computer: DC01.lkclab.lab
Channel: Security
Event Data:
  - TargetUserSid: S-1-5-18
  - TargetUserName: DC01$
  - TargetDomainName: LKCLAB
  - TargetLogonId: 0x7cfca9
  - LogonType: 3
---
Time: 2023-09-05T07:37:50Z
Event ID: 1000
Provider: VGAuth
Computer: DC01.lkclab.lab
Channel: Application
Event Data:
  - message: vmtoolsd: 已成功驗證「Administrator」的使用者名稱和密碼
---
Time: 2023-09-05T07:37:50Z
Event ID: 1000
Provider: VGAuth
Computer: DC01.lkclab.lab
Channel: Application
Event Data:
  - message: vmtoolsd: 已成功驗證「Administrator」的使用者名稱和密碼
---
Time: 2023-09-05T07:37:50Z
Event ID: 1000
Provider: VGAuth
Computer: DC01.lkclab.lab
Channel: Application
Event Data:
  - message: vmtoolsd: 已成功驗證「Administrator」的使用者名稱和密碼
---
Time: 2023-09-05T07:37:50Z
Event ID: 1000
Provider: VGAuth
Computer: DC01.lkclab.lab
Channel: Application
Event Data:
  - message: vmtoolsd: 已成功驗證「Administrator」的使用者名稱和密碼
---
Time: 2023-09-05T07:37:50Z
Event ID: 1000
Provider: VGAuth
Computer: DC01.lkclab.lab
Channel: Application
Event Data:
  - message: vmtoolsd: 已成功驗證「Administrator」的使用者名稱和密碼
---
Time: 2023-09-05T07:37:50Z
Event ID: 4648
Provider: Microsoft-Windows-Security-Auditing
Computer: DC01.lkclab.lab
Channel: Security
Event Data:
  - SubjectUserSid: S-1-5-18
  - SubjectUserName: DC01$
  - SubjectDomainName: LKCLAB
  - SubjectLogonId: 0x3e7
  - LogonGuid: {00000000-0000-0000-0000-000000000000}
  - TargetUserName: Administrator
  - TargetDomainName: LKCLAB
  - TargetLogonGuid: {00000000-0000-0000-0000-000000000000}
  - TargetServerName: localhost
  - TargetInfo: localhost
  - ProcessId: 0xc24
  - ProcessName: C:\Program Files\VMware\VMware Tools\vmtoolsd.exe
  - IpAddress: -
  - IpPort: -
---
Time: 2023-09-05T07:37:50Z
Event ID: 4624
Provider: Microsoft-Windows-Security-Auditing
Computer: DC01.lkclab.lab
Channel: Security
Event Data:
  - SubjectUserSid: S-1-5-18
  - SubjectUserName: DC01$
  - SubjectDomainName: LKCLAB
  - SubjectLogonId: 0x3e7
  - TargetUserSid: S-1-5-21-2887521831-3947415683-1267350263-500
  - TargetUserName: Administrator
  - TargetDomainName: LKCLAB
  - TargetLogonId: 0x7e4430
  - LogonType: 4
  - LogonProcessName: Advapi
  - AuthenticationPackageName: MICROSOFT_AUTHENTICATION_PACKAGE_V1_0
  - WorkstationName: DC01
  - LogonGuid: {00000000-0000-0000-0000-000000000000}
  - TransmittedServices: -
  - LmPackageName: -
  - KeyLength: 0
  - ProcessId: 0xc24
  - ProcessName: C:\Program Files\VMware\VMware Tools\vmtoolsd.exe
  - IpAddress: -
  - IpPort: -
  - ImpersonationLevel: %%1833
  - RestrictedAdminMode: -
  - TargetOutboundUserName: -
  - TargetOutboundDomainName: -
  - VirtualAccount: %%1843
  - TargetLinkedLogonId: 0x0
  - ElevatedToken: %%1842
---
Time: 2023-09-05T07:37:50Z
Event ID: 4672
Provider: Microsoft-Windows-Security-Auditing
Computer: DC01.lkclab.lab
Channel: Security
Event Data:
  - SubjectUserSid: S-1-5-21-2887521831-3947415683-1267350263-500
  - SubjectUserName: Administrator
  - SubjectDomainName: LKCLAB
  - SubjectLogonId: 0x7e4430
  - PrivilegeList: SeSecurityPrivilege, SeTakeOwnershipPrivilege, SeLoadDriverPrivilege, SeBackupPrivilege, SeRestorePrivilege, SeDebugPrivilege, SeSystemEnvironmentPrivilege, SeEnableDelegationPrivilege, SeImpersonatePrivilege, SeDelegateSessionUserImpersonatePrivilege
---
Time: 2023-09-05T07:37:50Z
Event ID: 4634
Provider: Microsoft-Windows-Security-Auditing
Computer: DC01.lkclab.lab
Channel: Security
Event Data:
  - TargetUserSid: S-1-5-21-2887521831-3947415683-1267350263-500
  - TargetUserName: Administrator
  - TargetDomainName: LKCLAB
  - TargetLogonId: 0x7e4430
  - LogonType: 4
---
Time: 2023-09-05T07:37:50Z
Event ID: 4776
Provider: Microsoft-Windows-Security-Auditing
Computer: DC01.lkclab.lab
Channel: Security
Event Data:
  - PackageName: MICROSOFT_AUTHENTICATION_PACKAGE_V1_0
  - TargetUserName: Administrator
  - Workstation: DC01
  - Status: 0x0
---
Time: 2023-09-05T07:37:50Z
Event ID: 4634
Provider: Microsoft-Windows-Security-Auditing
Computer: DC01.lkclab.lab
Channel: Security
Event Data:
  - TargetUserSid: S-1-5-21-2887521831-3947415683-1267350263-500
  - TargetUserName: Administrator
  - TargetDomainName: LKCLAB
  - TargetLogonId: 0x7e4657
  - LogonType: 4
---
Time: 2023-09-05T07:37:50Z
Event ID: 4776
Provider: Microsoft-Windows-Security-Auditing
Computer: DC01.lkclab.lab
Channel: Security
Event Data:
  - PackageName: MICROSOFT_AUTHENTICATION_PACKAGE_V1_0
  - TargetUserName: Administrator
  - Workstation: DC01
  - Status: 0x0
---
Time: 2023-09-05T07:37:50Z
Event ID: 4648
Provider: Microsoft-Windows-Security-Auditing
Computer: DC01.lkclab.lab
Channel: Security
Event Data:
  - SubjectUserSid: S-1-5-18
  - SubjectUserName: DC01$
  - SubjectDomainName: LKCLAB
  - SubjectLogonId: 0x3e7
  - LogonGuid: {00000000-0000-0000-0000-000000000000}
  - TargetUserName: Administrator
  - TargetDomainName: LKCLAB
  - TargetLogonGuid: {00000000-0000-0000-0000-000000000000}
  - TargetServerName: localhost
  - TargetInfo: localhost
  - ProcessId: 0xc24
  - ProcessName: C:\Program Files\VMware\VMware Tools\vmtoolsd.exe
  - IpAddress: -
  - IpPort: -
---
Time: 2023-09-05T07:37:50Z
Event ID: 4634
Provider: Microsoft-Windows-Security-Auditing
Computer: DC01.lkclab.lab
Channel: Security
Event Data:
  - TargetUserSid: S-1-5-21-2887521831-3947415683-1267350263-500
  - TargetUserName: Administrator
  - TargetDomainName: LKCLAB
  - TargetLogonId: 0x7e409b
  - LogonType: 4
---
Time: 2023-09-05T07:37:50Z
Event ID: 4776
Provider: Microsoft-Windows-Security-Auditing
Computer: DC01.lkclab.lab
Channel: Security
Event Data:
  - PackageName: MICROSOFT_AUTHENTICATION_PACKAGE_V1_0
  - TargetUserName: Administrator
  - Workstation: DC01
  - Status: 0x0
---
Time: 2023-09-05T07:37:50Z
Event ID: 4648
Provider: Microsoft-Windows-Security-Auditing
Computer: DC01.lkclab.lab
Channel: Security
Event Data:
  - SubjectUserSid: S-1-5-18
  - SubjectUserName: DC01$
  - SubjectDomainName: LKCLAB
  - SubjectLogonId: 0x3e7
  - LogonGuid: {00000000-0000-0000-0000-000000000000}
  - TargetUserName: Administrator
  - TargetDomainName: LKCLAB
  - TargetLogonGuid: {00000000-0000-0000-0000-000000000000}
  - TargetServerName: localhost
  - TargetInfo: localhost
  - ProcessId: 0xc24
  - ProcessName: C:\Program Files\VMware\VMware Tools\vmtoolsd.exe
  - IpAddress: -
  - IpPort: -
---
Time: 2023-09-05T07:37:50Z
Event ID: 4624
Provider: Microsoft-Windows-Security-Auditing
Computer: DC01.lkclab.lab
Channel: Security
Event Data:
  - SubjectUserSid: S-1-5-18
  - SubjectUserName: DC01$
  - SubjectDomainName: LKCLAB
  - SubjectLogonId: 0x3e7
  - TargetUserSid: S-1-5-21-2887521831-3947415683-1267350263-500
  - TargetUserName: Administrator
  - TargetDomainName: LKCLAB
  - TargetLogonId: 0x7e487e
  - LogonType: 4
  - LogonProcessName: Advapi
  - AuthenticationPackageName: MICROSOFT_AUTHENTICATION_PACKAGE_V1_0
  - WorkstationName: DC01
  - LogonGuid: {00000000-0000-0000-0000-000000000000}
  - TransmittedServices: -
  - LmPackageName: -
  - KeyLength: 0
  - ProcessId: 0xc24
  - ProcessName: C:\Program Files\VMware\VMware Tools\vmtoolsd.exe
  - IpAddress: -
  - IpPort: -
  - ImpersonationLevel: %%1833
  - RestrictedAdminMode: -
  - TargetOutboundUserName: -
  - TargetOutboundDomainName: -
  - VirtualAccount: %%1843
  - TargetLinkedLogonId: 0x0
  - ElevatedToken: %%1842
---
Time: 2023-09-05T07:37:50Z
Event ID: 4672
Provider: Microsoft-Windows-Security-Auditing
Computer: DC01.lkclab.lab
Channel: Security
Event Data:
  - SubjectUserSid: S-1-5-21-2887521831-3947415683-1267350263-500
  - SubjectUserName: Administrator
  - SubjectDomainName: LKCLAB
  - SubjectLogonId: 0x7e487e
  - PrivilegeList: SeSecurityPrivilege, SeTakeOwnershipPrivilege, SeLoadDriverPrivilege, SeBackupPrivilege, SeRestorePrivilege, SeDebugPrivilege, SeSystemEnvironmentPrivilege, SeEnableDelegationPrivilege, SeImpersonatePrivilege, SeDelegateSessionUserImpersonatePrivilege
---
Time: 2023-09-05T07:37:50Z
Event ID: 4776
Provider: Microsoft-Windows-Security-Auditing
Computer: DC01.lkclab.lab
Channel: Security
Event Data:
  - PackageName: MICROSOFT_AUTHENTICATION_PACKAGE_V1_0
  - TargetUserName: Administrator
  - Workstation: DC01
  - Status: 0x0
---
Time: 2023-09-05T07:37:50Z
Event ID: 4648
Provider: Microsoft-Windows-Security-Auditing
Computer: DC01.lkclab.lab
Channel: Security
Event Data:
  - SubjectUserSid: S-1-5-18
  - SubjectUserName: DC01$
  - SubjectDomainName: LKCLAB
  - SubjectLogonId: 0x3e7
  - LogonGuid: {00000000-0000-0000-0000-000000000000}
  - TargetUserName: Administrator
  - TargetDomainName: LKCLAB
  - TargetLogonGuid: {00000000-0000-0000-0000-000000000000}
  - TargetServerName: localhost
  - TargetInfo: localhost
  - ProcessId: 0xc24
  - ProcessName: C:\Program Files\VMware\VMware Tools\vmtoolsd.exe
  - IpAddress: -
  - IpPort: -
---
Time: 2023-09-05T07:37:50Z
Event ID: 4672
Provider: Microsoft-Windows-Security-Auditing
Computer: DC01.lkclab.lab
Channel: Security
Event Data:
  - SubjectUserSid: S-1-5-21-2887521831-3947415683-1267350263-500
  - SubjectUserName: Administrator
  - SubjectDomainName: LKCLAB
  - SubjectLogonId: 0x7e4ce6
  - PrivilegeList: SeSecurityPrivilege, SeTakeOwnershipPrivilege, SeLoadDriverPrivilege, SeBackupPrivilege, SeRestorePrivilege, SeDebugPrivilege, SeSystemEnvironmentPrivilege, SeEnableDelegationPrivilege, SeImpersonatePrivilege, SeDelegateSessionUserImpersonatePrivilege
---
Time: 2023-09-05T07:37:50Z
Event ID: 4634
Provider: Microsoft-Windows-Security-Auditing
Computer: DC01.lkclab.lab
Channel: Security
Event Data:
  - TargetUserSid: S-1-5-21-2887521831-3947415683-1267350263-500
  - TargetUserName: Administrator
  - TargetDomainName: LKCLAB
  - TargetLogonId: 0x7e4ce6
  - LogonType: 4
---
Time: 2023-09-05T07:37:50Z
Event ID: 4776
Provider: Microsoft-Windows-Security-Auditing
Computer: DC01.lkclab.lab
Channel: Security
Event Data:
  - PackageName: MICROSOFT_AUTHENTICATION_PACKAGE_V1_0
  - TargetUserName: Administrator
  - Workstation: DC01
  - Status: 0x0
---
Time: 2023-09-05T07:37:50Z
Event ID: 4648
Provider: Microsoft-Windows-Security-Auditing
Computer: DC01.lkclab.lab
Channel: Security
Event Data:
  - SubjectUserSid: S-1-5-18
  - SubjectUserName: DC01$
  - SubjectDomainName: LKCLAB
  - SubjectLogonId: 0x3e7
  - LogonGuid: {00000000-0000-0000-0000-000000000000}
  - TargetUserName: Administrator
  - TargetDomainName: LKCLAB
  - TargetLogonGuid: {00000000-0000-0000-0000-000000000000}
  - TargetServerName: localhost
  - TargetInfo: localhost
  - ProcessId: 0xc24
  - ProcessName: C:\Program Files\VMware\VMware Tools\vmtoolsd.exe
  - IpAddress: -
  - IpPort: -
---
Time: 2023-09-05T07:37:50Z
Event ID: 4624
Provider: Microsoft-Windows-Security-Auditing
Computer: DC01.lkclab.lab
Channel: Security
Event Data:
  - SubjectUserSid: S-1-5-18
  - SubjectUserName: DC01$
  - SubjectDomainName: LKCLAB
  - SubjectLogonId: 0x3e7
  - TargetUserSid: S-1-5-21-2887521831-3947415683-1267350263-500
  - TargetUserName: Administrator
  - TargetDomainName: LKCLAB
  - TargetLogonId: 0x7e409b
  - LogonType: 4
  - LogonProcessName: Advapi
  - AuthenticationPackageName: MICROSOFT_AUTHENTICATION_PACKAGE_V1_0
  - WorkstationName: DC01
  - LogonGuid: {00000000-0000-0000-0000-000000000000}
  - TransmittedServices: -
  - LmPackageName: -
  - KeyLength: 0
  - ProcessId: 0xc24
  - ProcessName: C:\Program Files\VMware\VMware Tools\vmtoolsd.exe
  - IpAddress: -
  - IpPort: -
  - ImpersonationLevel: %%1833
  - RestrictedAdminMode: -
  - TargetOutboundUserName: -
  - TargetOutboundDomainName: -
  - VirtualAccount: %%1843
  - TargetLinkedLogonId: 0x0
  - ElevatedToken: %%1842
---
Time: 2023-09-05T07:37:50Z
Event ID: 4672
Provider: Microsoft-Windows-Security-Auditing
Computer: DC01.lkclab.lab
Channel: Security
Event Data:
  - SubjectUserSid: S-1-5-21-2887521831-3947415683-1267350263-500
  - SubjectUserName: Administrator
  - SubjectDomainName: LKCLAB
  - SubjectLogonId: 0x7e409b
  - PrivilegeList: SeSecurityPrivilege, SeTakeOwnershipPrivilege, SeLoadDriverPrivilege, SeBackupPrivilege, SeRestorePrivilege, SeDebugPrivilege, SeSystemEnvironmentPrivilege, SeEnableDelegationPrivilege, SeImpersonatePrivilege, SeDelegateSessionUserImpersonatePrivilege
---
Time: 2023-09-05T07:37:50Z
Event ID: 4624
Provider: Microsoft-Windows-Security-Auditing
Computer: DC01.lkclab.lab
Channel: Security
Event Data:
  - SubjectUserSid: S-1-5-18
  - SubjectUserName: DC01$
  - SubjectDomainName: LKCLAB
  - SubjectLogonId: 0x3e7
  - TargetUserSid: S-1-5-21-2887521831-3947415683-1267350263-500
  - TargetUserName: Administrator
  - TargetDomainName: LKCLAB
  - TargetLogonId: 0x7e4657
  - LogonType: 4
  - LogonProcessName: Advapi
  - AuthenticationPackageName: MICROSOFT_AUTHENTICATION_PACKAGE_V1_0
  - WorkstationName: DC01
  - LogonGuid: {00000000-0000-0000-0000-000000000000}
  - TransmittedServices: -
  - LmPackageName: -
  - KeyLength: 0
  - ProcessId: 0xc24
  - ProcessName: C:\Program Files\VMware\VMware Tools\vmtoolsd.exe
  - IpAddress: -
  - IpPort: -
  - ImpersonationLevel: %%1833
  - RestrictedAdminMode: -
  - TargetOutboundUserName: -
  - TargetOutboundDomainName: -
  - VirtualAccount: %%1843
  - TargetLinkedLogonId: 0x0
  - ElevatedToken: %%1842
---
Time: 2023-09-05T07:37:50Z
Event ID: 4672
Provider: Microsoft-Windows-Security-Auditing
Computer: DC01.lkclab.lab
Channel: Security
Event Data:
  - SubjectUserSid: S-1-5-21-2887521831-3947415683-1267350263-500
  - SubjectUserName: Administrator
  - SubjectDomainName: LKCLAB
  - SubjectLogonId: 0x7e4657
  - PrivilegeList: SeSecurityPrivilege, SeTakeOwnershipPrivilege, SeLoadDriverPrivilege, SeBackupPrivilege, SeRestorePrivilege, SeDebugPrivilege, SeSystemEnvironmentPrivilege, SeEnableDelegationPrivilege, SeImpersonatePrivilege, SeDelegateSessionUserImpersonatePrivilege
---
Time: 2023-09-05T07:37:50Z
Event ID: 4624
Provider: Microsoft-Windows-Security-Auditing
Computer: DC01.lkclab.lab
Channel: Security
Event Data:
  - SubjectUserSid: S-1-5-18
  - SubjectUserName: DC01$
  - SubjectDomainName: LKCLAB
  - SubjectLogonId: 0x3e7
  - TargetUserSid: S-1-5-21-2887521831-3947415683-1267350263-500
  - TargetUserName: Administrator
  - TargetDomainName: LKCLAB
  - TargetLogonId: 0x7e4ce6
  - LogonType: 4
  - LogonProcessName: Advapi
  - AuthenticationPackageName: MICROSOFT_AUTHENTICATION_PACKAGE_V1_0
  - WorkstationName: DC01
  - LogonGuid: {00000000-0000-0000-0000-000000000000}
  - TransmittedServices: -
  - LmPackageName: -
  - KeyLength: 0
  - ProcessId: 0xc24
  - ProcessName: C:\Program Files\VMware\VMware Tools\vmtoolsd.exe
  - IpAddress: -
  - IpPort: -
  - ImpersonationLevel: %%1833
  - RestrictedAdminMode: -
  - TargetOutboundUserName: -
  - TargetOutboundDomainName: -
  - VirtualAccount: %%1843
  - TargetLinkedLogonId: 0x0
  - ElevatedToken: %%1842
---
Time: 2023-09-05T07:37:51Z
Event ID: 1000
Provider: VGAuth
Computer: DC01.lkclab.lab
Channel: Application
Event Data:
  - message: vmtoolsd: 已成功驗證「Administrator」的使用者名稱和密碼
---
Time: 2023-09-05T07:37:51Z
Event ID: 4776
Provider: Microsoft-Windows-Security-Auditing
Computer: DC01.lkclab.lab
Channel: Security
Event Data:
  - PackageName: MICROSOFT_AUTHENTICATION_PACKAGE_V1_0
  - TargetUserName: Administrator
  - Workstation: DC01
  - Status: 0x0
---
Time: 2023-09-05T07:37:51Z
Event ID: 4648
Provider: Microsoft-Windows-Security-Auditing
Computer: DC01.lkclab.lab
Channel: Security
Event Data:
  - SubjectUserSid: S-1-5-18
  - SubjectUserName: DC01$
  - SubjectDomainName: LKCLAB
  - SubjectLogonId: 0x3e7
  - LogonGuid: {00000000-0000-0000-0000-000000000000}
  - TargetUserName: Administrator
  - TargetDomainName: LKCLAB
  - TargetLogonGuid: {00000000-0000-0000-0000-000000000000}
  - TargetServerName: localhost
  - TargetInfo: localhost
  - ProcessId: 0xc24
  - ProcessName: C:\Program Files\VMware\VMware Tools\vmtoolsd.exe
  - IpAddress: -
  - IpPort: -
---
Time: 2023-09-05T07:37:51Z
Event ID: 4624
Provider: Microsoft-Windows-Security-Auditing
Computer: DC01.lkclab.lab
Channel: Security
Event Data:
  - SubjectUserSid: S-1-5-18
  - SubjectUserName: DC01$
  - SubjectDomainName: LKCLAB
  - SubjectLogonId: 0x3e7
  - TargetUserSid: S-1-5-21-2887521831-3947415683-1267350263-500
  - TargetUserName: Administrator
  - TargetDomainName: LKCLAB
  - TargetLogonId: 0x7e6ffb
  - LogonType: 4
  - LogonProcessName: Advapi
  - AuthenticationPackageName: MICROSOFT_AUTHENTICATION_PACKAGE_V1_0
  - WorkstationName: DC01
  - LogonGuid: {00000000-0000-0000-0000-000000000000}
  - TransmittedServices: -
  - LmPackageName: -
  - KeyLength: 0
  - ProcessId: 0xc24
  - ProcessName: C:\Program Files\VMware\VMware Tools\vmtoolsd.exe
  - IpAddress: -
  - IpPort: -
  - ImpersonationLevel: %%1833
  - RestrictedAdminMode: -
  - TargetOutboundUserName: -
  - TargetOutboundDomainName: -
  - VirtualAccount: %%1843
  - TargetLinkedLogonId: 0x0
  - ElevatedToken: %%1842
---
Time: 2023-09-05T07:37:51Z
Event ID: 4672
Provider: Microsoft-Windows-Security-Auditing
Computer: DC01.lkclab.lab
Channel: Security
Event Data:
  - SubjectUserSid: S-1-5-21-2887521831-3947415683-1267350263-500
  - SubjectUserName: Administrator
  - SubjectDomainName: LKCLAB
  - SubjectLogonId: 0x7e6ffb
  - PrivilegeList: SeSecurityPrivilege, SeTakeOwnershipPrivilege, SeLoadDriverPrivilege, SeBackupPrivilege, SeRestorePrivilege, SeDebugPrivilege, SeSystemEnvironmentPrivilege, SeEnableDelegationPrivilege, SeImpersonatePrivilege, SeDelegateSessionUserImpersonatePrivilege
---
Time: 2023-09-05T07:37:51Z
Event ID: 4634
Provider: Microsoft-Windows-Security-Auditing
Computer: DC01.lkclab.lab
Channel: Security
Event Data:
  - TargetUserSid: S-1-5-21-2887521831-3947415683-1267350263-500
  - TargetUserName: Administrator
  - TargetDomainName: LKCLAB
  - TargetLogonId: 0x7e6ffb
  - LogonType: 4
---
Time: 2023-09-05T07:37:52Z
Event ID: 1000
Provider: VGAuth
Computer: DC01.lkclab.lab
Channel: Application
Event Data:
  - message: vmtoolsd: 已成功驗證「Administrator」的使用者名稱和密碼
---
Time: 2023-09-05T07:37:52Z
Event ID: 1000
Provider: VGAuth
Computer: DC01.lkclab.lab
Channel: Application
Event Data:
  - message: vmtoolsd: 已成功驗證「Administrator」的使用者名稱和密碼
---
Time: 2023-09-05T07:37:52Z
Event ID: 1000
Provider: VGAuth
Computer: DC01.lkclab.lab
Channel: Application
Event Data:
  - message: vmtoolsd: 已成功驗證「Administrator」的使用者名稱和密碼
---
Time: 2023-09-05T07:37:52Z
Event ID: 1000
Provider: VGAuth
Computer: DC01.lkclab.lab
Channel: Application
Event Data:
  - message: vmtoolsd: 已成功驗證「Administrator」的使用者名稱和密碼
---
Time: 2023-09-05T07:37:52Z
Event ID: 1000
Provider: VGAuth
Computer: DC01.lkclab.lab
Channel: Application
Event Data:
  - message: vmtoolsd: 已成功驗證「Administrator」的使用者名稱和密碼
---
Time: 2023-09-05T07:37:52Z
Event ID: 1000
Provider: VGAuth
Computer: DC01.lkclab.lab
Channel: Application
Event Data:
  - message: vmtoolsd: 已成功驗證「Administrator」的使用者名稱和密碼
---
Time: 2023-09-05T07:37:52Z
Event ID: 1000
Provider: VGAuth
Computer: DC01.lkclab.lab
Channel: Application
Event Data:
  - message: vmtoolsd: 已成功驗證「Administrator」的使用者名稱和密碼
---
Time: 2023-09-05T07:37:52Z
Event ID: 1000
Provider: VGAuth
Computer: DC01.lkclab.lab
Channel: Application
Event Data:
  - message: vmtoolsd: 已成功驗證「Administrator」的使用者名稱和密碼
---
Time: 2023-09-05T07:37:52Z
Event ID: 1000
Provider: VGAuth
Computer: DC01.lkclab.lab
Channel: Application
Event Data:
  - message: vmtoolsd: 已成功驗證「Administrator」的使用者名稱和密碼
---
Time: 2023-09-05T07:37:52Z
Event ID: 1000
Provider: VGAuth
Computer: DC01.lkclab.lab
Channel: Application
Event Data:
  - message: vmtoolsd: 已成功驗證「Administrator」的使用者名稱和密碼
---
Time: 2023-09-05T07:37:52Z
Event ID: 1000
Provider: VGAuth
Computer: DC01.lkclab.lab
Channel: Application
Event Data:
  - message: vmtoolsd: 已成功驗證「Administrator」的使用者名稱和密碼
---
Time: 2023-09-05T07:37:52Z
Event ID: 1000
Provider: VGAuth
Computer: DC01.lkclab.lab
Channel: Application
Event Data:
  - message: vmtoolsd: 已成功驗證「Administrator」的使用者名稱和密碼
---
Time: 2023-09-05T07:37:52Z
Event ID: 1000
Provider: VGAuth
Computer: DC01.lkclab.lab
Channel: Application
Event Data:
  - message: vmtoolsd: 已成功驗證「Administrator」的使用者名稱和密碼
---
Time: 2023-09-05T07:37:52Z
Event ID: 4624
Provider: Microsoft-Windows-Security-Auditing
Computer: DC01.lkclab.lab
Channel: Security
Event Data:
  - SubjectUserSid: S-1-5-18
  - SubjectUserName: DC01$
  - SubjectDomainName: LKCLAB
  - SubjectLogonId: 0x3e7
  - TargetUserSid: S-1-5-21-2887521831-3947415683-1267350263-500
  - TargetUserName: Administrator
  - TargetDomainName: LKCLAB
  - TargetLogonId: 0x7e77da
  - LogonType: 4
  - LogonProcessName: Advapi
  - AuthenticationPackageName: MICROSOFT_AUTHENTICATION_PACKAGE_V1_0
  - WorkstationName: DC01
  - LogonGuid: {00000000-0000-0000-0000-000000000000}
  - TransmittedServices: -
  - LmPackageName: -
  - KeyLength: 0
  - ProcessId: 0xc24
  - ProcessName: C:\Program Files\VMware\VMware Tools\vmtoolsd.exe
  - IpAddress: -
  - IpPort: -
  - ImpersonationLevel: %%1833
  - RestrictedAdminMode: -
  - TargetOutboundUserName: -
  - TargetOutboundDomainName: -
  - VirtualAccount: %%1843
  - TargetLinkedLogonId: 0x0
  - ElevatedToken: %%1842
---
Time: 2023-09-05T07:37:52Z
Event ID: 4648
Provider: Microsoft-Windows-Security-Auditing
Computer: DC01.lkclab.lab
Channel: Security
Event Data:
  - SubjectUserSid: S-1-5-18
  - SubjectUserName: DC01$
  - SubjectDomainName: LKCLAB
  - SubjectLogonId: 0x3e7
  - LogonGuid: {00000000-0000-0000-0000-000000000000}
  - TargetUserName: Administrator
  - TargetDomainName: LKCLAB
  - TargetLogonGuid: {00000000-0000-0000-0000-000000000000}
  - TargetServerName: localhost
  - TargetInfo: localhost
  - ProcessId: 0xc24
  - ProcessName: C:\Program Files\VMware\VMware Tools\vmtoolsd.exe
  - IpAddress: -
  - IpPort: -
---
Time: 2023-09-05T07:37:52Z
Event ID: 4624
Provider: Microsoft-Windows-Security-Auditing
Computer: DC01.lkclab.lab
Channel: Security
Event Data:
  - SubjectUserSid: S-1-5-18
  - SubjectUserName: DC01$
  - SubjectDomainName: LKCLAB
  - SubjectLogonId: 0x3e7
  - TargetUserSid: S-1-5-21-2887521831-3947415683-1267350263-500
  - TargetUserName: Administrator
  - TargetDomainName: LKCLAB
  - TargetLogonId: 0x7e7a17
  - LogonType: 4
  - LogonProcessName: Advapi
  - AuthenticationPackageName: MICROSOFT_AUTHENTICATION_PACKAGE_V1_0
  - WorkstationName: DC01
  - LogonGuid: {00000000-0000-0000-0000-000000000000}
  - TransmittedServices: -
  - LmPackageName: -
  - KeyLength: 0
  - ProcessId: 0xc24
  - ProcessName: C:\Program Files\VMware\VMware Tools\vmtoolsd.exe
  - IpAddress: -
  - IpPort: -
  - ImpersonationLevel: %%1833
  - RestrictedAdminMode: -
  - TargetOutboundUserName: -
  - TargetOutboundDomainName: -
  - VirtualAccount: %%1843
  - TargetLinkedLogonId: 0x0
  - ElevatedToken: %%1842
---
Time: 2023-09-05T07:37:52Z
Event ID: 4672
Provider: Microsoft-Windows-Security-Auditing
Computer: DC01.lkclab.lab
Channel: Security
Event Data:
  - SubjectUserSid: S-1-5-21-2887521831-3947415683-1267350263-500
  - SubjectUserName: Administrator
  - SubjectDomainName: LKCLAB
  - SubjectLogonId: 0x7e7a17
  - PrivilegeList: SeSecurityPrivilege, SeTakeOwnershipPrivilege, SeLoadDriverPrivilege, SeBackupPrivilege, SeRestorePrivilege, SeDebugPrivilege, SeSystemEnvironmentPrivilege, SeEnableDelegationPrivilege, SeImpersonatePrivilege, SeDelegateSessionUserImpersonatePrivilege
---
Time: 2023-09-05T07:37:52Z
Event ID: 4672
Provider: Microsoft-Windows-Security-Auditing
Computer: DC01.lkclab.lab
Channel: Security
Event Data:
  - SubjectUserSid: S-1-5-21-2887521831-3947415683-1267350263-500
  - SubjectUserName: Administrator
  - SubjectDomainName: LKCLAB
  - SubjectLogonId: 0x7e7a4e
  - PrivilegeList: SeSecurityPrivilege, SeTakeOwnershipPrivilege, SeLoadDriverPrivilege, SeBackupPrivilege, SeRestorePrivilege, SeDebugPrivilege, SeSystemEnvironmentPrivilege, SeEnableDelegationPrivilege, SeImpersonatePrivilege, SeDelegateSessionUserImpersonatePrivilege
---
Time: 2023-09-05T07:37:52Z
Event ID: 4634
Provider: Microsoft-Windows-Security-Auditing
Computer: DC01.lkclab.lab
Channel: Security
Event Data:
  - TargetUserSid: S-1-5-21-2887521831-3947415683-1267350263-500
  - TargetUserName: Administrator
  - TargetDomainName: LKCLAB
  - TargetLogonId: 0x7e7a4e
  - LogonType: 4
---
Time: 2023-09-05T07:37:52Z
Event ID: 4776
Provider: Microsoft-Windows-Security-Auditing
Computer: DC01.lkclab.lab
Channel: Security
Event Data:
  - PackageName: MICROSOFT_AUTHENTICATION_PACKAGE_V1_0
  - TargetUserName: Administrator
  - Workstation: DC01
  - Status: 0x0
---
Time: 2023-09-05T07:37:52Z
Event ID: 4648
Provider: Microsoft-Windows-Security-Auditing
Computer: DC01.lkclab.lab
Channel: Security
Event Data:
  - SubjectUserSid: S-1-5-18
  - SubjectUserName: DC01$
  - SubjectDomainName: LKCLAB
  - SubjectLogonId: 0x3e7
  - LogonGuid: {00000000-0000-0000-0000-000000000000}
  - TargetUserName: Administrator
  - TargetDomainName: LKCLAB
  - TargetLogonGuid: {00000000-0000-0000-0000-000000000000}
  - TargetServerName: localhost
  - TargetInfo: localhost
  - ProcessId: 0xc24
  - ProcessName: C:\Program Files\VMware\VMware Tools\vmtoolsd.exe
  - IpAddress: -
  - IpPort: -
---
Time: 2023-09-05T07:37:52Z
Event ID: 4624
Provider: Microsoft-Windows-Security-Auditing
Computer: DC01.lkclab.lab
Channel: Security
Event Data:
  - SubjectUserSid: S-1-5-18
  - SubjectUserName: DC01$
  - SubjectDomainName: LKCLAB
  - SubjectLogonId: 0x3e7
  - TargetUserSid: S-1-5-21-2887521831-3947415683-1267350263-500
  - TargetUserName: Administrator
  - TargetDomainName: LKCLAB
  - TargetLogonId: 0x7e7a85
  - LogonType: 4
  - LogonProcessName: Advapi
  - AuthenticationPackageName: MICROSOFT_AUTHENTICATION_PACKAGE_V1_0
  - WorkstationName: DC01
  - LogonGuid: {00000000-0000-0000-0000-000000000000}
  - TransmittedServices: -
  - LmPackageName: -
  - KeyLength: 0
  - ProcessId: 0xc24
  - ProcessName: C:\Program Files\VMware\VMware Tools\vmtoolsd.exe
  - IpAddress: -
  - IpPort: -
  - ImpersonationLevel: %%1833
  - RestrictedAdminMode: -
  - TargetOutboundUserName: -
  - TargetOutboundDomainName: -
  - VirtualAccount: %%1843
  - TargetLinkedLogonId: 0x0
  - ElevatedToken: %%1842
---
Time: 2023-09-05T07:37:52Z
Event ID: 4672
Provider: Microsoft-Windows-Security-Auditing
Computer: DC01.lkclab.lab
Channel: Security
Event Data:
  - SubjectUserSid: S-1-5-21-2887521831-3947415683-1267350263-500
  - SubjectUserName: Administrator
  - SubjectDomainName: LKCLAB
  - SubjectLogonId: 0x7e7a85
  - PrivilegeList: SeSecurityPrivilege, SeTakeOwnershipPrivilege, SeLoadDriverPrivilege, SeBackupPrivilege, SeRestorePrivilege, SeDebugPrivilege, SeSystemEnvironmentPrivilege, SeEnableDelegationPrivilege, SeImpersonatePrivilege, SeDelegateSessionUserImpersonatePrivilege
---
Time: 2023-09-05T07:37:52Z
Event ID: 4634
Provider: Microsoft-Windows-Security-Auditing
Computer: DC01.lkclab.lab
Channel: Security
Event Data:
  - TargetUserSid: S-1-5-21-2887521831-3947415683-1267350263-500
  - TargetUserName: Administrator
  - TargetDomainName: LKCLAB
  - TargetLogonId: 0x7e7a85
  - LogonType: 4
---
Time: 2023-09-05T07:37:52Z
Event ID: 4776
Provider: Microsoft-Windows-Security-Auditing
Computer: DC01.lkclab.lab
Channel: Security
Event Data:
  - PackageName: MICROSOFT_AUTHENTICATION_PACKAGE_V1_0
  - TargetUserName: Administrator
  - Workstation: DC01
  - Status: 0x0
---
Time: 2023-09-05T07:37:52Z
Event ID: 4624
Provider: Microsoft-Windows-Security-Auditing
Computer: DC01.lkclab.lab
Channel: Security
Event Data:
  - SubjectUserSid: S-1-5-18
  - SubjectUserName: DC01$
  - SubjectDomainName: LKCLAB
  - SubjectLogonId: 0x3e7
  - TargetUserSid: S-1-5-21-2887521831-3947415683-1267350263-500
  - TargetUserName: Administrator
  - TargetDomainName: LKCLAB
  - TargetLogonId: 0x7e7ac8
  - LogonType: 4
  - LogonProcessName: Advapi
  - AuthenticationPackageName: MICROSOFT_AUTHENTICATION_PACKAGE_V1_0
  - WorkstationName: DC01
  - LogonGuid: {00000000-0000-0000-0000-000000000000}
  - TransmittedServices: -
  - LmPackageName: -
  - KeyLength: 0
  - ProcessId: 0xc24
  - ProcessName: C:\Program Files\VMware\VMware Tools\vmtoolsd.exe
  - IpAddress: -
  - IpPort: -
  - ImpersonationLevel: %%1833
  - RestrictedAdminMode: -
  - TargetOutboundUserName: -
  - TargetOutboundDomainName: -
  - VirtualAccount: %%1843
  - TargetLinkedLogonId: 0x0
  - ElevatedToken: %%1842
---
Time: 2023-09-05T07:37:52Z
Event ID: 4672
Provider: Microsoft-Windows-Security-Auditing
Computer: DC01.lkclab.lab
Channel: Security
Event Data:
  - SubjectUserSid: S-1-5-21-2887521831-3947415683-1267350263-500
  - SubjectUserName: Administrator
  - SubjectDomainName: LKCLAB
  - SubjectLogonId: 0x7e7ac8
  - PrivilegeList: SeSecurityPrivilege, SeTakeOwnershipPrivilege, SeLoadDriverPrivilege, SeBackupPrivilege, SeRestorePrivilege, SeDebugPrivilege, SeSystemEnvironmentPrivilege, SeEnableDelegationPrivilege, SeImpersonatePrivilege, SeDelegateSessionUserImpersonatePrivilege
---
Time: 2023-09-05T07:37:52Z
Event ID: 4634
Provider: Microsoft-Windows-Security-Auditing
Computer: DC01.lkclab.lab
Channel: Security
Event Data:
  - TargetUserSid: S-1-5-21-2887521831-3947415683-1267350263-500
  - TargetUserName: Administrator
  - TargetDomainName: LKCLAB
  - TargetLogonId: 0x7e7ac8
  - LogonType: 4
---
Time: 2023-09-05T07:37:52Z
Event ID: 4776
Provider: Microsoft-Windows-Security-Auditing
Computer: DC01.lkclab.lab
Channel: Security
Event Data:
  - PackageName: MICROSOFT_AUTHENTICATION_PACKAGE_V1_0
  - TargetUserName: Administrator
  - Workstation: DC01
  - Status: 0x0
---
Time: 2023-09-05T07:37:52Z
Event ID: 4776
Provider: Microsoft-Windows-Security-Auditing
Computer: DC01.lkclab.lab
Channel: Security
Event Data:
  - PackageName: MICROSOFT_AUTHENTICATION_PACKAGE_V1_0
  - TargetUserName: Administrator
  - Workstation: DC01
  - Status: 0x0
---
Time: 2023-09-05T07:37:52Z
Event ID: 4648
Provider: Microsoft-Windows-Security-Auditing
Computer: DC01.lkclab.lab
Channel: Security
Event Data:
  - SubjectUserSid: S-1-5-18
  - SubjectUserName: DC01$
  - SubjectDomainName: LKCLAB
  - SubjectLogonId: 0x3e7
  - LogonGuid: {00000000-0000-0000-0000-000000000000}
  - TargetUserName: Administrator
  - TargetDomainName: LKCLAB
  - TargetLogonGuid: {00000000-0000-0000-0000-000000000000}
  - TargetServerName: localhost
  - TargetInfo: localhost
  - ProcessId: 0xc24
  - ProcessName: C:\Program Files\VMware\VMware Tools\vmtoolsd.exe
  - IpAddress: -
  - IpPort: -
---
Time: 2023-09-05T07:37:52Z
Event ID: 4634
Provider: Microsoft-Windows-Security-Auditing
Computer: DC01.lkclab.lab
Channel: Security
Event Data:
  - TargetUserSid: S-1-5-21-2887521831-3947415683-1267350263-500
  - TargetUserName: Administrator
  - TargetDomainName: LKCLAB
  - TargetLogonId: 0x7e7477
  - LogonType: 4
---
Time: 2023-09-05T07:37:52Z
Event ID: 4624
Provider: Microsoft-Windows-Security-Auditing
Computer: DC01.lkclab.lab
Channel: Security
Event Data:
  - SubjectUserSid: S-1-5-18
  - SubjectUserName: DC01$
  - SubjectDomainName: LKCLAB
  - SubjectLogonId: 0x3e7
  - TargetUserSid: S-1-5-21-2887521831-3947415683-1267350263-500
  - TargetUserName: Administrator
  - TargetDomainName: LKCLAB
  - TargetLogonId: 0x7e76ea
  - LogonType: 4
  - LogonProcessName: Advapi
  - AuthenticationPackageName: MICROSOFT_AUTHENTICATION_PACKAGE_V1_0
  - WorkstationName: DC01
  - LogonGuid: {00000000-0000-0000-0000-000000000000}
  - TransmittedServices: -
  - LmPackageName: -
  - KeyLength: 0
  - ProcessId: 0xc24
  - ProcessName: C:\Program Files\VMware\VMware Tools\vmtoolsd.exe
  - IpAddress: -
  - IpPort: -
  - ImpersonationLevel: %%1833
  - RestrictedAdminMode: -
  - TargetOutboundUserName: -
  - TargetOutboundDomainName: -
  - VirtualAccount: %%1843
  - TargetLinkedLogonId: 0x0
  - ElevatedToken: %%1842
---
Time: 2023-09-05T07:37:52Z
Event ID: 4648
Provider: Microsoft-Windows-Security-Auditing
Computer: DC01.lkclab.lab
Channel: Security
Event Data:
  - SubjectUserSid: S-1-5-18
  - SubjectUserName: DC01$
  - SubjectDomainName: LKCLAB
  - SubjectLogonId: 0x3e7
  - LogonGuid: {00000000-0000-0000-0000-000000000000}
  - TargetUserName: Administrator
  - TargetDomainName: LKCLAB
  - TargetLogonGuid: {00000000-0000-0000-0000-000000000000}
  - TargetServerName: localhost
  - TargetInfo: localhost
  - ProcessId: 0xc24
  - ProcessName: C:\Program Files\VMware\VMware Tools\vmtoolsd.exe
  - IpAddress: -
  - IpPort: -
---
Time: 2023-09-05T07:37:52Z
Event ID: 4672
Provider: Microsoft-Windows-Security-Auditing
Computer: DC01.lkclab.lab
Channel: Security
Event Data:
  - SubjectUserSid: S-1-5-21-2887521831-3947415683-1267350263-500
  - SubjectUserName: Administrator
  - SubjectDomainName: LKCLAB
  - SubjectLogonId: 0x7e77da
  - PrivilegeList: SeSecurityPrivilege, SeTakeOwnershipPrivilege, SeLoadDriverPrivilege, SeBackupPrivilege, SeRestorePrivilege, SeDebugPrivilege, SeSystemEnvironmentPrivilege, SeEnableDelegationPrivilege, SeImpersonatePrivilege, SeDelegateSessionUserImpersonatePrivilege
---
Time: 2023-09-05T07:37:52Z
Event ID: 4634
Provider: Microsoft-Windows-Security-Auditing
Computer: DC01.lkclab.lab
Channel: Security
Event Data:
  - TargetUserSid: S-1-5-21-2887521831-3947415683-1267350263-500
  - TargetUserName: Administrator
  - TargetDomainName: LKCLAB
  - TargetLogonId: 0x7e77da
  - LogonType: 4
---
Time: 2023-09-05T07:37:52Z
Event ID: 4776
Provider: Microsoft-Windows-Security-Auditing
Computer: DC01.lkclab.lab
Channel: Security
Event Data:
  - PackageName: MICROSOFT_AUTHENTICATION_PACKAGE_V1_0
  - TargetUserName: Administrator
  - Workstation: DC01
  - Status: 0x0
---
Time: 2023-09-05T07:37:52Z
Event ID: 4634
Provider: Microsoft-Windows-Security-Auditing
Computer: DC01.lkclab.lab
Channel: Security
Event Data:
  - TargetUserSid: S-1-5-21-2887521831-3947415683-1267350263-500
  - TargetUserName: Administrator
  - TargetDomainName: LKCLAB
  - TargetLogonId: 0x7e7a17
  - LogonType: 4
---
Time: 2023-09-05T07:37:52Z
Event ID: 4776
Provider: Microsoft-Windows-Security-Auditing
Computer: DC01.lkclab.lab
Channel: Security
Event Data:
  - PackageName: MICROSOFT_AUTHENTICATION_PACKAGE_V1_0
  - TargetUserName: Administrator
  - Workstation: DC01
  - Status: 0x0
---
Time: 2023-09-05T07:37:52Z
Event ID: 4648
Provider: Microsoft-Windows-Security-Auditing
Computer: DC01.lkclab.lab
Channel: Security
Event Data:
  - SubjectUserSid: S-1-5-18
  - SubjectUserName: DC01$
  - SubjectDomainName: LKCLAB
  - SubjectLogonId: 0x3e7
  - LogonGuid: {00000000-0000-0000-0000-000000000000}
  - TargetUserName: Administrator
  - TargetDomainName: LKCLAB
  - TargetLogonGuid: {00000000-0000-0000-0000-000000000000}
  - TargetServerName: localhost
  - TargetInfo: localhost
  - ProcessId: 0xc24
  - ProcessName: C:\Program Files\VMware\VMware Tools\vmtoolsd.exe
  - IpAddress: -
  - IpPort: -
---
Time: 2023-09-05T07:37:52Z
Event ID: 4624
Provider: Microsoft-Windows-Security-Auditing
Computer: DC01.lkclab.lab
Channel: Security
Event Data:
  - SubjectUserSid: S-1-5-18
  - SubjectUserName: DC01$
  - SubjectDomainName: LKCLAB
  - SubjectLogonId: 0x3e7
  - TargetUserSid: S-1-5-21-2887521831-3947415683-1267350263-500
  - TargetUserName: Administrator
  - TargetDomainName: LKCLAB
  - TargetLogonId: 0x7e7a4e
  - LogonType: 4
  - LogonProcessName: Advapi
  - AuthenticationPackageName: MICROSOFT_AUTHENTICATION_PACKAGE_V1_0
  - WorkstationName: DC01
  - LogonGuid: {00000000-0000-0000-0000-000000000000}
  - TransmittedServices: -
  - LmPackageName: -
  - KeyLength: 0
  - ProcessId: 0xc24
  - ProcessName: C:\Program Files\VMware\VMware Tools\vmtoolsd.exe
  - IpAddress: -
  - IpPort: -
  - ImpersonationLevel: %%1833
  - RestrictedAdminMode: -
  - TargetOutboundUserName: -
  - TargetOutboundDomainName: -
  - VirtualAccount: %%1843
  - TargetLinkedLogonId: 0x0
  - ElevatedToken: %%1842
---
Time: 2023-09-05T07:37:52Z
Event ID: 4648
Provider: Microsoft-Windows-Security-Auditing
Computer: DC01.lkclab.lab
Channel: Security
Event Data:
  - SubjectUserSid: S-1-5-18
  - SubjectUserName: DC01$
  - SubjectDomainName: LKCLAB
  - SubjectLogonId: 0x3e7
  - LogonGuid: {00000000-0000-0000-0000-000000000000}
  - TargetUserName: Administrator
  - TargetDomainName: LKCLAB
  - TargetLogonGuid: {00000000-0000-0000-0000-000000000000}
  - TargetServerName: localhost
  - TargetInfo: localhost
  - ProcessId: 0xc24
  - ProcessName: C:\Program Files\VMware\VMware Tools\vmtoolsd.exe
  - IpAddress: -
  - IpPort: -
---
Time: 2023-09-05T07:37:52Z
Event ID: 4648
Provider: Microsoft-Windows-Security-Auditing
Computer: DC01.lkclab.lab
Channel: Security
Event Data:
  - SubjectUserSid: S-1-5-18
  - SubjectUserName: DC01$
  - SubjectDomainName: LKCLAB
  - SubjectLogonId: 0x3e7
  - LogonGuid: {00000000-0000-0000-0000-000000000000}
  - TargetUserName: Administrator
  - TargetDomainName: LKCLAB
  - TargetLogonGuid: {00000000-0000-0000-0000-000000000000}
  - TargetServerName: localhost
  - TargetInfo: localhost
  - ProcessId: 0xc24
  - ProcessName: C:\Program Files\VMware\VMware Tools\vmtoolsd.exe
  - IpAddress: -
  - IpPort: -
---
Time: 2023-09-05T07:37:52Z
Event ID: 4624
Provider: Microsoft-Windows-Security-Auditing
Computer: DC01.lkclab.lab
Channel: Security
Event Data:
  - SubjectUserSid: S-1-5-18
  - SubjectUserName: DC01$
  - SubjectDomainName: LKCLAB
  - SubjectLogonId: 0x3e7
  - TargetUserSid: S-1-5-21-2887521831-3947415683-1267350263-500
  - TargetUserName: Administrator
  - TargetDomainName: LKCLAB
  - TargetLogonId: 0x7e7b05
  - LogonType: 4
  - LogonProcessName: Advapi
  - AuthenticationPackageName: MICROSOFT_AUTHENTICATION_PACKAGE_V1_0
  - WorkstationName: DC01
  - LogonGuid: {00000000-0000-0000-0000-000000000000}
  - TransmittedServices: -
  - LmPackageName: -
  - KeyLength: 0
  - ProcessId: 0xc24
  - ProcessName: C:\Program Files\VMware\VMware Tools\vmtoolsd.exe
  - IpAddress: -
  - IpPort: -
  - ImpersonationLevel: %%1833
  - RestrictedAdminMode: -
  - TargetOutboundUserName: -
  - TargetOutboundDomainName: -
  - VirtualAccount: %%1843
  - TargetLinkedLogonId: 0x0
  - ElevatedToken: %%1842
---
