Time: 2023-09-05T07:42:28Z
Event ID: 4634
Provider: Microsoft-Windows-Security-Auditing
Computer: DC01.lkclab.lab
Channel: Security
Event Data:
  - TargetUserSid: S-1-5-18
  - TargetUserName: DC01$
  - TargetDomainName: LKCLAB
  - TargetLogonId: 0x80aff9
  - LogonType: 3
---
Time: 2023-09-05T07:42:28Z
Event ID: 4624
Provider: Microsoft-Windows-Security-Auditing
Computer: DC01.lkclab.lab
Channel: Security
Event Data:
  - SubjectUserSid: S-1-0-0
  - SubjectUserName: -
  - SubjectDomainName: -
  - SubjectLogonId: 0x0
  - TargetUserSid: S-1-5-18
  - TargetUserName: DC01$
  - TargetDomainName: LKCLAB.LAB
  - TargetLogonId: 0x80b030
  - LogonType: 3
  - LogonProcessName: Kerberos
  - AuthenticationPackageName: Kerberos
  - WorkstationName: -
  - LogonGuid: {38d81b03-c2c7-9a8d-062a-29ee21dfa1bf}
  - TransmittedServices: -
  - LmPackageName: -
  - KeyLength: 0
  - ProcessId: 0x0
  - ProcessName: -
  - IpAddress: fe80::3d11:6803:298c:3f2f
  - IpPort: 52558
  - ImpersonationLevel: %%1833
  - RestrictedAdminMode: -
  - TargetOutboundUserName: -
  - TargetOutboundDomainName: -
  - VirtualAccount: %%1843
  - TargetLinkedLogonId: 0x0
  - ElevatedToken: %%1842
---
Time: 2023-09-05T07:42:28Z
Event ID: 4634
Provider: Microsoft-Windows-Security-Auditing
Computer: DC01.lkclab.lab
Channel: Security
Event Data:
  - TargetUserSid: S-1-5-18
  - TargetUserName: DC01$
  - TargetDomainName: LKCLAB
  - TargetLogonId: 0x80b030
  - LogonType: 3
---
Time: 2023-09-05T07:42:28Z
Event ID: 4672
Provider: Microsoft-Windows-Security-Auditing
Computer: DC01.lkclab.lab
Channel: Security
Event Data:
  - SubjectUserSid: S-1-5-18
  - SubjectUserName: DC01$
  - SubjectDomainName: LKCLAB
  - SubjectLogonId: 0x80b191
  - PrivilegeList: SeSecurityPrivilege, SeBackupPrivilege, SeRestorePrivilege, SeTakeOwnershipPrivilege, SeDebugPrivilege, SeSystemEnvironmentPrivilege, SeLoadDriverPrivilege, SeImpersonatePrivilege, SeDelegateSessionUserImpersonatePrivilege, SeEnableDelegationPrivilege
---
Time: 2023-09-05T07:42:28Z
Event ID: 4624
Provider: Microsoft-Windows-Security-Auditing
Computer: DC01.lkclab.lab
Channel: Security
Event Data:
  - SubjectUserSid: S-1-0-0
  - SubjectUserName: -
  - SubjectDomainName: -
  - SubjectLogonId: 0x0
  - TargetUserSid: S-1-5-18
  - TargetUserName: DC01$
  - TargetDomainName: LKCLAB.LAB
  - TargetLogonId: 0x80b191
  - LogonType: 3
  - LogonProcessName: Kerberos
  - AuthenticationPackageName: Kerberos
  - WorkstationName: -
  - LogonGuid: {38d81b03-c2c7-9a8d-062a-29ee21dfa1bf}
  - TransmittedServices: -
  - LmPackageName: -
  - KeyLength: 0
  - ProcessId: 0x0
  - ProcessName: -
  - IpAddress: fe80::3d11:6803:298c:3f2f
  - IpPort: 52559
  - ImpersonationLevel: %%1833
  - RestrictedAdminMode: -
  - TargetOutboundUserName: -
  - TargetOutboundDomainName: -
  - VirtualAccount: %%1843
  - TargetLinkedLogonId: 0x0
  - ElevatedToken: %%1842
---
Time: 2023-09-05T07:42:28Z
Event ID: 4672
Provider: Microsoft-Windows-Security-Auditing
Computer: DC01.lkclab.lab
Channel: Security
Event Data:
  - SubjectUserSid: S-1-5-18
  - SubjectUserName: DC01$
  - SubjectDomainName: LKCLAB
  - SubjectLogonId: 0x80ab58
  - PrivilegeList: SeSecurityPrivilege, SeBackupPrivilege, SeRestorePrivilege, SeTakeOwnershipPrivilege, SeDebugPrivilege, SeSystemEnvironmentPrivilege, SeLoadDriverPrivilege, SeImpersonatePrivilege, SeDelegateSessionUserImpersonatePrivilege, SeEnableDelegationPrivilege
---
Time: 2023-09-05T07:42:28Z
Event ID: 4624
Provider: Microsoft-Windows-Security-Auditing
Computer: DC01.lkclab.lab
Channel: Security
Event Data:
  - SubjectUserSid: S-1-0-0
  - SubjectUserName: -
  - SubjectDomainName: -
  - SubjectLogonId: 0x0
  - TargetUserSid: S-1-5-18
  - TargetUserName: DC01$
  - TargetDomainName: LKCLAB.LAB
  - TargetLogonId: 0x80ab58
  - LogonType: 3
  - LogonProcessName: Kerberos
  - AuthenticationPackageName: Kerberos
  - WorkstationName: -
  - LogonGuid: {38d81b03-c2c7-9a8d-062a-29ee21dfa1bf}
  - TransmittedServices: -
  - LmPackageName: -
  - KeyLength: 0
  - ProcessId: 0x0
  - ProcessName: -
  - IpAddress: fe80::3d11:6803:298c:3f2f
  - IpPort: 52552
  - ImpersonationLevel: %%1833
  - RestrictedAdminMode: -
  - TargetOutboundUserName: -
  - TargetOutboundDomainName: -
  - VirtualAccount: %%1843
  - TargetLinkedLogonId: 0x0
  - ElevatedToken: %%1842
---
Time: 2023-09-05T07:42:28Z
Event ID: 4769
Provider: Microsoft-Windows-Security-Auditing
Computer: DC01.lkclab.lab
Channel: Security
Event Data:
  - TargetUserName: DC01$@LKCLAB.LAB
  - TargetDomainName: LKCLAB.LAB
  - ServiceName: DC01$
  - ServiceSid: S-1-5-21-2887521831-3947415683-1267350263-1000
  - TicketOptions: 0x40810000
  - TicketEncryptionType: 0x17
  - IpAddress: ::1
  - IpPort: 0
  - Status: 0x0
  - LogonGuid: {c498d527-43c8-1cbe-a5a1-39e5c7516e65}
  - TransmittedServices: -
---
Time: 2023-09-05T07:42:28Z
Event ID: 4769
Provider: Microsoft-Windows-Security-Auditing
Computer: DC01.lkclab.lab
Channel: Security
Event Data:
  - TargetUserName: DC01$@LKCLAB.LAB
  - TargetDomainName: LKCLAB.LAB
  - ServiceName: krbtgt
  - ServiceSid: S-1-5-21-2887521831-3947415683-1267350263-502
  - TicketOptions: 0x60810010
  - TicketEncryptionType: 0x12
  - IpAddress: ::1
  - IpPort: 0
  - Status: 0x0
  - LogonGuid: {c498d527-43c8-1cbe-a5a1-39e5c7516e65}
  - TransmittedServices: -
---
Time: 2023-09-05T07:42:28Z
Event ID: 4672
Provider: Microsoft-Windows-Security-Auditing
Computer: DC01.lkclab.lab
Channel: Security
Event Data:
  - SubjectUserSid: S-1-5-18
  - SubjectUserName: DC01$
  - SubjectDomainName: LKCLAB
  - SubjectLogonId: 0x80abf9
  - PrivilegeList: SeSecurityPrivilege, SeBackupPrivilege, SeRestorePrivilege, SeTakeOwnershipPrivilege, SeDebugPrivilege, SeSystemEnvironmentPrivilege, SeLoadDriverPrivilege, SeImpersonatePrivilege, SeDelegateSessionUserImpersonatePrivilege, SeEnableDelegationPrivilege
---
Time: 2023-09-05T07:42:28Z
Event ID: 4624
Provider: Microsoft-Windows-Security-Auditing
Computer: DC01.lkclab.lab
Channel: Security
Event Data:
  - SubjectUserSid: S-1-0-0
  - SubjectUserName: -
  - SubjectDomainName: -
  - SubjectLogonId: 0x0
  - TargetUserSid: S-1-5-18
  - TargetUserName: DC01$
  - TargetDomainName: LKCLAB.LAB
  - TargetLogonId: 0x80abf9
  - LogonType: 3
  - LogonProcessName: Kerberos
  - AuthenticationPackageName: Kerberos
  - WorkstationName: -
  - LogonGuid: {c498d527-43c8-1cbe-a5a1-39e5c7516e65}
  - TransmittedServices: -
  - LmPackageName: -
  - KeyLength: 0
  - ProcessId: 0x0
  - ProcessName: -
  - IpAddress: fe80::3d11:6803:298c:3f2f
  - IpPort: 52553
  - ImpersonationLevel: %%1840
  - RestrictedAdminMode: -
  - TargetOutboundUserName: -
  - TargetOutboundDomainName: -
  - VirtualAccount: %%1843
  - TargetLinkedLogonId: 0x0
  - ElevatedToken: %%1842
---
Time: 2023-09-05T07:42:28Z
Event ID: 4672
Provider: Microsoft-Windows-Security-Auditing
Computer: DC01.lkclab.lab
Channel: Security
Event Data:
  - SubjectUserSid: S-1-5-18
  - SubjectUserName: DC01$
  - SubjectDomainName: LKCLAB
  - SubjectLogonId: 0x80ac6b
  - PrivilegeList: SeSecurityPrivilege, SeBackupPrivilege, SeRestorePrivilege, SeTakeOwnershipPrivilege, SeDebugPrivilege, SeSystemEnvironmentPrivilege, SeLoadDriverPrivilege, SeImpersonatePrivilege, SeDelegateSessionUserImpersonatePrivilege, SeEnableDelegationPrivilege
---
Time: 2023-09-05T07:42:28Z
Event ID: 4672
Provider: Microsoft-Windows-Security-Auditing
Computer: DC01.lkclab.lab
Channel: Security
Event Data:
  - SubjectUserSid: S-1-5-18
  - SubjectUserName: DC01$
  - SubjectDomainName: LKCLAB
  - SubjectLogonId: 0x80aff9
  - PrivilegeList: SeSecurityPrivilege, SeBackupPrivilege, SeRestorePrivilege, SeTakeOwnershipPrivilege, SeDebugPrivilege, SeSystemEnvironmentPrivilege, SeLoadDriverPrivilege, SeImpersonatePrivilege, SeDelegateSessionUserImpersonatePrivilege, SeEnableDelegationPrivilege
---
Time: 2023-09-05T07:42:28Z
Event ID: 4672
Provider: Microsoft-Windows-Security-Auditing
Computer: DC01.lkclab.lab
Channel: Security
Event Data:
  - SubjectUserSid: S-1-5-18
  - SubjectUserName: DC01$
  - SubjectDomainName: LKCLAB
  - SubjectLogonId: 0x80b030
  - PrivilegeList: SeSecurityPrivilege, SeBackupPrivilege, SeRestorePrivilege, SeTakeOwnershipPrivilege, SeDebugPrivilege, SeSystemEnvironmentPrivilege, SeLoadDriverPrivilege, SeImpersonatePrivilege, SeDelegateSessionUserImpersonatePrivilege, SeEnableDelegationPrivilege
---
Time: 2023-09-05T07:42:28Z
Event ID: 4634
Provider: Microsoft-Windows-Security-Auditing
Computer: DC01.lkclab.lab
Channel: Security
Event Data:
  - TargetUserSid: S-1-5-18
  - TargetUserName: DC01$
  - TargetDomainName: LKCLAB
  - TargetLogonId: 0x80b191
  - LogonType: 3
---
Time: 2023-09-05T07:42:28Z
Event ID: 4672
Provider: Microsoft-Windows-Security-Auditing
Computer: DC01.lkclab.lab
Channel: Security
Event Data:
  - SubjectUserSid: S-1-5-18
  - SubjectUserName: DC01$
  - SubjectDomainName: LKCLAB
  - SubjectLogonId: 0x80b1c3
  - PrivilegeList: SeSecurityPrivilege, SeBackupPrivilege, SeRestorePrivilege, SeTakeOwnershipPrivilege, SeDebugPrivilege, SeSystemEnvironmentPrivilege, SeLoadDriverPrivilege, SeImpersonatePrivilege, SeDelegateSessionUserImpersonatePrivilege, SeEnableDelegationPrivilege
---
Time: 2023-09-05T07:42:28Z
Event ID: 4624
Provider: Microsoft-Windows-Security-Auditing
Computer: DC01.lkclab.lab
Channel: Security
Event Data:
  - SubjectUserSid: S-1-0-0
  - SubjectUserName: -
  - SubjectDomainName: -
  - SubjectLogonId: 0x0
  - TargetUserSid: S-1-5-18
  - TargetUserName: DC01$
  - TargetDomainName: LKCLAB.LAB
  - TargetLogonId: 0x80b1c3
  - LogonType: 3
  - LogonProcessName: Kerberos
  - AuthenticationPackageName: Kerberos
  - WorkstationName: -
  - LogonGuid: {38d81b03-c2c7-9a8d-062a-29ee21dfa1bf}
  - TransmittedServices: -
  - LmPackageName: -
  - KeyLength: 0
  - ProcessId: 0x0
  - ProcessName: -
  - IpAddress: fe80::3d11:6803:298c:3f2f
  - IpPort: 52560
  - ImpersonationLevel: %%1833
  - RestrictedAdminMode: -
  - TargetOutboundUserName: -
  - TargetOutboundDomainName: -
  - VirtualAccount: %%1843
  - TargetLinkedLogonId: 0x0
  - ElevatedToken: %%1842
---
Time: 2023-09-05T07:42:28Z
Event ID: 4634
Provider: Microsoft-Windows-Security-Auditing
Computer: DC01.lkclab.lab
Channel: Security
Event Data:
  - TargetUserSid: S-1-5-18
  - TargetUserName: DC01$
  - TargetDomainName: LKCLAB
  - TargetLogonId: 0x80b1c3
  - LogonType: 3
---
Time: 2023-09-05T07:42:28Z
Event ID: 4672
Provider: Microsoft-Windows-Security-Auditing
Computer: DC01.lkclab.lab
Channel: Security
Event Data:
  - SubjectUserSid: S-1-5-18
  - SubjectUserName: DC01$
  - SubjectDomainName: LKCLAB
  - SubjectLogonId: 0x80a905
  - PrivilegeList: SeSecurityPrivilege, SeBackupPrivilege, SeRestorePrivilege, SeTakeOwnershipPrivilege, SeDebugPrivilege, SeSystemEnvironmentPrivilege, SeLoadDriverPrivilege, SeImpersonatePrivilege, SeDelegateSessionUserImpersonatePrivilege, SeEnableDelegationPrivilege
---
Time: 2023-09-05T07:42:28Z
Event ID: 4672
Provider: Microsoft-Windows-Security-Auditing
Computer: DC01.lkclab.lab
Channel: Security
Event Data:
  - SubjectUserSid: S-1-5-18
  - SubjectUserName: DC01$
  - SubjectDomainName: LKCLAB
  - SubjectLogonId: 0x80aa22
  - PrivilegeList: SeSecurityPrivilege, SeBackupPrivilege, SeRestorePrivilege, SeTakeOwnershipPrivilege, SeDebugPrivilege, SeSystemEnvironmentPrivilege, SeLoadDriverPrivilege, SeImpersonatePrivilege, SeDelegateSessionUserImpersonatePrivilege, SeEnableDelegationPrivilege
---
Time: 2023-09-05T07:42:28Z
Event ID: 4634
Provider: Microsoft-Windows-Security-Auditing
Computer: DC01.lkclab.lab
Channel: Security
Event Data:
  - TargetUserSid: S-1-5-18
  - TargetUserName: DC01$
  - TargetDomainName: LKCLAB
  - TargetLogonId: 0x80aa22
  - LogonType: 3
---
Time: 2023-09-05T07:42:28Z
Event ID: 4624
Provider: Microsoft-Windows-Security-Auditing
Computer: DC01.lkclab.lab
Channel: Security
Event Data:
  - SubjectUserSid: S-1-0-0
  - SubjectUserName: -
  - SubjectDomainName: -
  - SubjectLogonId: 0x0
  - TargetUserSid: S-1-5-18
  - TargetUserName: DC01$
  - TargetDomainName: LKCLAB.LAB
  - TargetLogonId: 0x80aa85
  - LogonType: 3
  - LogonProcessName: Kerberos
  - AuthenticationPackageName: Kerberos
  - WorkstationName: -
  - LogonGuid: {38d81b03-c2c7-9a8d-062a-29ee21dfa1bf}
  - TransmittedServices: -
  - LmPackageName: -
  - KeyLength: 0
  - ProcessId: 0x0
  - ProcessName: -
  - IpAddress: fe80::3d11:6803:298c:3f2f
  - IpPort: 52550
  - ImpersonationLevel: %%1833
  - RestrictedAdminMode: -
  - TargetOutboundUserName: -
  - TargetOutboundDomainName: -
  - VirtualAccount: %%1843
  - TargetLinkedLogonId: 0x0
  - ElevatedToken: %%1842
---
Time: 2023-09-05T07:42:28Z
Event ID: 4634
Provider: Microsoft-Windows-Security-Auditing
Computer: DC01.lkclab.lab
Channel: Security
Event Data:
  - TargetUserSid: S-1-5-18
  - TargetUserName: DC01$
  - TargetDomainName: LKCLAB
  - TargetLogonId: 0x80aa85
  - LogonType: 3
---
Time: 2023-09-05T07:42:28Z
Event ID: 4672
Provider: Microsoft-Windows-Security-Auditing
Computer: DC01.lkclab.lab
Channel: Security
Event Data:
  - SubjectUserSid: S-1-5-18
  - SubjectUserName: DC01$
  - SubjectDomainName: LKCLAB
  - SubjectLogonId: 0x80ab29
  - PrivilegeList: SeSecurityPrivilege, SeBackupPrivilege, SeRestorePrivilege, SeTakeOwnershipPrivilege, SeDebugPrivilege, SeSystemEnvironmentPrivilege, SeLoadDriverPrivilege, SeImpersonatePrivilege, SeDelegateSessionUserImpersonatePrivilege, SeEnableDelegationPrivilege
---
Time: 2023-09-05T07:42:28Z
Event ID: 4624
Provider: Microsoft-Windows-Security-Auditing
Computer: DC01.lkclab.lab
Channel: Security
Event Data:
  - SubjectUserSid: S-1-0-0
  - SubjectUserName: -
  - SubjectDomainName: -
  - SubjectLogonId: 0x0
  - TargetUserSid: S-1-5-18
  - TargetUserName: DC01$
  - TargetDomainName: LKCLAB.LAB
  - TargetLogonId: 0x80ab29
  - LogonType: 3
  - LogonProcessName: Kerberos
  - AuthenticationPackageName: Kerberos
  - WorkstationName: -
  - LogonGuid: {38d81b03-c2c7-9a8d-062a-29ee21dfa1bf}
  - TransmittedServices: -
  - LmPackageName: -
  - KeyLength: 0
  - ProcessId: 0x0
  - ProcessName: -
  - IpAddress: fe80::3d11:6803:298c:3f2f
  - IpPort: 52551
  - ImpersonationLevel: %%1833
  - RestrictedAdminMode: -
  - TargetOutboundUserName: -
  - TargetOutboundDomainName: -
  - VirtualAccount: %%1843
  - TargetLinkedLogonId: 0x0
  - ElevatedToken: %%1842
---
Time: 2023-09-05T07:42:28Z
Event ID: 4634
Provider: Microsoft-Windows-Security-Auditing
Computer: DC01.lkclab.lab
Channel: Security
Event Data:
  - TargetUserSid: S-1-5-18
  - TargetUserName: DC01$
  - TargetDomainName: LKCLAB
  - TargetLogonId: 0x80ab29
  - LogonType: 3
---
Time: 2023-09-05T07:42:28Z
Event ID: 4624
Provider: Microsoft-Windows-Security-Auditing
Computer: DC01.lkclab.lab
Channel: Security
Event Data:
  - SubjectUserSid: S-1-0-0
  - SubjectUserName: -
  - SubjectDomainName: -
  - SubjectLogonId: 0x0
  - TargetUserSid: S-1-5-18
  - TargetUserName: DC01$
  - TargetDomainName: LKCLAB.LAB
  - TargetLogonId: 0x80a905
  - LogonType: 3
  - LogonProcessName: Kerberos
  - AuthenticationPackageName: Kerberos
  - WorkstationName: -
  - LogonGuid: {38d81b03-c2c7-9a8d-062a-29ee21dfa1bf}
  - TransmittedServices: -
  - LmPackageName: -
  - KeyLength: 0
  - ProcessId: 0x0
  - ProcessName: -
  - IpAddress: 10.253.44.10
  - IpPort: 52548
  - ImpersonationLevel: %%1833
  - RestrictedAdminMode: -
  - TargetOutboundUserName: -
  - TargetOutboundDomainName: -
  - VirtualAccount: %%1843
  - TargetLinkedLogonId: 0x0
  - ElevatedToken: %%1842
---
Time: 2023-09-05T07:42:28Z
Event ID: 4634
Provider: Microsoft-Windows-Security-Auditing
Computer: DC01.lkclab.lab
Channel: Security
Event Data:
  - TargetUserSid: S-1-5-18
  - TargetUserName: DC01$
  - TargetDomainName: LKCLAB
  - TargetLogonId: 0x80a905
  - LogonType: 3
---
Time: 2023-09-05T07:42:28Z
Event ID: 4624
Provider: Microsoft-Windows-Security-Auditing
Computer: DC01.lkclab.lab
Channel: Security
Event Data:
  - SubjectUserSid: S-1-0-0
  - SubjectUserName: -
  - SubjectDomainName: -
  - SubjectLogonId: 0x0
  - TargetUserSid: S-1-5-18
  - TargetUserName: DC01$
  - TargetDomainName: LKCLAB.LAB
  - TargetLogonId: 0x80aa22
  - LogonType: 3
  - LogonProcessName: Kerberos
  - AuthenticationPackageName: Kerberos
  - WorkstationName: -
  - LogonGuid: {38d81b03-c2c7-9a8d-062a-29ee21dfa1bf}
  - TransmittedServices: -
  - LmPackageName: -
  - KeyLength: 0
  - ProcessId: 0x0
  - ProcessName: -
  - IpAddress: fe80::3d11:6803:298c:3f2f
  - IpPort: 52549
  - ImpersonationLevel: %%1833
  - RestrictedAdminMode: -
  - TargetOutboundUserName: -
  - TargetOutboundDomainName: -
  - VirtualAccount: %%1843
  - TargetLinkedLogonId: 0x0
  - ElevatedToken: %%1842
---
Time: 2023-09-05T07:42:28Z
Event ID: 4672
Provider: Microsoft-Windows-Security-Auditing
Computer: DC01.lkclab.lab
Channel: Security
Event Data:
  - SubjectUserSid: S-1-5-18
  - SubjectUserName: DC01$
  - SubjectDomainName: LKCLAB
  - SubjectLogonId: 0x80aa85
  - PrivilegeList: SeSecurityPrivilege, SeBackupPrivilege, SeRestorePrivilege, SeTakeOwnershipPrivilege, SeDebugPrivilege, SeSystemEnvironmentPrivilege, SeLoadDriverPrivilege, SeImpersonatePrivilege, SeDelegateSessionUserImpersonatePrivilege, SeEnableDelegationPrivilege
---
Time: 2023-09-05T07:42:29Z
Event ID: 2001
Provider: Group Policy Management
Computer: DC01.lkclab.lab
Channel: Application
Event Data:
  - data: C:\Users\Public\GPO, {2F023166-830A-4028-B75A-E1AFF4EA015F}, GPO Backup, Default Domain Policy, {31B2F340-016D-11D2-945F-00C04FB984F9}, lkclab.lab, Default Domain Policy, {31B2F340-016D-11D2-945F-00C04FB984F9}, lkclab.lab
---
Time: 2023-09-05T07:42:29Z
Event ID: 4662
Provider: Microsoft-Windows-Security-Auditing
Computer: DC01.lkclab.lab
Channel: Security
Event Data:
  - SubjectUserSid: S-1-5-18
  - SubjectUserName: DC01$
  - SubjectDomainName: LKCLAB
  - SubjectLogonId: 0x80ab58
  - ObjectServer: DS
  - ObjectType: %{f30e3bc2-9ff0-11d1-b603-0000f80367c1}
  - ObjectName: %{7495a56f-f8f8-41c6-b804-b96d38da151b}
  - OperationType: Object Access
  - HandleId: 0x0
  - AccessList: %%7685
  - AccessMask: 0x20
  - Properties: %%7685
		{771727b1-31b8-4cdf-ae62-4fe39fadf89e}
			{bf967976-0de6-11d0-a285-00aa003049e2}
			{bf967a76-0de6-11d0-a285-00aa003049e2}
			{f30e3bc0-9ff0-11d1-b603-0000f80367c1}
			{f30e3bc1-9ff0-11d1-b603-0000f80367c1}
			{32ff8ecc-783f-11d2-9916-0000f87a57d4}
			{42a75fc6-783f-11d2-9916-0000f87a57d4}
	{f30e3bc2-9ff0-11d1-b603-0000f80367c1}
  - AdditionalInfo: -
  - AdditionalInfo2: 
---
Time: 2023-09-05T07:42:29Z
Event ID: 4662
Provider: Microsoft-Windows-Security-Auditing
Computer: DC01.lkclab.lab
Channel: Security
Event Data:
  - SubjectUserSid: S-1-5-18
  - SubjectUserName: DC01$
  - SubjectDomainName: LKCLAB
  - SubjectLogonId: 0x80ab58
  - ObjectServer: DS
  - ObjectType: %{f30e3bc2-9ff0-11d1-b603-0000f80367c1}
  - ObjectName: %{7495a56f-f8f8-41c6-b804-b96d38da151b}
  - OperationType: Object Access
  - HandleId: 0x0
  - AccessList: %%7685
  - AccessMask: 0x20
  - Properties: %%7685
		{771727b1-31b8-4cdf-ae62-4fe39fadf89e}
			{bf967a76-0de6-11d0-a285-00aa003049e2}
	{f30e3bc2-9ff0-11d1-b603-0000f80367c1}
  - AdditionalInfo: -
  - AdditionalInfo2: 
---
Time: 2023-09-05T07:42:29Z
Event ID: 4662
Provider: Microsoft-Windows-Security-Auditing
Computer: DC01.lkclab.lab
Channel: Security
Event Data:
  - SubjectUserSid: S-1-5-18
  - SubjectUserName: DC01$
  - SubjectDomainName: LKCLAB
  - SubjectLogonId: 0x80ab58
  - ObjectServer: DS
  - ObjectType: %{f30e3bc2-9ff0-11d1-b603-0000f80367c1}
  - ObjectName: %{7495a56f-f8f8-41c6-b804-b96d38da151b}
  - OperationType: Object Access
  - HandleId: 0x0
  - AccessList: %%7685
  - AccessMask: 0x20
  - Properties: %%7685
		{771727b1-31b8-4cdf-ae62-4fe39fadf89e}
			{bf967a76-0de6-11d0-a285-00aa003049e2}
	{f30e3bc2-9ff0-11d1-b603-0000f80367c1}
  - AdditionalInfo: -
  - AdditionalInfo2: 
---
Time: 2023-09-05T07:42:29Z
Event ID: 4634
Provider: Microsoft-Windows-Security-Auditing
Computer: DC01.lkclab.lab
Channel: Security
Event Data:
  - TargetUserSid: S-1-5-18
  - TargetUserName: DC01$
  - TargetDomainName: LKCLAB
  - TargetLogonId: 0x80ac9c
  - LogonType: 3
---
Time: 2023-09-05T07:42:29Z
Event ID: 4672
Provider: Microsoft-Windows-Security-Auditing
Computer: DC01.lkclab.lab
Channel: Security
Event Data:
  - SubjectUserSid: S-1-5-18
  - SubjectUserName: DC01$
  - SubjectDomainName: LKCLAB
  - SubjectLogonId: 0x80b52f
  - PrivilegeList: SeSecurityPrivilege, SeBackupPrivilege, SeRestorePrivilege, SeTakeOwnershipPrivilege, SeDebugPrivilege, SeSystemEnvironmentPrivilege, SeLoadDriverPrivilege, SeImpersonatePrivilege, SeDelegateSessionUserImpersonatePrivilege, SeEnableDelegationPrivilege
---
Time: 2023-09-05T07:42:29Z
Event ID: 4624
Provider: Microsoft-Windows-Security-Auditing
Computer: DC01.lkclab.lab
Channel: Security
Event Data:
  - SubjectUserSid: S-1-0-0
  - SubjectUserName: -
  - SubjectDomainName: -
  - SubjectLogonId: 0x0
  - TargetUserSid: S-1-5-18
  - TargetUserName: DC01$
  - TargetDomainName: LKCLAB.LAB
  - TargetLogonId: 0x80b58f
  - LogonType: 3
  - LogonProcessName: Kerberos
  - AuthenticationPackageName: Kerberos
  - WorkstationName: -
  - LogonGuid: {38d81b03-c2c7-9a8d-062a-29ee21dfa1bf}
  - TransmittedServices: -
  - LmPackageName: -
  - KeyLength: 0
  - ProcessId: 0x0
  - ProcessName: -
  - IpAddress: fe80::3d11:6803:298c:3f2f
  - IpPort: 52562
  - ImpersonationLevel: %%1833
  - RestrictedAdminMode: -
  - TargetOutboundUserName: -
  - TargetOutboundDomainName: -
  - VirtualAccount: %%1843
  - TargetLinkedLogonId: 0x0
  - ElevatedToken: %%1842
---
Time: 2023-09-05T07:42:29Z
Event ID: 4634
Provider: Microsoft-Windows-Security-Auditing
Computer: DC01.lkclab.lab
Channel: Security
Event Data:
  - TargetUserSid: S-1-5-18
  - TargetUserName: DC01$
  - TargetDomainName: LKCLAB
  - TargetLogonId: 0x80b58f
  - LogonType: 3
---
Time: 2023-09-05T07:42:29Z
Event ID: 4634
Provider: Microsoft-Windows-Security-Auditing
Computer: DC01.lkclab.lab
Channel: Security
Event Data:
  - TargetUserSid: S-1-5-18
  - TargetUserName: DC01$
  - TargetDomainName: LKCLAB
  - TargetLogonId: 0x80b52f
  - LogonType: 3
---
Time: 2023-09-05T07:42:29Z
Event ID: 4634
Provider: Microsoft-Windows-Security-Auditing
Computer: DC01.lkclab.lab
Channel: Security
Event Data:
  - TargetUserSid: S-1-5-18
  - TargetUserName: DC01$
  - TargetDomainName: LKCLAB
  - TargetLogonId: 0x80ac6b
  - LogonType: 3
---
Time: 2023-09-05T07:42:29Z
Event ID: 4634
Provider: Microsoft-Windows-Security-Auditing
Computer: DC01.lkclab.lab
Channel: Security
Event Data:
  - TargetUserSid: S-1-5-18
  - TargetUserName: DC01$
  - TargetDomainName: LKCLAB
  - TargetLogonId: 0x80ad3e
  - LogonType: 3
---
Time: 2023-09-05T07:42:29Z
Event ID: 4634
Provider: Microsoft-Windows-Security-Auditing
Computer: DC01.lkclab.lab
Channel: Security
Event Data:
  - TargetUserSid: S-1-5-18
  - TargetUserName: DC01$
  - TargetDomainName: LKCLAB
  - TargetLogonId: 0x80ab58
  - LogonType: 3
---
Time: 2023-09-05T07:42:29Z
Event ID: 4624
Provider: Microsoft-Windows-Security-Auditing
Computer: DC01.lkclab.lab
Channel: Security
Event Data:
  - SubjectUserSid: S-1-0-0
  - SubjectUserName: -
  - SubjectDomainName: -
  - SubjectLogonId: 0x0
  - TargetUserSid: S-1-5-18
  - TargetUserName: DC01$
  - TargetDomainName: LKCLAB.LAB
  - TargetLogonId: 0x80b52f
  - LogonType: 3
  - LogonProcessName: Kerberos
  - AuthenticationPackageName: Kerberos
  - WorkstationName: -
  - LogonGuid: {38d81b03-c2c7-9a8d-062a-29ee21dfa1bf}
  - TransmittedServices: -
  - LmPackageName: -
  - KeyLength: 0
  - ProcessId: 0x0
  - ProcessName: -
  - IpAddress: fe80::3d11:6803:298c:3f2f
  - IpPort: 52561
  - ImpersonationLevel: %%1833
  - RestrictedAdminMode: -
  - TargetOutboundUserName: -
  - TargetOutboundDomainName: -
  - VirtualAccount: %%1843
  - TargetLinkedLogonId: 0x0
  - ElevatedToken: %%1842
---
Time: 2023-09-05T07:42:29Z
Event ID: 4672
Provider: Microsoft-Windows-Security-Auditing
Computer: DC01.lkclab.lab
Channel: Security
Event Data:
  - SubjectUserSid: S-1-5-18
  - SubjectUserName: DC01$
  - SubjectDomainName: LKCLAB
  - SubjectLogonId: 0x80b58f
  - PrivilegeList: SeSecurityPrivilege, SeBackupPrivilege, SeRestorePrivilege, SeTakeOwnershipPrivilege, SeDebugPrivilege, SeSystemEnvironmentPrivilege, SeLoadDriverPrivilege, SeImpersonatePrivilege, SeDelegateSessionUserImpersonatePrivilege, SeEnableDelegationPrivilege
---
Time: 2023-09-05T07:42:36Z
Event ID: 4634
Provider: Microsoft-Windows-Security-Auditing
Computer: DC01.lkclab.lab
Channel: Security
Event Data:
  - TargetUserSid: S-1-5-21-2887521831-3947415683-1267350263-1111
  - TargetUserName: LISA-PC$
  - TargetDomainName: LKCLAB
  - TargetLogonId: 0x8065f0
  - LogonType: 3
---
Time: 2023-09-05T07:42:39Z
Event ID: 4634
Provider: Microsoft-Windows-Security-Auditing
Computer: DC01.lkclab.lab
Channel: Security
Event Data:
  - TargetUserSid: S-1-5-18
  - TargetUserName: DC01$
  - TargetDomainName: LKCLAB
  - TargetLogonId: 0x80abf9
  - LogonType: 3
---
Time: 2023-09-05T07:42:46Z
Event ID: 1000
Provider: VGAuth
Computer: DC01.lkclab.lab
Channel: Application
Event Data:
  - message: vmtoolsd: 已成功驗證「Administrator」的使用者名稱和密碼
---
Time: 2023-09-05T07:42:46Z
Event ID: 1000
Provider: VGAuth
Computer: DC01.lkclab.lab
Channel: Application
Event Data:
  - message: vmtoolsd: 已成功驗證「Administrator」的使用者名稱和密碼
---
Time: 2023-09-05T07:42:46Z
Event ID: 1000
Provider: VGAuth
Computer: DC01.lkclab.lab
Channel: Application
Event Data:
  - message: vmtoolsd: 已成功驗證「Administrator」的使用者名稱和密碼
---
Time: 2023-09-05T07:42:46Z
Event ID: 1000
Provider: VGAuth
Computer: DC01.lkclab.lab
Channel: Application
Event Data:
  - message: vmtoolsd: 已成功驗證「Administrator」的使用者名稱和密碼
---
Time: 2023-09-05T07:42:46Z
Event ID: 1000
Provider: VGAuth
Computer: DC01.lkclab.lab
Channel: Application
Event Data:
  - message: vmtoolsd: 已成功驗證「Administrator」的使用者名稱和密碼
---
Time: 2023-09-05T07:42:46Z
Event ID: 4776
Provider: Microsoft-Windows-Security-Auditing
Computer: DC01.lkclab.lab
Channel: Security
Event Data:
  - PackageName: MICROSOFT_AUTHENTICATION_PACKAGE_V1_0
  - TargetUserName: Administrator
  - Workstation: DC01
  - Status: 0x0
---
Time: 2023-09-05T07:42:46Z
Event ID: 4648
Provider: Microsoft-Windows-Security-Auditing
Computer: DC01.lkclab.lab
Channel: Security
Event Data:
  - SubjectUserSid: S-1-5-18
  - SubjectUserName: DC01$
  - SubjectDomainName: LKCLAB
  - SubjectLogonId: 0x3e7
  - LogonGuid: {00000000-0000-0000-0000-000000000000}
  - TargetUserName: Administrator
  - TargetDomainName: LKCLAB
  - TargetLogonGuid: {00000000-0000-0000-0000-000000000000}
  - TargetServerName: localhost
  - TargetInfo: localhost
  - ProcessId: 0xc24
  - ProcessName: C:\Program Files\VMware\VMware Tools\vmtoolsd.exe
  - IpAddress: -
  - IpPort: -
---
Time: 2023-09-05T07:42:46Z
Event ID: 4624
Provider: Microsoft-Windows-Security-Auditing
Computer: DC01.lkclab.lab
Channel: Security
Event Data:
  - SubjectUserSid: S-1-5-18
  - SubjectUserName: DC01$
  - SubjectDomainName: LKCLAB
  - SubjectLogonId: 0x3e7
  - TargetUserSid: S-1-5-21-2887521831-3947415683-1267350263-500
  - TargetUserName: Administrator
  - TargetDomainName: LKCLAB
  - TargetLogonId: 0x80cd29
  - LogonType: 4
  - LogonProcessName: Advapi
  - AuthenticationPackageName: MICROSOFT_AUTHENTICATION_PACKAGE_V1_0
  - WorkstationName: DC01
  - LogonGuid: {00000000-0000-0000-0000-000000000000}
  - TransmittedServices: -
  - LmPackageName: -
  - KeyLength: 0
  - ProcessId: 0xc24
  - ProcessName: C:\Program Files\VMware\VMware Tools\vmtoolsd.exe
  - IpAddress: -
  - IpPort: -
  - ImpersonationLevel: %%1833
  - RestrictedAdminMode: -
  - TargetOutboundUserName: -
  - TargetOutboundDomainName: -
  - VirtualAccount: %%1843
  - TargetLinkedLogonId: 0x0
  - ElevatedToken: %%1842
---
Time: 2023-09-05T07:42:46Z
Event ID: 4672
Provider: Microsoft-Windows-Security-Auditing
Computer: DC01.lkclab.lab
Channel: Security
Event Data:
  - SubjectUserSid: S-1-5-21-2887521831-3947415683-1267350263-500
  - SubjectUserName: Administrator
  - SubjectDomainName: LKCLAB
  - SubjectLogonId: 0x80cd29
  - PrivilegeList: SeSecurityPrivilege, SeTakeOwnershipPrivilege, SeLoadDriverPrivilege, SeBackupPrivilege, SeRestorePrivilege, SeDebugPrivilege, SeSystemEnvironmentPrivilege, SeEnableDelegationPrivilege, SeImpersonatePrivilege, SeDelegateSessionUserImpersonatePrivilege
---
Time: 2023-09-05T07:42:46Z
Event ID: 4634
Provider: Microsoft-Windows-Security-Auditing
Computer: DC01.lkclab.lab
Channel: Security
Event Data:
  - TargetUserSid: S-1-5-21-2887521831-3947415683-1267350263-500
  - TargetUserName: Administrator
  - TargetDomainName: LKCLAB
  - TargetLogonId: 0x80cd29
  - LogonType: 4
---
Time: 2023-09-05T07:42:46Z
Event ID: 4648
Provider: Microsoft-Windows-Security-Auditing
Computer: DC01.lkclab.lab
Channel: Security
Event Data:
  - SubjectUserSid: S-1-5-18
  - SubjectUserName: DC01$
  - SubjectDomainName: LKCLAB
  - SubjectLogonId: 0x3e7
  - LogonGuid: {00000000-0000-0000-0000-000000000000}
  - TargetUserName: Administrator
  - TargetDomainName: LKCLAB
  - TargetLogonGuid: {00000000-0000-0000-0000-000000000000}
  - TargetServerName: localhost
  - TargetInfo: localhost
  - ProcessId: 0xc24
  - ProcessName: C:\Program Files\VMware\VMware Tools\vmtoolsd.exe
  - IpAddress: -
  - IpPort: -
---
Time: 2023-09-05T07:42:46Z
Event ID: 4634
Provider: Microsoft-Windows-Security-Auditing
Computer: DC01.lkclab.lab
Channel: Security
Event Data:
  - TargetUserSid: S-1-5-18
  - TargetUserName: DC01$
  - TargetDomainName: LKCLAB
  - TargetLogonId: 0x80d543
  - LogonType: 3
---
Time: 2023-09-05T07:42:46Z
Event ID: 4648
Provider: Microsoft-Windows-Security-Auditing
Computer: DC01.lkclab.lab
Channel: Security
Event Data:
  - SubjectUserSid: S-1-5-18
  - SubjectUserName: DC01$
  - SubjectDomainName: LKCLAB
  - SubjectLogonId: 0x3e7
  - LogonGuid: {00000000-0000-0000-0000-000000000000}
  - TargetUserName: Administrator
  - TargetDomainName: LKCLAB
  - TargetLogonGuid: {00000000-0000-0000-0000-000000000000}
  - TargetServerName: localhost
  - TargetInfo: localhost
  - ProcessId: 0xc24
  - ProcessName: C:\Program Files\VMware\VMware Tools\vmtoolsd.exe
  - IpAddress: -
  - IpPort: -
---
Time: 2023-09-05T07:42:46Z
Event ID: 4624
Provider: Microsoft-Windows-Security-Auditing
Computer: DC01.lkclab.lab
Channel: Security
Event Data:
  - SubjectUserSid: S-1-5-18
  - SubjectUserName: DC01$
  - SubjectDomainName: LKCLAB
  - SubjectLogonId: 0x3e7
  - TargetUserSid: S-1-5-21-2887521831-3947415683-1267350263-500
  - TargetUserName: Administrator
  - TargetDomainName: LKCLAB
  - TargetLogonId: 0x80d51c
  - LogonType: 4
  - LogonProcessName: Advapi
  - AuthenticationPackageName: MICROSOFT_AUTHENTICATION_PACKAGE_V1_0
  - WorkstationName: DC01
  - LogonGuid: {00000000-0000-0000-0000-000000000000}
  - TransmittedServices: -
  - LmPackageName: -
  - KeyLength: 0
  - ProcessId: 0xc24
  - ProcessName: C:\Program Files\VMware\VMware Tools\vmtoolsd.exe
  - IpAddress: -
  - IpPort: -
  - ImpersonationLevel: %%1833
  - RestrictedAdminMode: -
  - TargetOutboundUserName: -
  - TargetOutboundDomainName: -
  - VirtualAccount: %%1843
  - TargetLinkedLogonId: 0x0
  - ElevatedToken: %%1842
---
Time: 2023-09-05T07:42:46Z
Event ID: 4672
Provider: Microsoft-Windows-Security-Auditing
Computer: DC01.lkclab.lab
Channel: Security
Event Data:
  - SubjectUserSid: S-1-5-21-2887521831-3947415683-1267350263-500
  - SubjectUserName: Administrator
  - SubjectDomainName: LKCLAB
  - SubjectLogonId: 0x80d51c
  - PrivilegeList: SeSecurityPrivilege, SeTakeOwnershipPrivilege, SeLoadDriverPrivilege, SeBackupPrivilege, SeRestorePrivilege, SeDebugPrivilege, SeSystemEnvironmentPrivilege, SeEnableDelegationPrivilege, SeImpersonatePrivilege, SeDelegateSessionUserImpersonatePrivilege
---
Time: 2023-09-05T07:42:46Z
Event ID: 4776
Provider: Microsoft-Windows-Security-Auditing
Computer: DC01.lkclab.lab
Channel: Security
Event Data:
  - PackageName: MICROSOFT_AUTHENTICATION_PACKAGE_V1_0
  - TargetUserName: Administrator
  - Workstation: DC01
  - Status: 0x0
---
Time: 2023-09-05T07:42:46Z
Event ID: 4648
Provider: Microsoft-Windows-Security-Auditing
Computer: DC01.lkclab.lab
Channel: Security
Event Data:
  - SubjectUserSid: S-1-5-18
  - SubjectUserName: DC01$
  - SubjectDomainName: LKCLAB
  - SubjectLogonId: 0x3e7
  - LogonGuid: {00000000-0000-0000-0000-000000000000}
  - TargetUserName: Administrator
  - TargetDomainName: LKCLAB
  - TargetLogonGuid: {00000000-0000-0000-0000-000000000000}
  - TargetServerName: localhost
  - TargetInfo: localhost
  - ProcessId: 0xc24
  - ProcessName: C:\Program Files\VMware\VMware Tools\vmtoolsd.exe
  - IpAddress: -
  - IpPort: -
---
Time: 2023-09-05T07:42:46Z
Event ID: 4624
Provider: Microsoft-Windows-Security-Auditing
Computer: DC01.lkclab.lab
Channel: Security
Event Data:
  - SubjectUserSid: S-1-5-18
  - SubjectUserName: DC01$
  - SubjectDomainName: LKCLAB
  - SubjectLogonId: 0x3e7
  - TargetUserSid: S-1-5-21-2887521831-3947415683-1267350263-500
  - TargetUserName: Administrator
  - TargetDomainName: LKCLAB
  - TargetLogonId: 0x80d94f
  - LogonType: 4
  - LogonProcessName: Advapi
  - AuthenticationPackageName: MICROSOFT_AUTHENTICATION_PACKAGE_V1_0
  - WorkstationName: DC01
  - LogonGuid: {00000000-0000-0000-0000-000000000000}
  - TransmittedServices: -
  - LmPackageName: -
  - KeyLength: 0
  - ProcessId: 0xc24
  - ProcessName: C:\Program Files\VMware\VMware Tools\vmtoolsd.exe
  - IpAddress: -
  - IpPort: -
  - ImpersonationLevel: %%1833
  - RestrictedAdminMode: -
  - TargetOutboundUserName: -
  - TargetOutboundDomainName: -
  - VirtualAccount: %%1843
  - TargetLinkedLogonId: 0x0
  - ElevatedToken: %%1842
---
Time: 2023-09-05T07:42:46Z
Event ID: 4672
Provider: Microsoft-Windows-Security-Auditing
Computer: DC01.lkclab.lab
Channel: Security
Event Data:
  - SubjectUserSid: S-1-5-21-2887521831-3947415683-1267350263-500
  - SubjectUserName: Administrator
  - SubjectDomainName: LKCLAB
  - SubjectLogonId: 0x80d94f
  - PrivilegeList: SeSecurityPrivilege, SeTakeOwnershipPrivilege, SeLoadDriverPrivilege, SeBackupPrivilege, SeRestorePrivilege, SeDebugPrivilege, SeSystemEnvironmentPrivilege, SeEnableDelegationPrivilege, SeImpersonatePrivilege, SeDelegateSessionUserImpersonatePrivilege
---
Time: 2023-09-05T07:42:46Z
Event ID: 4634
Provider: Microsoft-Windows-Security-Auditing
Computer: DC01.lkclab.lab
Channel: Security
Event Data:
  - TargetUserSid: S-1-5-21-2887521831-3947415683-1267350263-500
  - TargetUserName: Administrator
  - TargetDomainName: LKCLAB
  - TargetLogonId: 0x80d94f
  - LogonType: 4
---
Time: 2023-09-05T07:42:46Z
Event ID: 4776
Provider: Microsoft-Windows-Security-Auditing
Computer: DC01.lkclab.lab
Channel: Security
Event Data:
  - PackageName: MICROSOFT_AUTHENTICATION_PACKAGE_V1_0
  - TargetUserName: Administrator
  - Workstation: DC01
  - Status: 0x0
---
Time: 2023-09-05T07:42:46Z
Event ID: 4648
Provider: Microsoft-Windows-Security-Auditing
Computer: DC01.lkclab.lab
Channel: Security
Event Data:
  - SubjectUserSid: S-1-5-18
  - SubjectUserName: DC01$
  - SubjectDomainName: LKCLAB
  - SubjectLogonId: 0x3e7
  - LogonGuid: {00000000-0000-0000-0000-000000000000}
  - TargetUserName: Administrator
  - TargetDomainName: LKCLAB
  - TargetLogonGuid: {00000000-0000-0000-0000-000000000000}
  - TargetServerName: localhost
  - TargetInfo: localhost
  - ProcessId: 0xc24
  - ProcessName: C:\Program Files\VMware\VMware Tools\vmtoolsd.exe
  - IpAddress: -
  - IpPort: -
---
Time: 2023-09-05T07:42:46Z
Event ID: 4624
Provider: Microsoft-Windows-Security-Auditing
Computer: DC01.lkclab.lab
Channel: Security
Event Data:
  - SubjectUserSid: S-1-5-18
  - SubjectUserName: DC01$
  - SubjectDomainName: LKCLAB
  - SubjectLogonId: 0x3e7
  - TargetUserSid: S-1-5-21-2887521831-3947415683-1267350263-500
  - TargetUserName: Administrator
  - TargetDomainName: LKCLAB
  - TargetLogonId: 0x80d0c1
  - LogonType: 4
  - LogonProcessName: Advapi
  - AuthenticationPackageName: MICROSOFT_AUTHENTICATION_PACKAGE_V1_0
  - WorkstationName: DC01
  - LogonGuid: {00000000-0000-0000-0000-000000000000}
  - TransmittedServices: -
  - LmPackageName: -
  - KeyLength: 0
  - ProcessId: 0xc24
  - ProcessName: C:\Program Files\VMware\VMware Tools\vmtoolsd.exe
  - IpAddress: -
  - IpPort: -
  - ImpersonationLevel: %%1833
  - RestrictedAdminMode: -
  - TargetOutboundUserName: -
  - TargetOutboundDomainName: -
  - VirtualAccount: %%1843
  - TargetLinkedLogonId: 0x0
  - ElevatedToken: %%1842
---
Time: 2023-09-05T07:42:46Z
Event ID: 4672
Provider: Microsoft-Windows-Security-Auditing
Computer: DC01.lkclab.lab
Channel: Security
Event Data:
  - SubjectUserSid: S-1-5-21-2887521831-3947415683-1267350263-500
  - SubjectUserName: Administrator
  - SubjectDomainName: LKCLAB
  - SubjectLogonId: 0x80d0c1
  - PrivilegeList: SeSecurityPrivilege, SeTakeOwnershipPrivilege, SeLoadDriverPrivilege, SeBackupPrivilege, SeRestorePrivilege, SeDebugPrivilege, SeSystemEnvironmentPrivilege, SeEnableDelegationPrivilege, SeImpersonatePrivilege, SeDelegateSessionUserImpersonatePrivilege
---
Time: 2023-09-05T07:42:46Z
Event ID: 4634
Provider: Microsoft-Windows-Security-Auditing
Computer: DC01.lkclab.lab
Channel: Security
Event Data:
  - TargetUserSid: S-1-5-21-2887521831-3947415683-1267350263-500
  - TargetUserName: Administrator
  - TargetDomainName: LKCLAB
  - TargetLogonId: 0x80d0c1
  - LogonType: 4
---
Time: 2023-09-05T07:42:46Z
Event ID: 4776
Provider: Microsoft-Windows-Security-Auditing
Computer: DC01.lkclab.lab
Channel: Security
Event Data:
  - PackageName: MICROSOFT_AUTHENTICATION_PACKAGE_V1_0
  - TargetUserName: Administrator
  - Workstation: DC01
  - Status: 0x0
---
Time: 2023-09-05T07:42:46Z
Event ID: 4624
Provider: Microsoft-Windows-Security-Auditing
Computer: DC01.lkclab.lab
Channel: Security
Event Data:
  - SubjectUserSid: S-1-5-18
  - SubjectUserName: DC01$
  - SubjectDomainName: LKCLAB
  - SubjectLogonId: 0x3e7
  - TargetUserSid: S-1-5-21-2887521831-3947415683-1267350263-500
  - TargetUserName: Administrator
  - TargetDomainName: LKCLAB
  - TargetLogonId: 0x80d2eb
  - LogonType: 4
  - LogonProcessName: Advapi
  - AuthenticationPackageName: MICROSOFT_AUTHENTICATION_PACKAGE_V1_0
  - WorkstationName: DC01
  - LogonGuid: {00000000-0000-0000-0000-000000000000}
  - TransmittedServices: -
  - LmPackageName: -
  - KeyLength: 0
  - ProcessId: 0xc24
  - ProcessName: C:\Program Files\VMware\VMware Tools\vmtoolsd.exe
  - IpAddress: -
  - IpPort: -
  - ImpersonationLevel: %%1833
  - RestrictedAdminMode: -
  - TargetOutboundUserName: -
  - TargetOutboundDomainName: -
  - VirtualAccount: %%1843
  - TargetLinkedLogonId: 0x0
  - ElevatedToken: %%1842
---
Time: 2023-09-05T07:42:46Z
Event ID: 4672
Provider: Microsoft-Windows-Security-Auditing
Computer: DC01.lkclab.lab
Channel: Security
Event Data:
  - SubjectUserSid: S-1-5-21-2887521831-3947415683-1267350263-500
  - SubjectUserName: Administrator
  - SubjectDomainName: LKCLAB
  - SubjectLogonId: 0x80d2eb
  - PrivilegeList: SeSecurityPrivilege, SeTakeOwnershipPrivilege, SeLoadDriverPrivilege, SeBackupPrivilege, SeRestorePrivilege, SeDebugPrivilege, SeSystemEnvironmentPrivilege, SeEnableDelegationPrivilege, SeImpersonatePrivilege, SeDelegateSessionUserImpersonatePrivilege
---
Time: 2023-09-05T07:42:46Z
Event ID: 4634
Provider: Microsoft-Windows-Security-Auditing
Computer: DC01.lkclab.lab
Channel: Security
Event Data:
  - TargetUserSid: S-1-5-21-2887521831-3947415683-1267350263-500
  - TargetUserName: Administrator
  - TargetDomainName: LKCLAB
  - TargetLogonId: 0x80d2eb
  - LogonType: 4
---
Time: 2023-09-05T07:42:46Z
Event ID: 4776
Provider: Microsoft-Windows-Security-Auditing
Computer: DC01.lkclab.lab
Channel: Security
Event Data:
  - PackageName: MICROSOFT_AUTHENTICATION_PACKAGE_V1_0
  - TargetUserName: Administrator
  - Workstation: DC01
  - Status: 0x0
---
Time: 2023-09-05T07:42:46Z
Event ID: 4672
Provider: Microsoft-Windows-Security-Auditing
Computer: DC01.lkclab.lab
Channel: Security
Event Data:
  - SubjectUserSid: S-1-5-18
  - SubjectUserName: DC01$
  - SubjectDomainName: LKCLAB
  - SubjectLogonId: 0x80d543
  - PrivilegeList: SeSecurityPrivilege, SeBackupPrivilege, SeRestorePrivilege, SeTakeOwnershipPrivilege, SeDebugPrivilege, SeSystemEnvironmentPrivilege, SeLoadDriverPrivilege, SeImpersonatePrivilege, SeDelegateSessionUserImpersonatePrivilege, SeEnableDelegationPrivilege
---
Time: 2023-09-05T07:42:46Z
Event ID: 4624
Provider: Microsoft-Windows-Security-Auditing
Computer: DC01.lkclab.lab
Channel: Security
Event Data:
  - SubjectUserSid: S-1-0-0
  - SubjectUserName: -
  - SubjectDomainName: -
  - SubjectLogonId: 0x0
  - TargetUserSid: S-1-5-18
  - TargetUserName: DC01$
  - TargetDomainName: LKCLAB.LAB
  - TargetLogonId: 0x80d543
  - LogonType: 3
  - LogonProcessName: Kerberos
  - AuthenticationPackageName: Kerberos
  - WorkstationName: -
  - LogonGuid: {38d81b03-c2c7-9a8d-062a-29ee21dfa1bf}
  - TransmittedServices: -
  - LmPackageName: -
  - KeyLength: 0
  - ProcessId: 0x0
  - ProcessName: -
  - IpAddress: ::1
  - IpPort: 52568
  - ImpersonationLevel: %%1833
  - RestrictedAdminMode: -
  - TargetOutboundUserName: -
  - TargetOutboundDomainName: -
  - VirtualAccount: %%1843
  - TargetLinkedLogonId: 0x0
  - ElevatedToken: %%1842
---
Time: 2023-09-05T07:42:47Z
Event ID: 1000
Provider: VGAuth
Computer: DC01.lkclab.lab
Channel: Application
Event Data:
  - message: vmtoolsd: 已成功驗證「Administrator」的使用者名稱和密碼
---
Time: 2023-09-05T07:42:47Z
Event ID: 1704
Provider: SceCli
Computer: DC01.lkclab.lab
Channel: Application
Event Data:
  - message: 
---
Time: 2023-09-05T07:42:47Z
Event ID: 1000
Provider: VGAuth
Computer: DC01.lkclab.lab
Channel: Application
Event Data:
  - message: vmtoolsd: 已成功驗證「Administrator」的使用者名稱和密碼
---
Time: 2023-09-05T07:42:47Z
Event ID: 4672
Provider: Microsoft-Windows-Security-Auditing
Computer: DC01.lkclab.lab
Channel: Security
Event Data:
  - SubjectUserSid: S-1-5-18
  - SubjectUserName: SYSTEM
  - SubjectDomainName: NT AUTHORITY
  - SubjectLogonId: 0x3e7
  - PrivilegeList: SeAssignPrimaryTokenPrivilege, SeTcbPrivilege, SeSecurityPrivilege, SeTakeOwnershipPrivilege, SeLoadDriverPrivilege, SeBackupPrivilege, SeRestorePrivilege, SeDebugPrivilege, SeAuditPrivilege, SeSystemEnvironmentPrivilege, SeImpersonatePrivilege, SeDelegateSessionUserImpersonatePrivilege
---
Time: 2023-09-05T07:42:47Z
Event ID: 4624
Provider: Microsoft-Windows-Security-Auditing
Computer: DC01.lkclab.lab
Channel: Security
Event Data:
  - SubjectUserSid: S-1-0-0
  - SubjectUserName: -
  - SubjectDomainName: -
  - SubjectLogonId: 0x0
  - TargetUserSid: S-1-5-18
  - TargetUserName: DC01$
  - TargetDomainName: LKCLAB.LAB
  - TargetLogonId: 0x811b5b
  - LogonType: 3
  - LogonProcessName: Kerberos
  - AuthenticationPackageName: Kerberos
  - WorkstationName: -
  - LogonGuid: {38d81b03-c2c7-9a8d-062a-29ee21dfa1bf}
  - TransmittedServices: -
  - LmPackageName: -
  - KeyLength: 0
  - ProcessId: 0x0
  - ProcessName: -
  - IpAddress: fe80::3d11:6803:298c:3f2f
  - IpPort: 52569
  - ImpersonationLevel: %%1833
  - RestrictedAdminMode: -
  - TargetOutboundUserName: -
  - TargetOutboundDomainName: -
  - VirtualAccount: %%1843
  - TargetLinkedLogonId: 0x0
  - ElevatedToken: %%1842
---
Time: 2023-09-05T07:42:47Z
Event ID: 4672
Provider: Microsoft-Windows-Security-Auditing
Computer: DC01.lkclab.lab
Channel: Security
Event Data:
  - SubjectUserSid: S-1-5-18
  - SubjectUserName: DC01$
  - SubjectDomainName: LKCLAB
  - SubjectLogonId: 0x811c42
  - PrivilegeList: SeSecurityPrivilege, SeBackupPrivilege, SeRestorePrivilege, SeTakeOwnershipPrivilege, SeDebugPrivilege, SeSystemEnvironmentPrivilege, SeLoadDriverPrivilege, SeImpersonatePrivilege, SeDelegateSessionUserImpersonatePrivilege, SeEnableDelegationPrivilege
---
Time: 2023-09-05T07:42:47Z
Event ID: 4624
Provider: Microsoft-Windows-Security-Auditing
Computer: DC01.lkclab.lab
Channel: Security
Event Data:
  - SubjectUserSid: S-1-0-0
  - SubjectUserName: -
  - SubjectDomainName: -
  - SubjectLogonId: 0x0
  - TargetUserSid: S-1-5-18
  - TargetUserName: DC01$
  - TargetDomainName: LKCLAB.LAB
  - TargetLogonId: 0x811c42
  - LogonType: 3
  - LogonProcessName: Kerberos
  - AuthenticationPackageName: Kerberos
  - WorkstationName: -
  - LogonGuid: {bbe28d4f-2016-724e-d704-9f06306c3394}
  - TransmittedServices: -
  - LmPackageName: -
  - KeyLength: 0
  - ProcessId: 0x0
  - ProcessName: -
  - IpAddress: ::1
  - IpPort: 0
  - ImpersonationLevel: %%1833
  - RestrictedAdminMode: -
  - TargetOutboundUserName: -
  - TargetOutboundDomainName: -
  - VirtualAccount: %%1843
  - TargetLinkedLogonId: 0x0
  - ElevatedToken: %%1842
---
Time: 2023-09-05T07:42:47Z
Event ID: 4672
Provider: Microsoft-Windows-Security-Auditing
Computer: DC01.lkclab.lab
Channel: Security
Event Data:
  - SubjectUserSid: S-1-5-18
  - SubjectUserName: DC01$
  - SubjectDomainName: LKCLAB
  - SubjectLogonId: 0x811c81
  - PrivilegeList: SeSecurityPrivilege, SeBackupPrivilege, SeRestorePrivilege, SeTakeOwnershipPrivilege, SeDebugPrivilege, SeSystemEnvironmentPrivilege, SeLoadDriverPrivilege, SeImpersonatePrivilege, SeDelegateSessionUserImpersonatePrivilege, SeEnableDelegationPrivilege
---
Time: 2023-09-05T07:42:47Z
Event ID: 4624
Provider: Microsoft-Windows-Security-Auditing
Computer: DC01.lkclab.lab
Channel: Security
Event Data:
  - SubjectUserSid: S-1-0-0
  - SubjectUserName: -
  - SubjectDomainName: -
  - SubjectLogonId: 0x0
  - TargetUserSid: S-1-5-18
  - TargetUserName: DC01$
  - TargetDomainName: LKCLAB.LAB
  - TargetLogonId: 0x811c81
  - LogonType: 3
  - LogonProcessName: Kerberos
  - AuthenticationPackageName: Kerberos
  - WorkstationName: -
  - LogonGuid: {38d81b03-c2c7-9a8d-062a-29ee21dfa1bf}
  - TransmittedServices: -
  - LmPackageName: -
  - KeyLength: 0
  - ProcessId: 0x0
  - ProcessName: -
  - IpAddress: 10.253.44.10
  - IpPort: 52570
  - ImpersonationLevel: %%1833
  - RestrictedAdminMode: -
  - TargetOutboundUserName: -
  - TargetOutboundDomainName: -
  - VirtualAccount: %%1843
  - TargetLinkedLogonId: 0x0
  - ElevatedToken: %%1842
---
Time: 2023-09-05T07:42:47Z
Event ID: 4776
Provider: Microsoft-Windows-Security-Auditing
Computer: DC01.lkclab.lab
Channel: Security
Event Data:
  - PackageName: MICROSOFT_AUTHENTICATION_PACKAGE_V1_0
  - TargetUserName: Administrator
  - Workstation: DC01
  - Status: 0x0
---
Time: 2023-09-05T07:42:47Z
Event ID: 4672
Provider: Microsoft-Windows-Security-Auditing
Computer: DC01.lkclab.lab
Channel: Security
Event Data:
  - SubjectUserSid: S-1-5-18
  - SubjectUserName: DC01$
  - SubjectDomainName: LKCLAB
  - SubjectLogonId: 0x811d2e
  - PrivilegeList: SeSecurityPrivilege, SeBackupPrivilege, SeRestorePrivilege, SeTakeOwnershipPrivilege, SeDebugPrivilege, SeSystemEnvironmentPrivilege, SeLoadDriverPrivilege, SeImpersonatePrivilege, SeDelegateSessionUserImpersonatePrivilege, SeEnableDelegationPrivilege
---
Time: 2023-09-05T07:42:47Z
Event ID: 4624
Provider: Microsoft-Windows-Security-Auditing
Computer: DC01.lkclab.lab
Channel: Security
Event Data:
  - SubjectUserSid: S-1-0-0
  - SubjectUserName: -
  - SubjectDomainName: -
  - SubjectLogonId: 0x0
  - TargetUserSid: S-1-5-18
  - TargetUserName: DC01$
  - TargetDomainName: LKCLAB.LAB
  - TargetLogonId: 0x811d2e
  - LogonType: 3
  - LogonProcessName: Kerberos
  - AuthenticationPackageName: Kerberos
  - WorkstationName: -
  - LogonGuid: {bbe28d4f-2016-724e-d704-9f06306c3394}
  - TransmittedServices: -
  - LmPackageName: -
  - KeyLength: 0
  - ProcessId: 0x0
  - ProcessName: -
  - IpAddress: fe80::3d11:6803:298c:3f2f
  - IpPort: 52572
  - ImpersonationLevel: %%1840
  - RestrictedAdminMode: -
  - TargetOutboundUserName: -
  - TargetOutboundDomainName: -
  - VirtualAccount: %%1843
  - TargetLinkedLogonId: 0x0
  - ElevatedToken: %%1842
---
Time: 2023-09-05T07:42:47Z
Event ID: 4634
Provider: Microsoft-Windows-Security-Auditing
Computer: DC01.lkclab.lab
Channel: Security
Event Data:
  - TargetUserSid: S-1-5-18
  - TargetUserName: DC01$
  - TargetDomainName: LKCLAB
  - TargetLogonId: 0x811c81
  - LogonType: 3
---
Time: 2023-09-05T07:42:47Z
Event ID: 4624
Provider: Microsoft-Windows-Security-Auditing
Computer: DC01.lkclab.lab
Channel: Security
Event Data:
  - SubjectUserSid: S-1-5-18
  - SubjectUserName: DC01$
  - SubjectDomainName: LKCLAB
  - SubjectLogonId: 0x3e7
  - TargetUserSid: S-1-5-21-2887521831-3947415683-1267350263-500
  - TargetUserName: Administrator
  - TargetDomainName: LKCLAB
  - TargetLogonId: 0x811ca6
  - LogonType: 4
  - LogonProcessName: Advapi
  - AuthenticationPackageName: MICROSOFT_AUTHENTICATION_PACKAGE_V1_0
  - WorkstationName: DC01
  - LogonGuid: {00000000-0000-0000-0000-000000000000}
  - TransmittedServices: -
  - LmPackageName: -
  - KeyLength: 0
  - ProcessId: 0xc24
  - ProcessName: C:\Program Files\VMware\VMware Tools\vmtoolsd.exe
  - IpAddress: -
  - IpPort: -
  - ImpersonationLevel: %%1833
  - RestrictedAdminMode: -
  - TargetOutboundUserName: -
  - TargetOutboundDomainName: -
  - VirtualAccount: %%1843
  - TargetLinkedLogonId: 0x0
  - ElevatedToken: %%1842
---
Time: 2023-09-05T07:42:47Z
Event ID: 4672
Provider: Microsoft-Windows-Security-Auditing
Computer: DC01.lkclab.lab
Channel: Security
Event Data:
  - SubjectUserSid: S-1-5-21-2887521831-3947415683-1267350263-500
  - SubjectUserName: Administrator
  - SubjectDomainName: LKCLAB
  - SubjectLogonId: 0x811ca6
  - PrivilegeList: SeSecurityPrivilege, SeTakeOwnershipPrivilege, SeLoadDriverPrivilege, SeBackupPrivilege, SeRestorePrivilege, SeDebugPrivilege, SeSystemEnvironmentPrivilege, SeEnableDelegationPrivilege, SeImpersonatePrivilege, SeDelegateSessionUserImpersonatePrivilege
---
Time: 2023-09-05T07:42:47Z
Event ID: 4634
Provider: Microsoft-Windows-Security-Auditing
Computer: DC01.lkclab.lab
Channel: Security
Event Data:
  - TargetUserSid: S-1-5-21-2887521831-3947415683-1267350263-500
  - TargetUserName: Administrator
  - TargetDomainName: LKCLAB
  - TargetLogonId: 0x811ca6
  - LogonType: 4
---
Time: 2023-09-05T07:42:47Z
Event ID: 4634
Provider: Microsoft-Windows-Security-Auditing
Computer: DC01.lkclab.lab
Channel: Security
Event Data:
  - TargetUserSid: S-1-5-18
  - TargetUserName: DC01$
  - TargetDomainName: LKCLAB
  - TargetLogonId: 0x811b5b
  - LogonType: 3
---
